## 测试场景"1", 测试用例"43_1", 覆盖变量数目为4, 未覆盖的变量包括['交易时间', '操作', '交易品种', '价格单位', '申报价格最小变动单位', '有效申报价格范围']
## 测试场景"1", 测试用例"43_2", 覆盖变量数目为3, 未覆盖的变量包括['交易时间', '操作', '交易方向', '交易品种', '价格单位', '申报价格最小变动单位', '有效申报价格范围']
## 测试场景"1", 测试用例"43_3", 覆盖变量数目为2, 未覆盖的变量包括['交易方式', '交易时间', '操作', '交易品种', '价格单位', '申报价格最小变动单位', '有效申报价格范围', '结果']
## 测试场景"1", 测试用例"43_4", 覆盖变量数目为1, 未覆盖的变量包括['交易方式', '交易时间', '操作', '交易方向', '交易品种', '价格单位', '申报价格最小变动单位', '有效申报价格范围', '结果']
## 测试场景"1", 测试用例"43_5", 覆盖变量数目为3, 未覆盖的变量包括['交易时间', '操作', '交易品种', '价格单位', '申报价格最小变动单位', '有效申报价格范围', '结果']
## 测试场景"1", 测试用例"52_1", 覆盖变量数目为4, 未覆盖的变量包括['交易时间', '操作', '交易品种', '价格单位', '申报价格最小变动单位', '有效申报价格范围']
## 测试场景"1", 测试用例"52_2", 覆盖变量数目为1, 未覆盖的变量包括['交易方式', '交易时间', '操作', '交易方向', '交易品种', '价格单位', '申报价格最小变动单位', '有效申报价格范围', '结果']
## 测试场景"1", 测试用例"52_3", 覆盖变量数目为3, 未覆盖的变量包括['交易方式', '交易时间', '操作', '交易品种', '价格单位', '申报价格最小变动单位', '有效申报价格范围']
## 测试场景"1", 测试用例"52_4", 覆盖变量数目为1, 未覆盖的变量包括['交易方式', '交易时间', '操作', '交易方向', '交易品种', '价格单位', '申报价格最小变动单位', '有效申报价格范围', '结果']
## 测试场景"1", 测试用例"54_1", 覆盖变量数目为6, 未覆盖的变量包括['交易时间', '操作', '申报价格最小变动单位', '有效申报价格范围']
## 测试场景"1", 测试用例"54_2", 覆盖变量数目为5, 未覆盖的变量包括['交易时间', '操作', '申报价格最小变动单位', '有效申报价格范围', '结果']
## 测试场景"1", 测试用例"54_3", 覆盖变量数目为3, 未覆盖的变量包括['交易时间', '操作', '交易方向', '交易品种', '价格单位', '申报价格最小变动单位', '有效申报价格范围']
## 测试场景"1", 测试用例"54_4", 覆盖变量数目为2, 未覆盖的变量包括['交易时间', '操作', '交易方向', '交易品种', '价格单位', '申报价格最小变动单位', '有效申报价格范围', '结果']
## 测试场景"1", 测试用例"55_1", 覆盖变量数目为6, 未覆盖的变量包括['交易时间', '操作', '价格单位', '有效申报价格范围']
## 测试场景"1", 测试用例"55_2", 覆盖变量数目为4, 未覆盖的变量包括['交易时间', '操作', '交易方向', '交易品种', '价格单位', '有效申报价格范围']
## 测试场景"1", 测试用例"55_3", 覆盖变量数目为4, 未覆盖的变量包括['交易方式', '交易时间', '操作', '交易品种', '价格单位', '有效申报价格范围']
## 测试场景"1", 测试用例"55_4", 覆盖变量数目为3, 未覆盖的变量包括['交易时间', '操作', '交易方向', '价格单位', '申报价格最小变动单位', '有效申报价格范围', '结果']
## 测试场景"1", 测试用例"55_5", 覆盖变量数目为4, 未覆盖的变量包括['交易时间', '操作', '价格单位', '申报价格最小变动单位', '有效申报价格范围', '结果']
## 测试场景"1", 测试用例"71_1", 覆盖变量数目为5, 未覆盖的变量包括['交易时间', '交易品种', '价格单位', '申报价格最小变动单位', '有效申报价格范围']
## 测试场景"1", 测试用例"71_2", 覆盖变量数目为4, 未覆盖的变量包括['交易时间', '交易方向', '交易品种', '价格单位', '申报价格最小变动单位', '有效申报价格范围']
## 测试场景"1", 测试用例"71_3", 覆盖变量数目为5, 未覆盖的变量包括['交易时间', '交易品种', '价格单位', '申报价格最小变动单位', '有效申报价格范围']
## 测试场景"1", 测试用例"71_4", 覆盖变量数目为4, 未覆盖的变量包括['交易时间', '交易方向', '交易品种', '价格单位', '申报价格最小变动单位', '有效申报价格范围']
## 测试场景"1", 测试用例"71_5", 覆盖变量数目为5, 未覆盖的变量包括['交易时间', '交易品种', '价格单位', '申报价格最小变动单位', '有效申报价格范围']
## 测试场景"1", 测试用例"71_6", 覆盖变量数目为4, 未覆盖的变量包括['交易时间', '交易方向', '交易品种', '价格单位', '申报价格最小变动单位', '有效申报价格范围']
## 测试场景"1", 测试用例"71_7", 覆盖变量数目为4, 未覆盖的变量包括['交易时间', '交易品种', '价格单位', '申报价格最小变动单位', '有效申报价格范围', '结果']
### 测试场景"1", 覆盖变量的最大数目为8, 整体未覆盖的变量包括['交易时间', '有效申报价格范围']

## 测试场景"2", 测试用例"43_1", 覆盖变量数目为4, 未覆盖的变量包括['交易时间', '操作', '交易品种', '价格单位', '申报价格最小变动单位', '有效申报价格范围']
## 测试场景"2", 测试用例"43_2", 覆盖变量数目为3, 未覆盖的变量包括['交易时间', '操作', '交易方向', '交易品种', '价格单位', '申报价格最小变动单位', '有效申报价格范围']
## 测试场景"2", 测试用例"43_3", 覆盖变量数目为2, 未覆盖的变量包括['交易方式', '交易时间', '操作', '交易品种', '价格单位', '申报价格最小变动单位', '有效申报价格范围', '结果']
## 测试场景"2", 测试用例"43_4", 覆盖变量数目为1, 未覆盖的变量包括['交易方式', '交易时间', '操作', '交易方向', '交易品种', '价格单位', '申报价格最小变动单位', '有效申报价格范围', '结果']
## 测试场景"2", 测试用例"43_5", 覆盖变量数目为3, 未覆盖的变量包括['交易时间', '操作', '交易品种', '价格单位', '申报价格最小变动单位', '有效申报价格范围', '结果']
## 测试场景"2", 测试用例"52_1", 覆盖变量数目为4, 未覆盖的变量包括['交易时间', '操作', '交易品种', '价格单位', '申报价格最小变动单位', '有效申报价格范围']
## 测试场景"2", 测试用例"52_2", 覆盖变量数目为1, 未覆盖的变量包括['交易方式', '交易时间', '操作', '交易方向', '交易品种', '价格单位', '申报价格最小变动单位', '有效申报价格范围', '结果']
## 测试场景"2", 测试用例"52_3", 覆盖变量数目为3, 未覆盖的变量包括['交易方式', '交易时间', '操作', '交易品种', '价格单位', '申报价格最小变动单位', '有效申报价格范围']
## 测试场景"2", 测试用例"52_4", 覆盖变量数目为1, 未覆盖的变量包括['交易方式', '交易时间', '操作', '交易方向', '交易品种', '价格单位', '申报价格最小变动单位', '有效申报价格范围', '结果']
## 测试场景"2", 测试用例"54_1", 覆盖变量数目为4, 未覆盖的变量包括['交易时间', '操作', '交易品种', '价格单位', '申报价格最小变动单位', '有效申报价格范围']
## 测试场景"2", 测试用例"54_2", 覆盖变量数目为3, 未覆盖的变量包括['交易时间', '操作', '交易品种', '价格单位', '申报价格最小变动单位', '有效申报价格范围', '结果']
## 测试场景"2", 测试用例"54_3", 覆盖变量数目为5, 未覆盖的变量包括['交易时间', '操作', '交易方向', '申报价格最小变动单位', '有效申报价格范围']
## 测试场景"2", 测试用例"54_4", 覆盖变量数目为4, 未覆盖的变量包括['交易时间', '操作', '交易方向', '申报价格最小变动单位', '有效申报价格范围', '结果']
## 测试场景"2", 测试用例"55_1", 覆盖变量数目为5, 未覆盖的变量包括['交易时间', '操作', '交易品种', '价格单位', '有效申报价格范围']
## 测试场景"2", 测试用例"55_2", 覆盖变量数目为5, 未覆盖的变量包括['交易时间', '操作', '交易方向', '价格单位', '有效申报价格范围']
## 测试场景"2", 测试用例"55_3", 覆盖变量数目为3, 未覆盖的变量包括['交易方式', '交易时间', '操作', '交易品种', '价格单位', '申报价格最小变动单位', '有效申报价格范围']
## 测试场景"2", 测试用例"55_4", 覆盖变量数目为3, 未覆盖的变量包括['交易时间', '操作', '交易方向', '交易品种', '价格单位', '有效申报价格范围', '结果']
## 测试场景"2", 测试用例"55_5", 覆盖变量数目为3, 未覆盖的变量包括['交易时间', '操作', '交易品种', '价格单位', '申报价格最小变动单位', '有效申报价格范围', '结果']
## 测试场景"2", 测试用例"71_1", 覆盖变量数目为5, 未覆盖的变量包括['交易时间', '交易品种', '价格单位', '申报价格最小变动单位', '有效申报价格范围']
## 测试场景"2", 测试用例"71_2", 覆盖变量数目为4, 未覆盖的变量包括['交易时间', '交易方向', '交易品种', '价格单位', '申报价格最小变动单位', '有效申报价格范围']
## 测试场景"2", 测试用例"71_3", 覆盖变量数目为6, 未覆盖的变量包括['交易时间', '价格单位', '申报价格最小变动单位', '有效申报价格范围']
## 测试场景"2", 测试用例"71_4", 覆盖变量数目为5, 未覆盖的变量包括['交易时间', '交易方向', '价格单位', '申报价格最小变动单位', '有效申报价格范围']
## 测试场景"2", 测试用例"71_5", 覆盖变量数目为5, 未覆盖的变量包括['交易时间', '交易品种', '价格单位', '申报价格最小变动单位', '有效申报价格范围']
## 测试场景"2", 测试用例"71_6", 覆盖变量数目为4, 未覆盖的变量包括['交易时间', '交易方向', '交易品种', '价格单位', '申报价格最小变动单位', '有效申报价格范围']
## 测试场景"2", 测试用例"71_7", 覆盖变量数目为4, 未覆盖的变量包括['交易时间', '交易品种', '价格单位', '申报价格最小变动单位', '有效申报价格范围', '结果']
### 测试场景"2", 覆盖变量的最大数目为8, 整体未覆盖的变量包括['交易时间', '有效申报价格范围']

## 测试场景"3", 测试用例"43_1", 覆盖变量数目为3, 未覆盖的变量包括['交易时间', '操作', '交易方向', '交易品种', '价格单位', '申报价格最小变动单位', '有效申报价格范围']
## 测试场景"3", 测试用例"43_2", 覆盖变量数目为4, 未覆盖的变量包括['交易时间', '操作', '交易品种', '价格单位', '申报价格最小变动单位', '有效申报价格范围']
## 测试场景"3", 测试用例"43_3", 覆盖变量数目为1, 未覆盖的变量包括['交易方式', '交易时间', '操作', '交易方向', '交易品种', '价格单位', '申报价格最小变动单位', '有效申报价格范围', '结果']
## 测试场景"3", 测试用例"43_4", 覆盖变量数目为2, 未覆盖的变量包括['交易方式', '交易时间', '操作', '交易品种', '价格单位', '申报价格最小变动单位', '有效申报价格范围', '结果']
## 测试场景"3", 测试用例"43_5", 覆盖变量数目为2, 未覆盖的变量包括['交易时间', '操作', '交易方向', '交易品种', '价格单位', '申报价格最小变动单位', '有效申报价格范围', '结果']
## 测试场景"3", 测试用例"52_1", 覆盖变量数目为3, 未覆盖的变量包括['交易时间', '操作', '交易方向', '交易品种', '价格单位', '申报价格最小变动单位', '有效申报价格范围']
## 测试场景"3", 测试用例"52_2", 覆盖变量数目为2, 未覆盖的变量包括['交易方式', '交易时间', '操作', '交易品种', '价格单位', '申报价格最小变动单位', '有效申报价格范围', '结果']
## 测试场景"3", 测试用例"52_3", 覆盖变量数目为2, 未覆盖的变量包括['交易方式', '交易时间', '操作', '交易方向', '交易品种', '价格单位', '申报价格最小变动单位', '有效申报价格范围']
## 测试场景"3", 测试用例"52_4", 覆盖变量数目为2, 未覆盖的变量包括['交易方式', '交易时间', '操作', '交易品种', '价格单位', '申报价格最小变动单位', '有效申报价格范围', '结果']
## 测试场景"3", 测试用例"54_1", 覆盖变量数目为5, 未覆盖的变量包括['交易时间', '操作', '交易方向', '申报价格最小变动单位', '有效申报价格范围']
## 测试场景"3", 测试用例"54_2", 覆盖变量数目为4, 未覆盖的变量包括['交易时间', '操作', '交易方向', '申报价格最小变动单位', '有效申报价格范围', '结果']
## 测试场景"3", 测试用例"54_3", 覆盖变量数目为4, 未覆盖的变量包括['交易时间', '操作', '交易品种', '价格单位', '申报价格最小变动单位', '有效申报价格范围']
## 测试场景"3", 测试用例"54_4", 覆盖变量数目为3, 未覆盖的变量包括['交易时间', '操作', '交易品种', '价格单位', '申报价格最小变动单位', '有效申报价格范围', '结果']
## 测试场景"3", 测试用例"55_1", 覆盖变量数目为5, 未覆盖的变量包括['交易时间', '操作', '交易方向', '价格单位', '有效申报价格范围']
## 测试场景"3", 测试用例"55_2", 覆盖变量数目为5, 未覆盖的变量包括['交易时间', '操作', '交易品种', '价格单位', '有效申报价格范围']
## 测试场景"3", 测试用例"55_3", 覆盖变量数目为3, 未覆盖的变量包括['交易方式', '交易时间', '操作', '交易方向', '交易品种', '价格单位', '有效申报价格范围']
## 测试场景"3", 测试用例"55_4", 覆盖变量数目为4, 未覆盖的变量包括['交易时间', '操作', '价格单位', '申报价格最小变动单位', '有效申报价格范围', '结果']
## 测试场景"3", 测试用例"55_5", 覆盖变量数目为3, 未覆盖的变量包括['交易时间', '操作', '交易方向', '价格单位', '申报价格最小变动单位', '有效申报价格范围', '结果']
## 测试场景"3", 测试用例"71_1", 覆盖变量数目为4, 未覆盖的变量包括['交易时间', '交易方向', '交易品种', '价格单位', '申报价格最小变动单位', '有效申报价格范围']
## 测试场景"3", 测试用例"71_2", 覆盖变量数目为5, 未覆盖的变量包括['交易时间', '交易品种', '价格单位', '申报价格最小变动单位', '有效申报价格范围']
## 测试场景"3", 测试用例"71_3", 覆盖变量数目为4, 未覆盖的变量包括['交易时间', '交易方向', '交易品种', '价格单位', '申报价格最小变动单位', '有效申报价格范围']
## 测试场景"3", 测试用例"71_4", 覆盖变量数目为5, 未覆盖的变量包括['交易时间', '交易品种', '价格单位', '申报价格最小变动单位', '有效申报价格范围']
## 测试场景"3", 测试用例"71_5", 覆盖变量数目为4, 未覆盖的变量包括['交易时间', '交易方向', '交易品种', '价格单位', '申报价格最小变动单位', '有效申报价格范围']
## 测试场景"3", 测试用例"71_6", 覆盖变量数目为5, 未覆盖的变量包括['交易时间', '交易品种', '价格单位', '申报价格最小变动单位', '有效申报价格范围']
## 测试场景"3", 测试用例"71_7", 覆盖变量数目为3, 未覆盖的变量包括['交易时间', '交易方向', '交易品种', '价格单位', '申报价格最小变动单位', '有效申报价格范围', '结果']
### 测试场景"3", 覆盖变量的最大数目为8, 整体未覆盖的变量包括['交易时间', '有效申报价格范围']

## 测试场景"4", 测试用例"43_1", 覆盖变量数目为3, 未覆盖的变量包括['交易时间', '操作', '交易方向', '交易品种', '价格单位', '申报价格最小变动单位', '有效申报价格范围']
## 测试场景"4", 测试用例"43_2", 覆盖变量数目为4, 未覆盖的变量包括['交易时间', '操作', '交易品种', '价格单位', '申报价格最小变动单位', '有效申报价格范围']
## 测试场景"4", 测试用例"43_3", 覆盖变量数目为1, 未覆盖的变量包括['交易方式', '交易时间', '操作', '交易方向', '交易品种', '价格单位', '申报价格最小变动单位', '有效申报价格范围', '结果']
## 测试场景"4", 测试用例"43_4", 覆盖变量数目为2, 未覆盖的变量包括['交易方式', '交易时间', '操作', '交易品种', '价格单位', '申报价格最小变动单位', '有效申报价格范围', '结果']
## 测试场景"4", 测试用例"43_5", 覆盖变量数目为2, 未覆盖的变量包括['交易时间', '操作', '交易方向', '交易品种', '价格单位', '申报价格最小变动单位', '有效申报价格范围', '结果']
## 测试场景"4", 测试用例"52_1", 覆盖变量数目为3, 未覆盖的变量包括['交易时间', '操作', '交易方向', '交易品种', '价格单位', '申报价格最小变动单位', '有效申报价格范围']
## 测试场景"4", 测试用例"52_2", 覆盖变量数目为2, 未覆盖的变量包括['交易方式', '交易时间', '操作', '交易品种', '价格单位', '申报价格最小变动单位', '有效申报价格范围', '结果']
## 测试场景"4", 测试用例"52_3", 覆盖变量数目为2, 未覆盖的变量包括['交易方式', '交易时间', '操作', '交易方向', '交易品种', '价格单位', '申报价格最小变动单位', '有效申报价格范围']
## 测试场景"4", 测试用例"52_4", 覆盖变量数目为2, 未覆盖的变量包括['交易方式', '交易时间', '操作', '交易品种', '价格单位', '申报价格最小变动单位', '有效申报价格范围', '结果']
## 测试场景"4", 测试用例"54_1", 覆盖变量数目为3, 未覆盖的变量包括['交易时间', '操作', '交易方向', '交易品种', '价格单位', '申报价格最小变动单位', '有效申报价格范围']
## 测试场景"4", 测试用例"54_2", 覆盖变量数目为2, 未覆盖的变量包括['交易时间', '操作', '交易方向', '交易品种', '价格单位', '申报价格最小变动单位', '有效申报价格范围', '结果']
## 测试场景"4", 测试用例"54_3", 覆盖变量数目为6, 未覆盖的变量包括['交易时间', '操作', '申报价格最小变动单位', '有效申报价格范围']
## 测试场景"4", 测试用例"54_4", 覆盖变量数目为5, 未覆盖的变量包括['交易时间', '操作', '申报价格最小变动单位', '有效申报价格范围', '结果']
## 测试场景"4", 测试用例"55_1", 覆盖变量数目为4, 未覆盖的变量包括['交易时间', '操作', '交易方向', '交易品种', '价格单位', '有效申报价格范围']
## 测试场景"4", 测试用例"55_2", 覆盖变量数目为6, 未覆盖的变量包括['交易时间', '操作', '价格单位', '有效申报价格范围']
## 测试场景"4", 测试用例"55_3", 覆盖变量数目为2, 未覆盖的变量包括['交易方式', '交易时间', '操作', '交易方向', '交易品种', '价格单位', '申报价格最小变动单位', '有效申报价格范围']
## 测试场景"4", 测试用例"55_4", 覆盖变量数目为4, 未覆盖的变量包括['交易时间', '操作', '交易品种', '价格单位', '有效申报价格范围', '结果']
## 测试场景"4", 测试用例"55_5", 覆盖变量数目为2, 未覆盖的变量包括['交易时间', '操作', '交易方向', '交易品种', '价格单位', '申报价格最小变动单位', '有效申报价格范围', '结果']
## 测试场景"4", 测试用例"71_1", 覆盖变量数目为4, 未覆盖的变量包括['交易时间', '交易方向', '交易品种', '价格单位', '申报价格最小变动单位', '有效申报价格范围']
## 测试场景"4", 测试用例"71_2", 覆盖变量数目为5, 未覆盖的变量包括['交易时间', '交易品种', '价格单位', '申报价格最小变动单位', '有效申报价格范围']
## 测试场景"4", 测试用例"71_3", 覆盖变量数目为5, 未覆盖的变量包括['交易时间', '交易方向', '价格单位', '申报价格最小变动单位', '有效申报价格范围']
## 测试场景"4", 测试用例"71_4", 覆盖变量数目为6, 未覆盖的变量包括['交易时间', '价格单位', '申报价格最小变动单位', '有效申报价格范围']
## 测试场景"4", 测试用例"71_5", 覆盖变量数目为4, 未覆盖的变量包括['交易时间', '交易方向', '交易品种', '价格单位', '申报价格最小变动单位', '有效申报价格范围']
## 测试场景"4", 测试用例"71_6", 覆盖变量数目为5, 未覆盖的变量包括['交易时间', '交易品种', '价格单位', '申报价格最小变动单位', '有效申报价格范围']
## 测试场景"4", 测试用例"71_7", 覆盖变量数目为3, 未覆盖的变量包括['交易时间', '交易方向', '交易品种', '价格单位', '申报价格最小变动单位', '有效申报价格范围', '结果']
### 测试场景"4", 覆盖变量的最大数目为8, 整体未覆盖的变量包括['交易时间', '有效申报价格范围']

## 测试场景"5", 测试用例"43_1", 覆盖变量数目为4, 未覆盖的变量包括['交易时间', '操作', '交易品种', '价格单位', '申报价格最小变动单位', '有效申报价格范围']
## 测试场景"5", 测试用例"43_2", 覆盖变量数目为3, 未覆盖的变量包括['交易时间', '操作', '交易方向', '交易品种', '价格单位', '申报价格最小变动单位', '有效申报价格范围']
## 测试场景"5", 测试用例"43_3", 覆盖变量数目为2, 未覆盖的变量包括['交易方式', '交易时间', '操作', '交易品种', '价格单位', '申报价格最小变动单位', '结果', '有效申报价格范围']
## 测试场景"5", 测试用例"43_4", 覆盖变量数目为1, 未覆盖的变量包括['交易方式', '交易时间', '操作', '交易方向', '交易品种', '价格单位', '申报价格最小变动单位', '结果', '有效申报价格范围']
## 测试场景"5", 测试用例"43_5", 覆盖变量数目为3, 未覆盖的变量包括['交易时间', '操作', '交易品种', '价格单位', '申报价格最小变动单位', '结果', '有效申报价格范围']
## 测试场景"5", 测试用例"52_1", 覆盖变量数目为4, 未覆盖的变量包括['交易时间', '操作', '交易品种', '价格单位', '申报价格最小变动单位', '有效申报价格范围']
## 测试场景"5", 测试用例"52_2", 覆盖变量数目为1, 未覆盖的变量包括['交易方式', '交易时间', '操作', '交易方向', '交易品种', '价格单位', '申报价格最小变动单位', '结果', '有效申报价格范围']
## 测试场景"5", 测试用例"52_3", 覆盖变量数目为3, 未覆盖的变量包括['交易方式', '交易时间', '操作', '交易品种', '价格单位', '申报价格最小变动单位', '有效申报价格范围']
## 测试场景"5", 测试用例"52_4", 覆盖变量数目为1, 未覆盖的变量包括['交易方式', '交易时间', '操作', '交易方向', '交易品种', '价格单位', '申报价格最小变动单位', '结果', '有效申报价格范围']
## 测试场景"5", 测试用例"54_1", 覆盖变量数目为6, 未覆盖的变量包括['交易时间', '操作', '申报价格最小变动单位', '有效申报价格范围']
## 测试场景"5", 测试用例"54_2", 覆盖变量数目为5, 未覆盖的变量包括['交易时间', '操作', '申报价格最小变动单位', '结果', '有效申报价格范围']
## 测试场景"5", 测试用例"54_3", 覆盖变量数目为3, 未覆盖的变量包括['交易时间', '操作', '交易方向', '交易品种', '价格单位', '申报价格最小变动单位', '有效申报价格范围']
## 测试场景"5", 测试用例"54_4", 覆盖变量数目为2, 未覆盖的变量包括['交易时间', '操作', '交易方向', '交易品种', '价格单位', '申报价格最小变动单位', '结果', '有效申报价格范围']
## 测试场景"5", 测试用例"55_1", 覆盖变量数目为6, 未覆盖的变量包括['交易时间', '操作', '价格单位', '有效申报价格范围']
## 测试场景"5", 测试用例"55_2", 覆盖变量数目为4, 未覆盖的变量包括['交易时间', '操作', '交易方向', '交易品种', '价格单位', '有效申报价格范围']
## 测试场景"5", 测试用例"55_3", 覆盖变量数目为4, 未覆盖的变量包括['交易方式', '交易时间', '操作', '交易品种', '价格单位', '有效申报价格范围']
## 测试场景"5", 测试用例"55_4", 覆盖变量数目为3, 未覆盖的变量包括['交易时间', '操作', '交易方向', '价格单位', '申报价格最小变动单位', '结果', '有效申报价格范围']
## 测试场景"5", 测试用例"55_5", 覆盖变量数目为4, 未覆盖的变量包括['交易时间', '操作', '价格单位', '申报价格最小变动单位', '结果', '有效申报价格范围']
## 测试场景"5", 测试用例"71_1", 覆盖变量数目为5, 未覆盖的变量包括['交易时间', '交易品种', '价格单位', '申报价格最小变动单位', '有效申报价格范围']
## 测试场景"5", 测试用例"71_2", 覆盖变量数目为4, 未覆盖的变量包括['交易时间', '交易方向', '交易品种', '价格单位', '申报价格最小变动单位', '有效申报价格范围']
## 测试场景"5", 测试用例"71_3", 覆盖变量数目为5, 未覆盖的变量包括['交易时间', '交易品种', '价格单位', '申报价格最小变动单位', '有效申报价格范围']
## 测试场景"5", 测试用例"71_4", 覆盖变量数目为4, 未覆盖的变量包括['交易时间', '交易方向', '交易品种', '价格单位', '申报价格最小变动单位', '有效申报价格范围']
## 测试场景"5", 测试用例"71_5", 覆盖变量数目为5, 未覆盖的变量包括['交易时间', '交易品种', '价格单位', '申报价格最小变动单位', '有效申报价格范围']
## 测试场景"5", 测试用例"71_6", 覆盖变量数目为4, 未覆盖的变量包括['交易时间', '交易方向', '交易品种', '价格单位', '申报价格最小变动单位', '有效申报价格范围']
## 测试场景"5", 测试用例"71_7", 覆盖变量数目为4, 未覆盖的变量包括['交易时间', '交易品种', '价格单位', '申报价格最小变动单位', '结果', '有效申报价格范围']
### 测试场景"5", 覆盖变量的最大数目为8, 整体未覆盖的变量包括['交易时间', '有效申报价格范围']

## 测试场景"6", 测试用例"43_1", 覆盖变量数目为4, 未覆盖的变量包括['交易时间', '操作', '交易品种', '价格单位', '申报价格最小变动单位', '有效申报价格范围']
## 测试场景"6", 测试用例"43_2", 覆盖变量数目为3, 未覆盖的变量包括['交易时间', '操作', '交易方向', '交易品种', '价格单位', '申报价格最小变动单位', '有效申报价格范围']
## 测试场景"6", 测试用例"43_3", 覆盖变量数目为2, 未覆盖的变量包括['交易方式', '交易时间', '操作', '交易品种', '价格单位', '申报价格最小变动单位', '结果', '有效申报价格范围']
## 测试场景"6", 测试用例"43_4", 覆盖变量数目为1, 未覆盖的变量包括['交易方式', '交易时间', '操作', '交易方向', '交易品种', '价格单位', '申报价格最小变动单位', '结果', '有效申报价格范围']
## 测试场景"6", 测试用例"43_5", 覆盖变量数目为3, 未覆盖的变量包括['交易时间', '操作', '交易品种', '价格单位', '申报价格最小变动单位', '结果', '有效申报价格范围']
## 测试场景"6", 测试用例"52_1", 覆盖变量数目为4, 未覆盖的变量包括['交易时间', '操作', '交易品种', '价格单位', '申报价格最小变动单位', '有效申报价格范围']
## 测试场景"6", 测试用例"52_2", 覆盖变量数目为1, 未覆盖的变量包括['交易方式', '交易时间', '操作', '交易方向', '交易品种', '价格单位', '申报价格最小变动单位', '结果', '有效申报价格范围']
## 测试场景"6", 测试用例"52_3", 覆盖变量数目为3, 未覆盖的变量包括['交易方式', '交易时间', '操作', '交易品种', '价格单位', '申报价格最小变动单位', '有效申报价格范围']
## 测试场景"6", 测试用例"52_4", 覆盖变量数目为1, 未覆盖的变量包括['交易方式', '交易时间', '操作', '交易方向', '交易品种', '价格单位', '申报价格最小变动单位', '结果', '有效申报价格范围']
## 测试场景"6", 测试用例"54_1", 覆盖变量数目为4, 未覆盖的变量包括['交易时间', '操作', '交易品种', '价格单位', '申报价格最小变动单位', '有效申报价格范围']
## 测试场景"6", 测试用例"54_2", 覆盖变量数目为3, 未覆盖的变量包括['交易时间', '操作', '交易品种', '价格单位', '申报价格最小变动单位', '结果', '有效申报价格范围']
## 测试场景"6", 测试用例"54_3", 覆盖变量数目为5, 未覆盖的变量包括['交易时间', '操作', '交易方向', '申报价格最小变动单位', '有效申报价格范围']
## 测试场景"6", 测试用例"54_4", 覆盖变量数目为4, 未覆盖的变量包括['交易时间', '操作', '交易方向', '申报价格最小变动单位', '结果', '有效申报价格范围']
## 测试场景"6", 测试用例"55_1", 覆盖变量数目为5, 未覆盖的变量包括['交易时间', '操作', '交易品种', '价格单位', '有效申报价格范围']
## 测试场景"6", 测试用例"55_2", 覆盖变量数目为5, 未覆盖的变量包括['交易时间', '操作', '交易方向', '价格单位', '有效申报价格范围']
## 测试场景"6", 测试用例"55_3", 覆盖变量数目为3, 未覆盖的变量包括['交易方式', '交易时间', '操作', '交易品种', '价格单位', '申报价格最小变动单位', '有效申报价格范围']
## 测试场景"6", 测试用例"55_4", 覆盖变量数目为3, 未覆盖的变量包括['交易时间', '操作', '交易方向', '交易品种', '价格单位', '结果', '有效申报价格范围']
## 测试场景"6", 测试用例"55_5", 覆盖变量数目为3, 未覆盖的变量包括['交易时间', '操作', '交易品种', '价格单位', '申报价格最小变动单位', '结果', '有效申报价格范围']
## 测试场景"6", 测试用例"71_1", 覆盖变量数目为5, 未覆盖的变量包括['交易时间', '交易品种', '价格单位', '申报价格最小变动单位', '有效申报价格范围']
## 测试场景"6", 测试用例"71_2", 覆盖变量数目为4, 未覆盖的变量包括['交易时间', '交易方向', '交易品种', '价格单位', '申报价格最小变动单位', '有效申报价格范围']
## 测试场景"6", 测试用例"71_3", 覆盖变量数目为6, 未覆盖的变量包括['交易时间', '价格单位', '申报价格最小变动单位', '有效申报价格范围']
## 测试场景"6", 测试用例"71_4", 覆盖变量数目为5, 未覆盖的变量包括['交易时间', '交易方向', '价格单位', '申报价格最小变动单位', '有效申报价格范围']
## 测试场景"6", 测试用例"71_5", 覆盖变量数目为5, 未覆盖的变量包括['交易时间', '交易品种', '价格单位', '申报价格最小变动单位', '有效申报价格范围']
## 测试场景"6", 测试用例"71_6", 覆盖变量数目为4, 未覆盖的变量包括['交易时间', '交易方向', '交易品种', '价格单位', '申报价格最小变动单位', '有效申报价格范围']
## 测试场景"6", 测试用例"71_7", 覆盖变量数目为4, 未覆盖的变量包括['交易时间', '交易品种', '价格单位', '申报价格最小变动单位', '结果', '有效申报价格范围']
### 测试场景"6", 覆盖变量的最大数目为8, 整体未覆盖的变量包括['交易时间', '有效申报价格范围']

## 测试场景"7", 测试用例"43_1", 覆盖变量数目为3, 未覆盖的变量包括['交易时间', '操作', '交易方向', '交易品种', '价格单位', '申报价格最小变动单位', '有效申报价格范围']
## 测试场景"7", 测试用例"43_2", 覆盖变量数目为4, 未覆盖的变量包括['交易时间', '操作', '交易品种', '价格单位', '申报价格最小变动单位', '有效申报价格范围']
## 测试场景"7", 测试用例"43_3", 覆盖变量数目为1, 未覆盖的变量包括['交易方式', '交易时间', '操作', '交易方向', '交易品种', '价格单位', '申报价格最小变动单位', '结果', '有效申报价格范围']
## 测试场景"7", 测试用例"43_4", 覆盖变量数目为2, 未覆盖的变量包括['交易方式', '交易时间', '操作', '交易品种', '价格单位', '申报价格最小变动单位', '结果', '有效申报价格范围']
## 测试场景"7", 测试用例"43_5", 覆盖变量数目为2, 未覆盖的变量包括['交易时间', '操作', '交易方向', '交易品种', '价格单位', '申报价格最小变动单位', '结果', '有效申报价格范围']
## 测试场景"7", 测试用例"52_1", 覆盖变量数目为3, 未覆盖的变量包括['交易时间', '操作', '交易方向', '交易品种', '价格单位', '申报价格最小变动单位', '有效申报价格范围']
## 测试场景"7", 测试用例"52_2", 覆盖变量数目为2, 未覆盖的变量包括['交易方式', '交易时间', '操作', '交易品种', '价格单位', '申报价格最小变动单位', '结果', '有效申报价格范围']
## 测试场景"7", 测试用例"52_3", 覆盖变量数目为2, 未覆盖的变量包括['交易方式', '交易时间', '操作', '交易方向', '交易品种', '价格单位', '申报价格最小变动单位', '有效申报价格范围']
## 测试场景"7", 测试用例"52_4", 覆盖变量数目为2, 未覆盖的变量包括['交易方式', '交易时间', '操作', '交易品种', '价格单位', '申报价格最小变动单位', '结果', '有效申报价格范围']
## 测试场景"7", 测试用例"54_1", 覆盖变量数目为5, 未覆盖的变量包括['交易时间', '操作', '交易方向', '申报价格最小变动单位', '有效申报价格范围']
## 测试场景"7", 测试用例"54_2", 覆盖变量数目为4, 未覆盖的变量包括['交易时间', '操作', '交易方向', '申报价格最小变动单位', '结果', '有效申报价格范围']
## 测试场景"7", 测试用例"54_3", 覆盖变量数目为4, 未覆盖的变量包括['交易时间', '操作', '交易品种', '价格单位', '申报价格最小变动单位', '有效申报价格范围']
## 测试场景"7", 测试用例"54_4", 覆盖变量数目为3, 未覆盖的变量包括['交易时间', '操作', '交易品种', '价格单位', '申报价格最小变动单位', '结果', '有效申报价格范围']
## 测试场景"7", 测试用例"55_1", 覆盖变量数目为5, 未覆盖的变量包括['交易时间', '操作', '交易方向', '价格单位', '有效申报价格范围']
## 测试场景"7", 测试用例"55_2", 覆盖变量数目为5, 未覆盖的变量包括['交易时间', '操作', '交易品种', '价格单位', '有效申报价格范围']
## 测试场景"7", 测试用例"55_3", 覆盖变量数目为3, 未覆盖的变量包括['交易方式', '交易时间', '操作', '交易方向', '交易品种', '价格单位', '有效申报价格范围']
## 测试场景"7", 测试用例"55_4", 覆盖变量数目为4, 未覆盖的变量包括['交易时间', '操作', '价格单位', '申报价格最小变动单位', '结果', '有效申报价格范围']
## 测试场景"7", 测试用例"55_5", 覆盖变量数目为3, 未覆盖的变量包括['交易时间', '操作', '交易方向', '价格单位', '申报价格最小变动单位', '结果', '有效申报价格范围']
## 测试场景"7", 测试用例"71_1", 覆盖变量数目为4, 未覆盖的变量包括['交易时间', '交易方向', '交易品种', '价格单位', '申报价格最小变动单位', '有效申报价格范围']
## 测试场景"7", 测试用例"71_2", 覆盖变量数目为5, 未覆盖的变量包括['交易时间', '交易品种', '价格单位', '申报价格最小变动单位', '有效申报价格范围']
## 测试场景"7", 测试用例"71_3", 覆盖变量数目为4, 未覆盖的变量包括['交易时间', '交易方向', '交易品种', '价格单位', '申报价格最小变动单位', '有效申报价格范围']
## 测试场景"7", 测试用例"71_4", 覆盖变量数目为5, 未覆盖的变量包括['交易时间', '交易品种', '价格单位', '申报价格最小变动单位', '有效申报价格范围']
## 测试场景"7", 测试用例"71_5", 覆盖变量数目为4, 未覆盖的变量包括['交易时间', '交易方向', '交易品种', '价格单位', '申报价格最小变动单位', '有效申报价格范围']
## 测试场景"7", 测试用例"71_6", 覆盖变量数目为5, 未覆盖的变量包括['交易时间', '交易品种', '价格单位', '申报价格最小变动单位', '有效申报价格范围']
## 测试场景"7", 测试用例"71_7", 覆盖变量数目为3, 未覆盖的变量包括['交易时间', '交易方向', '交易品种', '价格单位', '申报价格最小变动单位', '结果', '有效申报价格范围']
### 测试场景"7", 覆盖变量的最大数目为8, 整体未覆盖的变量包括['交易时间', '有效申报价格范围']

## 测试场景"8", 测试用例"43_1", 覆盖变量数目为3, 未覆盖的变量包括['交易时间', '操作', '交易方向', '交易品种', '价格单位', '申报价格最小变动单位', '有效申报价格范围']
## 测试场景"8", 测试用例"43_2", 覆盖变量数目为4, 未覆盖的变量包括['交易时间', '操作', '交易品种', '价格单位', '申报价格最小变动单位', '有效申报价格范围']
## 测试场景"8", 测试用例"43_3", 覆盖变量数目为1, 未覆盖的变量包括['交易方式', '交易时间', '操作', '交易方向', '交易品种', '价格单位', '申报价格最小变动单位', '结果', '有效申报价格范围']
## 测试场景"8", 测试用例"43_4", 覆盖变量数目为2, 未覆盖的变量包括['交易方式', '交易时间', '操作', '交易品种', '价格单位', '申报价格最小变动单位', '结果', '有效申报价格范围']
## 测试场景"8", 测试用例"43_5", 覆盖变量数目为2, 未覆盖的变量包括['交易时间', '操作', '交易方向', '交易品种', '价格单位', '申报价格最小变动单位', '结果', '有效申报价格范围']
## 测试场景"8", 测试用例"52_1", 覆盖变量数目为3, 未覆盖的变量包括['交易时间', '操作', '交易方向', '交易品种', '价格单位', '申报价格最小变动单位', '有效申报价格范围']
## 测试场景"8", 测试用例"52_2", 覆盖变量数目为2, 未覆盖的变量包括['交易方式', '交易时间', '操作', '交易品种', '价格单位', '申报价格最小变动单位', '结果', '有效申报价格范围']
## 测试场景"8", 测试用例"52_3", 覆盖变量数目为2, 未覆盖的变量包括['交易方式', '交易时间', '操作', '交易方向', '交易品种', '价格单位', '申报价格最小变动单位', '有效申报价格范围']
## 测试场景"8", 测试用例"52_4", 覆盖变量数目为2, 未覆盖的变量包括['交易方式', '交易时间', '操作', '交易品种', '价格单位', '申报价格最小变动单位', '结果', '有效申报价格范围']
## 测试场景"8", 测试用例"54_1", 覆盖变量数目为3, 未覆盖的变量包括['交易时间', '操作', '交易方向', '交易品种', '价格单位', '申报价格最小变动单位', '有效申报价格范围']
## 测试场景"8", 测试用例"54_2", 覆盖变量数目为2, 未覆盖的变量包括['交易时间', '操作', '交易方向', '交易品种', '价格单位', '申报价格最小变动单位', '结果', '有效申报价格范围']
## 测试场景"8", 测试用例"54_3", 覆盖变量数目为6, 未覆盖的变量包括['交易时间', '操作', '申报价格最小变动单位', '有效申报价格范围']
## 测试场景"8", 测试用例"54_4", 覆盖变量数目为5, 未覆盖的变量包括['交易时间', '操作', '申报价格最小变动单位', '结果', '有效申报价格范围']
## 测试场景"8", 测试用例"55_1", 覆盖变量数目为4, 未覆盖的变量包括['交易时间', '操作', '交易方向', '交易品种', '价格单位', '有效申报价格范围']
## 测试场景"8", 测试用例"55_2", 覆盖变量数目为6, 未覆盖的变量包括['交易时间', '操作', '价格单位', '有效申报价格范围']
## 测试场景"8", 测试用例"55_3", 覆盖变量数目为2, 未覆盖的变量包括['交易方式', '交易时间', '操作', '交易方向', '交易品种', '价格单位', '申报价格最小变动单位', '有效申报价格范围']
## 测试场景"8", 测试用例"55_4", 覆盖变量数目为4, 未覆盖的变量包括['交易时间', '操作', '交易品种', '价格单位', '结果', '有效申报价格范围']
## 测试场景"8", 测试用例"55_5", 覆盖变量数目为2, 未覆盖的变量包括['交易时间', '操作', '交易方向', '交易品种', '价格单位', '申报价格最小变动单位', '结果', '有效申报价格范围']
## 测试场景"8", 测试用例"71_1", 覆盖变量数目为4, 未覆盖的变量包括['交易时间', '交易方向', '交易品种', '价格单位', '申报价格最小变动单位', '有效申报价格范围']
## 测试场景"8", 测试用例"71_2", 覆盖变量数目为5, 未覆盖的变量包括['交易时间', '交易品种', '价格单位', '申报价格最小变动单位', '有效申报价格范围']
## 测试场景"8", 测试用例"71_3", 覆盖变量数目为5, 未覆盖的变量包括['交易时间', '交易方向', '价格单位', '申报价格最小变动单位', '有效申报价格范围']
## 测试场景"8", 测试用例"71_4", 覆盖变量数目为6, 未覆盖的变量包括['交易时间', '价格单位', '申报价格最小变动单位', '有效申报价格范围']
## 测试场景"8", 测试用例"71_5", 覆盖变量数目为4, 未覆盖的变量包括['交易时间', '交易方向', '交易品种', '价格单位', '申报价格最小变动单位', '有效申报价格范围']
## 测试场景"8", 测试用例"71_6", 覆盖变量数目为5, 未覆盖的变量包括['交易时间', '交易品种', '价格单位', '申报价格最小变动单位', '有效申报价格范围']
## 测试场景"8", 测试用例"71_7", 覆盖变量数目为3, 未覆盖的变量包括['交易时间', '交易方向', '交易品种', '价格单位', '申报价格最小变动单位', '结果', '有效申报价格范围']
### 测试场景"8", 覆盖变量的最大数目为8, 整体未覆盖的变量包括['交易时间', '有效申报价格范围']

## 测试场景"9", 测试用例"43_1", 覆盖变量数目为3, 未覆盖的变量包括['交易方式', '交易时间', '操作', '交易品种', '价格单位', '申报价格最小变动单位', '有效申报价格范围']
## 测试场景"9", 测试用例"43_2", 覆盖变量数目为2, 未覆盖的变量包括['交易方式', '交易时间', '操作', '交易方向', '交易品种', '价格单位', '申报价格最小变动单位', '有效申报价格范围']
## 测试场景"9", 测试用例"43_3", 覆盖变量数目为3, 未覆盖的变量包括['交易时间', '操作', '交易品种', '价格单位', '申报价格最小变动单位', '结果', '有效申报价格范围']
## 测试场景"9", 测试用例"43_4", 覆盖变量数目为1, 未覆盖的变量包括['交易方式', '交易时间', '操作', '交易方向', '交易品种', '价格单位', '申报价格最小变动单位', '结果', '有效申报价格范围']
## 测试场景"9", 测试用例"43_5", 覆盖变量数目为2, 未覆盖的变量包括['交易方式', '交易时间', '操作', '交易品种', '价格单位', '申报价格最小变动单位', '结果', '有效申报价格范围']
## 测试场景"9", 测试用例"52_1", 覆盖变量数目为3, 未覆盖的变量包括['交易方式', '交易时间', '操作', '交易品种', '价格单位', '申报价格最小变动单位', '有效申报价格范围']
## 测试场景"9", 测试用例"52_2", 覆盖变量数目为2, 未覆盖的变量包括['交易时间', '操作', '交易方向', '交易品种', '价格单位', '申报价格最小变动单位', '结果', '有效申报价格范围']
## 测试场景"9", 测试用例"52_3", 覆盖变量数目为3, 未覆盖的变量包括['交易方式', '交易时间', '操作', '交易品种', '价格单位', '申报价格最小变动单位', '有效申报价格范围']
## 测试场景"9", 测试用例"52_4", 覆盖变量数目为1, 未覆盖的变量包括['交易方式', '交易时间', '操作', '交易方向', '交易品种', '价格单位', '申报价格最小变动单位', '结果', '有效申报价格范围']
## 测试场景"9", 测试用例"54_1", 覆盖变量数目为5, 未覆盖的变量包括['交易方式', '交易时间', '操作', '申报价格最小变动单位', '有效申报价格范围']
## 测试场景"9", 测试用例"54_2", 覆盖变量数目为4, 未覆盖的变量包括['交易方式', '交易时间', '操作', '申报价格最小变动单位', '结果', '有效申报价格范围']
## 测试场景"9", 测试用例"54_3", 覆盖变量数目为2, 未覆盖的变量包括['交易方式', '交易时间', '操作', '交易方向', '交易品种', '价格单位', '申报价格最小变动单位', '有效申报价格范围']
## 测试场景"9", 测试用例"54_4", 覆盖变量数目为1, 未覆盖的变量包括['交易方式', '交易时间', '操作', '交易方向', '交易品种', '价格单位', '申报价格最小变动单位', '结果', '有效申报价格范围']
## 测试场景"9", 测试用例"55_1", 覆盖变量数目为5, 未覆盖的变量包括['交易方式', '交易时间', '操作', '价格单位', '有效申报价格范围']
## 测试场景"9", 测试用例"55_2", 覆盖变量数目为2, 未覆盖的变量包括['交易方式', '交易时间', '操作', '交易方向', '交易品种', '价格单位', '申报价格最小变动单位', '有效申报价格范围']
## 测试场景"9", 测试用例"55_3", 覆盖变量数目为5, 未覆盖的变量包括['交易时间', '操作', '交易品种', '价格单位', '有效申报价格范围']
## 测试场景"9", 测试用例"55_4", 覆盖变量数目为3, 未覆盖的变量包括['交易方式', '交易时间', '操作', '交易方向', '价格单位', '结果', '有效申报价格范围']
## 测试场景"9", 测试用例"55_5", 覆盖变量数目为3, 未覆盖的变量包括['交易方式', '交易时间', '操作', '价格单位', '申报价格最小变动单位', '结果', '有效申报价格范围']
## 测试场景"9", 测试用例"71_1", 覆盖变量数目为4, 未覆盖的变量包括['交易方式', '交易时间', '交易品种', '价格单位', '申报价格最小变动单位', '有效申报价格范围']
## 测试场景"9", 测试用例"71_2", 覆盖变量数目为3, 未覆盖的变量包括['交易方式', '交易时间', '交易方向', '交易品种', '价格单位', '申报价格最小变动单位', '有效申报价格范围']
## 测试场景"9", 测试用例"71_3", 覆盖变量数目为4, 未覆盖的变量包括['交易方式', '交易时间', '交易品种', '价格单位', '申报价格最小变动单位', '有效申报价格范围']
## 测试场景"9", 测试用例"71_4", 覆盖变量数目为3, 未覆盖的变量包括['交易方式', '交易时间', '交易方向', '交易品种', '价格单位', '申报价格最小变动单位', '有效申报价格范围']
## 测试场景"9", 测试用例"71_5", 覆盖变量数目为4, 未覆盖的变量包括['交易方式', '交易时间', '交易品种', '价格单位', '申报价格最小变动单位', '有效申报价格范围']
## 测试场景"9", 测试用例"71_6", 覆盖变量数目为3, 未覆盖的变量包括['交易方式', '交易时间', '交易方向', '交易品种', '价格单位', '申报价格最小变动单位', '有效申报价格范围']
## 测试场景"9", 测试用例"71_7", 覆盖变量数目为3, 未覆盖的变量包括['交易方式', '交易时间', '交易品种', '价格单位', '申报价格最小变动单位', '结果', '有效申报价格范围']
### 测试场景"9", 覆盖变量的最大数目为8, 整体未覆盖的变量包括['交易时间', '有效申报价格范围']

## 测试场景"10", 测试用例"43_1", 覆盖变量数目为3, 未覆盖的变量包括['交易方式', '交易时间', '操作', '交易品种', '价格单位', '申报价格最小变动单位', '有效申报价格范围']
## 测试场景"10", 测试用例"43_2", 覆盖变量数目为2, 未覆盖的变量包括['交易方式', '交易时间', '操作', '交易方向', '交易品种', '价格单位', '申报价格最小变动单位', '有效申报价格范围']
## 测试场景"10", 测试用例"43_3", 覆盖变量数目为3, 未覆盖的变量包括['交易时间', '操作', '交易品种', '价格单位', '申报价格最小变动单位', '结果', '有效申报价格范围']
## 测试场景"10", 测试用例"43_4", 覆盖变量数目为1, 未覆盖的变量包括['交易方式', '交易时间', '操作', '交易方向', '交易品种', '价格单位', '申报价格最小变动单位', '结果', '有效申报价格范围']
## 测试场景"10", 测试用例"43_5", 覆盖变量数目为2, 未覆盖的变量包括['交易方式', '交易时间', '操作', '交易品种', '价格单位', '申报价格最小变动单位', '结果', '有效申报价格范围']
## 测试场景"10", 测试用例"52_1", 覆盖变量数目为3, 未覆盖的变量包括['交易方式', '交易时间', '操作', '交易品种', '价格单位', '申报价格最小变动单位', '有效申报价格范围']
## 测试场景"10", 测试用例"52_2", 覆盖变量数目为2, 未覆盖的变量包括['交易时间', '操作', '交易方向', '交易品种', '价格单位', '申报价格最小变动单位', '结果', '有效申报价格范围']
## 测试场景"10", 测试用例"52_3", 覆盖变量数目为3, 未覆盖的变量包括['交易方式', '交易时间', '操作', '交易品种', '价格单位', '申报价格最小变动单位', '有效申报价格范围']
## 测试场景"10", 测试用例"52_4", 覆盖变量数目为1, 未覆盖的变量包括['交易方式', '交易时间', '操作', '交易方向', '交易品种', '价格单位', '申报价格最小变动单位', '结果', '有效申报价格范围']
## 测试场景"10", 测试用例"54_1", 覆盖变量数目为3, 未覆盖的变量包括['交易方式', '交易时间', '操作', '交易品种', '价格单位', '申报价格最小变动单位', '有效申报价格范围']
## 测试场景"10", 测试用例"54_2", 覆盖变量数目为2, 未覆盖的变量包括['交易方式', '交易时间', '操作', '交易品种', '价格单位', '申报价格最小变动单位', '结果', '有效申报价格范围']
## 测试场景"10", 测试用例"54_3", 覆盖变量数目为4, 未覆盖的变量包括['交易方式', '交易时间', '操作', '交易方向', '申报价格最小变动单位', '有效申报价格范围']
## 测试场景"10", 测试用例"54_4", 覆盖变量数目为3, 未覆盖的变量包括['交易方式', '交易时间', '操作', '交易方向', '申报价格最小变动单位', '结果', '有效申报价格范围']
## 测试场景"10", 测试用例"55_1", 覆盖变量数目为4, 未覆盖的变量包括['交易方式', '交易时间', '操作', '交易品种', '价格单位', '有效申报价格范围']
## 测试场景"10", 测试用例"55_2", 覆盖变量数目为3, 未覆盖的变量包括['交易方式', '交易时间', '操作', '交易方向', '价格单位', '申报价格最小变动单位', '有效申报价格范围']
## 测试场景"10", 测试用例"55_3", 覆盖变量数目为5, 未覆盖的变量包括['交易时间', '操作', '交易品种', '价格单位', '有效申报价格范围']
## 测试场景"10", 测试用例"55_4", 覆盖变量数目为2, 未覆盖的变量包括['交易方式', '交易时间', '操作', '交易方向', '交易品种', '价格单位', '结果', '有效申报价格范围']
## 测试场景"10", 测试用例"55_5", 覆盖变量数目为2, 未覆盖的变量包括['交易方式', '交易时间', '操作', '交易品种', '价格单位', '申报价格最小变动单位', '结果', '有效申报价格范围']
## 测试场景"10", 测试用例"71_1", 覆盖变量数目为4, 未覆盖的变量包括['交易方式', '交易时间', '交易品种', '价格单位', '申报价格最小变动单位', '有效申报价格范围']
## 测试场景"10", 测试用例"71_2", 覆盖变量数目为3, 未覆盖的变量包括['交易方式', '交易时间', '交易方向', '交易品种', '价格单位', '申报价格最小变动单位', '有效申报价格范围']
## 测试场景"10", 测试用例"71_3", 覆盖变量数目为5, 未覆盖的变量包括['交易方式', '交易时间', '价格单位', '申报价格最小变动单位', '有效申报价格范围']
## 测试场景"10", 测试用例"71_4", 覆盖变量数目为4, 未覆盖的变量包括['交易方式', '交易时间', '交易方向', '价格单位', '申报价格最小变动单位', '有效申报价格范围']
## 测试场景"10", 测试用例"71_5", 覆盖变量数目为4, 未覆盖的变量包括['交易方式', '交易时间', '交易品种', '价格单位', '申报价格最小变动单位', '有效申报价格范围']
## 测试场景"10", 测试用例"71_6", 覆盖变量数目为3, 未覆盖的变量包括['交易方式', '交易时间', '交易方向', '交易品种', '价格单位', '申报价格最小变动单位', '有效申报价格范围']
## 测试场景"10", 测试用例"71_7", 覆盖变量数目为3, 未覆盖的变量包括['交易方式', '交易时间', '交易品种', '价格单位', '申报价格最小变动单位', '结果', '有效申报价格范围']
### 测试场景"10", 覆盖变量的最大数目为8, 整体未覆盖的变量包括['交易时间', '有效申报价格范围']

## 测试场景"11", 测试用例"43_1", 覆盖变量数目为2, 未覆盖的变量包括['交易方式', '交易时间', '操作', '交易方向', '交易品种', '价格单位', '申报价格最小变动单位', '有效申报价格范围']
## 测试场景"11", 测试用例"43_2", 覆盖变量数目为3, 未覆盖的变量包括['交易方式', '交易时间', '操作', '交易品种', '价格单位', '申报价格最小变动单位', '有效申报价格范围']
## 测试场景"11", 测试用例"43_3", 覆盖变量数目为2, 未覆盖的变量包括['交易时间', '操作', '交易方向', '交易品种', '价格单位', '申报价格最小变动单位', '结果', '有效申报价格范围']
## 测试场景"11", 测试用例"43_4", 覆盖变量数目为2, 未覆盖的变量包括['交易方式', '交易时间', '操作', '交易品种', '价格单位', '申报价格最小变动单位', '结果', '有效申报价格范围']
## 测试场景"11", 测试用例"43_5", 覆盖变量数目为1, 未覆盖的变量包括['交易方式', '交易时间', '操作', '交易方向', '交易品种', '价格单位', '申报价格最小变动单位', '结果', '有效申报价格范围']
## 测试场景"11", 测试用例"52_1", 覆盖变量数目为2, 未覆盖的变量包括['交易方式', '交易时间', '操作', '交易方向', '交易品种', '价格单位', '申报价格最小变动单位', '有效申报价格范围']
## 测试场景"11", 测试用例"52_2", 覆盖变量数目为3, 未覆盖的变量包括['交易时间', '操作', '交易品种', '价格单位', '申报价格最小变动单位', '结果', '有效申报价格范围']
## 测试场景"11", 测试用例"52_3", 覆盖变量数目为2, 未覆盖的变量包括['交易方式', '交易时间', '操作', '交易方向', '交易品种', '价格单位', '申报价格最小变动单位', '有效申报价格范围']
## 测试场景"11", 测试用例"52_4", 覆盖变量数目为2, 未覆盖的变量包括['交易方式', '交易时间', '操作', '交易品种', '价格单位', '申报价格最小变动单位', '结果', '有效申报价格范围']
## 测试场景"11", 测试用例"54_1", 覆盖变量数目为4, 未覆盖的变量包括['交易方式', '交易时间', '操作', '交易方向', '申报价格最小变动单位', '有效申报价格范围']
## 测试场景"11", 测试用例"54_2", 覆盖变量数目为3, 未覆盖的变量包括['交易方式', '交易时间', '操作', '交易方向', '申报价格最小变动单位', '结果', '有效申报价格范围']
## 测试场景"11", 测试用例"54_3", 覆盖变量数目为3, 未覆盖的变量包括['交易方式', '交易时间', '操作', '交易品种', '价格单位', '申报价格最小变动单位', '有效申报价格范围']
## 测试场景"11", 测试用例"54_4", 覆盖变量数目为2, 未覆盖的变量包括['交易方式', '交易时间', '操作', '交易品种', '价格单位', '申报价格最小变动单位', '结果', '有效申报价格范围']
## 测试场景"11", 测试用例"55_1", 覆盖变量数目为4, 未覆盖的变量包括['交易方式', '交易时间', '操作', '交易方向', '价格单位', '有效申报价格范围']
## 测试场景"11", 测试用例"55_2", 覆盖变量数目为3, 未覆盖的变量包括['交易方式', '交易时间', '操作', '交易品种', '价格单位', '申报价格最小变动单位', '有效申报价格范围']
## 测试场景"11", 测试用例"55_3", 覆盖变量数目为4, 未覆盖的变量包括['交易时间', '操作', '交易方向', '交易品种', '价格单位', '有效申报价格范围']
## 测试场景"11", 测试用例"55_4", 覆盖变量数目为4, 未覆盖的变量包括['交易方式', '交易时间', '操作', '价格单位', '结果', '有效申报价格范围']
## 测试场景"11", 测试用例"55_5", 覆盖变量数目为2, 未覆盖的变量包括['交易方式', '交易时间', '操作', '交易方向', '价格单位', '申报价格最小变动单位', '结果', '有效申报价格范围']
## 测试场景"11", 测试用例"71_1", 覆盖变量数目为3, 未覆盖的变量包括['交易方式', '交易时间', '交易方向', '交易品种', '价格单位', '申报价格最小变动单位', '有效申报价格范围']
## 测试场景"11", 测试用例"71_2", 覆盖变量数目为4, 未覆盖的变量包括['交易方式', '交易时间', '交易品种', '价格单位', '申报价格最小变动单位', '有效申报价格范围']
## 测试场景"11", 测试用例"71_3", 覆盖变量数目为3, 未覆盖的变量包括['交易方式', '交易时间', '交易方向', '交易品种', '价格单位', '申报价格最小变动单位', '有效申报价格范围']
## 测试场景"11", 测试用例"71_4", 覆盖变量数目为4, 未覆盖的变量包括['交易方式', '交易时间', '交易品种', '价格单位', '申报价格最小变动单位', '有效申报价格范围']
## 测试场景"11", 测试用例"71_5", 覆盖变量数目为3, 未覆盖的变量包括['交易方式', '交易时间', '交易方向', '交易品种', '价格单位', '申报价格最小变动单位', '有效申报价格范围']
## 测试场景"11", 测试用例"71_6", 覆盖变量数目为4, 未覆盖的变量包括['交易方式', '交易时间', '交易品种', '价格单位', '申报价格最小变动单位', '有效申报价格范围']
## 测试场景"11", 测试用例"71_7", 覆盖变量数目为2, 未覆盖的变量包括['交易方式', '交易时间', '交易方向', '交易品种', '价格单位', '申报价格最小变动单位', '结果', '有效申报价格范围']
### 测试场景"11", 覆盖变量的最大数目为8, 整体未覆盖的变量包括['交易时间', '有效申报价格范围']

## 测试场景"12", 测试用例"43_1", 覆盖变量数目为2, 未覆盖的变量包括['交易方式', '交易时间', '操作', '交易方向', '交易品种', '价格单位', '申报价格最小变动单位', '有效申报价格范围']
## 测试场景"12", 测试用例"43_2", 覆盖变量数目为3, 未覆盖的变量包括['交易方式', '交易时间', '操作', '交易品种', '价格单位', '申报价格最小变动单位', '有效申报价格范围']
## 测试场景"12", 测试用例"43_3", 覆盖变量数目为2, 未覆盖的变量包括['交易时间', '操作', '交易方向', '交易品种', '价格单位', '申报价格最小变动单位', '结果', '有效申报价格范围']
## 测试场景"12", 测试用例"43_4", 覆盖变量数目为2, 未覆盖的变量包括['交易方式', '交易时间', '操作', '交易品种', '价格单位', '申报价格最小变动单位', '结果', '有效申报价格范围']
## 测试场景"12", 测试用例"43_5", 覆盖变量数目为1, 未覆盖的变量包括['交易方式', '交易时间', '操作', '交易方向', '交易品种', '价格单位', '申报价格最小变动单位', '结果', '有效申报价格范围']
## 测试场景"12", 测试用例"52_1", 覆盖变量数目为2, 未覆盖的变量包括['交易方式', '交易时间', '操作', '交易方向', '交易品种', '价格单位', '申报价格最小变动单位', '有效申报价格范围']
## 测试场景"12", 测试用例"52_2", 覆盖变量数目为3, 未覆盖的变量包括['交易时间', '操作', '交易品种', '价格单位', '申报价格最小变动单位', '结果', '有效申报价格范围']
## 测试场景"12", 测试用例"52_3", 覆盖变量数目为2, 未覆盖的变量包括['交易方式', '交易时间', '操作', '交易方向', '交易品种', '价格单位', '申报价格最小变动单位', '有效申报价格范围']
## 测试场景"12", 测试用例"52_4", 覆盖变量数目为2, 未覆盖的变量包括['交易方式', '交易时间', '操作', '交易品种', '价格单位', '申报价格最小变动单位', '结果', '有效申报价格范围']
## 测试场景"12", 测试用例"54_1", 覆盖变量数目为2, 未覆盖的变量包括['交易方式', '交易时间', '操作', '交易方向', '交易品种', '价格单位', '申报价格最小变动单位', '有效申报价格范围']
## 测试场景"12", 测试用例"54_2", 覆盖变量数目为1, 未覆盖的变量包括['交易方式', '交易时间', '操作', '交易方向', '交易品种', '价格单位', '申报价格最小变动单位', '结果', '有效申报价格范围']
## 测试场景"12", 测试用例"54_3", 覆盖变量数目为5, 未覆盖的变量包括['交易方式', '交易时间', '操作', '申报价格最小变动单位', '有效申报价格范围']
## 测试场景"12", 测试用例"54_4", 覆盖变量数目为4, 未覆盖的变量包括['交易方式', '交易时间', '操作', '申报价格最小变动单位', '结果', '有效申报价格范围']
## 测试场景"12", 测试用例"55_1", 覆盖变量数目为3, 未覆盖的变量包括['交易方式', '交易时间', '操作', '交易方向', '交易品种', '价格单位', '有效申报价格范围']
## 测试场景"12", 测试用例"55_2", 覆盖变量数目为4, 未覆盖的变量包括['交易方式', '交易时间', '操作', '价格单位', '申报价格最小变动单位', '有效申报价格范围']
## 测试场景"12", 测试用例"55_3", 覆盖变量数目为4, 未覆盖的变量包括['交易时间', '操作', '交易方向', '交易品种', '价格单位', '有效申报价格范围']
## 测试场景"12", 测试用例"55_4", 覆盖变量数目为3, 未覆盖的变量包括['交易方式', '交易时间', '操作', '交易品种', '价格单位', '结果', '有效申报价格范围']
## 测试场景"12", 测试用例"55_5", 覆盖变量数目为1, 未覆盖的变量包括['交易方式', '交易时间', '操作', '交易方向', '交易品种', '价格单位', '申报价格最小变动单位', '结果', '有效申报价格范围']
## 测试场景"12", 测试用例"71_1", 覆盖变量数目为3, 未覆盖的变量包括['交易方式', '交易时间', '交易方向', '交易品种', '价格单位', '申报价格最小变动单位', '有效申报价格范围']
## 测试场景"12", 测试用例"71_2", 覆盖变量数目为4, 未覆盖的变量包括['交易方式', '交易时间', '交易品种', '价格单位', '申报价格最小变动单位', '有效申报价格范围']
## 测试场景"12", 测试用例"71_3", 覆盖变量数目为4, 未覆盖的变量包括['交易方式', '交易时间', '交易方向', '价格单位', '申报价格最小变动单位', '有效申报价格范围']
## 测试场景"12", 测试用例"71_4", 覆盖变量数目为5, 未覆盖的变量包括['交易方式', '交易时间', '价格单位', '申报价格最小变动单位', '有效申报价格范围']
## 测试场景"12", 测试用例"71_5", 覆盖变量数目为3, 未覆盖的变量包括['交易方式', '交易时间', '交易方向', '交易品种', '价格单位', '申报价格最小变动单位', '有效申报价格范围']
## 测试场景"12", 测试用例"71_6", 覆盖变量数目为4, 未覆盖的变量包括['交易方式', '交易时间', '交易品种', '价格单位', '申报价格最小变动单位', '有效申报价格范围']
## 测试场景"12", 测试用例"71_7", 覆盖变量数目为2, 未覆盖的变量包括['交易方式', '交易时间', '交易方向', '交易品种', '价格单位', '申报价格最小变动单位', '结果', '有效申报价格范围']
### 测试场景"12", 覆盖变量的最大数目为8, 整体未覆盖的变量包括['交易时间', '有效申报价格范围']

## 测试场景"13", 测试用例"43_1", 覆盖变量数目为3, 未覆盖的变量包括['交易方式', '交易时间', '操作', '交易品种', '价格单位', '申报价格最小变动单位', '有效申报价格范围']
## 测试场景"13", 测试用例"43_2", 覆盖变量数目为2, 未覆盖的变量包括['交易方式', '交易时间', '操作', '交易方向', '交易品种', '价格单位', '申报价格最小变动单位', '有效申报价格范围']
## 测试场景"13", 测试用例"43_3", 覆盖变量数目为2, 未覆盖的变量包括['交易方式', '交易时间', '操作', '交易品种', '价格单位', '申报价格最小变动单位', '结果', '有效申报价格范围']
## 测试场景"13", 测试用例"43_4", 覆盖变量数目为2, 未覆盖的变量包括['交易时间', '操作', '交易方向', '交易品种', '价格单位', '申报价格最小变动单位', '结果', '有效申报价格范围']
## 测试场景"13", 测试用例"43_5", 覆盖变量数目为2, 未覆盖的变量包括['交易方式', '交易时间', '操作', '交易品种', '价格单位', '申报价格最小变动单位', '结果', '有效申报价格范围']
## 测试场景"13", 测试用例"52_1", 覆盖变量数目为3, 未覆盖的变量包括['交易方式', '交易时间', '操作', '交易品种', '价格单位', '申报价格最小变动单位', '有效申报价格范围']
## 测试场景"13", 测试用例"52_2", 覆盖变量数目为1, 未覆盖的变量包括['交易方式', '交易时间', '操作', '交易方向', '交易品种', '价格单位', '申报价格最小变动单位', '结果', '有效申报价格范围']
## 测试场景"13", 测试用例"52_3", 覆盖变量数目为4, 未覆盖的变量包括['交易时间', '操作', '交易品种', '价格单位', '申报价格最小变动单位', '有效申报价格范围']
## 测试场景"13", 测试用例"52_4", 覆盖变量数目为1, 未覆盖的变量包括['交易方式', '交易时间', '操作', '交易方向', '交易品种', '价格单位', '申报价格最小变动单位', '结果', '有效申报价格范围']
## 测试场景"13", 测试用例"54_1", 覆盖变量数目为5, 未覆盖的变量包括['交易方式', '交易时间', '操作', '申报价格最小变动单位', '有效申报价格范围']
## 测试场景"13", 测试用例"54_2", 覆盖变量数目为4, 未覆盖的变量包括['交易方式', '交易时间', '操作', '申报价格最小变动单位', '结果', '有效申报价格范围']
## 测试场景"13", 测试用例"54_3", 覆盖变量数目为2, 未覆盖的变量包括['交易方式', '交易时间', '操作', '交易方向', '交易品种', '价格单位', '申报价格最小变动单位', '有效申报价格范围']
## 测试场景"13", 测试用例"54_4", 覆盖变量数目为1, 未覆盖的变量包括['交易方式', '交易时间', '操作', '交易方向', '交易品种', '价格单位', '申报价格最小变动单位', '结果', '有效申报价格范围']
## 测试场景"13", 测试用例"55_1", 覆盖变量数目为5, 未覆盖的变量包括['交易方式', '交易时间', '操作', '价格单位', '有效申报价格范围']
## 测试场景"13", 测试用例"55_2", 覆盖变量数目为2, 未覆盖的变量包括['交易方式', '交易时间', '操作', '交易方向', '交易品种', '价格单位', '申报价格最小变动单位', '有效申报价格范围']
## 测试场景"13", 测试用例"55_3", 覆盖变量数目为4, 未覆盖的变量包括['交易方式', '交易时间', '操作', '交易品种', '价格单位', '有效申报价格范围']
## 测试场景"13", 测试用例"55_4", 覆盖变量数目为3, 未覆盖的变量包括['交易方式', '交易时间', '操作', '交易方向', '价格单位', '结果', '有效申报价格范围']
## 测试场景"13", 测试用例"55_5", 覆盖变量数目为3, 未覆盖的变量包括['交易方式', '交易时间', '操作', '价格单位', '申报价格最小变动单位', '结果', '有效申报价格范围']
## 测试场景"13", 测试用例"71_1", 覆盖变量数目为4, 未覆盖的变量包括['交易方式', '交易时间', '交易品种', '价格单位', '申报价格最小变动单位', '有效申报价格范围']
## 测试场景"13", 测试用例"71_2", 覆盖变量数目为3, 未覆盖的变量包括['交易方式', '交易时间', '交易方向', '交易品种', '价格单位', '申报价格最小变动单位', '有效申报价格范围']
## 测试场景"13", 测试用例"71_3", 覆盖变量数目为4, 未覆盖的变量包括['交易方式', '交易时间', '交易品种', '价格单位', '申报价格最小变动单位', '有效申报价格范围']
## 测试场景"13", 测试用例"71_4", 覆盖变量数目为3, 未覆盖的变量包括['交易方式', '交易时间', '交易方向', '交易品种', '价格单位', '申报价格最小变动单位', '有效申报价格范围']
## 测试场景"13", 测试用例"71_5", 覆盖变量数目为4, 未覆盖的变量包括['交易方式', '交易时间', '交易品种', '价格单位', '申报价格最小变动单位', '有效申报价格范围']
## 测试场景"13", 测试用例"71_6", 覆盖变量数目为3, 未覆盖的变量包括['交易方式', '交易时间', '交易方向', '交易品种', '价格单位', '申报价格最小变动单位', '有效申报价格范围']
## 测试场景"13", 测试用例"71_7", 覆盖变量数目为3, 未覆盖的变量包括['交易方式', '交易时间', '交易品种', '价格单位', '申报价格最小变动单位', '结果', '有效申报价格范围']
### 测试场景"13", 覆盖变量的最大数目为8, 整体未覆盖的变量包括['交易时间', '有效申报价格范围']

## 测试场景"14", 测试用例"43_1", 覆盖变量数目为3, 未覆盖的变量包括['交易方式', '交易时间', '操作', '交易品种', '价格单位', '申报价格最小变动单位', '有效申报价格范围']
## 测试场景"14", 测试用例"43_2", 覆盖变量数目为2, 未覆盖的变量包括['交易方式', '交易时间', '操作', '交易方向', '交易品种', '价格单位', '申报价格最小变动单位', '有效申报价格范围']
## 测试场景"14", 测试用例"43_3", 覆盖变量数目为2, 未覆盖的变量包括['交易方式', '交易时间', '操作', '交易品种', '价格单位', '申报价格最小变动单位', '结果', '有效申报价格范围']
## 测试场景"14", 测试用例"43_4", 覆盖变量数目为2, 未覆盖的变量包括['交易时间', '操作', '交易方向', '交易品种', '价格单位', '申报价格最小变动单位', '结果', '有效申报价格范围']
## 测试场景"14", 测试用例"43_5", 覆盖变量数目为2, 未覆盖的变量包括['交易方式', '交易时间', '操作', '交易品种', '价格单位', '申报价格最小变动单位', '结果', '有效申报价格范围']
## 测试场景"14", 测试用例"52_1", 覆盖变量数目为3, 未覆盖的变量包括['交易方式', '交易时间', '操作', '交易品种', '价格单位', '申报价格最小变动单位', '有效申报价格范围']
## 测试场景"14", 测试用例"52_2", 覆盖变量数目为1, 未覆盖的变量包括['交易方式', '交易时间', '操作', '交易方向', '交易品种', '价格单位', '申报价格最小变动单位', '结果', '有效申报价格范围']
## 测试场景"14", 测试用例"52_3", 覆盖变量数目为4, 未覆盖的变量包括['交易时间', '操作', '交易品种', '价格单位', '申报价格最小变动单位', '有效申报价格范围']
## 测试场景"14", 测试用例"52_4", 覆盖变量数目为1, 未覆盖的变量包括['交易方式', '交易时间', '操作', '交易方向', '交易品种', '价格单位', '申报价格最小变动单位', '结果', '有效申报价格范围']
## 测试场景"14", 测试用例"54_1", 覆盖变量数目为3, 未覆盖的变量包括['交易方式', '交易时间', '操作', '交易品种', '价格单位', '申报价格最小变动单位', '有效申报价格范围']
## 测试场景"14", 测试用例"54_2", 覆盖变量数目为2, 未覆盖的变量包括['交易方式', '交易时间', '操作', '交易品种', '价格单位', '申报价格最小变动单位', '结果', '有效申报价格范围']
## 测试场景"14", 测试用例"54_3", 覆盖变量数目为4, 未覆盖的变量包括['交易方式', '交易时间', '操作', '交易方向', '申报价格最小变动单位', '有效申报价格范围']
## 测试场景"14", 测试用例"54_4", 覆盖变量数目为3, 未覆盖的变量包括['交易方式', '交易时间', '操作', '交易方向', '申报价格最小变动单位', '结果', '有效申报价格范围']
## 测试场景"14", 测试用例"55_1", 覆盖变量数目为4, 未覆盖的变量包括['交易方式', '交易时间', '操作', '交易品种', '价格单位', '有效申报价格范围']
## 测试场景"14", 测试用例"55_2", 覆盖变量数目为3, 未覆盖的变量包括['交易方式', '交易时间', '操作', '交易方向', '价格单位', '申报价格最小变动单位', '有效申报价格范围']
## 测试场景"14", 测试用例"55_3", 覆盖变量数目为4, 未覆盖的变量包括['交易方式', '交易时间', '操作', '交易品种', '价格单位', '有效申报价格范围']
## 测试场景"14", 测试用例"55_4", 覆盖变量数目为2, 未覆盖的变量包括['交易方式', '交易时间', '操作', '交易方向', '交易品种', '价格单位', '结果', '有效申报价格范围']
## 测试场景"14", 测试用例"55_5", 覆盖变量数目为2, 未覆盖的变量包括['交易方式', '交易时间', '操作', '交易品种', '价格单位', '申报价格最小变动单位', '结果', '有效申报价格范围']
## 测试场景"14", 测试用例"71_1", 覆盖变量数目为4, 未覆盖的变量包括['交易方式', '交易时间', '交易品种', '价格单位', '申报价格最小变动单位', '有效申报价格范围']
## 测试场景"14", 测试用例"71_2", 覆盖变量数目为3, 未覆盖的变量包括['交易方式', '交易时间', '交易方向', '交易品种', '价格单位', '申报价格最小变动单位', '有效申报价格范围']
## 测试场景"14", 测试用例"71_3", 覆盖变量数目为5, 未覆盖的变量包括['交易方式', '交易时间', '价格单位', '申报价格最小变动单位', '有效申报价格范围']
## 测试场景"14", 测试用例"71_4", 覆盖变量数目为4, 未覆盖的变量包括['交易方式', '交易时间', '交易方向', '价格单位', '申报价格最小变动单位', '有效申报价格范围']
## 测试场景"14", 测试用例"71_5", 覆盖变量数目为4, 未覆盖的变量包括['交易方式', '交易时间', '交易品种', '价格单位', '申报价格最小变动单位', '有效申报价格范围']
## 测试场景"14", 测试用例"71_6", 覆盖变量数目为3, 未覆盖的变量包括['交易方式', '交易时间', '交易方向', '交易品种', '价格单位', '申报价格最小变动单位', '有效申报价格范围']
## 测试场景"14", 测试用例"71_7", 覆盖变量数目为3, 未覆盖的变量包括['交易方式', '交易时间', '交易品种', '价格单位', '申报价格最小变动单位', '结果', '有效申报价格范围']
### 测试场景"14", 覆盖变量的最大数目为8, 整体未覆盖的变量包括['交易时间', '有效申报价格范围']

## 测试场景"15", 测试用例"43_1", 覆盖变量数目为2, 未覆盖的变量包括['交易方式', '交易时间', '操作', '交易方向', '交易品种', '价格单位', '申报价格最小变动单位', '有效申报价格范围']
## 测试场景"15", 测试用例"43_2", 覆盖变量数目为3, 未覆盖的变量包括['交易方式', '交易时间', '操作', '交易品种', '价格单位', '申报价格最小变动单位', '有效申报价格范围']
## 测试场景"15", 测试用例"43_3", 覆盖变量数目为1, 未覆盖的变量包括['交易方式', '交易时间', '操作', '交易方向', '交易品种', '价格单位', '申报价格最小变动单位', '结果', '有效申报价格范围']
## 测试场景"15", 测试用例"43_4", 覆盖变量数目为3, 未覆盖的变量包括['交易时间', '操作', '交易品种', '价格单位', '申报价格最小变动单位', '结果', '有效申报价格范围']
## 测试场景"15", 测试用例"43_5", 覆盖变量数目为1, 未覆盖的变量包括['交易方式', '交易时间', '操作', '交易方向', '交易品种', '价格单位', '申报价格最小变动单位', '结果', '有效申报价格范围']
## 测试场景"15", 测试用例"52_1", 覆盖变量数目为2, 未覆盖的变量包括['交易方式', '交易时间', '操作', '交易方向', '交易品种', '价格单位', '申报价格最小变动单位', '有效申报价格范围']
## 测试场景"15", 测试用例"52_2", 覆盖变量数目为2, 未覆盖的变量包括['交易方式', '交易时间', '操作', '交易品种', '价格单位', '申报价格最小变动单位', '结果', '有效申报价格范围']
## 测试场景"15", 测试用例"52_3", 覆盖变量数目为3, 未覆盖的变量包括['交易时间', '操作', '交易方向', '交易品种', '价格单位', '申报价格最小变动单位', '有效申报价格范围']
## 测试场景"15", 测试用例"52_4", 覆盖变量数目为2, 未覆盖的变量包括['交易方式', '交易时间', '操作', '交易品种', '价格单位', '申报价格最小变动单位', '结果', '有效申报价格范围']
## 测试场景"15", 测试用例"54_1", 覆盖变量数目为4, 未覆盖的变量包括['交易方式', '交易时间', '操作', '交易方向', '申报价格最小变动单位', '有效申报价格范围']
## 测试场景"15", 测试用例"54_2", 覆盖变量数目为3, 未覆盖的变量包括['交易方式', '交易时间', '操作', '交易方向', '申报价格最小变动单位', '结果', '有效申报价格范围']
## 测试场景"15", 测试用例"54_3", 覆盖变量数目为3, 未覆盖的变量包括['交易方式', '交易时间', '操作', '交易品种', '价格单位', '申报价格最小变动单位', '有效申报价格范围']
## 测试场景"15", 测试用例"54_4", 覆盖变量数目为2, 未覆盖的变量包括['交易方式', '交易时间', '操作', '交易品种', '价格单位', '申报价格最小变动单位', '结果', '有效申报价格范围']
## 测试场景"15", 测试用例"55_1", 覆盖变量数目为4, 未覆盖的变量包括['交易方式', '交易时间', '操作', '交易方向', '价格单位', '有效申报价格范围']
## 测试场景"15", 测试用例"55_2", 覆盖变量数目为3, 未覆盖的变量包括['交易方式', '交易时间', '操作', '交易品种', '价格单位', '申报价格最小变动单位', '有效申报价格范围']
## 测试场景"15", 测试用例"55_3", 覆盖变量数目为3, 未覆盖的变量包括['交易方式', '交易时间', '操作', '交易方向', '交易品种', '价格单位', '有效申报价格范围']
## 测试场景"15", 测试用例"55_4", 覆盖变量数目为4, 未覆盖的变量包括['交易方式', '交易时间', '操作', '价格单位', '结果', '有效申报价格范围']
## 测试场景"15", 测试用例"55_5", 覆盖变量数目为2, 未覆盖的变量包括['交易方式', '交易时间', '操作', '交易方向', '价格单位', '申报价格最小变动单位', '结果', '有效申报价格范围']
## 测试场景"15", 测试用例"71_1", 覆盖变量数目为3, 未覆盖的变量包括['交易方式', '交易时间', '交易方向', '交易品种', '价格单位', '申报价格最小变动单位', '有效申报价格范围']
## 测试场景"15", 测试用例"71_2", 覆盖变量数目为4, 未覆盖的变量包括['交易方式', '交易时间', '交易品种', '价格单位', '申报价格最小变动单位', '有效申报价格范围']
## 测试场景"15", 测试用例"71_3", 覆盖变量数目为3, 未覆盖的变量包括['交易方式', '交易时间', '交易方向', '交易品种', '价格单位', '申报价格最小变动单位', '有效申报价格范围']
## 测试场景"15", 测试用例"71_4", 覆盖变量数目为4, 未覆盖的变量包括['交易方式', '交易时间', '交易品种', '价格单位', '申报价格最小变动单位', '有效申报价格范围']
## 测试场景"15", 测试用例"71_5", 覆盖变量数目为3, 未覆盖的变量包括['交易方式', '交易时间', '交易方向', '交易品种', '价格单位', '申报价格最小变动单位', '有效申报价格范围']
## 测试场景"15", 测试用例"71_6", 覆盖变量数目为4, 未覆盖的变量包括['交易方式', '交易时间', '交易品种', '价格单位', '申报价格最小变动单位', '有效申报价格范围']
## 测试场景"15", 测试用例"71_7", 覆盖变量数目为2, 未覆盖的变量包括['交易方式', '交易时间', '交易方向', '交易品种', '价格单位', '申报价格最小变动单位', '结果', '有效申报价格范围']
### 测试场景"15", 覆盖变量的最大数目为8, 整体未覆盖的变量包括['交易时间', '有效申报价格范围']

## 测试场景"16", 测试用例"43_1", 覆盖变量数目为2, 未覆盖的变量包括['交易方式', '交易时间', '操作', '交易方向', '交易品种', '价格单位', '申报价格最小变动单位', '有效申报价格范围']
## 测试场景"16", 测试用例"43_2", 覆盖变量数目为3, 未覆盖的变量包括['交易方式', '交易时间', '操作', '交易品种', '价格单位', '申报价格最小变动单位', '有效申报价格范围']
## 测试场景"16", 测试用例"43_3", 覆盖变量数目为1, 未覆盖的变量包括['交易方式', '交易时间', '操作', '交易方向', '交易品种', '价格单位', '申报价格最小变动单位', '结果', '有效申报价格范围']
## 测试场景"16", 测试用例"43_4", 覆盖变量数目为3, 未覆盖的变量包括['交易时间', '操作', '交易品种', '价格单位', '申报价格最小变动单位', '结果', '有效申报价格范围']
## 测试场景"16", 测试用例"43_5", 覆盖变量数目为1, 未覆盖的变量包括['交易方式', '交易时间', '操作', '交易方向', '交易品种', '价格单位', '申报价格最小变动单位', '结果', '有效申报价格范围']
## 测试场景"16", 测试用例"52_1", 覆盖变量数目为2, 未覆盖的变量包括['交易方式', '交易时间', '操作', '交易方向', '交易品种', '价格单位', '申报价格最小变动单位', '有效申报价格范围']
## 测试场景"16", 测试用例"52_2", 覆盖变量数目为2, 未覆盖的变量包括['交易方式', '交易时间', '操作', '交易品种', '价格单位', '申报价格最小变动单位', '结果', '有效申报价格范围']
## 测试场景"16", 测试用例"52_3", 覆盖变量数目为3, 未覆盖的变量包括['交易时间', '操作', '交易方向', '交易品种', '价格单位', '申报价格最小变动单位', '有效申报价格范围']
## 测试场景"16", 测试用例"52_4", 覆盖变量数目为2, 未覆盖的变量包括['交易方式', '交易时间', '操作', '交易品种', '价格单位', '申报价格最小变动单位', '结果', '有效申报价格范围']
## 测试场景"16", 测试用例"54_1", 覆盖变量数目为2, 未覆盖的变量包括['交易方式', '交易时间', '操作', '交易方向', '交易品种', '价格单位', '申报价格最小变动单位', '有效申报价格范围']
## 测试场景"16", 测试用例"54_2", 覆盖变量数目为1, 未覆盖的变量包括['交易方式', '交易时间', '操作', '交易方向', '交易品种', '价格单位', '申报价格最小变动单位', '结果', '有效申报价格范围']
## 测试场景"16", 测试用例"54_3", 覆盖变量数目为5, 未覆盖的变量包括['交易方式', '交易时间', '操作', '申报价格最小变动单位', '有效申报价格范围']
## 测试场景"16", 测试用例"54_4", 覆盖变量数目为4, 未覆盖的变量包括['交易方式', '交易时间', '操作', '申报价格最小变动单位', '结果', '有效申报价格范围']
## 测试场景"16", 测试用例"55_1", 覆盖变量数目为3, 未覆盖的变量包括['交易方式', '交易时间', '操作', '交易方向', '交易品种', '价格单位', '有效申报价格范围']
## 测试场景"16", 测试用例"55_2", 覆盖变量数目为4, 未覆盖的变量包括['交易方式', '交易时间', '操作', '价格单位', '申报价格最小变动单位', '有效申报价格范围']
## 测试场景"16", 测试用例"55_3", 覆盖变量数目为3, 未覆盖的变量包括['交易方式', '交易时间', '操作', '交易方向', '交易品种', '价格单位', '有效申报价格范围']
## 测试场景"16", 测试用例"55_4", 覆盖变量数目为3, 未覆盖的变量包括['交易方式', '交易时间', '操作', '交易品种', '价格单位', '结果', '有效申报价格范围']
## 测试场景"16", 测试用例"55_5", 覆盖变量数目为1, 未覆盖的变量包括['交易方式', '交易时间', '操作', '交易方向', '交易品种', '价格单位', '申报价格最小变动单位', '结果', '有效申报价格范围']
## 测试场景"16", 测试用例"71_1", 覆盖变量数目为3, 未覆盖的变量包括['交易方式', '交易时间', '交易方向', '交易品种', '价格单位', '申报价格最小变动单位', '有效申报价格范围']
## 测试场景"16", 测试用例"71_2", 覆盖变量数目为4, 未覆盖的变量包括['交易方式', '交易时间', '交易品种', '价格单位', '申报价格最小变动单位', '有效申报价格范围']
## 测试场景"16", 测试用例"71_3", 覆盖变量数目为4, 未覆盖的变量包括['交易方式', '交易时间', '交易方向', '价格单位', '申报价格最小变动单位', '有效申报价格范围']
## 测试场景"16", 测试用例"71_4", 覆盖变量数目为5, 未覆盖的变量包括['交易方式', '交易时间', '价格单位', '申报价格最小变动单位', '有效申报价格范围']
## 测试场景"16", 测试用例"71_5", 覆盖变量数目为3, 未覆盖的变量包括['交易方式', '交易时间', '交易方向', '交易品种', '价格单位', '申报价格最小变动单位', '有效申报价格范围']
## 测试场景"16", 测试用例"71_6", 覆盖变量数目为4, 未覆盖的变量包括['交易方式', '交易时间', '交易品种', '价格单位', '申报价格最小变动单位', '有效申报价格范围']
## 测试场景"16", 测试用例"71_7", 覆盖变量数目为2, 未覆盖的变量包括['交易方式', '交易时间', '交易方向', '交易品种', '价格单位', '申报价格最小变动单位', '结果', '有效申报价格范围']
### 测试场景"16", 覆盖变量的最大数目为8, 整体未覆盖的变量包括['交易时间', '有效申报价格范围']

## 测试场景"17", 测试用例"43_1", 覆盖变量数目为3, 未覆盖的变量包括['交易方式', '交易时间', '操作', '交易品种', '价格单位', '申报价格最小变动单位', '有效申报价格范围']
## 测试场景"17", 测试用例"43_2", 覆盖变量数目为2, 未覆盖的变量包括['交易方式', '交易时间', '操作', '交易方向', '交易品种', '价格单位', '申报价格最小变动单位', '有效申报价格范围']
## 测试场景"17", 测试用例"43_3", 覆盖变量数目为2, 未覆盖的变量包括['交易方式', '交易时间', '操作', '交易品种', '价格单位', '申报价格最小变动单位', '结果', '有效申报价格范围']
## 测试场景"17", 测试用例"43_4", 覆盖变量数目为1, 未覆盖的变量包括['交易方式', '交易时间', '操作', '交易方向', '交易品种', '价格单位', '申报价格最小变动单位', '结果', '有效申报价格范围']
## 测试场景"17", 测试用例"43_5", 覆盖变量数目为2, 未覆盖的变量包括['交易方式', '交易时间', '操作', '交易品种', '价格单位', '申报价格最小变动单位', '结果', '有效申报价格范围']
## 测试场景"17", 测试用例"52_1", 覆盖变量数目为3, 未覆盖的变量包括['交易方式', '交易时间', '操作', '交易品种', '价格单位', '申报价格最小变动单位', '有效申报价格范围']
## 测试场景"17", 测试用例"52_2", 覆盖变量数目为1, 未覆盖的变量包括['交易方式', '交易时间', '操作', '交易方向', '交易品种', '价格单位', '申报价格最小变动单位', '结果', '有效申报价格范围']
## 测试场景"17", 测试用例"52_3", 覆盖变量数目为3, 未覆盖的变量包括['交易方式', '交易时间', '操作', '交易品种', '价格单位', '申报价格最小变动单位', '有效申报价格范围']
## 测试场景"17", 测试用例"52_4", 覆盖变量数目为2, 未覆盖的变量包括['交易时间', '操作', '交易方向', '交易品种', '价格单位', '申报价格最小变动单位', '结果', '有效申报价格范围']
## 测试场景"17", 测试用例"54_1", 覆盖变量数目为5, 未覆盖的变量包括['交易方式', '交易时间', '操作', '申报价格最小变动单位', '有效申报价格范围']
## 测试场景"17", 测试用例"54_2", 覆盖变量数目为4, 未覆盖的变量包括['交易方式', '交易时间', '操作', '申报价格最小变动单位', '结果', '有效申报价格范围']
## 测试场景"17", 测试用例"54_3", 覆盖变量数目为2, 未覆盖的变量包括['交易方式', '交易时间', '操作', '交易方向', '交易品种', '价格单位', '申报价格最小变动单位', '有效申报价格范围']
## 测试场景"17", 测试用例"54_4", 覆盖变量数目为1, 未覆盖的变量包括['交易方式', '交易时间', '操作', '交易方向', '交易品种', '价格单位', '申报价格最小变动单位', '结果', '有效申报价格范围']
## 测试场景"17", 测试用例"55_1", 覆盖变量数目为5, 未覆盖的变量包括['交易方式', '交易时间', '操作', '价格单位', '有效申报价格范围']
## 测试场景"17", 测试用例"55_2", 覆盖变量数目为2, 未覆盖的变量包括['交易方式', '交易时间', '操作', '交易方向', '交易品种', '价格单位', '申报价格最小变动单位', '有效申报价格范围']
## 测试场景"17", 测试用例"55_3", 覆盖变量数目为4, 未覆盖的变量包括['交易方式', '交易时间', '操作', '交易品种', '价格单位', '有效申报价格范围']
## 测试场景"17", 测试用例"55_4", 覆盖变量数目为3, 未覆盖的变量包括['交易方式', '交易时间', '操作', '交易方向', '价格单位', '结果', '有效申报价格范围']
## 测试场景"17", 测试用例"55_5", 覆盖变量数目为3, 未覆盖的变量包括['交易方式', '交易时间', '操作', '价格单位', '申报价格最小变动单位', '结果', '有效申报价格范围']
## 测试场景"17", 测试用例"71_1", 覆盖变量数目为4, 未覆盖的变量包括['交易方式', '交易时间', '交易品种', '价格单位', '申报价格最小变动单位', '有效申报价格范围']
## 测试场景"17", 测试用例"71_2", 覆盖变量数目为3, 未覆盖的变量包括['交易方式', '交易时间', '交易方向', '交易品种', '价格单位', '申报价格最小变动单位', '有效申报价格范围']
## 测试场景"17", 测试用例"71_3", 覆盖变量数目为4, 未覆盖的变量包括['交易方式', '交易时间', '交易品种', '价格单位', '申报价格最小变动单位', '有效申报价格范围']
## 测试场景"17", 测试用例"71_4", 覆盖变量数目为3, 未覆盖的变量包括['交易方式', '交易时间', '交易方向', '交易品种', '价格单位', '申报价格最小变动单位', '有效申报价格范围']
## 测试场景"17", 测试用例"71_5", 覆盖变量数目为4, 未覆盖的变量包括['交易方式', '交易时间', '交易品种', '价格单位', '申报价格最小变动单位', '有效申报价格范围']
## 测试场景"17", 测试用例"71_6", 覆盖变量数目为3, 未覆盖的变量包括['交易方式', '交易时间', '交易方向', '交易品种', '价格单位', '申报价格最小变动单位', '有效申报价格范围']
## 测试场景"17", 测试用例"71_7", 覆盖变量数目为3, 未覆盖的变量包括['交易方式', '交易时间', '交易品种', '价格单位', '申报价格最小变动单位', '结果', '有效申报价格范围']
### 测试场景"17", 覆盖变量的最大数目为8, 整体未覆盖的变量包括['交易时间', '有效申报价格范围']

## 测试场景"18", 测试用例"43_1", 覆盖变量数目为3, 未覆盖的变量包括['交易方式', '交易时间', '操作', '交易品种', '价格单位', '申报价格最小变动单位', '有效申报价格范围']
## 测试场景"18", 测试用例"43_2", 覆盖变量数目为2, 未覆盖的变量包括['交易方式', '交易时间', '操作', '交易方向', '交易品种', '价格单位', '申报价格最小变动单位', '有效申报价格范围']
## 测试场景"18", 测试用例"43_3", 覆盖变量数目为2, 未覆盖的变量包括['交易方式', '交易时间', '操作', '交易品种', '价格单位', '申报价格最小变动单位', '结果', '有效申报价格范围']
## 测试场景"18", 测试用例"43_4", 覆盖变量数目为1, 未覆盖的变量包括['交易方式', '交易时间', '操作', '交易方向', '交易品种', '价格单位', '申报价格最小变动单位', '结果', '有效申报价格范围']
## 测试场景"18", 测试用例"43_5", 覆盖变量数目为2, 未覆盖的变量包括['交易方式', '交易时间', '操作', '交易品种', '价格单位', '申报价格最小变动单位', '结果', '有效申报价格范围']
## 测试场景"18", 测试用例"52_1", 覆盖变量数目为3, 未覆盖的变量包括['交易方式', '交易时间', '操作', '交易品种', '价格单位', '申报价格最小变动单位', '有效申报价格范围']
## 测试场景"18", 测试用例"52_2", 覆盖变量数目为1, 未覆盖的变量包括['交易方式', '交易时间', '操作', '交易方向', '交易品种', '价格单位', '申报价格最小变动单位', '结果', '有效申报价格范围']
## 测试场景"18", 测试用例"52_3", 覆盖变量数目为3, 未覆盖的变量包括['交易方式', '交易时间', '操作', '交易品种', '价格单位', '申报价格最小变动单位', '有效申报价格范围']
## 测试场景"18", 测试用例"52_4", 覆盖变量数目为2, 未覆盖的变量包括['交易时间', '操作', '交易方向', '交易品种', '价格单位', '申报价格最小变动单位', '结果', '有效申报价格范围']
## 测试场景"18", 测试用例"54_1", 覆盖变量数目为3, 未覆盖的变量包括['交易方式', '交易时间', '操作', '交易品种', '价格单位', '申报价格最小变动单位', '有效申报价格范围']
## 测试场景"18", 测试用例"54_2", 覆盖变量数目为2, 未覆盖的变量包括['交易方式', '交易时间', '操作', '交易品种', '价格单位', '申报价格最小变动单位', '结果', '有效申报价格范围']
## 测试场景"18", 测试用例"54_3", 覆盖变量数目为4, 未覆盖的变量包括['交易方式', '交易时间', '操作', '交易方向', '申报价格最小变动单位', '有效申报价格范围']
## 测试场景"18", 测试用例"54_4", 覆盖变量数目为3, 未覆盖的变量包括['交易方式', '交易时间', '操作', '交易方向', '申报价格最小变动单位', '结果', '有效申报价格范围']
## 测试场景"18", 测试用例"55_1", 覆盖变量数目为4, 未覆盖的变量包括['交易方式', '交易时间', '操作', '交易品种', '价格单位', '有效申报价格范围']
## 测试场景"18", 测试用例"55_2", 覆盖变量数目为3, 未覆盖的变量包括['交易方式', '交易时间', '操作', '交易方向', '价格单位', '申报价格最小变动单位', '有效申报价格范围']
## 测试场景"18", 测试用例"55_3", 覆盖变量数目为4, 未覆盖的变量包括['交易方式', '交易时间', '操作', '交易品种', '价格单位', '有效申报价格范围']
## 测试场景"18", 测试用例"55_4", 覆盖变量数目为2, 未覆盖的变量包括['交易方式', '交易时间', '操作', '交易方向', '交易品种', '价格单位', '结果', '有效申报价格范围']
## 测试场景"18", 测试用例"55_5", 覆盖变量数目为2, 未覆盖的变量包括['交易方式', '交易时间', '操作', '交易品种', '价格单位', '申报价格最小变动单位', '结果', '有效申报价格范围']
## 测试场景"18", 测试用例"71_1", 覆盖变量数目为4, 未覆盖的变量包括['交易方式', '交易时间', '交易品种', '价格单位', '申报价格最小变动单位', '有效申报价格范围']
## 测试场景"18", 测试用例"71_2", 覆盖变量数目为3, 未覆盖的变量包括['交易方式', '交易时间', '交易方向', '交易品种', '价格单位', '申报价格最小变动单位', '有效申报价格范围']
## 测试场景"18", 测试用例"71_3", 覆盖变量数目为5, 未覆盖的变量包括['交易方式', '交易时间', '价格单位', '申报价格最小变动单位', '有效申报价格范围']
## 测试场景"18", 测试用例"71_4", 覆盖变量数目为4, 未覆盖的变量包括['交易方式', '交易时间', '交易方向', '价格单位', '申报价格最小变动单位', '有效申报价格范围']
## 测试场景"18", 测试用例"71_5", 覆盖变量数目为4, 未覆盖的变量包括['交易方式', '交易时间', '交易品种', '价格单位', '申报价格最小变动单位', '有效申报价格范围']
## 测试场景"18", 测试用例"71_6", 覆盖变量数目为3, 未覆盖的变量包括['交易方式', '交易时间', '交易方向', '交易品种', '价格单位', '申报价格最小变动单位', '有效申报价格范围']
## 测试场景"18", 测试用例"71_7", 覆盖变量数目为3, 未覆盖的变量包括['交易方式', '交易时间', '交易品种', '价格单位', '申报价格最小变动单位', '结果', '有效申报价格范围']
### 测试场景"18", 覆盖变量的最大数目为8, 整体未覆盖的变量包括['交易时间', '有效申报价格范围']

## 测试场景"19", 测试用例"43_1", 覆盖变量数目为2, 未覆盖的变量包括['交易方式', '交易时间', '操作', '交易方向', '交易品种', '价格单位', '申报价格最小变动单位', '有效申报价格范围']
## 测试场景"19", 测试用例"43_2", 覆盖变量数目为3, 未覆盖的变量包括['交易方式', '交易时间', '操作', '交易品种', '价格单位', '申报价格最小变动单位', '有效申报价格范围']
## 测试场景"19", 测试用例"43_3", 覆盖变量数目为1, 未覆盖的变量包括['交易方式', '交易时间', '操作', '交易方向', '交易品种', '价格单位', '申报价格最小变动单位', '结果', '有效申报价格范围']
## 测试场景"19", 测试用例"43_4", 覆盖变量数目为2, 未覆盖的变量包括['交易方式', '交易时间', '操作', '交易品种', '价格单位', '申报价格最小变动单位', '结果', '有效申报价格范围']
## 测试场景"19", 测试用例"43_5", 覆盖变量数目为1, 未覆盖的变量包括['交易方式', '交易时间', '操作', '交易方向', '交易品种', '价格单位', '申报价格最小变动单位', '结果', '有效申报价格范围']
## 测试场景"19", 测试用例"52_1", 覆盖变量数目为2, 未覆盖的变量包括['交易方式', '交易时间', '操作', '交易方向', '交易品种', '价格单位', '申报价格最小变动单位', '有效申报价格范围']
## 测试场景"19", 测试用例"52_2", 覆盖变量数目为2, 未覆盖的变量包括['交易方式', '交易时间', '操作', '交易品种', '价格单位', '申报价格最小变动单位', '结果', '有效申报价格范围']
## 测试场景"19", 测试用例"52_3", 覆盖变量数目为2, 未覆盖的变量包括['交易方式', '交易时间', '操作', '交易方向', '交易品种', '价格单位', '申报价格最小变动单位', '有效申报价格范围']
## 测试场景"19", 测试用例"52_4", 覆盖变量数目为3, 未覆盖的变量包括['交易时间', '操作', '交易品种', '价格单位', '申报价格最小变动单位', '结果', '有效申报价格范围']
## 测试场景"19", 测试用例"54_1", 覆盖变量数目为4, 未覆盖的变量包括['交易方式', '交易时间', '操作', '交易方向', '申报价格最小变动单位', '有效申报价格范围']
## 测试场景"19", 测试用例"54_2", 覆盖变量数目为3, 未覆盖的变量包括['交易方式', '交易时间', '操作', '交易方向', '申报价格最小变动单位', '结果', '有效申报价格范围']
## 测试场景"19", 测试用例"54_3", 覆盖变量数目为3, 未覆盖的变量包括['交易方式', '交易时间', '操作', '交易品种', '价格单位', '申报价格最小变动单位', '有效申报价格范围']
## 测试场景"19", 测试用例"54_4", 覆盖变量数目为2, 未覆盖的变量包括['交易方式', '交易时间', '操作', '交易品种', '价格单位', '申报价格最小变动单位', '结果', '有效申报价格范围']
## 测试场景"19", 测试用例"55_1", 覆盖变量数目为4, 未覆盖的变量包括['交易方式', '交易时间', '操作', '交易方向', '价格单位', '有效申报价格范围']
## 测试场景"19", 测试用例"55_2", 覆盖变量数目为3, 未覆盖的变量包括['交易方式', '交易时间', '操作', '交易品种', '价格单位', '申报价格最小变动单位', '有效申报价格范围']
## 测试场景"19", 测试用例"55_3", 覆盖变量数目为3, 未覆盖的变量包括['交易方式', '交易时间', '操作', '交易方向', '交易品种', '价格单位', '有效申报价格范围']
## 测试场景"19", 测试用例"55_4", 覆盖变量数目为4, 未覆盖的变量包括['交易方式', '交易时间', '操作', '价格单位', '结果', '有效申报价格范围']
## 测试场景"19", 测试用例"55_5", 覆盖变量数目为2, 未覆盖的变量包括['交易方式', '交易时间', '操作', '交易方向', '价格单位', '申报价格最小变动单位', '结果', '有效申报价格范围']
## 测试场景"19", 测试用例"71_1", 覆盖变量数目为3, 未覆盖的变量包括['交易方式', '交易时间', '交易方向', '交易品种', '价格单位', '申报价格最小变动单位', '有效申报价格范围']
## 测试场景"19", 测试用例"71_2", 覆盖变量数目为4, 未覆盖的变量包括['交易方式', '交易时间', '交易品种', '价格单位', '申报价格最小变动单位', '有效申报价格范围']
## 测试场景"19", 测试用例"71_3", 覆盖变量数目为3, 未覆盖的变量包括['交易方式', '交易时间', '交易方向', '交易品种', '价格单位', '申报价格最小变动单位', '有效申报价格范围']
## 测试场景"19", 测试用例"71_4", 覆盖变量数目为4, 未覆盖的变量包括['交易方式', '交易时间', '交易品种', '价格单位', '申报价格最小变动单位', '有效申报价格范围']
## 测试场景"19", 测试用例"71_5", 覆盖变量数目为3, 未覆盖的变量包括['交易方式', '交易时间', '交易方向', '交易品种', '价格单位', '申报价格最小变动单位', '有效申报价格范围']
## 测试场景"19", 测试用例"71_6", 覆盖变量数目为4, 未覆盖的变量包括['交易方式', '交易时间', '交易品种', '价格单位', '申报价格最小变动单位', '有效申报价格范围']
## 测试场景"19", 测试用例"71_7", 覆盖变量数目为2, 未覆盖的变量包括['交易方式', '交易时间', '交易方向', '交易品种', '价格单位', '申报价格最小变动单位', '结果', '有效申报价格范围']
### 测试场景"19", 覆盖变量的最大数目为8, 整体未覆盖的变量包括['交易时间', '有效申报价格范围']

## 测试场景"20", 测试用例"43_1", 覆盖变量数目为2, 未覆盖的变量包括['交易方式', '交易时间', '操作', '交易方向', '交易品种', '价格单位', '申报价格最小变动单位', '有效申报价格范围']
## 测试场景"20", 测试用例"43_2", 覆盖变量数目为3, 未覆盖的变量包括['交易方式', '交易时间', '操作', '交易品种', '价格单位', '申报价格最小变动单位', '有效申报价格范围']
## 测试场景"20", 测试用例"43_3", 覆盖变量数目为1, 未覆盖的变量包括['交易方式', '交易时间', '操作', '交易方向', '交易品种', '价格单位', '申报价格最小变动单位', '结果', '有效申报价格范围']
## 测试场景"20", 测试用例"43_4", 覆盖变量数目为2, 未覆盖的变量包括['交易方式', '交易时间', '操作', '交易品种', '价格单位', '申报价格最小变动单位', '结果', '有效申报价格范围']
## 测试场景"20", 测试用例"43_5", 覆盖变量数目为1, 未覆盖的变量包括['交易方式', '交易时间', '操作', '交易方向', '交易品种', '价格单位', '申报价格最小变动单位', '结果', '有效申报价格范围']
## 测试场景"20", 测试用例"52_1", 覆盖变量数目为2, 未覆盖的变量包括['交易方式', '交易时间', '操作', '交易方向', '交易品种', '价格单位', '申报价格最小变动单位', '有效申报价格范围']
## 测试场景"20", 测试用例"52_2", 覆盖变量数目为2, 未覆盖的变量包括['交易方式', '交易时间', '操作', '交易品种', '价格单位', '申报价格最小变动单位', '结果', '有效申报价格范围']
## 测试场景"20", 测试用例"52_3", 覆盖变量数目为2, 未覆盖的变量包括['交易方式', '交易时间', '操作', '交易方向', '交易品种', '价格单位', '申报价格最小变动单位', '有效申报价格范围']
## 测试场景"20", 测试用例"52_4", 覆盖变量数目为3, 未覆盖的变量包括['交易时间', '操作', '交易品种', '价格单位', '申报价格最小变动单位', '结果', '有效申报价格范围']
## 测试场景"20", 测试用例"54_1", 覆盖变量数目为2, 未覆盖的变量包括['交易方式', '交易时间', '操作', '交易方向', '交易品种', '价格单位', '申报价格最小变动单位', '有效申报价格范围']
## 测试场景"20", 测试用例"54_2", 覆盖变量数目为1, 未覆盖的变量包括['交易方式', '交易时间', '操作', '交易方向', '交易品种', '价格单位', '申报价格最小变动单位', '结果', '有效申报价格范围']
## 测试场景"20", 测试用例"54_3", 覆盖变量数目为5, 未覆盖的变量包括['交易方式', '交易时间', '操作', '申报价格最小变动单位', '有效申报价格范围']
## 测试场景"20", 测试用例"54_4", 覆盖变量数目为4, 未覆盖的变量包括['交易方式', '交易时间', '操作', '申报价格最小变动单位', '结果', '有效申报价格范围']
## 测试场景"20", 测试用例"55_1", 覆盖变量数目为3, 未覆盖的变量包括['交易方式', '交易时间', '操作', '交易方向', '交易品种', '价格单位', '有效申报价格范围']
## 测试场景"20", 测试用例"55_2", 覆盖变量数目为4, 未覆盖的变量包括['交易方式', '交易时间', '操作', '价格单位', '申报价格最小变动单位', '有效申报价格范围']
## 测试场景"20", 测试用例"55_3", 覆盖变量数目为3, 未覆盖的变量包括['交易方式', '交易时间', '操作', '交易方向', '交易品种', '价格单位', '有效申报价格范围']
## 测试场景"20", 测试用例"55_4", 覆盖变量数目为3, 未覆盖的变量包括['交易方式', '交易时间', '操作', '交易品种', '价格单位', '结果', '有效申报价格范围']
## 测试场景"20", 测试用例"55_5", 覆盖变量数目为1, 未覆盖的变量包括['交易方式', '交易时间', '操作', '交易方向', '交易品种', '价格单位', '申报价格最小变动单位', '结果', '有效申报价格范围']
## 测试场景"20", 测试用例"71_1", 覆盖变量数目为3, 未覆盖的变量包括['交易方式', '交易时间', '交易方向', '交易品种', '价格单位', '申报价格最小变动单位', '有效申报价格范围']
## 测试场景"20", 测试用例"71_2", 覆盖变量数目为4, 未覆盖的变量包括['交易方式', '交易时间', '交易品种', '价格单位', '申报价格最小变动单位', '有效申报价格范围']
## 测试场景"20", 测试用例"71_3", 覆盖变量数目为4, 未覆盖的变量包括['交易方式', '交易时间', '交易方向', '价格单位', '申报价格最小变动单位', '有效申报价格范围']
## 测试场景"20", 测试用例"71_4", 覆盖变量数目为5, 未覆盖的变量包括['交易方式', '交易时间', '价格单位', '申报价格最小变动单位', '有效申报价格范围']
## 测试场景"20", 测试用例"71_5", 覆盖变量数目为3, 未覆盖的变量包括['交易方式', '交易时间', '交易方向', '交易品种', '价格单位', '申报价格最小变动单位', '有效申报价格范围']
## 测试场景"20", 测试用例"71_6", 覆盖变量数目为4, 未覆盖的变量包括['交易方式', '交易时间', '交易品种', '价格单位', '申报价格最小变动单位', '有效申报价格范围']
## 测试场景"20", 测试用例"71_7", 覆盖变量数目为2, 未覆盖的变量包括['交易方式', '交易时间', '交易方向', '交易品种', '价格单位', '申报价格最小变动单位', '结果', '有效申报价格范围']
### 测试场景"20", 覆盖变量的最大数目为8, 整体未覆盖的变量包括['交易时间', '有效申报价格范围']

## 测试场景"21", 测试用例"43_1", 覆盖变量数目为2, 未覆盖的变量包括['交易方式', '交易时间', '操作', '交易方向', '交易品种', '价格单位', '申报价格最小变动单位', '有效申报价格范围']
## 测试场景"21", 测试用例"43_2", 覆盖变量数目为3, 未覆盖的变量包括['交易方式', '交易时间', '操作', '交易品种', '价格单位', '申报价格最小变动单位', '有效申报价格范围']
## 测试场景"21", 测试用例"43_3", 覆盖变量数目为1, 未覆盖的变量包括['交易方式', '交易时间', '操作', '交易方向', '交易品种', '价格单位', '申报价格最小变动单位', '结果', '有效申报价格范围']
## 测试场景"21", 测试用例"43_4", 覆盖变量数目为2, 未覆盖的变量包括['交易方式', '交易时间', '操作', '交易品种', '价格单位', '申报价格最小变动单位', '结果', '有效申报价格范围']
## 测试场景"21", 测试用例"43_5", 覆盖变量数目为1, 未覆盖的变量包括['交易方式', '交易时间', '操作', '交易方向', '交易品种', '价格单位', '申报价格最小变动单位', '结果', '有效申报价格范围']
## 测试场景"21", 测试用例"52_1", 覆盖变量数目为2, 未覆盖的变量包括['交易方式', '交易时间', '操作', '交易方向', '交易品种', '价格单位', '申报价格最小变动单位', '有效申报价格范围']
## 测试场景"21", 测试用例"52_2", 覆盖变量数目为2, 未覆盖的变量包括['交易方式', '交易时间', '操作', '交易品种', '价格单位', '申报价格最小变动单位', '结果', '有效申报价格范围']
## 测试场景"21", 测试用例"52_3", 覆盖变量数目为2, 未覆盖的变量包括['交易方式', '交易时间', '操作', '交易方向', '交易品种', '价格单位', '申报价格最小变动单位', '有效申报价格范围']
## 测试场景"21", 测试用例"52_4", 覆盖变量数目为2, 未覆盖的变量包括['交易方式', '交易时间', '操作', '交易品种', '价格单位', '申报价格最小变动单位', '结果', '有效申报价格范围']
## 测试场景"21", 测试用例"54_1", 覆盖变量数目为4, 未覆盖的变量包括['交易方式', '交易时间', '操作', '交易方向', '申报价格最小变动单位', '有效申报价格范围']
## 测试场景"21", 测试用例"54_2", 覆盖变量数目为3, 未覆盖的变量包括['交易方式', '交易时间', '操作', '交易方向', '申报价格最小变动单位', '结果', '有效申报价格范围']
## 测试场景"21", 测试用例"54_3", 覆盖变量数目为3, 未覆盖的变量包括['交易方式', '交易时间', '操作', '交易品种', '价格单位', '申报价格最小变动单位', '有效申报价格范围']
## 测试场景"21", 测试用例"54_4", 覆盖变量数目为2, 未覆盖的变量包括['交易方式', '交易时间', '操作', '交易品种', '价格单位', '申报价格最小变动单位', '结果', '有效申报价格范围']
## 测试场景"21", 测试用例"55_1", 覆盖变量数目为4, 未覆盖的变量包括['交易方式', '交易时间', '操作', '交易方向', '价格单位', '有效申报价格范围']
## 测试场景"21", 测试用例"55_2", 覆盖变量数目为3, 未覆盖的变量包括['交易方式', '交易时间', '操作', '交易品种', '价格单位', '申报价格最小变动单位', '有效申报价格范围']
## 测试场景"21", 测试用例"55_3", 覆盖变量数目为3, 未覆盖的变量包括['交易方式', '交易时间', '操作', '交易方向', '交易品种', '价格单位', '有效申报价格范围']
## 测试场景"21", 测试用例"55_4", 覆盖变量数目为4, 未覆盖的变量包括['交易方式', '交易时间', '操作', '价格单位', '结果', '有效申报价格范围']
## 测试场景"21", 测试用例"55_5", 覆盖变量数目为2, 未覆盖的变量包括['交易方式', '交易时间', '操作', '交易方向', '价格单位', '申报价格最小变动单位', '结果', '有效申报价格范围']
## 测试场景"21", 测试用例"71_1", 覆盖变量数目为3, 未覆盖的变量包括['交易方式', '交易时间', '交易方向', '交易品种', '价格单位', '申报价格最小变动单位', '有效申报价格范围']
## 测试场景"21", 测试用例"71_2", 覆盖变量数目为4, 未覆盖的变量包括['交易方式', '交易时间', '交易品种', '价格单位', '申报价格最小变动单位', '有效申报价格范围']
## 测试场景"21", 测试用例"71_3", 覆盖变量数目为3, 未覆盖的变量包括['交易方式', '交易时间', '交易方向', '交易品种', '价格单位', '申报价格最小变动单位', '有效申报价格范围']
## 测试场景"21", 测试用例"71_4", 覆盖变量数目为4, 未覆盖的变量包括['交易方式', '交易时间', '交易品种', '价格单位', '申报价格最小变动单位', '有效申报价格范围']
## 测试场景"21", 测试用例"71_5", 覆盖变量数目为3, 未覆盖的变量包括['交易方式', '交易时间', '交易方向', '交易品种', '价格单位', '申报价格最小变动单位', '有效申报价格范围']
## 测试场景"21", 测试用例"71_6", 覆盖变量数目为4, 未覆盖的变量包括['交易方式', '交易时间', '交易品种', '价格单位', '申报价格最小变动单位', '有效申报价格范围']
## 测试场景"21", 测试用例"71_7", 覆盖变量数目为2, 未覆盖的变量包括['交易方式', '交易时间', '交易方向', '交易品种', '价格单位', '申报价格最小变动单位', '结果', '有效申报价格范围']
### 测试场景"21", 覆盖变量的最大数目为7, 整体未覆盖的变量包括['交易方式', '交易时间', '有效申报价格范围']

## 测试场景"22", 测试用例"43_1", 覆盖变量数目为2, 未覆盖的变量包括['交易方式', '交易时间', '操作', '交易方向', '交易品种', '价格单位', '申报价格最小变动单位', '有效申报价格范围']
## 测试场景"22", 测试用例"43_2", 覆盖变量数目为3, 未覆盖的变量包括['交易方式', '交易时间', '操作', '交易品种', '价格单位', '申报价格最小变动单位', '有效申报价格范围']
## 测试场景"22", 测试用例"43_3", 覆盖变量数目为1, 未覆盖的变量包括['交易方式', '交易时间', '操作', '交易方向', '交易品种', '价格单位', '申报价格最小变动单位', '结果', '有效申报价格范围']
## 测试场景"22", 测试用例"43_4", 覆盖变量数目为2, 未覆盖的变量包括['交易方式', '交易时间', '操作', '交易品种', '价格单位', '申报价格最小变动单位', '结果', '有效申报价格范围']
## 测试场景"22", 测试用例"43_5", 覆盖变量数目为1, 未覆盖的变量包括['交易方式', '交易时间', '操作', '交易方向', '交易品种', '价格单位', '申报价格最小变动单位', '结果', '有效申报价格范围']
## 测试场景"22", 测试用例"52_1", 覆盖变量数目为2, 未覆盖的变量包括['交易方式', '交易时间', '操作', '交易方向', '交易品种', '价格单位', '申报价格最小变动单位', '有效申报价格范围']
## 测试场景"22", 测试用例"52_2", 覆盖变量数目为2, 未覆盖的变量包括['交易方式', '交易时间', '操作', '交易品种', '价格单位', '申报价格最小变动单位', '结果', '有效申报价格范围']
## 测试场景"22", 测试用例"52_3", 覆盖变量数目为2, 未覆盖的变量包括['交易方式', '交易时间', '操作', '交易方向', '交易品种', '价格单位', '申报价格最小变动单位', '有效申报价格范围']
## 测试场景"22", 测试用例"52_4", 覆盖变量数目为2, 未覆盖的变量包括['交易方式', '交易时间', '操作', '交易品种', '价格单位', '申报价格最小变动单位', '结果', '有效申报价格范围']
## 测试场景"22", 测试用例"54_1", 覆盖变量数目为2, 未覆盖的变量包括['交易方式', '交易时间', '操作', '交易方向', '交易品种', '价格单位', '申报价格最小变动单位', '有效申报价格范围']
## 测试场景"22", 测试用例"54_2", 覆盖变量数目为1, 未覆盖的变量包括['交易方式', '交易时间', '操作', '交易方向', '交易品种', '价格单位', '申报价格最小变动单位', '结果', '有效申报价格范围']
## 测试场景"22", 测试用例"54_3", 覆盖变量数目为5, 未覆盖的变量包括['交易方式', '交易时间', '操作', '申报价格最小变动单位', '有效申报价格范围']
## 测试场景"22", 测试用例"54_4", 覆盖变量数目为4, 未覆盖的变量包括['交易方式', '交易时间', '操作', '申报价格最小变动单位', '结果', '有效申报价格范围']
## 测试场景"22", 测试用例"55_1", 覆盖变量数目为3, 未覆盖的变量包括['交易方式', '交易时间', '操作', '交易方向', '交易品种', '价格单位', '有效申报价格范围']
## 测试场景"22", 测试用例"55_2", 覆盖变量数目为4, 未覆盖的变量包括['交易方式', '交易时间', '操作', '价格单位', '申报价格最小变动单位', '有效申报价格范围']
## 测试场景"22", 测试用例"55_3", 覆盖变量数目为3, 未覆盖的变量包括['交易方式', '交易时间', '操作', '交易方向', '交易品种', '价格单位', '有效申报价格范围']
## 测试场景"22", 测试用例"55_4", 覆盖变量数目为3, 未覆盖的变量包括['交易方式', '交易时间', '操作', '交易品种', '价格单位', '结果', '有效申报价格范围']
## 测试场景"22", 测试用例"55_5", 覆盖变量数目为1, 未覆盖的变量包括['交易方式', '交易时间', '操作', '交易方向', '交易品种', '价格单位', '申报价格最小变动单位', '结果', '有效申报价格范围']
## 测试场景"22", 测试用例"71_1", 覆盖变量数目为3, 未覆盖的变量包括['交易方式', '交易时间', '交易方向', '交易品种', '价格单位', '申报价格最小变动单位', '有效申报价格范围']
## 测试场景"22", 测试用例"71_2", 覆盖变量数目为4, 未覆盖的变量包括['交易方式', '交易时间', '交易品种', '价格单位', '申报价格最小变动单位', '有效申报价格范围']
## 测试场景"22", 测试用例"71_3", 覆盖变量数目为4, 未覆盖的变量包括['交易方式', '交易时间', '交易方向', '价格单位', '申报价格最小变动单位', '有效申报价格范围']
## 测试场景"22", 测试用例"71_4", 覆盖变量数目为5, 未覆盖的变量包括['交易方式', '交易时间', '价格单位', '申报价格最小变动单位', '有效申报价格范围']
## 测试场景"22", 测试用例"71_5", 覆盖变量数目为3, 未覆盖的变量包括['交易方式', '交易时间', '交易方向', '交易品种', '价格单位', '申报价格最小变动单位', '有效申报价格范围']
## 测试场景"22", 测试用例"71_6", 覆盖变量数目为4, 未覆盖的变量包括['交易方式', '交易时间', '交易品种', '价格单位', '申报价格最小变动单位', '有效申报价格范围']
## 测试场景"22", 测试用例"71_7", 覆盖变量数目为2, 未覆盖的变量包括['交易方式', '交易时间', '交易方向', '交易品种', '价格单位', '申报价格最小变动单位', '结果', '有效申报价格范围']
### 测试场景"22", 覆盖变量的最大数目为7, 整体未覆盖的变量包括['交易方式', '交易时间', '有效申报价格范围']

## 测试场景"23", 测试用例"43_1", 覆盖变量数目为3, 未覆盖的变量包括['交易方式', '交易时间', '操作', '交易品种', '价格单位', '申报价格最小变动单位', '有效申报价格范围']
## 测试场景"23", 测试用例"43_2", 覆盖变量数目为2, 未覆盖的变量包括['交易方式', '交易时间', '操作', '交易方向', '交易品种', '价格单位', '申报价格最小变动单位', '有效申报价格范围']
## 测试场景"23", 测试用例"43_3", 覆盖变量数目为2, 未覆盖的变量包括['交易方式', '交易时间', '操作', '交易品种', '价格单位', '申报价格最小变动单位', '结果', '有效申报价格范围']
## 测试场景"23", 测试用例"43_4", 覆盖变量数目为1, 未覆盖的变量包括['交易方式', '交易时间', '操作', '交易方向', '交易品种', '价格单位', '申报价格最小变动单位', '结果', '有效申报价格范围']
## 测试场景"23", 测试用例"43_5", 覆盖变量数目为2, 未覆盖的变量包括['交易方式', '交易时间', '操作', '交易品种', '价格单位', '申报价格最小变动单位', '结果', '有效申报价格范围']
## 测试场景"23", 测试用例"52_1", 覆盖变量数目为3, 未覆盖的变量包括['交易方式', '交易时间', '操作', '交易品种', '价格单位', '申报价格最小变动单位', '有效申报价格范围']
## 测试场景"23", 测试用例"52_2", 覆盖变量数目为1, 未覆盖的变量包括['交易方式', '交易时间', '操作', '交易方向', '交易品种', '价格单位', '申报价格最小变动单位', '结果', '有效申报价格范围']
## 测试场景"23", 测试用例"52_3", 覆盖变量数目为3, 未覆盖的变量包括['交易方式', '交易时间', '操作', '交易品种', '价格单位', '申报价格最小变动单位', '有效申报价格范围']
## 测试场景"23", 测试用例"52_4", 覆盖变量数目为1, 未覆盖的变量包括['交易方式', '交易时间', '操作', '交易方向', '交易品种', '价格单位', '申报价格最小变动单位', '结果', '有效申报价格范围']
## 测试场景"23", 测试用例"54_1", 覆盖变量数目为5, 未覆盖的变量包括['交易方式', '交易时间', '操作', '申报价格最小变动单位', '有效申报价格范围']
## 测试场景"23", 测试用例"54_2", 覆盖变量数目为4, 未覆盖的变量包括['交易方式', '交易时间', '操作', '申报价格最小变动单位', '结果', '有效申报价格范围']
## 测试场景"23", 测试用例"54_3", 覆盖变量数目为2, 未覆盖的变量包括['交易方式', '交易时间', '操作', '交易方向', '交易品种', '价格单位', '申报价格最小变动单位', '有效申报价格范围']
## 测试场景"23", 测试用例"54_4", 覆盖变量数目为1, 未覆盖的变量包括['交易方式', '交易时间', '操作', '交易方向', '交易品种', '价格单位', '申报价格最小变动单位', '结果', '有效申报价格范围']
## 测试场景"23", 测试用例"55_1", 覆盖变量数目为5, 未覆盖的变量包括['交易方式', '交易时间', '操作', '价格单位', '有效申报价格范围']
## 测试场景"23", 测试用例"55_2", 覆盖变量数目为2, 未覆盖的变量包括['交易方式', '交易时间', '操作', '交易方向', '交易品种', '价格单位', '申报价格最小变动单位', '有效申报价格范围']
## 测试场景"23", 测试用例"55_3", 覆盖变量数目为4, 未覆盖的变量包括['交易方式', '交易时间', '操作', '交易品种', '价格单位', '有效申报价格范围']
## 测试场景"23", 测试用例"55_4", 覆盖变量数目为3, 未覆盖的变量包括['交易方式', '交易时间', '操作', '交易方向', '价格单位', '结果', '有效申报价格范围']
## 测试场景"23", 测试用例"55_5", 覆盖变量数目为3, 未覆盖的变量包括['交易方式', '交易时间', '操作', '价格单位', '申报价格最小变动单位', '结果', '有效申报价格范围']
## 测试场景"23", 测试用例"71_1", 覆盖变量数目为4, 未覆盖的变量包括['交易方式', '交易时间', '交易品种', '价格单位', '申报价格最小变动单位', '有效申报价格范围']
## 测试场景"23", 测试用例"71_2", 覆盖变量数目为3, 未覆盖的变量包括['交易方式', '交易时间', '交易方向', '交易品种', '价格单位', '申报价格最小变动单位', '有效申报价格范围']
## 测试场景"23", 测试用例"71_3", 覆盖变量数目为4, 未覆盖的变量包括['交易方式', '交易时间', '交易品种', '价格单位', '申报价格最小变动单位', '有效申报价格范围']
## 测试场景"23", 测试用例"71_4", 覆盖变量数目为3, 未覆盖的变量包括['交易方式', '交易时间', '交易方向', '交易品种', '价格单位', '申报价格最小变动单位', '有效申报价格范围']
## 测试场景"23", 测试用例"71_5", 覆盖变量数目为4, 未覆盖的变量包括['交易方式', '交易时间', '交易品种', '价格单位', '申报价格最小变动单位', '有效申报价格范围']
## 测试场景"23", 测试用例"71_6", 覆盖变量数目为3, 未覆盖的变量包括['交易方式', '交易时间', '交易方向', '交易品种', '价格单位', '申报价格最小变动单位', '有效申报价格范围']
## 测试场景"23", 测试用例"71_7", 覆盖变量数目为3, 未覆盖的变量包括['交易方式', '交易时间', '交易品种', '价格单位', '申报价格最小变动单位', '结果', '有效申报价格范围']
### 测试场景"23", 覆盖变量的最大数目为7, 整体未覆盖的变量包括['交易方式', '交易时间', '有效申报价格范围']

## 测试场景"24", 测试用例"43_1", 覆盖变量数目为3, 未覆盖的变量包括['交易方式', '交易时间', '操作', '交易品种', '价格单位', '申报价格最小变动单位', '有效申报价格范围']
## 测试场景"24", 测试用例"43_2", 覆盖变量数目为2, 未覆盖的变量包括['交易方式', '交易时间', '操作', '交易方向', '交易品种', '价格单位', '申报价格最小变动单位', '有效申报价格范围']
## 测试场景"24", 测试用例"43_3", 覆盖变量数目为2, 未覆盖的变量包括['交易方式', '交易时间', '操作', '交易品种', '价格单位', '申报价格最小变动单位', '结果', '有效申报价格范围']
## 测试场景"24", 测试用例"43_4", 覆盖变量数目为1, 未覆盖的变量包括['交易方式', '交易时间', '操作', '交易方向', '交易品种', '价格单位', '申报价格最小变动单位', '结果', '有效申报价格范围']
## 测试场景"24", 测试用例"43_5", 覆盖变量数目为2, 未覆盖的变量包括['交易方式', '交易时间', '操作', '交易品种', '价格单位', '申报价格最小变动单位', '结果', '有效申报价格范围']
## 测试场景"24", 测试用例"52_1", 覆盖变量数目为3, 未覆盖的变量包括['交易方式', '交易时间', '操作', '交易品种', '价格单位', '申报价格最小变动单位', '有效申报价格范围']
## 测试场景"24", 测试用例"52_2", 覆盖变量数目为1, 未覆盖的变量包括['交易方式', '交易时间', '操作', '交易方向', '交易品种', '价格单位', '申报价格最小变动单位', '结果', '有效申报价格范围']
## 测试场景"24", 测试用例"52_3", 覆盖变量数目为3, 未覆盖的变量包括['交易方式', '交易时间', '操作', '交易品种', '价格单位', '申报价格最小变动单位', '有效申报价格范围']
## 测试场景"24", 测试用例"52_4", 覆盖变量数目为1, 未覆盖的变量包括['交易方式', '交易时间', '操作', '交易方向', '交易品种', '价格单位', '申报价格最小变动单位', '结果', '有效申报价格范围']
## 测试场景"24", 测试用例"54_1", 覆盖变量数目为3, 未覆盖的变量包括['交易方式', '交易时间', '操作', '交易品种', '价格单位', '申报价格最小变动单位', '有效申报价格范围']
## 测试场景"24", 测试用例"54_2", 覆盖变量数目为2, 未覆盖的变量包括['交易方式', '交易时间', '操作', '交易品种', '价格单位', '申报价格最小变动单位', '结果', '有效申报价格范围']
## 测试场景"24", 测试用例"54_3", 覆盖变量数目为4, 未覆盖的变量包括['交易方式', '交易时间', '操作', '交易方向', '申报价格最小变动单位', '有效申报价格范围']
## 测试场景"24", 测试用例"54_4", 覆盖变量数目为3, 未覆盖的变量包括['交易方式', '交易时间', '操作', '交易方向', '申报价格最小变动单位', '结果', '有效申报价格范围']
## 测试场景"24", 测试用例"55_1", 覆盖变量数目为4, 未覆盖的变量包括['交易方式', '交易时间', '操作', '交易品种', '价格单位', '有效申报价格范围']
## 测试场景"24", 测试用例"55_2", 覆盖变量数目为3, 未覆盖的变量包括['交易方式', '交易时间', '操作', '交易方向', '价格单位', '申报价格最小变动单位', '有效申报价格范围']
## 测试场景"24", 测试用例"55_3", 覆盖变量数目为4, 未覆盖的变量包括['交易方式', '交易时间', '操作', '交易品种', '价格单位', '有效申报价格范围']
## 测试场景"24", 测试用例"55_4", 覆盖变量数目为2, 未覆盖的变量包括['交易方式', '交易时间', '操作', '交易方向', '交易品种', '价格单位', '结果', '有效申报价格范围']
## 测试场景"24", 测试用例"55_5", 覆盖变量数目为2, 未覆盖的变量包括['交易方式', '交易时间', '操作', '交易品种', '价格单位', '申报价格最小变动单位', '结果', '有效申报价格范围']
## 测试场景"24", 测试用例"71_1", 覆盖变量数目为4, 未覆盖的变量包括['交易方式', '交易时间', '交易品种', '价格单位', '申报价格最小变动单位', '有效申报价格范围']
## 测试场景"24", 测试用例"71_2", 覆盖变量数目为3, 未覆盖的变量包括['交易方式', '交易时间', '交易方向', '交易品种', '价格单位', '申报价格最小变动单位', '有效申报价格范围']
## 测试场景"24", 测试用例"71_3", 覆盖变量数目为5, 未覆盖的变量包括['交易方式', '交易时间', '价格单位', '申报价格最小变动单位', '有效申报价格范围']
## 测试场景"24", 测试用例"71_4", 覆盖变量数目为4, 未覆盖的变量包括['交易方式', '交易时间', '交易方向', '价格单位', '申报价格最小变动单位', '有效申报价格范围']
## 测试场景"24", 测试用例"71_5", 覆盖变量数目为4, 未覆盖的变量包括['交易方式', '交易时间', '交易品种', '价格单位', '申报价格最小变动单位', '有效申报价格范围']
## 测试场景"24", 测试用例"71_6", 覆盖变量数目为3, 未覆盖的变量包括['交易方式', '交易时间', '交易方向', '交易品种', '价格单位', '申报价格最小变动单位', '有效申报价格范围']
## 测试场景"24", 测试用例"71_7", 覆盖变量数目为3, 未覆盖的变量包括['交易方式', '交易时间', '交易品种', '价格单位', '申报价格最小变动单位', '结果', '有效申报价格范围']
### 测试场景"24", 覆盖变量的最大数目为7, 整体未覆盖的变量包括['交易方式', '交易时间', '有效申报价格范围']

chatglm4在数据集data1上的业务场景覆盖率为0.7833
