## 测试场景"1", 测试用例"第四十三条.1", 覆盖变量数目为4, 未覆盖的变量包括['交易市场', '交易方向', '交易品种', '价格单位', '申报价格最小变动单位', '有效申报价格范围']
## 测试场景"1", 测试用例"第四十三条.2", 覆盖变量数目为3, 未覆盖的变量包括['交易市场', '交易时间', '交易方向', '交易品种', '价格单位', '申报价格最小变动单位', '有效申报价格范围']
## 测试场景"1", 测试用例"第四十三条.3", 覆盖变量数目为2, 未覆盖的变量包括['交易市场', '交易方式', '交易时间', '交易方向', '交易品种', '价格单位', '申报价格最小变动单位', '有效申报价格范围']
## 测试场景"1", 测试用例"第四十三条.4", 覆盖变量数目为2, 未覆盖的变量包括['交易市场', '交易方式', '交易时间', '交易方向', '交易品种', '价格单位', '申报价格最小变动单位', '有效申报价格范围']
## 测试场景"1", 测试用例"第四十三条.5", 覆盖变量数目为2, 未覆盖的变量包括['交易市场', '交易方式', '交易时间', '交易方向', '交易品种', '价格单位', '申报价格最小变动单位', '有效申报价格范围']
## 测试场景"1", 测试用例"第四十三条.6", 覆盖变量数目为1, 未覆盖的变量包括['交易市场', '交易方式', '交易时间', '操作', '交易方向', '交易品种', '价格单位', '申报价格最小变动单位', '有效申报价格范围']
## 测试场景"1", 测试用例"第四十三条.7", 覆盖变量数目为1, 未覆盖的变量包括['交易市场', '交易方式', '交易时间', '操作', '交易方向', '交易品种', '价格单位', '申报价格最小变动单位', '有效申报价格范围']
## 测试场景"1", 测试用例"第五十二条.1", 覆盖变量数目为1, 未覆盖的变量包括['交易市场', '交易方式', '交易时间', '操作', '交易方向', '交易品种', '价格单位', '申报价格最小变动单位', '有效申报价格范围']
## 测试场景"1", 测试用例"第五十四条.1", 覆盖变量数目为4, 未覆盖的变量包括['交易市场', '交易方式', '交易时间', '交易方向', '申报价格最小变动单位', '有效申报价格范围']
## 测试场景"1", 测试用例"第五十四条.2", 覆盖变量数目为2, 未覆盖的变量包括['交易市场', '交易方式', '交易时间', '交易方向', '交易品种', '价格单位', '申报价格最小变动单位', '有效申报价格范围']
## 测试场景"1", 测试用例"第五十五条.1", 覆盖变量数目为5, 未覆盖的变量包括['交易市场', '交易时间', '交易方向', '价格单位', '有效申报价格范围']
## 测试场景"1", 测试用例"第五十五条.2", 覆盖变量数目为4, 未覆盖的变量包括['交易市场', '交易时间', '交易方向', '交易品种', '价格单位', '有效申报价格范围']
## 测试场景"1", 测试用例"第五十五条.3", 覆盖变量数目为4, 未覆盖的变量包括['交易市场', '交易时间', '交易方向', '交易品种', '价格单位', '有效申报价格范围']
## 测试场景"1", 测试用例"第七十一条.1", 覆盖变量数目为2, 未覆盖的变量包括['交易市场', '交易方式', '交易时间', '交易方向', '交易品种', '价格单位', '申报价格最小变动单位', '有效申报价格范围']
## 测试场景"1", 测试用例"第七十一条.2", 覆盖变量数目为2, 未覆盖的变量包括['交易市场', '交易方式', '交易时间', '交易方向', '交易品种', '价格单位', '申报价格最小变动单位', '有效申报价格范围']
## 测试场景"1", 测试用例"第七十一条.3", 覆盖变量数目为2, 未覆盖的变量包括['交易市场', '交易方式', '交易时间', '交易方向', '交易品种', '价格单位', '申报价格最小变动单位', '有效申报价格范围']
### 测试场景"1", 覆盖变量的最大数目为7, 整体未覆盖的变量包括['交易市场', '交易方向', '有效申报价格范围']

## 测试场景"2", 测试用例"第四十三条.1", 覆盖变量数目为4, 未覆盖的变量包括['交易市场', '交易方向', '交易品种', '价格单位', '申报价格最小变动单位', '有效申报价格范围']
## 测试场景"2", 测试用例"第四十三条.2", 覆盖变量数目为3, 未覆盖的变量包括['交易市场', '交易时间', '交易方向', '交易品种', '价格单位', '申报价格最小变动单位', '有效申报价格范围']
## 测试场景"2", 测试用例"第四十三条.3", 覆盖变量数目为2, 未覆盖的变量包括['交易市场', '交易方式', '交易时间', '交易方向', '交易品种', '价格单位', '申报价格最小变动单位', '有效申报价格范围']
## 测试场景"2", 测试用例"第四十三条.4", 覆盖变量数目为2, 未覆盖的变量包括['交易市场', '交易方式', '交易时间', '交易方向', '交易品种', '价格单位', '申报价格最小变动单位', '有效申报价格范围']
## 测试场景"2", 测试用例"第四十三条.5", 覆盖变量数目为2, 未覆盖的变量包括['交易市场', '交易方式', '交易时间', '交易方向', '交易品种', '价格单位', '申报价格最小变动单位', '有效申报价格范围']
## 测试场景"2", 测试用例"第四十三条.6", 覆盖变量数目为1, 未覆盖的变量包括['交易市场', '交易方式', '交易时间', '操作', '交易方向', '交易品种', '价格单位', '申报价格最小变动单位', '有效申报价格范围']
## 测试场景"2", 测试用例"第四十三条.7", 覆盖变量数目为1, 未覆盖的变量包括['交易市场', '交易方式', '交易时间', '操作', '交易方向', '交易品种', '价格单位', '申报价格最小变动单位', '有效申报价格范围']
## 测试场景"2", 测试用例"第五十二条.1", 覆盖变量数目为1, 未覆盖的变量包括['交易市场', '交易方式', '交易时间', '操作', '交易方向', '交易品种', '价格单位', '申报价格最小变动单位', '有效申报价格范围']
## 测试场景"2", 测试用例"第五十四条.1", 覆盖变量数目为2, 未覆盖的变量包括['交易市场', '交易方式', '交易时间', '交易方向', '交易品种', '价格单位', '申报价格最小变动单位', '有效申报价格范围']
## 测试场景"2", 测试用例"第五十四条.2", 覆盖变量数目为4, 未覆盖的变量包括['交易市场', '交易方式', '交易时间', '交易方向', '申报价格最小变动单位', '有效申报价格范围']
## 测试场景"2", 测试用例"第五十五条.1", 覆盖变量数目为4, 未覆盖的变量包括['交易市场', '交易时间', '交易方向', '交易品种', '价格单位', '有效申报价格范围']
## 测试场景"2", 测试用例"第五十五条.2", 覆盖变量数目为5, 未覆盖的变量包括['交易市场', '交易时间', '交易方向', '价格单位', '有效申报价格范围']
## 测试场景"2", 测试用例"第五十五条.3", 覆盖变量数目为3, 未覆盖的变量包括['交易市场', '交易时间', '交易方向', '交易品种', '价格单位', '申报价格最小变动单位', '有效申报价格范围']
## 测试场景"2", 测试用例"第七十一条.1", 覆盖变量数目为2, 未覆盖的变量包括['交易市场', '交易方式', '交易时间', '交易方向', '交易品种', '价格单位', '申报价格最小变动单位', '有效申报价格范围']
## 测试场景"2", 测试用例"第七十一条.2", 覆盖变量数目为3, 未覆盖的变量包括['交易市场', '交易方式', '交易时间', '交易方向', '价格单位', '申报价格最小变动单位', '有效申报价格范围']
## 测试场景"2", 测试用例"第七十一条.3", 覆盖变量数目为2, 未覆盖的变量包括['交易市场', '交易方式', '交易时间', '交易方向', '交易品种', '价格单位', '申报价格最小变动单位', '有效申报价格范围']
### 测试场景"2", 覆盖变量的最大数目为7, 整体未覆盖的变量包括['交易市场', '交易方向', '有效申报价格范围']

## 测试场景"3", 测试用例"第四十三条.1", 覆盖变量数目为4, 未覆盖的变量包括['交易市场', '交易方向', '交易品种', '价格单位', '申报价格最小变动单位', '有效申报价格范围']
## 测试场景"3", 测试用例"第四十三条.2", 覆盖变量数目为3, 未覆盖的变量包括['交易市场', '交易时间', '交易方向', '交易品种', '价格单位', '申报价格最小变动单位', '有效申报价格范围']
## 测试场景"3", 测试用例"第四十三条.3", 覆盖变量数目为2, 未覆盖的变量包括['交易市场', '交易方式', '交易时间', '交易方向', '交易品种', '价格单位', '申报价格最小变动单位', '有效申报价格范围']
## 测试场景"3", 测试用例"第四十三条.4", 覆盖变量数目为2, 未覆盖的变量包括['交易市场', '交易方式', '交易时间', '交易方向', '交易品种', '价格单位', '申报价格最小变动单位', '有效申报价格范围']
## 测试场景"3", 测试用例"第四十三条.5", 覆盖变量数目为2, 未覆盖的变量包括['交易市场', '交易方式', '交易时间', '交易方向', '交易品种', '价格单位', '申报价格最小变动单位', '有效申报价格范围']
## 测试场景"3", 测试用例"第四十三条.6", 覆盖变量数目为1, 未覆盖的变量包括['交易市场', '交易方式', '交易时间', '操作', '交易方向', '交易品种', '价格单位', '申报价格最小变动单位', '有效申报价格范围']
## 测试场景"3", 测试用例"第四十三条.7", 覆盖变量数目为1, 未覆盖的变量包括['交易市场', '交易方式', '交易时间', '操作', '交易方向', '交易品种', '价格单位', '申报价格最小变动单位', '有效申报价格范围']
## 测试场景"3", 测试用例"第五十二条.1", 覆盖变量数目为1, 未覆盖的变量包括['交易市场', '交易方式', '交易时间', '操作', '交易方向', '交易品种', '价格单位', '申报价格最小变动单位', '有效申报价格范围']
## 测试场景"3", 测试用例"第五十四条.1", 覆盖变量数目为4, 未覆盖的变量包括['交易市场', '交易方式', '交易时间', '交易方向', '申报价格最小变动单位', '有效申报价格范围']
## 测试场景"3", 测试用例"第五十四条.2", 覆盖变量数目为2, 未覆盖的变量包括['交易市场', '交易方式', '交易时间', '交易方向', '交易品种', '价格单位', '申报价格最小变动单位', '有效申报价格范围']
## 测试场景"3", 测试用例"第五十五条.1", 覆盖变量数目为5, 未覆盖的变量包括['交易市场', '交易时间', '交易方向', '价格单位', '有效申报价格范围']
## 测试场景"3", 测试用例"第五十五条.2", 覆盖变量数目为4, 未覆盖的变量包括['交易市场', '交易时间', '交易方向', '交易品种', '价格单位', '有效申报价格范围']
## 测试场景"3", 测试用例"第五十五条.3", 覆盖变量数目为4, 未覆盖的变量包括['交易市场', '交易时间', '交易方向', '交易品种', '价格单位', '有效申报价格范围']
## 测试场景"3", 测试用例"第七十一条.1", 覆盖变量数目为2, 未覆盖的变量包括['交易市场', '交易方式', '交易时间', '交易方向', '交易品种', '价格单位', '申报价格最小变动单位', '有效申报价格范围']
## 测试场景"3", 测试用例"第七十一条.2", 覆盖变量数目为2, 未覆盖的变量包括['交易市场', '交易方式', '交易时间', '交易方向', '交易品种', '价格单位', '申报价格最小变动单位', '有效申报价格范围']
## 测试场景"3", 测试用例"第七十一条.3", 覆盖变量数目为2, 未覆盖的变量包括['交易市场', '交易方式', '交易时间', '交易方向', '交易品种', '价格单位', '申报价格最小变动单位', '有效申报价格范围']
### 测试场景"3", 覆盖变量的最大数目为7, 整体未覆盖的变量包括['交易市场', '交易方向', '有效申报价格范围']

## 测试场景"4", 测试用例"第四十三条.1", 覆盖变量数目为4, 未覆盖的变量包括['交易市场', '交易方向', '交易品种', '价格单位', '申报价格最小变动单位', '有效申报价格范围']
## 测试场景"4", 测试用例"第四十三条.2", 覆盖变量数目为3, 未覆盖的变量包括['交易市场', '交易时间', '交易方向', '交易品种', '价格单位', '申报价格最小变动单位', '有效申报价格范围']
## 测试场景"4", 测试用例"第四十三条.3", 覆盖变量数目为2, 未覆盖的变量包括['交易市场', '交易方式', '交易时间', '交易方向', '交易品种', '价格单位', '申报价格最小变动单位', '有效申报价格范围']
## 测试场景"4", 测试用例"第四十三条.4", 覆盖变量数目为2, 未覆盖的变量包括['交易市场', '交易方式', '交易时间', '交易方向', '交易品种', '价格单位', '申报价格最小变动单位', '有效申报价格范围']
## 测试场景"4", 测试用例"第四十三条.5", 覆盖变量数目为2, 未覆盖的变量包括['交易市场', '交易方式', '交易时间', '交易方向', '交易品种', '价格单位', '申报价格最小变动单位', '有效申报价格范围']
## 测试场景"4", 测试用例"第四十三条.6", 覆盖变量数目为1, 未覆盖的变量包括['交易市场', '交易方式', '交易时间', '操作', '交易方向', '交易品种', '价格单位', '申报价格最小变动单位', '有效申报价格范围']
## 测试场景"4", 测试用例"第四十三条.7", 覆盖变量数目为1, 未覆盖的变量包括['交易市场', '交易方式', '交易时间', '操作', '交易方向', '交易品种', '价格单位', '申报价格最小变动单位', '有效申报价格范围']
## 测试场景"4", 测试用例"第五十二条.1", 覆盖变量数目为1, 未覆盖的变量包括['交易市场', '交易方式', '交易时间', '操作', '交易方向', '交易品种', '价格单位', '申报价格最小变动单位', '有效申报价格范围']
## 测试场景"4", 测试用例"第五十四条.1", 覆盖变量数目为2, 未覆盖的变量包括['交易市场', '交易方式', '交易时间', '交易方向', '交易品种', '价格单位', '申报价格最小变动单位', '有效申报价格范围']
## 测试场景"4", 测试用例"第五十四条.2", 覆盖变量数目为4, 未覆盖的变量包括['交易市场', '交易方式', '交易时间', '交易方向', '申报价格最小变动单位', '有效申报价格范围']
## 测试场景"4", 测试用例"第五十五条.1", 覆盖变量数目为4, 未覆盖的变量包括['交易市场', '交易时间', '交易方向', '交易品种', '价格单位', '有效申报价格范围']
## 测试场景"4", 测试用例"第五十五条.2", 覆盖变量数目为5, 未覆盖的变量包括['交易市场', '交易时间', '交易方向', '价格单位', '有效申报价格范围']
## 测试场景"4", 测试用例"第五十五条.3", 覆盖变量数目为3, 未覆盖的变量包括['交易市场', '交易时间', '交易方向', '交易品种', '价格单位', '申报价格最小变动单位', '有效申报价格范围']
## 测试场景"4", 测试用例"第七十一条.1", 覆盖变量数目为2, 未覆盖的变量包括['交易市场', '交易方式', '交易时间', '交易方向', '交易品种', '价格单位', '申报价格最小变动单位', '有效申报价格范围']
## 测试场景"4", 测试用例"第七十一条.2", 覆盖变量数目为3, 未覆盖的变量包括['交易市场', '交易方式', '交易时间', '交易方向', '价格单位', '申报价格最小变动单位', '有效申报价格范围']
## 测试场景"4", 测试用例"第七十一条.3", 覆盖变量数目为2, 未覆盖的变量包括['交易市场', '交易方式', '交易时间', '交易方向', '交易品种', '价格单位', '申报价格最小变动单位', '有效申报价格范围']
### 测试场景"4", 覆盖变量的最大数目为7, 整体未覆盖的变量包括['交易市场', '交易方向', '有效申报价格范围']

## 测试场景"5", 测试用例"第四十三条.1", 覆盖变量数目为3, 未覆盖的变量包括['交易市场', '交易时间', '交易方向', '交易品种', '价格单位', '申报价格最小变动单位', '有效申报价格范围']
## 测试场景"5", 测试用例"第四十三条.2", 覆盖变量数目为4, 未覆盖的变量包括['交易市场', '交易方向', '交易品种', '价格单位', '申报价格最小变动单位', '有效申报价格范围']
## 测试场景"5", 测试用例"第四十三条.3", 覆盖变量数目为3, 未覆盖的变量包括['交易市场', '交易方式', '交易方向', '交易品种', '价格单位', '申报价格最小变动单位', '有效申报价格范围']
## 测试场景"5", 测试用例"第四十三条.4", 覆盖变量数目为3, 未覆盖的变量包括['交易市场', '交易方式', '交易方向', '交易品种', '价格单位', '申报价格最小变动单位', '有效申报价格范围']
## 测试场景"5", 测试用例"第四十三条.5", 覆盖变量数目为3, 未覆盖的变量包括['交易市场', '交易方式', '交易方向', '交易品种', '价格单位', '申报价格最小变动单位', '有效申报价格范围']
## 测试场景"5", 测试用例"第四十三条.6", 覆盖变量数目为1, 未覆盖的变量包括['交易市场', '交易方式', '交易时间', '操作', '交易方向', '交易品种', '价格单位', '申报价格最小变动单位', '有效申报价格范围']
## 测试场景"5", 测试用例"第四十三条.7", 覆盖变量数目为1, 未覆盖的变量包括['交易市场', '交易方式', '交易时间', '操作', '交易方向', '交易品种', '价格单位', '申报价格最小变动单位', '有效申报价格范围']
## 测试场景"5", 测试用例"第五十二条.1", 覆盖变量数目为1, 未覆盖的变量包括['交易市场', '交易方式', '交易时间', '操作', '交易方向', '交易品种', '价格单位', '申报价格最小变动单位', '有效申报价格范围']
## 测试场景"5", 测试用例"第五十四条.1", 覆盖变量数目为4, 未覆盖的变量包括['交易市场', '交易方式', '交易时间', '交易方向', '申报价格最小变动单位', '有效申报价格范围']
## 测试场景"5", 测试用例"第五十四条.2", 覆盖变量数目为2, 未覆盖的变量包括['交易市场', '交易方式', '交易时间', '交易方向', '交易品种', '价格单位', '申报价格最小变动单位', '有效申报价格范围']
## 测试场景"5", 测试用例"第五十五条.1", 覆盖变量数目为5, 未覆盖的变量包括['交易市场', '交易时间', '交易方向', '价格单位', '有效申报价格范围']
## 测试场景"5", 测试用例"第五十五条.2", 覆盖变量数目为4, 未覆盖的变量包括['交易市场', '交易时间', '交易方向', '交易品种', '价格单位', '有效申报价格范围']
## 测试场景"5", 测试用例"第五十五条.3", 覆盖变量数目为4, 未覆盖的变量包括['交易市场', '交易时间', '交易方向', '交易品种', '价格单位', '有效申报价格范围']
## 测试场景"5", 测试用例"第七十一条.1", 覆盖变量数目为2, 未覆盖的变量包括['交易市场', '交易方式', '交易时间', '交易方向', '交易品种', '价格单位', '申报价格最小变动单位', '有效申报价格范围']
## 测试场景"5", 测试用例"第七十一条.2", 覆盖变量数目为2, 未覆盖的变量包括['交易市场', '交易方式', '交易时间', '交易方向', '交易品种', '价格单位', '申报价格最小变动单位', '有效申报价格范围']
## 测试场景"5", 测试用例"第七十一条.3", 覆盖变量数目为2, 未覆盖的变量包括['交易市场', '交易方式', '交易时间', '交易方向', '交易品种', '价格单位', '申报价格最小变动单位', '有效申报价格范围']
### 测试场景"5", 覆盖变量的最大数目为7, 整体未覆盖的变量包括['交易市场', '交易方向', '有效申报价格范围']

## 测试场景"6", 测试用例"第四十三条.1", 覆盖变量数目为3, 未覆盖的变量包括['交易市场', '交易时间', '交易方向', '交易品种', '价格单位', '申报价格最小变动单位', '有效申报价格范围']
## 测试场景"6", 测试用例"第四十三条.2", 覆盖变量数目为4, 未覆盖的变量包括['交易市场', '交易方向', '交易品种', '价格单位', '申报价格最小变动单位', '有效申报价格范围']
## 测试场景"6", 测试用例"第四十三条.3", 覆盖变量数目为3, 未覆盖的变量包括['交易市场', '交易方式', '交易方向', '交易品种', '价格单位', '申报价格最小变动单位', '有效申报价格范围']
## 测试场景"6", 测试用例"第四十三条.4", 覆盖变量数目为3, 未覆盖的变量包括['交易市场', '交易方式', '交易方向', '交易品种', '价格单位', '申报价格最小变动单位', '有效申报价格范围']
## 测试场景"6", 测试用例"第四十三条.5", 覆盖变量数目为3, 未覆盖的变量包括['交易市场', '交易方式', '交易方向', '交易品种', '价格单位', '申报价格最小变动单位', '有效申报价格范围']
## 测试场景"6", 测试用例"第四十三条.6", 覆盖变量数目为1, 未覆盖的变量包括['交易市场', '交易方式', '交易时间', '操作', '交易方向', '交易品种', '价格单位', '申报价格最小变动单位', '有效申报价格范围']
## 测试场景"6", 测试用例"第四十三条.7", 覆盖变量数目为1, 未覆盖的变量包括['交易市场', '交易方式', '交易时间', '操作', '交易方向', '交易品种', '价格单位', '申报价格最小变动单位', '有效申报价格范围']
## 测试场景"6", 测试用例"第五十二条.1", 覆盖变量数目为1, 未覆盖的变量包括['交易市场', '交易方式', '交易时间', '操作', '交易方向', '交易品种', '价格单位', '申报价格最小变动单位', '有效申报价格范围']
## 测试场景"6", 测试用例"第五十四条.1", 覆盖变量数目为2, 未覆盖的变量包括['交易市场', '交易方式', '交易时间', '交易方向', '交易品种', '价格单位', '申报价格最小变动单位', '有效申报价格范围']
## 测试场景"6", 测试用例"第五十四条.2", 覆盖变量数目为4, 未覆盖的变量包括['交易市场', '交易方式', '交易时间', '交易方向', '申报价格最小变动单位', '有效申报价格范围']
## 测试场景"6", 测试用例"第五十五条.1", 覆盖变量数目为4, 未覆盖的变量包括['交易市场', '交易时间', '交易方向', '交易品种', '价格单位', '有效申报价格范围']
## 测试场景"6", 测试用例"第五十五条.2", 覆盖变量数目为5, 未覆盖的变量包括['交易市场', '交易时间', '交易方向', '价格单位', '有效申报价格范围']
## 测试场景"6", 测试用例"第五十五条.3", 覆盖变量数目为3, 未覆盖的变量包括['交易市场', '交易时间', '交易方向', '交易品种', '价格单位', '申报价格最小变动单位', '有效申报价格范围']
## 测试场景"6", 测试用例"第七十一条.1", 覆盖变量数目为2, 未覆盖的变量包括['交易市场', '交易方式', '交易时间', '交易方向', '交易品种', '价格单位', '申报价格最小变动单位', '有效申报价格范围']
## 测试场景"6", 测试用例"第七十一条.2", 覆盖变量数目为3, 未覆盖的变量包括['交易市场', '交易方式', '交易时间', '交易方向', '价格单位', '申报价格最小变动单位', '有效申报价格范围']
## 测试场景"6", 测试用例"第七十一条.3", 覆盖变量数目为2, 未覆盖的变量包括['交易市场', '交易方式', '交易时间', '交易方向', '交易品种', '价格单位', '申报价格最小变动单位', '有效申报价格范围']
### 测试场景"6", 覆盖变量的最大数目为7, 整体未覆盖的变量包括['交易市场', '交易方向', '有效申报价格范围']

## 测试场景"7", 测试用例"第四十三条.1", 覆盖变量数目为3, 未覆盖的变量包括['交易市场', '交易时间', '交易方向', '交易品种', '价格单位', '申报价格最小变动单位', '有效申报价格范围']
## 测试场景"7", 测试用例"第四十三条.2", 覆盖变量数目为4, 未覆盖的变量包括['交易市场', '交易方向', '交易品种', '价格单位', '申报价格最小变动单位', '有效申报价格范围']
## 测试场景"7", 测试用例"第四十三条.3", 覆盖变量数目为3, 未覆盖的变量包括['交易市场', '交易方式', '交易方向', '交易品种', '价格单位', '申报价格最小变动单位', '有效申报价格范围']
## 测试场景"7", 测试用例"第四十三条.4", 覆盖变量数目为3, 未覆盖的变量包括['交易市场', '交易方式', '交易方向', '交易品种', '价格单位', '申报价格最小变动单位', '有效申报价格范围']
## 测试场景"7", 测试用例"第四十三条.5", 覆盖变量数目为3, 未覆盖的变量包括['交易市场', '交易方式', '交易方向', '交易品种', '价格单位', '申报价格最小变动单位', '有效申报价格范围']
## 测试场景"7", 测试用例"第四十三条.6", 覆盖变量数目为1, 未覆盖的变量包括['交易市场', '交易方式', '交易时间', '操作', '交易方向', '交易品种', '价格单位', '申报价格最小变动单位', '有效申报价格范围']
## 测试场景"7", 测试用例"第四十三条.7", 覆盖变量数目为1, 未覆盖的变量包括['交易市场', '交易方式', '交易时间', '操作', '交易方向', '交易品种', '价格单位', '申报价格最小变动单位', '有效申报价格范围']
## 测试场景"7", 测试用例"第五十二条.1", 覆盖变量数目为1, 未覆盖的变量包括['交易市场', '交易方式', '交易时间', '操作', '交易方向', '交易品种', '价格单位', '申报价格最小变动单位', '有效申报价格范围']
## 测试场景"7", 测试用例"第五十四条.1", 覆盖变量数目为4, 未覆盖的变量包括['交易市场', '交易方式', '交易时间', '交易方向', '申报价格最小变动单位', '有效申报价格范围']
## 测试场景"7", 测试用例"第五十四条.2", 覆盖变量数目为2, 未覆盖的变量包括['交易市场', '交易方式', '交易时间', '交易方向', '交易品种', '价格单位', '申报价格最小变动单位', '有效申报价格范围']
## 测试场景"7", 测试用例"第五十五条.1", 覆盖变量数目为5, 未覆盖的变量包括['交易市场', '交易时间', '交易方向', '价格单位', '有效申报价格范围']
## 测试场景"7", 测试用例"第五十五条.2", 覆盖变量数目为4, 未覆盖的变量包括['交易市场', '交易时间', '交易方向', '交易品种', '价格单位', '有效申报价格范围']
## 测试场景"7", 测试用例"第五十五条.3", 覆盖变量数目为4, 未覆盖的变量包括['交易市场', '交易时间', '交易方向', '交易品种', '价格单位', '有效申报价格范围']
## 测试场景"7", 测试用例"第七十一条.1", 覆盖变量数目为2, 未覆盖的变量包括['交易市场', '交易方式', '交易时间', '交易方向', '交易品种', '价格单位', '申报价格最小变动单位', '有效申报价格范围']
## 测试场景"7", 测试用例"第七十一条.2", 覆盖变量数目为2, 未覆盖的变量包括['交易市场', '交易方式', '交易时间', '交易方向', '交易品种', '价格单位', '申报价格最小变动单位', '有效申报价格范围']
## 测试场景"7", 测试用例"第七十一条.3", 覆盖变量数目为2, 未覆盖的变量包括['交易市场', '交易方式', '交易时间', '交易方向', '交易品种', '价格单位', '申报价格最小变动单位', '有效申报价格范围']
### 测试场景"7", 覆盖变量的最大数目为7, 整体未覆盖的变量包括['交易市场', '交易方向', '有效申报价格范围']

## 测试场景"8", 测试用例"第四十三条.1", 覆盖变量数目为3, 未覆盖的变量包括['交易市场', '交易时间', '交易方向', '交易品种', '价格单位', '申报价格最小变动单位', '有效申报价格范围']
## 测试场景"8", 测试用例"第四十三条.2", 覆盖变量数目为4, 未覆盖的变量包括['交易市场', '交易方向', '交易品种', '价格单位', '申报价格最小变动单位', '有效申报价格范围']
## 测试场景"8", 测试用例"第四十三条.3", 覆盖变量数目为3, 未覆盖的变量包括['交易市场', '交易方式', '交易方向', '交易品种', '价格单位', '申报价格最小变动单位', '有效申报价格范围']
## 测试场景"8", 测试用例"第四十三条.4", 覆盖变量数目为3, 未覆盖的变量包括['交易市场', '交易方式', '交易方向', '交易品种', '价格单位', '申报价格最小变动单位', '有效申报价格范围']
## 测试场景"8", 测试用例"第四十三条.5", 覆盖变量数目为3, 未覆盖的变量包括['交易市场', '交易方式', '交易方向', '交易品种', '价格单位', '申报价格最小变动单位', '有效申报价格范围']
## 测试场景"8", 测试用例"第四十三条.6", 覆盖变量数目为1, 未覆盖的变量包括['交易市场', '交易方式', '交易时间', '操作', '交易方向', '交易品种', '价格单位', '申报价格最小变动单位', '有效申报价格范围']
## 测试场景"8", 测试用例"第四十三条.7", 覆盖变量数目为1, 未覆盖的变量包括['交易市场', '交易方式', '交易时间', '操作', '交易方向', '交易品种', '价格单位', '申报价格最小变动单位', '有效申报价格范围']
## 测试场景"8", 测试用例"第五十二条.1", 覆盖变量数目为1, 未覆盖的变量包括['交易市场', '交易方式', '交易时间', '操作', '交易方向', '交易品种', '价格单位', '申报价格最小变动单位', '有效申报价格范围']
## 测试场景"8", 测试用例"第五十四条.1", 覆盖变量数目为2, 未覆盖的变量包括['交易市场', '交易方式', '交易时间', '交易方向', '交易品种', '价格单位', '申报价格最小变动单位', '有效申报价格范围']
## 测试场景"8", 测试用例"第五十四条.2", 覆盖变量数目为4, 未覆盖的变量包括['交易市场', '交易方式', '交易时间', '交易方向', '申报价格最小变动单位', '有效申报价格范围']
## 测试场景"8", 测试用例"第五十五条.1", 覆盖变量数目为4, 未覆盖的变量包括['交易市场', '交易时间', '交易方向', '交易品种', '价格单位', '有效申报价格范围']
## 测试场景"8", 测试用例"第五十五条.2", 覆盖变量数目为5, 未覆盖的变量包括['交易市场', '交易时间', '交易方向', '价格单位', '有效申报价格范围']
## 测试场景"8", 测试用例"第五十五条.3", 覆盖变量数目为3, 未覆盖的变量包括['交易市场', '交易时间', '交易方向', '交易品种', '价格单位', '申报价格最小变动单位', '有效申报价格范围']
## 测试场景"8", 测试用例"第七十一条.1", 覆盖变量数目为2, 未覆盖的变量包括['交易市场', '交易方式', '交易时间', '交易方向', '交易品种', '价格单位', '申报价格最小变动单位', '有效申报价格范围']
## 测试场景"8", 测试用例"第七十一条.2", 覆盖变量数目为3, 未覆盖的变量包括['交易市场', '交易方式', '交易时间', '交易方向', '价格单位', '申报价格最小变动单位', '有效申报价格范围']
## 测试场景"8", 测试用例"第七十一条.3", 覆盖变量数目为2, 未覆盖的变量包括['交易市场', '交易方式', '交易时间', '交易方向', '交易品种', '价格单位', '申报价格最小变动单位', '有效申报价格范围']
### 测试场景"8", 覆盖变量的最大数目为7, 整体未覆盖的变量包括['交易市场', '交易方向', '有效申报价格范围']

## 测试场景"9", 测试用例"第四十三条.1", 覆盖变量数目为2, 未覆盖的变量包括['交易市场', '交易方式', '交易时间', '交易方向', '交易品种', '价格单位', '申报价格最小变动单位', '有效申报价格范围']
## 测试场景"9", 测试用例"第四十三条.2", 覆盖变量数目为3, 未覆盖的变量包括['交易市场', '交易方式', '交易方向', '交易品种', '价格单位', '申报价格最小变动单位', '有效申报价格范围']
## 测试场景"9", 测试用例"第四十三条.3", 覆盖变量数目为4, 未覆盖的变量包括['交易市场', '交易方向', '交易品种', '价格单位', '申报价格最小变动单位', '有效申报价格范围']
## 测试场景"9", 测试用例"第四十三条.4", 覆盖变量数目为3, 未覆盖的变量包括['交易市场', '交易方式', '交易方向', '交易品种', '价格单位', '申报价格最小变动单位', '有效申报价格范围']
## 测试场景"9", 测试用例"第四十三条.5", 覆盖变量数目为3, 未覆盖的变量包括['交易市场', '交易方式', '交易方向', '交易品种', '价格单位', '申报价格最小变动单位', '有效申报价格范围']
## 测试场景"9", 测试用例"第四十三条.6", 覆盖变量数目为1, 未覆盖的变量包括['交易市场', '交易方式', '交易时间', '操作', '交易方向', '交易品种', '价格单位', '申报价格最小变动单位', '有效申报价格范围']
## 测试场景"9", 测试用例"第四十三条.7", 覆盖变量数目为1, 未覆盖的变量包括['交易市场', '交易方式', '交易时间', '操作', '交易方向', '交易品种', '价格单位', '申报价格最小变动单位', '有效申报价格范围']
## 测试场景"9", 测试用例"第五十二条.1", 覆盖变量数目为1, 未覆盖的变量包括['交易市场', '交易方式', '交易时间', '操作', '交易方向', '交易品种', '价格单位', '申报价格最小变动单位', '有效申报价格范围']
## 测试场景"9", 测试用例"第五十四条.1", 覆盖变量数目为4, 未覆盖的变量包括['交易市场', '交易方式', '交易时间', '交易方向', '申报价格最小变动单位', '有效申报价格范围']
## 测试场景"9", 测试用例"第五十四条.2", 覆盖变量数目为2, 未覆盖的变量包括['交易市场', '交易方式', '交易时间', '交易方向', '交易品种', '价格单位', '申报价格最小变动单位', '有效申报价格范围']
## 测试场景"9", 测试用例"第五十五条.1", 覆盖变量数目为4, 未覆盖的变量包括['交易市场', '交易方式', '交易时间', '交易方向', '价格单位', '有效申报价格范围']
## 测试场景"9", 测试用例"第五十五条.2", 覆盖变量数目为2, 未覆盖的变量包括['交易市场', '交易方式', '交易时间', '交易方向', '交易品种', '价格单位', '申报价格最小变动单位', '有效申报价格范围']
## 测试场景"9", 测试用例"第五十五条.3", 覆盖变量数目为3, 未覆盖的变量包括['交易市场', '交易方式', '交易时间', '交易方向', '交易品种', '价格单位', '有效申报价格范围']
## 测试场景"9", 测试用例"第七十一条.1", 覆盖变量数目为2, 未覆盖的变量包括['交易市场', '交易方式', '交易时间', '交易方向', '交易品种', '价格单位', '申报价格最小变动单位', '有效申报价格范围']
## 测试场景"9", 测试用例"第七十一条.2", 覆盖变量数目为2, 未覆盖的变量包括['交易市场', '交易方式', '交易时间', '交易方向', '交易品种', '价格单位', '申报价格最小变动单位', '有效申报价格范围']
## 测试场景"9", 测试用例"第七十一条.3", 覆盖变量数目为2, 未覆盖的变量包括['交易市场', '交易方式', '交易时间', '交易方向', '交易品种', '价格单位', '申报价格最小变动单位', '有效申报价格范围']
### 测试场景"9", 覆盖变量的最大数目为7, 整体未覆盖的变量包括['交易市场', '交易方向', '有效申报价格范围']

## 测试场景"10", 测试用例"第四十三条.1", 覆盖变量数目为2, 未覆盖的变量包括['交易市场', '交易方式', '交易时间', '交易方向', '交易品种', '价格单位', '申报价格最小变动单位', '有效申报价格范围']
## 测试场景"10", 测试用例"第四十三条.2", 覆盖变量数目为3, 未覆盖的变量包括['交易市场', '交易方式', '交易方向', '交易品种', '价格单位', '申报价格最小变动单位', '有效申报价格范围']
## 测试场景"10", 测试用例"第四十三条.3", 覆盖变量数目为4, 未覆盖的变量包括['交易市场', '交易方向', '交易品种', '价格单位', '申报价格最小变动单位', '有效申报价格范围']
## 测试场景"10", 测试用例"第四十三条.4", 覆盖变量数目为3, 未覆盖的变量包括['交易市场', '交易方式', '交易方向', '交易品种', '价格单位', '申报价格最小变动单位', '有效申报价格范围']
## 测试场景"10", 测试用例"第四十三条.5", 覆盖变量数目为3, 未覆盖的变量包括['交易市场', '交易方式', '交易方向', '交易品种', '价格单位', '申报价格最小变动单位', '有效申报价格范围']
## 测试场景"10", 测试用例"第四十三条.6", 覆盖变量数目为1, 未覆盖的变量包括['交易市场', '交易方式', '交易时间', '操作', '交易方向', '交易品种', '价格单位', '申报价格最小变动单位', '有效申报价格范围']
## 测试场景"10", 测试用例"第四十三条.7", 覆盖变量数目为1, 未覆盖的变量包括['交易市场', '交易方式', '交易时间', '操作', '交易方向', '交易品种', '价格单位', '申报价格最小变动单位', '有效申报价格范围']
## 测试场景"10", 测试用例"第五十二条.1", 覆盖变量数目为1, 未覆盖的变量包括['交易市场', '交易方式', '交易时间', '操作', '交易方向', '交易品种', '价格单位', '申报价格最小变动单位', '有效申报价格范围']
## 测试场景"10", 测试用例"第五十四条.1", 覆盖变量数目为2, 未覆盖的变量包括['交易市场', '交易方式', '交易时间', '交易方向', '交易品种', '价格单位', '申报价格最小变动单位', '有效申报价格范围']
## 测试场景"10", 测试用例"第五十四条.2", 覆盖变量数目为4, 未覆盖的变量包括['交易市场', '交易方式', '交易时间', '交易方向', '申报价格最小变动单位', '有效申报价格范围']
## 测试场景"10", 测试用例"第五十五条.1", 覆盖变量数目为3, 未覆盖的变量包括['交易市场', '交易方式', '交易时间', '交易方向', '交易品种', '价格单位', '有效申报价格范围']
## 测试场景"10", 测试用例"第五十五条.2", 覆盖变量数目为3, 未覆盖的变量包括['交易市场', '交易方式', '交易时间', '交易方向', '价格单位', '申报价格最小变动单位', '有效申报价格范围']
## 测试场景"10", 测试用例"第五十五条.3", 覆盖变量数目为3, 未覆盖的变量包括['交易市场', '交易方式', '交易时间', '交易方向', '交易品种', '价格单位', '有效申报价格范围']
## 测试场景"10", 测试用例"第七十一条.1", 覆盖变量数目为2, 未覆盖的变量包括['交易市场', '交易方式', '交易时间', '交易方向', '交易品种', '价格单位', '申报价格最小变动单位', '有效申报价格范围']
## 测试场景"10", 测试用例"第七十一条.2", 覆盖变量数目为3, 未覆盖的变量包括['交易市场', '交易方式', '交易时间', '交易方向', '价格单位', '申报价格最小变动单位', '有效申报价格范围']
## 测试场景"10", 测试用例"第七十一条.3", 覆盖变量数目为2, 未覆盖的变量包括['交易市场', '交易方式', '交易时间', '交易方向', '交易品种', '价格单位', '申报价格最小变动单位', '有效申报价格范围']
### 测试场景"10", 覆盖变量的最大数目为7, 整体未覆盖的变量包括['交易市场', '交易方向', '有效申报价格范围']

## 测试场景"11", 测试用例"第四十三条.1", 覆盖变量数目为2, 未覆盖的变量包括['交易市场', '交易方式', '交易时间', '交易方向', '交易品种', '价格单位', '申报价格最小变动单位', '有效申报价格范围']
## 测试场景"11", 测试用例"第四十三条.2", 覆盖变量数目为2, 未覆盖的变量包括['交易市场', '交易方式', '交易时间', '交易方向', '交易品种', '价格单位', '申报价格最小变动单位', '有效申报价格范围']
## 测试场景"11", 测试用例"第四十三条.3", 覆盖变量数目为4, 未覆盖的变量包括['交易市场', '交易方向', '交易品种', '价格单位', '申报价格最小变动单位', '有效申报价格范围']
## 测试场景"11", 测试用例"第四十三条.4", 覆盖变量数目为3, 未覆盖的变量包括['交易市场', '交易方式', '交易方向', '交易品种', '价格单位', '申报价格最小变动单位', '有效申报价格范围']
## 测试场景"11", 测试用例"第四十三条.5", 覆盖变量数目为3, 未覆盖的变量包括['交易市场', '交易方式', '交易方向', '交易品种', '价格单位', '申报价格最小变动单位', '有效申报价格范围']
## 测试场景"11", 测试用例"第四十三条.6", 覆盖变量数目为1, 未覆盖的变量包括['交易市场', '交易方式', '交易时间', '操作', '交易方向', '交易品种', '价格单位', '申报价格最小变动单位', '有效申报价格范围']
## 测试场景"11", 测试用例"第四十三条.7", 覆盖变量数目为1, 未覆盖的变量包括['交易市场', '交易方式', '交易时间', '操作', '交易方向', '交易品种', '价格单位', '申报价格最小变动单位', '有效申报价格范围']
## 测试场景"11", 测试用例"第五十二条.1", 覆盖变量数目为1, 未覆盖的变量包括['交易市场', '交易方式', '交易时间', '操作', '交易方向', '交易品种', '价格单位', '申报价格最小变动单位', '有效申报价格范围']
## 测试场景"11", 测试用例"第五十四条.1", 覆盖变量数目为4, 未覆盖的变量包括['交易市场', '交易方式', '交易时间', '交易方向', '申报价格最小变动单位', '有效申报价格范围']
## 测试场景"11", 测试用例"第五十四条.2", 覆盖变量数目为2, 未覆盖的变量包括['交易市场', '交易方式', '交易时间', '交易方向', '交易品种', '价格单位', '申报价格最小变动单位', '有效申报价格范围']
## 测试场景"11", 测试用例"第五十五条.1", 覆盖变量数目为4, 未覆盖的变量包括['交易市场', '交易方式', '交易时间', '交易方向', '价格单位', '有效申报价格范围']
## 测试场景"11", 测试用例"第五十五条.2", 覆盖变量数目为2, 未覆盖的变量包括['交易市场', '交易方式', '交易时间', '交易方向', '交易品种', '价格单位', '申报价格最小变动单位', '有效申报价格范围']
## 测试场景"11", 测试用例"第五十五条.3", 覆盖变量数目为3, 未覆盖的变量包括['交易市场', '交易方式', '交易时间', '交易方向', '交易品种', '价格单位', '有效申报价格范围']
## 测试场景"11", 测试用例"第七十一条.1", 覆盖变量数目为2, 未覆盖的变量包括['交易市场', '交易方式', '交易时间', '交易方向', '交易品种', '价格单位', '申报价格最小变动单位', '有效申报价格范围']
## 测试场景"11", 测试用例"第七十一条.2", 覆盖变量数目为2, 未覆盖的变量包括['交易市场', '交易方式', '交易时间', '交易方向', '交易品种', '价格单位', '申报价格最小变动单位', '有效申报价格范围']
## 测试场景"11", 测试用例"第七十一条.3", 覆盖变量数目为2, 未覆盖的变量包括['交易市场', '交易方式', '交易时间', '交易方向', '交易品种', '价格单位', '申报价格最小变动单位', '有效申报价格范围']
### 测试场景"11", 覆盖变量的最大数目为7, 整体未覆盖的变量包括['交易市场', '交易方向', '有效申报价格范围']

## 测试场景"12", 测试用例"第四十三条.1", 覆盖变量数目为2, 未覆盖的变量包括['交易市场', '交易方式', '交易时间', '交易方向', '交易品种', '价格单位', '申报价格最小变动单位', '有效申报价格范围']
## 测试场景"12", 测试用例"第四十三条.2", 覆盖变量数目为2, 未覆盖的变量包括['交易市场', '交易方式', '交易时间', '交易方向', '交易品种', '价格单位', '申报价格最小变动单位', '有效申报价格范围']
## 测试场景"12", 测试用例"第四十三条.3", 覆盖变量数目为4, 未覆盖的变量包括['交易市场', '交易方向', '交易品种', '价格单位', '申报价格最小变动单位', '有效申报价格范围']
## 测试场景"12", 测试用例"第四十三条.4", 覆盖变量数目为3, 未覆盖的变量包括['交易市场', '交易方式', '交易方向', '交易品种', '价格单位', '申报价格最小变动单位', '有效申报价格范围']
## 测试场景"12", 测试用例"第四十三条.5", 覆盖变量数目为3, 未覆盖的变量包括['交易市场', '交易方式', '交易方向', '交易品种', '价格单位', '申报价格最小变动单位', '有效申报价格范围']
## 测试场景"12", 测试用例"第四十三条.6", 覆盖变量数目为1, 未覆盖的变量包括['交易市场', '交易方式', '交易时间', '操作', '交易方向', '交易品种', '价格单位', '申报价格最小变动单位', '有效申报价格范围']
## 测试场景"12", 测试用例"第四十三条.7", 覆盖变量数目为1, 未覆盖的变量包括['交易市场', '交易方式', '交易时间', '操作', '交易方向', '交易品种', '价格单位', '申报价格最小变动单位', '有效申报价格范围']
## 测试场景"12", 测试用例"第五十二条.1", 覆盖变量数目为1, 未覆盖的变量包括['交易市场', '交易方式', '交易时间', '操作', '交易方向', '交易品种', '价格单位', '申报价格最小变动单位', '有效申报价格范围']
## 测试场景"12", 测试用例"第五十四条.1", 覆盖变量数目为2, 未覆盖的变量包括['交易市场', '交易方式', '交易时间', '交易方向', '交易品种', '价格单位', '申报价格最小变动单位', '有效申报价格范围']
## 测试场景"12", 测试用例"第五十四条.2", 覆盖变量数目为4, 未覆盖的变量包括['交易市场', '交易方式', '交易时间', '交易方向', '申报价格最小变动单位', '有效申报价格范围']
## 测试场景"12", 测试用例"第五十五条.1", 覆盖变量数目为3, 未覆盖的变量包括['交易市场', '交易方式', '交易时间', '交易方向', '交易品种', '价格单位', '有效申报价格范围']
## 测试场景"12", 测试用例"第五十五条.2", 覆盖变量数目为3, 未覆盖的变量包括['交易市场', '交易方式', '交易时间', '交易方向', '价格单位', '申报价格最小变动单位', '有效申报价格范围']
## 测试场景"12", 测试用例"第五十五条.3", 覆盖变量数目为3, 未覆盖的变量包括['交易市场', '交易方式', '交易时间', '交易方向', '交易品种', '价格单位', '有效申报价格范围']
## 测试场景"12", 测试用例"第七十一条.1", 覆盖变量数目为2, 未覆盖的变量包括['交易市场', '交易方式', '交易时间', '交易方向', '交易品种', '价格单位', '申报价格最小变动单位', '有效申报价格范围']
## 测试场景"12", 测试用例"第七十一条.2", 覆盖变量数目为3, 未覆盖的变量包括['交易市场', '交易方式', '交易时间', '交易方向', '价格单位', '申报价格最小变动单位', '有效申报价格范围']
## 测试场景"12", 测试用例"第七十一条.3", 覆盖变量数目为2, 未覆盖的变量包括['交易市场', '交易方式', '交易时间', '交易方向', '交易品种', '价格单位', '申报价格最小变动单位', '有效申报价格范围']
### 测试场景"12", 覆盖变量的最大数目为7, 整体未覆盖的变量包括['交易市场', '交易方向', '有效申报价格范围']

## 测试场景"13", 测试用例"第四十三条.1", 覆盖变量数目为2, 未覆盖的变量包括['交易市场', '交易方式', '交易时间', '交易方向', '交易品种', '价格单位', '申报价格最小变动单位', '有效申报价格范围']
## 测试场景"13", 测试用例"第四十三条.2", 覆盖变量数目为3, 未覆盖的变量包括['交易市场', '交易方式', '交易方向', '交易品种', '价格单位', '申报价格最小变动单位', '有效申报价格范围']
## 测试场景"13", 测试用例"第四十三条.3", 覆盖变量数目为3, 未覆盖的变量包括['交易市场', '交易方式', '交易方向', '交易品种', '价格单位', '申报价格最小变动单位', '有效申报价格范围']
## 测试场景"13", 测试用例"第四十三条.4", 覆盖变量数目为4, 未覆盖的变量包括['交易市场', '交易方向', '交易品种', '价格单位', '申报价格最小变动单位', '有效申报价格范围']
## 测试场景"13", 测试用例"第四十三条.5", 覆盖变量数目为3, 未覆盖的变量包括['交易市场', '交易方式', '交易方向', '交易品种', '价格单位', '申报价格最小变动单位', '有效申报价格范围']
## 测试场景"13", 测试用例"第四十三条.6", 覆盖变量数目为1, 未覆盖的变量包括['交易市场', '交易方式', '交易时间', '操作', '交易方向', '交易品种', '价格单位', '申报价格最小变动单位', '有效申报价格范围']
## 测试场景"13", 测试用例"第四十三条.7", 覆盖变量数目为1, 未覆盖的变量包括['交易市场', '交易方式', '交易时间', '操作', '交易方向', '交易品种', '价格单位', '申报价格最小变动单位', '有效申报价格范围']
## 测试场景"13", 测试用例"第五十二条.1", 覆盖变量数目为1, 未覆盖的变量包括['交易市场', '交易方式', '交易时间', '操作', '交易方向', '交易品种', '价格单位', '申报价格最小变动单位', '有效申报价格范围']
## 测试场景"13", 测试用例"第五十四条.1", 覆盖变量数目为4, 未覆盖的变量包括['交易市场', '交易方式', '交易时间', '交易方向', '申报价格最小变动单位', '有效申报价格范围']
## 测试场景"13", 测试用例"第五十四条.2", 覆盖变量数目为2, 未覆盖的变量包括['交易市场', '交易方式', '交易时间', '交易方向', '交易品种', '价格单位', '申报价格最小变动单位', '有效申报价格范围']
## 测试场景"13", 测试用例"第五十五条.1", 覆盖变量数目为4, 未覆盖的变量包括['交易市场', '交易方式', '交易时间', '交易方向', '价格单位', '有效申报价格范围']
## 测试场景"13", 测试用例"第五十五条.2", 覆盖变量数目为2, 未覆盖的变量包括['交易市场', '交易方式', '交易时间', '交易方向', '交易品种', '价格单位', '申报价格最小变动单位', '有效申报价格范围']
## 测试场景"13", 测试用例"第五十五条.3", 覆盖变量数目为3, 未覆盖的变量包括['交易市场', '交易方式', '交易时间', '交易方向', '交易品种', '价格单位', '有效申报价格范围']
## 测试场景"13", 测试用例"第七十一条.1", 覆盖变量数目为2, 未覆盖的变量包括['交易市场', '交易方式', '交易时间', '交易方向', '交易品种', '价格单位', '申报价格最小变动单位', '有效申报价格范围']
## 测试场景"13", 测试用例"第七十一条.2", 覆盖变量数目为2, 未覆盖的变量包括['交易市场', '交易方式', '交易时间', '交易方向', '交易品种', '价格单位', '申报价格最小变动单位', '有效申报价格范围']
## 测试场景"13", 测试用例"第七十一条.3", 覆盖变量数目为2, 未覆盖的变量包括['交易市场', '交易方式', '交易时间', '交易方向', '交易品种', '价格单位', '申报价格最小变动单位', '有效申报价格范围']
### 测试场景"13", 覆盖变量的最大数目为7, 整体未覆盖的变量包括['交易市场', '交易方向', '有效申报价格范围']

## 测试场景"14", 测试用例"第四十三条.1", 覆盖变量数目为2, 未覆盖的变量包括['交易市场', '交易方式', '交易时间', '交易方向', '交易品种', '价格单位', '申报价格最小变动单位', '有效申报价格范围']
## 测试场景"14", 测试用例"第四十三条.2", 覆盖变量数目为3, 未覆盖的变量包括['交易市场', '交易方式', '交易方向', '交易品种', '价格单位', '申报价格最小变动单位', '有效申报价格范围']
## 测试场景"14", 测试用例"第四十三条.3", 覆盖变量数目为3, 未覆盖的变量包括['交易市场', '交易方式', '交易方向', '交易品种', '价格单位', '申报价格最小变动单位', '有效申报价格范围']
## 测试场景"14", 测试用例"第四十三条.4", 覆盖变量数目为4, 未覆盖的变量包括['交易市场', '交易方向', '交易品种', '价格单位', '申报价格最小变动单位', '有效申报价格范围']
## 测试场景"14", 测试用例"第四十三条.5", 覆盖变量数目为3, 未覆盖的变量包括['交易市场', '交易方式', '交易方向', '交易品种', '价格单位', '申报价格最小变动单位', '有效申报价格范围']
## 测试场景"14", 测试用例"第四十三条.6", 覆盖变量数目为1, 未覆盖的变量包括['交易市场', '交易方式', '交易时间', '操作', '交易方向', '交易品种', '价格单位', '申报价格最小变动单位', '有效申报价格范围']
## 测试场景"14", 测试用例"第四十三条.7", 覆盖变量数目为1, 未覆盖的变量包括['交易市场', '交易方式', '交易时间', '操作', '交易方向', '交易品种', '价格单位', '申报价格最小变动单位', '有效申报价格范围']
## 测试场景"14", 测试用例"第五十二条.1", 覆盖变量数目为1, 未覆盖的变量包括['交易市场', '交易方式', '交易时间', '操作', '交易方向', '交易品种', '价格单位', '申报价格最小变动单位', '有效申报价格范围']
## 测试场景"14", 测试用例"第五十四条.1", 覆盖变量数目为2, 未覆盖的变量包括['交易市场', '交易方式', '交易时间', '交易方向', '交易品种', '价格单位', '申报价格最小变动单位', '有效申报价格范围']
## 测试场景"14", 测试用例"第五十四条.2", 覆盖变量数目为4, 未覆盖的变量包括['交易市场', '交易方式', '交易时间', '交易方向', '申报价格最小变动单位', '有效申报价格范围']
## 测试场景"14", 测试用例"第五十五条.1", 覆盖变量数目为3, 未覆盖的变量包括['交易市场', '交易方式', '交易时间', '交易方向', '交易品种', '价格单位', '有效申报价格范围']
## 测试场景"14", 测试用例"第五十五条.2", 覆盖变量数目为3, 未覆盖的变量包括['交易市场', '交易方式', '交易时间', '交易方向', '价格单位', '申报价格最小变动单位', '有效申报价格范围']
## 测试场景"14", 测试用例"第五十五条.3", 覆盖变量数目为3, 未覆盖的变量包括['交易市场', '交易方式', '交易时间', '交易方向', '交易品种', '价格单位', '有效申报价格范围']
## 测试场景"14", 测试用例"第七十一条.1", 覆盖变量数目为2, 未覆盖的变量包括['交易市场', '交易方式', '交易时间', '交易方向', '交易品种', '价格单位', '申报价格最小变动单位', '有效申报价格范围']
## 测试场景"14", 测试用例"第七十一条.2", 覆盖变量数目为3, 未覆盖的变量包括['交易市场', '交易方式', '交易时间', '交易方向', '价格单位', '申报价格最小变动单位', '有效申报价格范围']
## 测试场景"14", 测试用例"第七十一条.3", 覆盖变量数目为2, 未覆盖的变量包括['交易市场', '交易方式', '交易时间', '交易方向', '交易品种', '价格单位', '申报价格最小变动单位', '有效申报价格范围']
### 测试场景"14", 覆盖变量的最大数目为7, 整体未覆盖的变量包括['交易市场', '交易方向', '有效申报价格范围']

## 测试场景"15", 测试用例"第四十三条.1", 覆盖变量数目为2, 未覆盖的变量包括['交易市场', '交易方式', '交易时间', '交易方向', '交易品种', '价格单位', '申报价格最小变动单位', '有效申报价格范围']
## 测试场景"15", 测试用例"第四十三条.2", 覆盖变量数目为2, 未覆盖的变量包括['交易市场', '交易方式', '交易时间', '交易方向', '交易品种', '价格单位', '申报价格最小变动单位', '有效申报价格范围']
## 测试场景"15", 测试用例"第四十三条.3", 覆盖变量数目为3, 未覆盖的变量包括['交易市场', '交易方式', '交易方向', '交易品种', '价格单位', '申报价格最小变动单位', '有效申报价格范围']
## 测试场景"15", 测试用例"第四十三条.4", 覆盖变量数目为4, 未覆盖的变量包括['交易市场', '交易方向', '交易品种', '价格单位', '申报价格最小变动单位', '有效申报价格范围']
## 测试场景"15", 测试用例"第四十三条.5", 覆盖变量数目为3, 未覆盖的变量包括['交易市场', '交易方式', '交易方向', '交易品种', '价格单位', '申报价格最小变动单位', '有效申报价格范围']
## 测试场景"15", 测试用例"第四十三条.6", 覆盖变量数目为1, 未覆盖的变量包括['交易市场', '交易方式', '交易时间', '操作', '交易方向', '交易品种', '价格单位', '申报价格最小变动单位', '有效申报价格范围']
## 测试场景"15", 测试用例"第四十三条.7", 覆盖变量数目为1, 未覆盖的变量包括['交易市场', '交易方式', '交易时间', '操作', '交易方向', '交易品种', '价格单位', '申报价格最小变动单位', '有效申报价格范围']
## 测试场景"15", 测试用例"第五十二条.1", 覆盖变量数目为1, 未覆盖的变量包括['交易市场', '交易方式', '交易时间', '操作', '交易方向', '交易品种', '价格单位', '申报价格最小变动单位', '有效申报价格范围']
## 测试场景"15", 测试用例"第五十四条.1", 覆盖变量数目为4, 未覆盖的变量包括['交易市场', '交易方式', '交易时间', '交易方向', '申报价格最小变动单位', '有效申报价格范围']
## 测试场景"15", 测试用例"第五十四条.2", 覆盖变量数目为2, 未覆盖的变量包括['交易市场', '交易方式', '交易时间', '交易方向', '交易品种', '价格单位', '申报价格最小变动单位', '有效申报价格范围']
## 测试场景"15", 测试用例"第五十五条.1", 覆盖变量数目为4, 未覆盖的变量包括['交易市场', '交易方式', '交易时间', '交易方向', '价格单位', '有效申报价格范围']
## 测试场景"15", 测试用例"第五十五条.2", 覆盖变量数目为2, 未覆盖的变量包括['交易市场', '交易方式', '交易时间', '交易方向', '交易品种', '价格单位', '申报价格最小变动单位', '有效申报价格范围']
## 测试场景"15", 测试用例"第五十五条.3", 覆盖变量数目为3, 未覆盖的变量包括['交易市场', '交易方式', '交易时间', '交易方向', '交易品种', '价格单位', '有效申报价格范围']
## 测试场景"15", 测试用例"第七十一条.1", 覆盖变量数目为2, 未覆盖的变量包括['交易市场', '交易方式', '交易时间', '交易方向', '交易品种', '价格单位', '申报价格最小变动单位', '有效申报价格范围']
## 测试场景"15", 测试用例"第七十一条.2", 覆盖变量数目为2, 未覆盖的变量包括['交易市场', '交易方式', '交易时间', '交易方向', '交易品种', '价格单位', '申报价格最小变动单位', '有效申报价格范围']
## 测试场景"15", 测试用例"第七十一条.3", 覆盖变量数目为2, 未覆盖的变量包括['交易市场', '交易方式', '交易时间', '交易方向', '交易品种', '价格单位', '申报价格最小变动单位', '有效申报价格范围']
### 测试场景"15", 覆盖变量的最大数目为7, 整体未覆盖的变量包括['交易市场', '交易方向', '有效申报价格范围']

## 测试场景"16", 测试用例"第四十三条.1", 覆盖变量数目为2, 未覆盖的变量包括['交易市场', '交易方式', '交易时间', '交易方向', '交易品种', '价格单位', '申报价格最小变动单位', '有效申报价格范围']
## 测试场景"16", 测试用例"第四十三条.2", 覆盖变量数目为2, 未覆盖的变量包括['交易市场', '交易方式', '交易时间', '交易方向', '交易品种', '价格单位', '申报价格最小变动单位', '有效申报价格范围']
## 测试场景"16", 测试用例"第四十三条.3", 覆盖变量数目为3, 未覆盖的变量包括['交易市场', '交易方式', '交易方向', '交易品种', '价格单位', '申报价格最小变动单位', '有效申报价格范围']
## 测试场景"16", 测试用例"第四十三条.4", 覆盖变量数目为4, 未覆盖的变量包括['交易市场', '交易方向', '交易品种', '价格单位', '申报价格最小变动单位', '有效申报价格范围']
## 测试场景"16", 测试用例"第四十三条.5", 覆盖变量数目为3, 未覆盖的变量包括['交易市场', '交易方式', '交易方向', '交易品种', '价格单位', '申报价格最小变动单位', '有效申报价格范围']
## 测试场景"16", 测试用例"第四十三条.6", 覆盖变量数目为1, 未覆盖的变量包括['交易市场', '交易方式', '交易时间', '操作', '交易方向', '交易品种', '价格单位', '申报价格最小变动单位', '有效申报价格范围']
## 测试场景"16", 测试用例"第四十三条.7", 覆盖变量数目为1, 未覆盖的变量包括['交易市场', '交易方式', '交易时间', '操作', '交易方向', '交易品种', '价格单位', '申报价格最小变动单位', '有效申报价格范围']
## 测试场景"16", 测试用例"第五十二条.1", 覆盖变量数目为1, 未覆盖的变量包括['交易市场', '交易方式', '交易时间', '操作', '交易方向', '交易品种', '价格单位', '申报价格最小变动单位', '有效申报价格范围']
## 测试场景"16", 测试用例"第五十四条.1", 覆盖变量数目为2, 未覆盖的变量包括['交易市场', '交易方式', '交易时间', '交易方向', '交易品种', '价格单位', '申报价格最小变动单位', '有效申报价格范围']
## 测试场景"16", 测试用例"第五十四条.2", 覆盖变量数目为4, 未覆盖的变量包括['交易市场', '交易方式', '交易时间', '交易方向', '申报价格最小变动单位', '有效申报价格范围']
## 测试场景"16", 测试用例"第五十五条.1", 覆盖变量数目为3, 未覆盖的变量包括['交易市场', '交易方式', '交易时间', '交易方向', '交易品种', '价格单位', '有效申报价格范围']
## 测试场景"16", 测试用例"第五十五条.2", 覆盖变量数目为3, 未覆盖的变量包括['交易市场', '交易方式', '交易时间', '交易方向', '价格单位', '申报价格最小变动单位', '有效申报价格范围']
## 测试场景"16", 测试用例"第五十五条.3", 覆盖变量数目为3, 未覆盖的变量包括['交易市场', '交易方式', '交易时间', '交易方向', '交易品种', '价格单位', '有效申报价格范围']
## 测试场景"16", 测试用例"第七十一条.1", 覆盖变量数目为2, 未覆盖的变量包括['交易市场', '交易方式', '交易时间', '交易方向', '交易品种', '价格单位', '申报价格最小变动单位', '有效申报价格范围']
## 测试场景"16", 测试用例"第七十一条.2", 覆盖变量数目为3, 未覆盖的变量包括['交易市场', '交易方式', '交易时间', '交易方向', '价格单位', '申报价格最小变动单位', '有效申报价格范围']
## 测试场景"16", 测试用例"第七十一条.3", 覆盖变量数目为2, 未覆盖的变量包括['交易市场', '交易方式', '交易时间', '交易方向', '交易品种', '价格单位', '申报价格最小变动单位', '有效申报价格范围']
### 测试场景"16", 覆盖变量的最大数目为7, 整体未覆盖的变量包括['交易市场', '交易方向', '有效申报价格范围']

## 测试场景"17", 测试用例"第四十三条.1", 覆盖变量数目为2, 未覆盖的变量包括['交易市场', '交易方式', '交易时间', '交易方向', '交易品种', '价格单位', '申报价格最小变动单位', '有效申报价格范围']
## 测试场景"17", 测试用例"第四十三条.2", 覆盖变量数目为3, 未覆盖的变量包括['交易市场', '交易方式', '交易方向', '交易品种', '价格单位', '申报价格最小变动单位', '有效申报价格范围']
## 测试场景"17", 测试用例"第四十三条.3", 覆盖变量数目为3, 未覆盖的变量包括['交易市场', '交易方式', '交易方向', '交易品种', '价格单位', '申报价格最小变动单位', '有效申报价格范围']
## 测试场景"17", 测试用例"第四十三条.4", 覆盖变量数目为3, 未覆盖的变量包括['交易市场', '交易方式', '交易方向', '交易品种', '价格单位', '申报价格最小变动单位', '有效申报价格范围']
## 测试场景"17", 测试用例"第四十三条.5", 覆盖变量数目为4, 未覆盖的变量包括['交易市场', '交易方向', '交易品种', '价格单位', '申报价格最小变动单位', '有效申报价格范围']
## 测试场景"17", 测试用例"第四十三条.6", 覆盖变量数目为1, 未覆盖的变量包括['交易市场', '交易方式', '交易时间', '操作', '交易方向', '交易品种', '价格单位', '申报价格最小变动单位', '有效申报价格范围']
## 测试场景"17", 测试用例"第四十三条.7", 覆盖变量数目为1, 未覆盖的变量包括['交易市场', '交易方式', '交易时间', '操作', '交易方向', '交易品种', '价格单位', '申报价格最小变动单位', '有效申报价格范围']
## 测试场景"17", 测试用例"第五十二条.1", 覆盖变量数目为1, 未覆盖的变量包括['交易市场', '交易方式', '交易时间', '操作', '交易方向', '交易品种', '价格单位', '申报价格最小变动单位', '有效申报价格范围']
## 测试场景"17", 测试用例"第五十四条.1", 覆盖变量数目为4, 未覆盖的变量包括['交易市场', '交易方式', '交易时间', '交易方向', '申报价格最小变动单位', '有效申报价格范围']
## 测试场景"17", 测试用例"第五十四条.2", 覆盖变量数目为2, 未覆盖的变量包括['交易市场', '交易方式', '交易时间', '交易方向', '交易品种', '价格单位', '申报价格最小变动单位', '有效申报价格范围']
## 测试场景"17", 测试用例"第五十五条.1", 覆盖变量数目为4, 未覆盖的变量包括['交易市场', '交易方式', '交易时间', '交易方向', '价格单位', '有效申报价格范围']
## 测试场景"17", 测试用例"第五十五条.2", 覆盖变量数目为2, 未覆盖的变量包括['交易市场', '交易方式', '交易时间', '交易方向', '交易品种', '价格单位', '申报价格最小变动单位', '有效申报价格范围']
## 测试场景"17", 测试用例"第五十五条.3", 覆盖变量数目为3, 未覆盖的变量包括['交易市场', '交易方式', '交易时间', '交易方向', '交易品种', '价格单位', '有效申报价格范围']
## 测试场景"17", 测试用例"第七十一条.1", 覆盖变量数目为2, 未覆盖的变量包括['交易市场', '交易方式', '交易时间', '交易方向', '交易品种', '价格单位', '申报价格最小变动单位', '有效申报价格范围']
## 测试场景"17", 测试用例"第七十一条.2", 覆盖变量数目为2, 未覆盖的变量包括['交易市场', '交易方式', '交易时间', '交易方向', '交易品种', '价格单位', '申报价格最小变动单位', '有效申报价格范围']
## 测试场景"17", 测试用例"第七十一条.3", 覆盖变量数目为2, 未覆盖的变量包括['交易市场', '交易方式', '交易时间', '交易方向', '交易品种', '价格单位', '申报价格最小变动单位', '有效申报价格范围']
### 测试场景"17", 覆盖变量的最大数目为7, 整体未覆盖的变量包括['交易市场', '交易方向', '有效申报价格范围']

## 测试场景"18", 测试用例"第四十三条.1", 覆盖变量数目为2, 未覆盖的变量包括['交易市场', '交易方式', '交易时间', '交易方向', '交易品种', '价格单位', '申报价格最小变动单位', '有效申报价格范围']
## 测试场景"18", 测试用例"第四十三条.2", 覆盖变量数目为3, 未覆盖的变量包括['交易市场', '交易方式', '交易方向', '交易品种', '价格单位', '申报价格最小变动单位', '有效申报价格范围']
## 测试场景"18", 测试用例"第四十三条.3", 覆盖变量数目为3, 未覆盖的变量包括['交易市场', '交易方式', '交易方向', '交易品种', '价格单位', '申报价格最小变动单位', '有效申报价格范围']
## 测试场景"18", 测试用例"第四十三条.4", 覆盖变量数目为3, 未覆盖的变量包括['交易市场', '交易方式', '交易方向', '交易品种', '价格单位', '申报价格最小变动单位', '有效申报价格范围']
## 测试场景"18", 测试用例"第四十三条.5", 覆盖变量数目为4, 未覆盖的变量包括['交易市场', '交易方向', '交易品种', '价格单位', '申报价格最小变动单位', '有效申报价格范围']
## 测试场景"18", 测试用例"第四十三条.6", 覆盖变量数目为1, 未覆盖的变量包括['交易市场', '交易方式', '交易时间', '操作', '交易方向', '交易品种', '价格单位', '申报价格最小变动单位', '有效申报价格范围']
## 测试场景"18", 测试用例"第四十三条.7", 覆盖变量数目为1, 未覆盖的变量包括['交易市场', '交易方式', '交易时间', '操作', '交易方向', '交易品种', '价格单位', '申报价格最小变动单位', '有效申报价格范围']
## 测试场景"18", 测试用例"第五十二条.1", 覆盖变量数目为1, 未覆盖的变量包括['交易市场', '交易方式', '交易时间', '操作', '交易方向', '交易品种', '价格单位', '申报价格最小变动单位', '有效申报价格范围']
## 测试场景"18", 测试用例"第五十四条.1", 覆盖变量数目为2, 未覆盖的变量包括['交易市场', '交易方式', '交易时间', '交易方向', '交易品种', '价格单位', '申报价格最小变动单位', '有效申报价格范围']
## 测试场景"18", 测试用例"第五十四条.2", 覆盖变量数目为4, 未覆盖的变量包括['交易市场', '交易方式', '交易时间', '交易方向', '申报价格最小变动单位', '有效申报价格范围']
## 测试场景"18", 测试用例"第五十五条.1", 覆盖变量数目为3, 未覆盖的变量包括['交易市场', '交易方式', '交易时间', '交易方向', '交易品种', '价格单位', '有效申报价格范围']
## 测试场景"18", 测试用例"第五十五条.2", 覆盖变量数目为3, 未覆盖的变量包括['交易市场', '交易方式', '交易时间', '交易方向', '价格单位', '申报价格最小变动单位', '有效申报价格范围']
## 测试场景"18", 测试用例"第五十五条.3", 覆盖变量数目为3, 未覆盖的变量包括['交易市场', '交易方式', '交易时间', '交易方向', '交易品种', '价格单位', '有效申报价格范围']
## 测试场景"18", 测试用例"第七十一条.1", 覆盖变量数目为2, 未覆盖的变量包括['交易市场', '交易方式', '交易时间', '交易方向', '交易品种', '价格单位', '申报价格最小变动单位', '有效申报价格范围']
## 测试场景"18", 测试用例"第七十一条.2", 覆盖变量数目为3, 未覆盖的变量包括['交易市场', '交易方式', '交易时间', '交易方向', '价格单位', '申报价格最小变动单位', '有效申报价格范围']
## 测试场景"18", 测试用例"第七十一条.3", 覆盖变量数目为2, 未覆盖的变量包括['交易市场', '交易方式', '交易时间', '交易方向', '交易品种', '价格单位', '申报价格最小变动单位', '有效申报价格范围']
### 测试场景"18", 覆盖变量的最大数目为7, 整体未覆盖的变量包括['交易市场', '交易方向', '有效申报价格范围']

## 测试场景"19", 测试用例"第四十三条.1", 覆盖变量数目为2, 未覆盖的变量包括['交易市场', '交易方式', '交易时间', '交易方向', '交易品种', '价格单位', '申报价格最小变动单位', '有效申报价格范围']
## 测试场景"19", 测试用例"第四十三条.2", 覆盖变量数目为2, 未覆盖的变量包括['交易市场', '交易方式', '交易时间', '交易方向', '交易品种', '价格单位', '申报价格最小变动单位', '有效申报价格范围']
## 测试场景"19", 测试用例"第四十三条.3", 覆盖变量数目为3, 未覆盖的变量包括['交易市场', '交易方式', '交易方向', '交易品种', '价格单位', '申报价格最小变动单位', '有效申报价格范围']
## 测试场景"19", 测试用例"第四十三条.4", 覆盖变量数目为3, 未覆盖的变量包括['交易市场', '交易方式', '交易方向', '交易品种', '价格单位', '申报价格最小变动单位', '有效申报价格范围']
## 测试场景"19", 测试用例"第四十三条.5", 覆盖变量数目为4, 未覆盖的变量包括['交易市场', '交易方向', '交易品种', '价格单位', '申报价格最小变动单位', '有效申报价格范围']
## 测试场景"19", 测试用例"第四十三条.6", 覆盖变量数目为1, 未覆盖的变量包括['交易市场', '交易方式', '交易时间', '操作', '交易方向', '交易品种', '价格单位', '申报价格最小变动单位', '有效申报价格范围']
## 测试场景"19", 测试用例"第四十三条.7", 覆盖变量数目为1, 未覆盖的变量包括['交易市场', '交易方式', '交易时间', '操作', '交易方向', '交易品种', '价格单位', '申报价格最小变动单位', '有效申报价格范围']
## 测试场景"19", 测试用例"第五十二条.1", 覆盖变量数目为1, 未覆盖的变量包括['交易市场', '交易方式', '交易时间', '操作', '交易方向', '交易品种', '价格单位', '申报价格最小变动单位', '有效申报价格范围']
## 测试场景"19", 测试用例"第五十四条.1", 覆盖变量数目为4, 未覆盖的变量包括['交易市场', '交易方式', '交易时间', '交易方向', '申报价格最小变动单位', '有效申报价格范围']
## 测试场景"19", 测试用例"第五十四条.2", 覆盖变量数目为2, 未覆盖的变量包括['交易市场', '交易方式', '交易时间', '交易方向', '交易品种', '价格单位', '申报价格最小变动单位', '有效申报价格范围']
## 测试场景"19", 测试用例"第五十五条.1", 覆盖变量数目为4, 未覆盖的变量包括['交易市场', '交易方式', '交易时间', '交易方向', '价格单位', '有效申报价格范围']
## 测试场景"19", 测试用例"第五十五条.2", 覆盖变量数目为2, 未覆盖的变量包括['交易市场', '交易方式', '交易时间', '交易方向', '交易品种', '价格单位', '申报价格最小变动单位', '有效申报价格范围']
## 测试场景"19", 测试用例"第五十五条.3", 覆盖变量数目为3, 未覆盖的变量包括['交易市场', '交易方式', '交易时间', '交易方向', '交易品种', '价格单位', '有效申报价格范围']
## 测试场景"19", 测试用例"第七十一条.1", 覆盖变量数目为2, 未覆盖的变量包括['交易市场', '交易方式', '交易时间', '交易方向', '交易品种', '价格单位', '申报价格最小变动单位', '有效申报价格范围']
## 测试场景"19", 测试用例"第七十一条.2", 覆盖变量数目为2, 未覆盖的变量包括['交易市场', '交易方式', '交易时间', '交易方向', '交易品种', '价格单位', '申报价格最小变动单位', '有效申报价格范围']
## 测试场景"19", 测试用例"第七十一条.3", 覆盖变量数目为2, 未覆盖的变量包括['交易市场', '交易方式', '交易时间', '交易方向', '交易品种', '价格单位', '申报价格最小变动单位', '有效申报价格范围']
### 测试场景"19", 覆盖变量的最大数目为7, 整体未覆盖的变量包括['交易市场', '交易方向', '有效申报价格范围']

## 测试场景"20", 测试用例"第四十三条.1", 覆盖变量数目为2, 未覆盖的变量包括['交易市场', '交易方式', '交易时间', '交易方向', '交易品种', '价格单位', '申报价格最小变动单位', '有效申报价格范围']
## 测试场景"20", 测试用例"第四十三条.2", 覆盖变量数目为2, 未覆盖的变量包括['交易市场', '交易方式', '交易时间', '交易方向', '交易品种', '价格单位', '申报价格最小变动单位', '有效申报价格范围']
## 测试场景"20", 测试用例"第四十三条.3", 覆盖变量数目为3, 未覆盖的变量包括['交易市场', '交易方式', '交易方向', '交易品种', '价格单位', '申报价格最小变动单位', '有效申报价格范围']
## 测试场景"20", 测试用例"第四十三条.4", 覆盖变量数目为3, 未覆盖的变量包括['交易市场', '交易方式', '交易方向', '交易品种', '价格单位', '申报价格最小变动单位', '有效申报价格范围']
## 测试场景"20", 测试用例"第四十三条.5", 覆盖变量数目为4, 未覆盖的变量包括['交易市场', '交易方向', '交易品种', '价格单位', '申报价格最小变动单位', '有效申报价格范围']
## 测试场景"20", 测试用例"第四十三条.6", 覆盖变量数目为1, 未覆盖的变量包括['交易市场', '交易方式', '交易时间', '操作', '交易方向', '交易品种', '价格单位', '申报价格最小变动单位', '有效申报价格范围']
## 测试场景"20", 测试用例"第四十三条.7", 覆盖变量数目为1, 未覆盖的变量包括['交易市场', '交易方式', '交易时间', '操作', '交易方向', '交易品种', '价格单位', '申报价格最小变动单位', '有效申报价格范围']
## 测试场景"20", 测试用例"第五十二条.1", 覆盖变量数目为1, 未覆盖的变量包括['交易市场', '交易方式', '交易时间', '操作', '交易方向', '交易品种', '价格单位', '申报价格最小变动单位', '有效申报价格范围']
## 测试场景"20", 测试用例"第五十四条.1", 覆盖变量数目为2, 未覆盖的变量包括['交易市场', '交易方式', '交易时间', '交易方向', '交易品种', '价格单位', '申报价格最小变动单位', '有效申报价格范围']
## 测试场景"20", 测试用例"第五十四条.2", 覆盖变量数目为4, 未覆盖的变量包括['交易市场', '交易方式', '交易时间', '交易方向', '申报价格最小变动单位', '有效申报价格范围']
## 测试场景"20", 测试用例"第五十五条.1", 覆盖变量数目为3, 未覆盖的变量包括['交易市场', '交易方式', '交易时间', '交易方向', '交易品种', '价格单位', '有效申报价格范围']
## 测试场景"20", 测试用例"第五十五条.2", 覆盖变量数目为3, 未覆盖的变量包括['交易市场', '交易方式', '交易时间', '交易方向', '价格单位', '申报价格最小变动单位', '有效申报价格范围']
## 测试场景"20", 测试用例"第五十五条.3", 覆盖变量数目为3, 未覆盖的变量包括['交易市场', '交易方式', '交易时间', '交易方向', '交易品种', '价格单位', '有效申报价格范围']
## 测试场景"20", 测试用例"第七十一条.1", 覆盖变量数目为2, 未覆盖的变量包括['交易市场', '交易方式', '交易时间', '交易方向', '交易品种', '价格单位', '申报价格最小变动单位', '有效申报价格范围']
## 测试场景"20", 测试用例"第七十一条.2", 覆盖变量数目为3, 未覆盖的变量包括['交易市场', '交易方式', '交易时间', '交易方向', '价格单位', '申报价格最小变动单位', '有效申报价格范围']
## 测试场景"20", 测试用例"第七十一条.3", 覆盖变量数目为2, 未覆盖的变量包括['交易市场', '交易方式', '交易时间', '交易方向', '交易品种', '价格单位', '申报价格最小变动单位', '有效申报价格范围']
### 测试场景"20", 覆盖变量的最大数目为7, 整体未覆盖的变量包括['交易市场', '交易方向', '有效申报价格范围']

## 测试场景"21", 测试用例"第四十三条.1", 覆盖变量数目为2, 未覆盖的变量包括['交易市场', '交易方式', '交易时间', '交易方向', '交易品种', '价格单位', '申报价格最小变动单位', '有效申报价格范围']
## 测试场景"21", 测试用例"第四十三条.2", 覆盖变量数目为2, 未覆盖的变量包括['交易市场', '交易方式', '交易时间', '交易方向', '交易品种', '价格单位', '申报价格最小变动单位', '有效申报价格范围']
## 测试场景"21", 测试用例"第四十三条.3", 覆盖变量数目为2, 未覆盖的变量包括['交易市场', '交易方式', '交易时间', '交易方向', '交易品种', '价格单位', '申报价格最小变动单位', '有效申报价格范围']
## 测试场景"21", 测试用例"第四十三条.4", 覆盖变量数目为2, 未覆盖的变量包括['交易市场', '交易方式', '交易时间', '交易方向', '交易品种', '价格单位', '申报价格最小变动单位', '有效申报价格范围']
## 测试场景"21", 测试用例"第四十三条.5", 覆盖变量数目为2, 未覆盖的变量包括['交易市场', '交易方式', '交易时间', '交易方向', '交易品种', '价格单位', '申报价格最小变动单位', '有效申报价格范围']
## 测试场景"21", 测试用例"第四十三条.6", 覆盖变量数目为3, 未覆盖的变量包括['交易市场', '操作', '交易方向', '交易品种', '价格单位', '申报价格最小变动单位', '有效申报价格范围']
## 测试场景"21", 测试用例"第四十三条.7", 覆盖变量数目为2, 未覆盖的变量包括['交易市场', '交易时间', '操作', '交易方向', '交易品种', '价格单位', '申报价格最小变动单位', '有效申报价格范围']
## 测试场景"21", 测试用例"第五十二条.1", 覆盖变量数目为1, 未覆盖的变量包括['交易市场', '交易方式', '交易时间', '操作', '交易方向', '交易品种', '价格单位', '申报价格最小变动单位', '有效申报价格范围']
## 测试场景"21", 测试用例"第五十四条.1", 覆盖变量数目为4, 未覆盖的变量包括['交易市场', '交易方式', '交易时间', '交易方向', '申报价格最小变动单位', '有效申报价格范围']
## 测试场景"21", 测试用例"第五十四条.2", 覆盖变量数目为2, 未覆盖的变量包括['交易市场', '交易方式', '交易时间', '交易方向', '交易品种', '价格单位', '申报价格最小变动单位', '有效申报价格范围']
## 测试场景"21", 测试用例"第五十五条.1", 覆盖变量数目为4, 未覆盖的变量包括['交易市场', '交易方式', '交易时间', '交易方向', '价格单位', '有效申报价格范围']
## 测试场景"21", 测试用例"第五十五条.2", 覆盖变量数目为2, 未覆盖的变量包括['交易市场', '交易方式', '交易时间', '交易方向', '交易品种', '价格单位', '申报价格最小变动单位', '有效申报价格范围']
## 测试场景"21", 测试用例"第五十五条.3", 覆盖变量数目为3, 未覆盖的变量包括['交易市场', '交易方式', '交易时间', '交易方向', '交易品种', '价格单位', '有效申报价格范围']
## 测试场景"21", 测试用例"第七十一条.1", 覆盖变量数目为2, 未覆盖的变量包括['交易市场', '交易方式', '交易时间', '交易方向', '交易品种', '价格单位', '申报价格最小变动单位', '有效申报价格范围']
## 测试场景"21", 测试用例"第七十一条.2", 覆盖变量数目为2, 未覆盖的变量包括['交易市场', '交易方式', '交易时间', '交易方向', '交易品种', '价格单位', '申报价格最小变动单位', '有效申报价格范围']
## 测试场景"21", 测试用例"第七十一条.3", 覆盖变量数目为2, 未覆盖的变量包括['交易市场', '交易方式', '交易时间', '交易方向', '交易品种', '价格单位', '申报价格最小变动单位', '有效申报价格范围']
### 测试场景"21", 覆盖变量的最大数目为7, 整体未覆盖的变量包括['交易市场', '交易方向', '有效申报价格范围']

## 测试场景"22", 测试用例"第四十三条.1", 覆盖变量数目为2, 未覆盖的变量包括['交易市场', '交易方式', '交易时间', '交易方向', '交易品种', '价格单位', '申报价格最小变动单位', '有效申报价格范围']
## 测试场景"22", 测试用例"第四十三条.2", 覆盖变量数目为2, 未覆盖的变量包括['交易市场', '交易方式', '交易时间', '交易方向', '交易品种', '价格单位', '申报价格最小变动单位', '有效申报价格范围']
## 测试场景"22", 测试用例"第四十三条.3", 覆盖变量数目为2, 未覆盖的变量包括['交易市场', '交易方式', '交易时间', '交易方向', '交易品种', '价格单位', '申报价格最小变动单位', '有效申报价格范围']
## 测试场景"22", 测试用例"第四十三条.4", 覆盖变量数目为2, 未覆盖的变量包括['交易市场', '交易方式', '交易时间', '交易方向', '交易品种', '价格单位', '申报价格最小变动单位', '有效申报价格范围']
## 测试场景"22", 测试用例"第四十三条.5", 覆盖变量数目为2, 未覆盖的变量包括['交易市场', '交易方式', '交易时间', '交易方向', '交易品种', '价格单位', '申报价格最小变动单位', '有效申报价格范围']
## 测试场景"22", 测试用例"第四十三条.6", 覆盖变量数目为3, 未覆盖的变量包括['交易市场', '操作', '交易方向', '交易品种', '价格单位', '申报价格最小变动单位', '有效申报价格范围']
## 测试场景"22", 测试用例"第四十三条.7", 覆盖变量数目为2, 未覆盖的变量包括['交易市场', '交易时间', '操作', '交易方向', '交易品种', '价格单位', '申报价格最小变动单位', '有效申报价格范围']
## 测试场景"22", 测试用例"第五十二条.1", 覆盖变量数目为1, 未覆盖的变量包括['交易市场', '交易方式', '交易时间', '操作', '交易方向', '交易品种', '价格单位', '申报价格最小变动单位', '有效申报价格范围']
## 测试场景"22", 测试用例"第五十四条.1", 覆盖变量数目为2, 未覆盖的变量包括['交易市场', '交易方式', '交易时间', '交易方向', '交易品种', '价格单位', '申报价格最小变动单位', '有效申报价格范围']
## 测试场景"22", 测试用例"第五十四条.2", 覆盖变量数目为4, 未覆盖的变量包括['交易市场', '交易方式', '交易时间', '交易方向', '申报价格最小变动单位', '有效申报价格范围']
## 测试场景"22", 测试用例"第五十五条.1", 覆盖变量数目为3, 未覆盖的变量包括['交易市场', '交易方式', '交易时间', '交易方向', '交易品种', '价格单位', '有效申报价格范围']
## 测试场景"22", 测试用例"第五十五条.2", 覆盖变量数目为3, 未覆盖的变量包括['交易市场', '交易方式', '交易时间', '交易方向', '价格单位', '申报价格最小变动单位', '有效申报价格范围']
## 测试场景"22", 测试用例"第五十五条.3", 覆盖变量数目为3, 未覆盖的变量包括['交易市场', '交易方式', '交易时间', '交易方向', '交易品种', '价格单位', '有效申报价格范围']
## 测试场景"22", 测试用例"第七十一条.1", 覆盖变量数目为2, 未覆盖的变量包括['交易市场', '交易方式', '交易时间', '交易方向', '交易品种', '价格单位', '申报价格最小变动单位', '有效申报价格范围']
## 测试场景"22", 测试用例"第七十一条.2", 覆盖变量数目为3, 未覆盖的变量包括['交易市场', '交易方式', '交易时间', '交易方向', '价格单位', '申报价格最小变动单位', '有效申报价格范围']
## 测试场景"22", 测试用例"第七十一条.3", 覆盖变量数目为2, 未覆盖的变量包括['交易市场', '交易方式', '交易时间', '交易方向', '交易品种', '价格单位', '申报价格最小变动单位', '有效申报价格范围']
### 测试场景"22", 覆盖变量的最大数目为7, 整体未覆盖的变量包括['交易市场', '交易方向', '有效申报价格范围']

## 测试场景"23", 测试用例"第四十三条.1", 覆盖变量数目为2, 未覆盖的变量包括['交易市场', '交易方式', '交易时间', '交易方向', '交易品种', '价格单位', '申报价格最小变动单位', '有效申报价格范围']
## 测试场景"23", 测试用例"第四十三条.2", 覆盖变量数目为2, 未覆盖的变量包括['交易市场', '交易方式', '交易时间', '交易方向', '交易品种', '价格单位', '申报价格最小变动单位', '有效申报价格范围']
## 测试场景"23", 测试用例"第四十三条.3", 覆盖变量数目为2, 未覆盖的变量包括['交易市场', '交易方式', '交易时间', '交易方向', '交易品种', '价格单位', '申报价格最小变动单位', '有效申报价格范围']
## 测试场景"23", 测试用例"第四十三条.4", 覆盖变量数目为2, 未覆盖的变量包括['交易市场', '交易方式', '交易时间', '交易方向', '交易品种', '价格单位', '申报价格最小变动单位', '有效申报价格范围']
## 测试场景"23", 测试用例"第四十三条.5", 覆盖变量数目为2, 未覆盖的变量包括['交易市场', '交易方式', '交易时间', '交易方向', '交易品种', '价格单位', '申报价格最小变动单位', '有效申报价格范围']
## 测试场景"23", 测试用例"第四十三条.6", 覆盖变量数目为2, 未覆盖的变量包括['交易市场', '交易时间', '操作', '交易方向', '交易品种', '价格单位', '申报价格最小变动单位', '有效申报价格范围']
## 测试场景"23", 测试用例"第四十三条.7", 覆盖变量数目为3, 未覆盖的变量包括['交易市场', '操作', '交易方向', '交易品种', '价格单位', '申报价格最小变动单位', '有效申报价格范围']
## 测试场景"23", 测试用例"第五十二条.1", 覆盖变量数目为1, 未覆盖的变量包括['交易市场', '交易方式', '交易时间', '操作', '交易方向', '交易品种', '价格单位', '申报价格最小变动单位', '有效申报价格范围']
## 测试场景"23", 测试用例"第五十四条.1", 覆盖变量数目为4, 未覆盖的变量包括['交易市场', '交易方式', '交易时间', '交易方向', '申报价格最小变动单位', '有效申报价格范围']
## 测试场景"23", 测试用例"第五十四条.2", 覆盖变量数目为2, 未覆盖的变量包括['交易市场', '交易方式', '交易时间', '交易方向', '交易品种', '价格单位', '申报价格最小变动单位', '有效申报价格范围']
## 测试场景"23", 测试用例"第五十五条.1", 覆盖变量数目为4, 未覆盖的变量包括['交易市场', '交易方式', '交易时间', '交易方向', '价格单位', '有效申报价格范围']
## 测试场景"23", 测试用例"第五十五条.2", 覆盖变量数目为2, 未覆盖的变量包括['交易市场', '交易方式', '交易时间', '交易方向', '交易品种', '价格单位', '申报价格最小变动单位', '有效申报价格范围']
## 测试场景"23", 测试用例"第五十五条.3", 覆盖变量数目为3, 未覆盖的变量包括['交易市场', '交易方式', '交易时间', '交易方向', '交易品种', '价格单位', '有效申报价格范围']
## 测试场景"23", 测试用例"第七十一条.1", 覆盖变量数目为2, 未覆盖的变量包括['交易市场', '交易方式', '交易时间', '交易方向', '交易品种', '价格单位', '申报价格最小变动单位', '有效申报价格范围']
## 测试场景"23", 测试用例"第七十一条.2", 覆盖变量数目为2, 未覆盖的变量包括['交易市场', '交易方式', '交易时间', '交易方向', '交易品种', '价格单位', '申报价格最小变动单位', '有效申报价格范围']
## 测试场景"23", 测试用例"第七十一条.3", 覆盖变量数目为2, 未覆盖的变量包括['交易市场', '交易方式', '交易时间', '交易方向', '交易品种', '价格单位', '申报价格最小变动单位', '有效申报价格范围']
### 测试场景"23", 覆盖变量的最大数目为7, 整体未覆盖的变量包括['交易市场', '交易方向', '有效申报价格范围']

## 测试场景"24", 测试用例"第四十三条.1", 覆盖变量数目为2, 未覆盖的变量包括['交易市场', '交易方式', '交易时间', '交易方向', '交易品种', '价格单位', '申报价格最小变动单位', '有效申报价格范围']
## 测试场景"24", 测试用例"第四十三条.2", 覆盖变量数目为2, 未覆盖的变量包括['交易市场', '交易方式', '交易时间', '交易方向', '交易品种', '价格单位', '申报价格最小变动单位', '有效申报价格范围']
## 测试场景"24", 测试用例"第四十三条.3", 覆盖变量数目为2, 未覆盖的变量包括['交易市场', '交易方式', '交易时间', '交易方向', '交易品种', '价格单位', '申报价格最小变动单位', '有效申报价格范围']
## 测试场景"24", 测试用例"第四十三条.4", 覆盖变量数目为2, 未覆盖的变量包括['交易市场', '交易方式', '交易时间', '交易方向', '交易品种', '价格单位', '申报价格最小变动单位', '有效申报价格范围']
## 测试场景"24", 测试用例"第四十三条.5", 覆盖变量数目为2, 未覆盖的变量包括['交易市场', '交易方式', '交易时间', '交易方向', '交易品种', '价格单位', '申报价格最小变动单位', '有效申报价格范围']
## 测试场景"24", 测试用例"第四十三条.6", 覆盖变量数目为2, 未覆盖的变量包括['交易市场', '交易时间', '操作', '交易方向', '交易品种', '价格单位', '申报价格最小变动单位', '有效申报价格范围']
## 测试场景"24", 测试用例"第四十三条.7", 覆盖变量数目为3, 未覆盖的变量包括['交易市场', '操作', '交易方向', '交易品种', '价格单位', '申报价格最小变动单位', '有效申报价格范围']
## 测试场景"24", 测试用例"第五十二条.1", 覆盖变量数目为1, 未覆盖的变量包括['交易市场', '交易方式', '交易时间', '操作', '交易方向', '交易品种', '价格单位', '申报价格最小变动单位', '有效申报价格范围']
## 测试场景"24", 测试用例"第五十四条.1", 覆盖变量数目为2, 未覆盖的变量包括['交易市场', '交易方式', '交易时间', '交易方向', '交易品种', '价格单位', '申报价格最小变动单位', '有效申报价格范围']
## 测试场景"24", 测试用例"第五十四条.2", 覆盖变量数目为4, 未覆盖的变量包括['交易市场', '交易方式', '交易时间', '交易方向', '申报价格最小变动单位', '有效申报价格范围']
## 测试场景"24", 测试用例"第五十五条.1", 覆盖变量数目为3, 未覆盖的变量包括['交易市场', '交易方式', '交易时间', '交易方向', '交易品种', '价格单位', '有效申报价格范围']
## 测试场景"24", 测试用例"第五十五条.2", 覆盖变量数目为3, 未覆盖的变量包括['交易市场', '交易方式', '交易时间', '交易方向', '价格单位', '申报价格最小变动单位', '有效申报价格范围']
## 测试场景"24", 测试用例"第五十五条.3", 覆盖变量数目为3, 未覆盖的变量包括['交易市场', '交易方式', '交易时间', '交易方向', '交易品种', '价格单位', '有效申报价格范围']
## 测试场景"24", 测试用例"第七十一条.1", 覆盖变量数目为2, 未覆盖的变量包括['交易市场', '交易方式', '交易时间', '交易方向', '交易品种', '价格单位', '申报价格最小变动单位', '有效申报价格范围']
## 测试场景"24", 测试用例"第七十一条.2", 覆盖变量数目为3, 未覆盖的变量包括['交易市场', '交易方式', '交易时间', '交易方向', '价格单位', '申报价格最小变动单位', '有效申报价格范围']
## 测试场景"24", 测试用例"第七十一条.3", 覆盖变量数目为2, 未覆盖的变量包括['交易市场', '交易方式', '交易时间', '交易方向', '交易品种', '价格单位', '申报价格最小变动单位', '有效申报价格范围']
### 测试场景"24", 覆盖变量的最大数目为7, 整体未覆盖的变量包括['交易市场', '交易方向', '有效申报价格范围']

我们的工具在数据集data1上的生成功能点正确率为0.7
