## 测试场景"1", 测试用例"3.1_1", 覆盖变量数目为3, 未覆盖的变量包括['操作', '交易品种', '盘后定价交易申报时间', '申报数量', '价格', '结果']
## 测试场景"1", 测试用例"3.1_1", 覆盖变量数目为2, 未覆盖的变量包括['操作', '交易品种', '交易方向', '盘后定价交易申报时间', '申报数量', '价格', '结果']
## 测试场景"1", 测试用例"3.1_2", 覆盖变量数目为3, 未覆盖的变量包括['操作', '交易品种', '盘后定价交易申报时间', '申报数量', '价格', '结果']
## 测试场景"1", 测试用例"3.1_2", 覆盖变量数目为2, 未覆盖的变量包括['操作', '交易品种', '交易方向', '盘后定价交易申报时间', '申报数量', '价格', '结果']
## 测试场景"1", 测试用例"3.2_1", 覆盖变量数目为5, 未覆盖的变量包括['操作', '交易品种', '申报数量', '价格']
## 测试场景"1", 测试用例"3.2_1", 覆盖变量数目为4, 未覆盖的变量包括['操作', '交易品种', '交易方向', '申报数量', '价格']
## 测试场景"1", 测试用例"3.2_2", 覆盖变量数目为4, 未覆盖的变量包括['操作', '交易品种', '申报数量', '价格', '结果']
## 测试场景"1", 测试用例"3.2_2", 覆盖变量数目为3, 未覆盖的变量包括['操作', '交易品种', '交易方向', '申报数量', '价格', '结果']
## 测试场景"1", 测试用例"3.2_3", 覆盖变量数目为5, 未覆盖的变量包括['操作', '交易品种', '申报数量', '价格']
## 测试场景"1", 测试用例"3.2_3", 覆盖变量数目为4, 未覆盖的变量包括['操作', '交易品种', '交易方向', '申报数量', '价格']
## 测试场景"1", 测试用例"3.2_4", 覆盖变量数目为4, 未覆盖的变量包括['操作', '交易品种', '申报数量', '价格', '结果']
## 测试场景"1", 测试用例"3.2_4", 覆盖变量数目为3, 未覆盖的变量包括['操作', '交易品种', '交易方向', '申报数量', '价格', '结果']
## 测试场景"1", 测试用例"3.3_1", 覆盖变量数目为4, 未覆盖的变量包括['操作', '交易品种', '盘后定价交易申报时间', '申报数量', '价格']
## 测试场景"1", 测试用例"3.3_1", 覆盖变量数目为3, 未覆盖的变量包括['操作', '交易品种', '交易方向', '盘后定价交易申报时间', '申报数量', '价格']
## 测试场景"1", 测试用例"3.3_2", 覆盖变量数目为3, 未覆盖的变量包括['操作', '交易品种', '盘后定价交易申报时间', '申报数量', '价格', '结果']
## 测试场景"1", 测试用例"3.3_2", 覆盖变量数目为2, 未覆盖的变量包括['操作', '交易品种', '交易方向', '盘后定价交易申报时间', '申报数量', '价格', '结果']
## 测试场景"1", 测试用例"3.3_3", 覆盖变量数目为3, 未覆盖的变量包括['操作', '交易品种', '盘后定价交易申报时间', '申报数量', '价格', '结果']
## 测试场景"1", 测试用例"3.3_3", 覆盖变量数目为2, 未覆盖的变量包括['操作', '交易品种', '交易方向', '盘后定价交易申报时间', '申报数量', '价格', '结果']
## 测试场景"1", 测试用例"3.3_4", 覆盖变量数目为3, 未覆盖的变量包括['操作', '交易品种', '盘后定价交易申报时间', '申报数量', '价格', '结果']
## 测试场景"1", 测试用例"3.3_4", 覆盖变量数目为2, 未覆盖的变量包括['操作', '交易品种', '交易方向', '盘后定价交易申报时间', '申报数量', '价格', '结果']
## 测试场景"1", 测试用例"3.4_1", 覆盖变量数目为4, 未覆盖的变量包括['操作', '交易品种', '盘后定价交易申报时间', '申报数量', '价格']
## 测试场景"1", 测试用例"3.4_1", 覆盖变量数目为3, 未覆盖的变量包括['操作', '交易品种', '交易方向', '盘后定价交易申报时间', '申报数量', '价格']
## 测试场景"1", 测试用例"3.4_2", 覆盖变量数目为4, 未覆盖的变量包括['操作', '交易品种', '盘后定价交易申报时间', '申报数量', '价格']
## 测试场景"1", 测试用例"3.4_2", 覆盖变量数目为3, 未覆盖的变量包括['操作', '交易品种', '交易方向', '盘后定价交易申报时间', '申报数量', '价格']
## 测试场景"1", 测试用例"3.4_3", 覆盖变量数目为3, 未覆盖的变量包括['操作', '交易品种', '盘后定价交易申报时间', '申报数量', '价格', '结果']
## 测试场景"1", 测试用例"3.4_3", 覆盖变量数目为2, 未覆盖的变量包括['操作', '交易品种', '交易方向', '盘后定价交易申报时间', '申报数量', '价格', '结果']
## 测试场景"1", 测试用例"3.4_4", 覆盖变量数目为3, 未覆盖的变量包括['操作', '交易品种', '盘后定价交易申报时间', '申报数量', '价格', '结果']
## 测试场景"1", 测试用例"3.4_4", 覆盖变量数目为2, 未覆盖的变量包括['操作', '交易品种', '交易方向', '盘后定价交易申报时间', '申报数量', '价格', '结果']
## 测试场景"1", 测试用例"3.5_1", 覆盖变量数目为4, 未覆盖的变量包括['操作', '交易品种', '盘后定价交易申报时间', '申报数量', '价格']
## 测试场景"1", 测试用例"3.5_1", 覆盖变量数目为3, 未覆盖的变量包括['操作', '交易品种', '交易方向', '盘后定价交易申报时间', '申报数量', '价格']
## 测试场景"1", 测试用例"3.5_2", 覆盖变量数目为3, 未覆盖的变量包括['操作', '交易品种', '盘后定价交易申报时间', '申报数量', '价格', '结果']
## 测试场景"1", 测试用例"3.5_2", 覆盖变量数目为2, 未覆盖的变量包括['操作', '交易品种', '交易方向', '盘后定价交易申报时间', '申报数量', '价格', '结果']
## 测试场景"1", 测试用例"3.6_1", 覆盖变量数目为4, 未覆盖的变量包括['操作', '交易品种', '盘后定价交易申报时间', '申报数量', '价格']
## 测试场景"1", 测试用例"3.6_1", 覆盖变量数目为3, 未覆盖的变量包括['操作', '交易品种', '交易方向', '盘后定价交易申报时间', '申报数量', '价格']
## 测试场景"1", 测试用例"3.6_2", 覆盖变量数目为3, 未覆盖的变量包括['操作', '交易品种', '盘后定价交易申报时间', '申报数量', '价格', '结果']
## 测试场景"1", 测试用例"3.6_2", 覆盖变量数目为2, 未覆盖的变量包括['操作', '交易品种', '交易方向', '盘后定价交易申报时间', '申报数量', '价格', '结果']
## 测试场景"1", 测试用例"3.7_1", 覆盖变量数目为4, 未覆盖的变量包括['操作', '交易品种', '盘后定价交易申报时间', '申报数量', '价格']
## 测试场景"1", 测试用例"3.7_1", 覆盖变量数目为3, 未覆盖的变量包括['操作', '交易品种', '交易方向', '盘后定价交易申报时间', '申报数量', '价格']
## 测试场景"1", 测试用例"3.7_2", 覆盖变量数目为3, 未覆盖的变量包括['操作', '交易品种', '盘后定价交易申报时间', '申报数量', '价格', '结果']
## 测试场景"1", 测试用例"3.7_2", 覆盖变量数目为2, 未覆盖的变量包括['操作', '交易品种', '交易方向', '盘后定价交易申报时间', '申报数量', '价格', '结果']
## 测试场景"1", 测试用例"3.8_1", 覆盖变量数目为3, 未覆盖的变量包括['操作', '交易品种', '盘后定价交易申报时间', '申报数量', '价格', '结果']
## 测试场景"1", 测试用例"3.8_1", 覆盖变量数目为2, 未覆盖的变量包括['操作', '交易品种', '交易方向', '盘后定价交易申报时间', '申报数量', '价格', '结果']
## 测试场景"1", 测试用例"3.8_2", 覆盖变量数目为3, 未覆盖的变量包括['操作', '交易品种', '盘后定价交易申报时间', '申报数量', '价格', '结果']
## 测试场景"1", 测试用例"3.8_2", 覆盖变量数目为2, 未覆盖的变量包括['操作', '交易品种', '交易方向', '盘后定价交易申报时间', '申报数量', '价格', '结果']
## 测试场景"1", 测试用例"3.8_3", 覆盖变量数目为3, 未覆盖的变量包括['操作', '交易品种', '盘后定价交易申报时间', '申报数量', '价格', '结果']
## 测试场景"1", 测试用例"3.8_3", 覆盖变量数目为2, 未覆盖的变量包括['操作', '交易品种', '交易方向', '盘后定价交易申报时间', '申报数量', '价格', '结果']
## 测试场景"1", 测试用例"3.9_1", 覆盖变量数目为3, 未覆盖的变量包括['操作', '交易品种', '盘后定价交易申报时间', '申报数量', '价格', '结果']
## 测试场景"1", 测试用例"3.9_1", 覆盖变量数目为2, 未覆盖的变量包括['操作', '交易品种', '交易方向', '盘后定价交易申报时间', '申报数量', '价格', '结果']
## 测试场景"1", 测试用例"3.9_2", 覆盖变量数目为3, 未覆盖的变量包括['操作', '交易品种', '盘后定价交易申报时间', '申报数量', '价格', '结果']
## 测试场景"1", 测试用例"3.9_2", 覆盖变量数目为2, 未覆盖的变量包括['操作', '交易品种', '交易方向', '盘后定价交易申报时间', '申报数量', '价格', '结果']
## 测试场景"1", 测试用例"3.9_3", 覆盖变量数目为3, 未覆盖的变量包括['操作', '交易品种', '盘后定价交易申报时间', '申报数量', '价格', '结果']
## 测试场景"1", 测试用例"3.9_3", 覆盖变量数目为2, 未覆盖的变量包括['操作', '交易品种', '交易方向', '盘后定价交易申报时间', '申报数量', '价格', '结果']
## 测试场景"1", 测试用例"3.10_1", 覆盖变量数目为2, 未覆盖的变量包括['操作', '交易品种', '交易方向', '盘后定价交易申报时间', '申报数量', '价格', '结果']
## 测试场景"1", 测试用例"3.10_2", 覆盖变量数目为2, 未覆盖的变量包括['操作', '交易品种', '交易方向', '盘后定价交易申报时间', '申报数量', '价格', '结果']
## 测试场景"1", 测试用例"3.10_3", 覆盖变量数目为2, 未覆盖的变量包括['操作', '交易品种', '交易方向', '盘后定价交易申报时间', '申报数量', '价格', '结果']
### 测试场景"1", 覆盖变量的最大数目为5, 整体未覆盖的变量包括['操作', '交易品种', '申报数量', '价格']

## 测试场景"2", 测试用例"3.1_1", 覆盖变量数目为2, 未覆盖的变量包括['操作', '交易品种', '交易方向', '盘后定价交易申报时间', '申报数量', '价格', '结果']
## 测试场景"2", 测试用例"3.1_1", 覆盖变量数目为3, 未覆盖的变量包括['操作', '交易品种', '盘后定价交易申报时间', '申报数量', '价格', '结果']
## 测试场景"2", 测试用例"3.1_2", 覆盖变量数目为2, 未覆盖的变量包括['操作', '交易品种', '交易方向', '盘后定价交易申报时间', '申报数量', '价格', '结果']
## 测试场景"2", 测试用例"3.1_2", 覆盖变量数目为3, 未覆盖的变量包括['操作', '交易品种', '盘后定价交易申报时间', '申报数量', '价格', '结果']
## 测试场景"2", 测试用例"3.2_1", 覆盖变量数目为4, 未覆盖的变量包括['操作', '交易品种', '交易方向', '申报数量', '价格']
## 测试场景"2", 测试用例"3.2_1", 覆盖变量数目为5, 未覆盖的变量包括['操作', '交易品种', '申报数量', '价格']
## 测试场景"2", 测试用例"3.2_2", 覆盖变量数目为3, 未覆盖的变量包括['操作', '交易品种', '交易方向', '申报数量', '价格', '结果']
## 测试场景"2", 测试用例"3.2_2", 覆盖变量数目为4, 未覆盖的变量包括['操作', '交易品种', '申报数量', '价格', '结果']
## 测试场景"2", 测试用例"3.2_3", 覆盖变量数目为4, 未覆盖的变量包括['操作', '交易品种', '交易方向', '申报数量', '价格']
## 测试场景"2", 测试用例"3.2_3", 覆盖变量数目为5, 未覆盖的变量包括['操作', '交易品种', '申报数量', '价格']
## 测试场景"2", 测试用例"3.2_4", 覆盖变量数目为3, 未覆盖的变量包括['操作', '交易品种', '交易方向', '申报数量', '价格', '结果']
## 测试场景"2", 测试用例"3.2_4", 覆盖变量数目为4, 未覆盖的变量包括['操作', '交易品种', '申报数量', '价格', '结果']
## 测试场景"2", 测试用例"3.3_1", 覆盖变量数目为3, 未覆盖的变量包括['操作', '交易品种', '交易方向', '盘后定价交易申报时间', '申报数量', '价格']
## 测试场景"2", 测试用例"3.3_1", 覆盖变量数目为4, 未覆盖的变量包括['操作', '交易品种', '盘后定价交易申报时间', '申报数量', '价格']
## 测试场景"2", 测试用例"3.3_2", 覆盖变量数目为2, 未覆盖的变量包括['操作', '交易品种', '交易方向', '盘后定价交易申报时间', '申报数量', '价格', '结果']
## 测试场景"2", 测试用例"3.3_2", 覆盖变量数目为3, 未覆盖的变量包括['操作', '交易品种', '盘后定价交易申报时间', '申报数量', '价格', '结果']
## 测试场景"2", 测试用例"3.3_3", 覆盖变量数目为2, 未覆盖的变量包括['操作', '交易品种', '交易方向', '盘后定价交易申报时间', '申报数量', '价格', '结果']
## 测试场景"2", 测试用例"3.3_3", 覆盖变量数目为3, 未覆盖的变量包括['操作', '交易品种', '盘后定价交易申报时间', '申报数量', '价格', '结果']
## 测试场景"2", 测试用例"3.3_4", 覆盖变量数目为2, 未覆盖的变量包括['操作', '交易品种', '交易方向', '盘后定价交易申报时间', '申报数量', '价格', '结果']
## 测试场景"2", 测试用例"3.3_4", 覆盖变量数目为3, 未覆盖的变量包括['操作', '交易品种', '盘后定价交易申报时间', '申报数量', '价格', '结果']
## 测试场景"2", 测试用例"3.4_1", 覆盖变量数目为3, 未覆盖的变量包括['操作', '交易品种', '交易方向', '盘后定价交易申报时间', '申报数量', '价格']
## 测试场景"2", 测试用例"3.4_1", 覆盖变量数目为4, 未覆盖的变量包括['操作', '交易品种', '盘后定价交易申报时间', '申报数量', '价格']
## 测试场景"2", 测试用例"3.4_2", 覆盖变量数目为3, 未覆盖的变量包括['操作', '交易品种', '交易方向', '盘后定价交易申报时间', '申报数量', '价格']
## 测试场景"2", 测试用例"3.4_2", 覆盖变量数目为4, 未覆盖的变量包括['操作', '交易品种', '盘后定价交易申报时间', '申报数量', '价格']
## 测试场景"2", 测试用例"3.4_3", 覆盖变量数目为2, 未覆盖的变量包括['操作', '交易品种', '交易方向', '盘后定价交易申报时间', '申报数量', '价格', '结果']
## 测试场景"2", 测试用例"3.4_3", 覆盖变量数目为3, 未覆盖的变量包括['操作', '交易品种', '盘后定价交易申报时间', '申报数量', '价格', '结果']
## 测试场景"2", 测试用例"3.4_4", 覆盖变量数目为2, 未覆盖的变量包括['操作', '交易品种', '交易方向', '盘后定价交易申报时间', '申报数量', '价格', '结果']
## 测试场景"2", 测试用例"3.4_4", 覆盖变量数目为3, 未覆盖的变量包括['操作', '交易品种', '盘后定价交易申报时间', '申报数量', '价格', '结果']
## 测试场景"2", 测试用例"3.5_1", 覆盖变量数目为3, 未覆盖的变量包括['操作', '交易品种', '交易方向', '盘后定价交易申报时间', '申报数量', '价格']
## 测试场景"2", 测试用例"3.5_1", 覆盖变量数目为4, 未覆盖的变量包括['操作', '交易品种', '盘后定价交易申报时间', '申报数量', '价格']
## 测试场景"2", 测试用例"3.5_2", 覆盖变量数目为2, 未覆盖的变量包括['操作', '交易品种', '交易方向', '盘后定价交易申报时间', '申报数量', '价格', '结果']
## 测试场景"2", 测试用例"3.5_2", 覆盖变量数目为3, 未覆盖的变量包括['操作', '交易品种', '盘后定价交易申报时间', '申报数量', '价格', '结果']
## 测试场景"2", 测试用例"3.6_1", 覆盖变量数目为3, 未覆盖的变量包括['操作', '交易品种', '交易方向', '盘后定价交易申报时间', '申报数量', '价格']
## 测试场景"2", 测试用例"3.6_1", 覆盖变量数目为4, 未覆盖的变量包括['操作', '交易品种', '盘后定价交易申报时间', '申报数量', '价格']
## 测试场景"2", 测试用例"3.6_2", 覆盖变量数目为2, 未覆盖的变量包括['操作', '交易品种', '交易方向', '盘后定价交易申报时间', '申报数量', '价格', '结果']
## 测试场景"2", 测试用例"3.6_2", 覆盖变量数目为3, 未覆盖的变量包括['操作', '交易品种', '盘后定价交易申报时间', '申报数量', '价格', '结果']
## 测试场景"2", 测试用例"3.7_1", 覆盖变量数目为3, 未覆盖的变量包括['操作', '交易品种', '交易方向', '盘后定价交易申报时间', '申报数量', '价格']
## 测试场景"2", 测试用例"3.7_1", 覆盖变量数目为4, 未覆盖的变量包括['操作', '交易品种', '盘后定价交易申报时间', '申报数量', '价格']
## 测试场景"2", 测试用例"3.7_2", 覆盖变量数目为2, 未覆盖的变量包括['操作', '交易品种', '交易方向', '盘后定价交易申报时间', '申报数量', '价格', '结果']
## 测试场景"2", 测试用例"3.7_2", 覆盖变量数目为3, 未覆盖的变量包括['操作', '交易品种', '盘后定价交易申报时间', '申报数量', '价格', '结果']
## 测试场景"2", 测试用例"3.8_1", 覆盖变量数目为2, 未覆盖的变量包括['操作', '交易品种', '交易方向', '盘后定价交易申报时间', '申报数量', '价格', '结果']
## 测试场景"2", 测试用例"3.8_1", 覆盖变量数目为3, 未覆盖的变量包括['操作', '交易品种', '盘后定价交易申报时间', '申报数量', '价格', '结果']
## 测试场景"2", 测试用例"3.8_2", 覆盖变量数目为2, 未覆盖的变量包括['操作', '交易品种', '交易方向', '盘后定价交易申报时间', '申报数量', '价格', '结果']
## 测试场景"2", 测试用例"3.8_2", 覆盖变量数目为3, 未覆盖的变量包括['操作', '交易品种', '盘后定价交易申报时间', '申报数量', '价格', '结果']
## 测试场景"2", 测试用例"3.8_3", 覆盖变量数目为2, 未覆盖的变量包括['操作', '交易品种', '交易方向', '盘后定价交易申报时间', '申报数量', '价格', '结果']
## 测试场景"2", 测试用例"3.8_3", 覆盖变量数目为3, 未覆盖的变量包括['操作', '交易品种', '盘后定价交易申报时间', '申报数量', '价格', '结果']
## 测试场景"2", 测试用例"3.9_1", 覆盖变量数目为2, 未覆盖的变量包括['操作', '交易品种', '交易方向', '盘后定价交易申报时间', '申报数量', '价格', '结果']
## 测试场景"2", 测试用例"3.9_1", 覆盖变量数目为3, 未覆盖的变量包括['操作', '交易品种', '盘后定价交易申报时间', '申报数量', '价格', '结果']
## 测试场景"2", 测试用例"3.9_2", 覆盖变量数目为2, 未覆盖的变量包括['操作', '交易品种', '交易方向', '盘后定价交易申报时间', '申报数量', '价格', '结果']
## 测试场景"2", 测试用例"3.9_2", 覆盖变量数目为3, 未覆盖的变量包括['操作', '交易品种', '盘后定价交易申报时间', '申报数量', '价格', '结果']
## 测试场景"2", 测试用例"3.9_3", 覆盖变量数目为2, 未覆盖的变量包括['操作', '交易品种', '交易方向', '盘后定价交易申报时间', '申报数量', '价格', '结果']
## 测试场景"2", 测试用例"3.9_3", 覆盖变量数目为3, 未覆盖的变量包括['操作', '交易品种', '盘后定价交易申报时间', '申报数量', '价格', '结果']
## 测试场景"2", 测试用例"3.10_1", 覆盖变量数目为3, 未覆盖的变量包括['操作', '交易品种', '盘后定价交易申报时间', '申报数量', '价格', '结果']
## 测试场景"2", 测试用例"3.10_2", 覆盖变量数目为3, 未覆盖的变量包括['操作', '交易品种', '盘后定价交易申报时间', '申报数量', '价格', '结果']
## 测试场景"2", 测试用例"3.10_3", 覆盖变量数目为3, 未覆盖的变量包括['操作', '交易品种', '盘后定价交易申报时间', '申报数量', '价格', '结果']
### 测试场景"2", 覆盖变量的最大数目为5, 整体未覆盖的变量包括['操作', '交易品种', '申报数量', '价格']

## 测试场景"3", 测试用例"3.1_1", 覆盖变量数目为3, 未覆盖的变量包括['操作', '交易品种', '状态', '时间', '结果']
## 测试场景"3", 测试用例"3.1_1", 覆盖变量数目为2, 未覆盖的变量包括['操作', '交易品种', '交易方向', '状态', '时间', '结果']
## 测试场景"3", 测试用例"3.1_2", 覆盖变量数目为3, 未覆盖的变量包括['操作', '交易品种', '状态', '时间', '结果']
## 测试场景"3", 测试用例"3.1_2", 覆盖变量数目为2, 未覆盖的变量包括['操作', '交易品种', '交易方向', '状态', '时间', '结果']
## 测试场景"3", 测试用例"3.2_1", 覆盖变量数目为5, 未覆盖的变量包括['操作', '交易品种', '时间']
## 测试场景"3", 测试用例"3.2_1", 覆盖变量数目为4, 未覆盖的变量包括['操作', '交易品种', '交易方向', '时间']
## 测试场景"3", 测试用例"3.2_2", 覆盖变量数目为3, 未覆盖的变量包括['操作', '交易品种', '状态', '时间', '结果']
## 测试场景"3", 测试用例"3.2_2", 覆盖变量数目为2, 未覆盖的变量包括['操作', '交易品种', '交易方向', '状态', '时间', '结果']
## 测试场景"3", 测试用例"3.2_3", 覆盖变量数目为4, 未覆盖的变量包括['操作', '交易品种', '状态', '时间']
## 测试场景"3", 测试用例"3.2_3", 覆盖变量数目为3, 未覆盖的变量包括['操作', '交易品种', '交易方向', '状态', '时间']
## 测试场景"3", 测试用例"3.2_4", 覆盖变量数目为4, 未覆盖的变量包括['操作', '交易品种', '时间', '结果']
## 测试场景"3", 测试用例"3.2_4", 覆盖变量数目为3, 未覆盖的变量包括['操作', '交易品种', '交易方向', '时间', '结果']
## 测试场景"3", 测试用例"3.3_1", 覆盖变量数目为4, 未覆盖的变量包括['操作', '交易品种', '状态', '时间']
## 测试场景"3", 测试用例"3.3_1", 覆盖变量数目为3, 未覆盖的变量包括['操作', '交易品种', '交易方向', '状态', '时间']
## 测试场景"3", 测试用例"3.3_2", 覆盖变量数目为3, 未覆盖的变量包括['操作', '交易品种', '状态', '时间', '结果']
## 测试场景"3", 测试用例"3.3_2", 覆盖变量数目为2, 未覆盖的变量包括['操作', '交易品种', '交易方向', '状态', '时间', '结果']
## 测试场景"3", 测试用例"3.3_3", 覆盖变量数目为3, 未覆盖的变量包括['操作', '交易品种', '状态', '时间', '结果']
## 测试场景"3", 测试用例"3.3_3", 覆盖变量数目为2, 未覆盖的变量包括['操作', '交易品种', '交易方向', '状态', '时间', '结果']
## 测试场景"3", 测试用例"3.3_4", 覆盖变量数目为3, 未覆盖的变量包括['操作', '交易品种', '状态', '时间', '结果']
## 测试场景"3", 测试用例"3.3_4", 覆盖变量数目为2, 未覆盖的变量包括['操作', '交易品种', '交易方向', '状态', '时间', '结果']
## 测试场景"3", 测试用例"3.4_1", 覆盖变量数目为4, 未覆盖的变量包括['操作', '交易品种', '状态', '时间']
## 测试场景"3", 测试用例"3.4_1", 覆盖变量数目为3, 未覆盖的变量包括['操作', '交易品种', '交易方向', '状态', '时间']
## 测试场景"3", 测试用例"3.4_2", 覆盖变量数目为4, 未覆盖的变量包括['操作', '交易品种', '状态', '时间']
## 测试场景"3", 测试用例"3.4_2", 覆盖变量数目为3, 未覆盖的变量包括['操作', '交易品种', '交易方向', '状态', '时间']
## 测试场景"3", 测试用例"3.4_3", 覆盖变量数目为3, 未覆盖的变量包括['操作', '交易品种', '状态', '时间', '结果']
## 测试场景"3", 测试用例"3.4_3", 覆盖变量数目为2, 未覆盖的变量包括['操作', '交易品种', '交易方向', '状态', '时间', '结果']
## 测试场景"3", 测试用例"3.4_4", 覆盖变量数目为3, 未覆盖的变量包括['操作', '交易品种', '状态', '时间', '结果']
## 测试场景"3", 测试用例"3.4_4", 覆盖变量数目为2, 未覆盖的变量包括['操作', '交易品种', '交易方向', '状态', '时间', '结果']
## 测试场景"3", 测试用例"3.5_1", 覆盖变量数目为4, 未覆盖的变量包括['操作', '交易品种', '状态', '时间']
## 测试场景"3", 测试用例"3.5_1", 覆盖变量数目为3, 未覆盖的变量包括['操作', '交易品种', '交易方向', '状态', '时间']
## 测试场景"3", 测试用例"3.5_2", 覆盖变量数目为3, 未覆盖的变量包括['操作', '交易品种', '状态', '时间', '结果']
## 测试场景"3", 测试用例"3.5_2", 覆盖变量数目为2, 未覆盖的变量包括['操作', '交易品种', '交易方向', '状态', '时间', '结果']
## 测试场景"3", 测试用例"3.6_1", 覆盖变量数目为4, 未覆盖的变量包括['操作', '交易品种', '状态', '时间']
## 测试场景"3", 测试用例"3.6_1", 覆盖变量数目为3, 未覆盖的变量包括['操作', '交易品种', '交易方向', '状态', '时间']
## 测试场景"3", 测试用例"3.6_2", 覆盖变量数目为3, 未覆盖的变量包括['操作', '交易品种', '状态', '时间', '结果']
## 测试场景"3", 测试用例"3.6_2", 覆盖变量数目为2, 未覆盖的变量包括['操作', '交易品种', '交易方向', '状态', '时间', '结果']
## 测试场景"3", 测试用例"3.7_1", 覆盖变量数目为4, 未覆盖的变量包括['操作', '交易品种', '状态', '时间']
## 测试场景"3", 测试用例"3.7_1", 覆盖变量数目为3, 未覆盖的变量包括['操作', '交易品种', '交易方向', '状态', '时间']
## 测试场景"3", 测试用例"3.7_2", 覆盖变量数目为3, 未覆盖的变量包括['操作', '交易品种', '状态', '时间', '结果']
## 测试场景"3", 测试用例"3.7_2", 覆盖变量数目为2, 未覆盖的变量包括['操作', '交易品种', '交易方向', '状态', '时间', '结果']
## 测试场景"3", 测试用例"3.8_1", 覆盖变量数目为3, 未覆盖的变量包括['操作', '交易品种', '状态', '时间', '结果']
## 测试场景"3", 测试用例"3.8_1", 覆盖变量数目为2, 未覆盖的变量包括['操作', '交易品种', '交易方向', '状态', '时间', '结果']
## 测试场景"3", 测试用例"3.8_2", 覆盖变量数目为3, 未覆盖的变量包括['操作', '交易品种', '状态', '时间', '结果']
## 测试场景"3", 测试用例"3.8_2", 覆盖变量数目为2, 未覆盖的变量包括['操作', '交易品种', '交易方向', '状态', '时间', '结果']
## 测试场景"3", 测试用例"3.8_3", 覆盖变量数目为3, 未覆盖的变量包括['操作', '交易品种', '状态', '时间', '结果']
## 测试场景"3", 测试用例"3.8_3", 覆盖变量数目为2, 未覆盖的变量包括['操作', '交易品种', '交易方向', '状态', '时间', '结果']
## 测试场景"3", 测试用例"3.9_1", 覆盖变量数目为3, 未覆盖的变量包括['操作', '交易品种', '状态', '时间', '结果']
## 测试场景"3", 测试用例"3.9_1", 覆盖变量数目为2, 未覆盖的变量包括['操作', '交易品种', '交易方向', '状态', '时间', '结果']
## 测试场景"3", 测试用例"3.9_2", 覆盖变量数目为3, 未覆盖的变量包括['操作', '交易品种', '状态', '时间', '结果']
## 测试场景"3", 测试用例"3.9_2", 覆盖变量数目为2, 未覆盖的变量包括['操作', '交易品种', '交易方向', '状态', '时间', '结果']
## 测试场景"3", 测试用例"3.9_3", 覆盖变量数目为3, 未覆盖的变量包括['操作', '交易品种', '状态', '时间', '结果']
## 测试场景"3", 测试用例"3.9_3", 覆盖变量数目为2, 未覆盖的变量包括['操作', '交易品种', '交易方向', '状态', '时间', '结果']
## 测试场景"3", 测试用例"3.10_1", 覆盖变量数目为2, 未覆盖的变量包括['操作', '交易品种', '交易方向', '状态', '时间', '结果']
## 测试场景"3", 测试用例"3.10_2", 覆盖变量数目为2, 未覆盖的变量包括['操作', '交易品种', '交易方向', '状态', '时间', '结果']
## 测试场景"3", 测试用例"3.10_3", 覆盖变量数目为2, 未覆盖的变量包括['操作', '交易品种', '交易方向', '状态', '时间', '结果']
### 测试场景"3", 覆盖变量的最大数目为5, 整体未覆盖的变量包括['操作', '交易品种', '时间']

## 测试场景"4", 测试用例"3.1_1", 覆盖变量数目为2, 未覆盖的变量包括['操作', '交易品种', '交易方向', '状态', '时间', '结果']
## 测试场景"4", 测试用例"3.1_1", 覆盖变量数目为3, 未覆盖的变量包括['操作', '交易品种', '状态', '时间', '结果']
## 测试场景"4", 测试用例"3.1_2", 覆盖变量数目为2, 未覆盖的变量包括['操作', '交易品种', '交易方向', '状态', '时间', '结果']
## 测试场景"4", 测试用例"3.1_2", 覆盖变量数目为3, 未覆盖的变量包括['操作', '交易品种', '状态', '时间', '结果']
## 测试场景"4", 测试用例"3.2_1", 覆盖变量数目为4, 未覆盖的变量包括['操作', '交易品种', '交易方向', '时间']
## 测试场景"4", 测试用例"3.2_1", 覆盖变量数目为5, 未覆盖的变量包括['操作', '交易品种', '时间']
## 测试场景"4", 测试用例"3.2_2", 覆盖变量数目为2, 未覆盖的变量包括['操作', '交易品种', '交易方向', '状态', '时间', '结果']
## 测试场景"4", 测试用例"3.2_2", 覆盖变量数目为3, 未覆盖的变量包括['操作', '交易品种', '状态', '时间', '结果']
## 测试场景"4", 测试用例"3.2_3", 覆盖变量数目为3, 未覆盖的变量包括['操作', '交易品种', '交易方向', '状态', '时间']
## 测试场景"4", 测试用例"3.2_3", 覆盖变量数目为4, 未覆盖的变量包括['操作', '交易品种', '状态', '时间']
## 测试场景"4", 测试用例"3.2_4", 覆盖变量数目为3, 未覆盖的变量包括['操作', '交易品种', '交易方向', '时间', '结果']
## 测试场景"4", 测试用例"3.2_4", 覆盖变量数目为4, 未覆盖的变量包括['操作', '交易品种', '时间', '结果']
## 测试场景"4", 测试用例"3.3_1", 覆盖变量数目为3, 未覆盖的变量包括['操作', '交易品种', '交易方向', '状态', '时间']
## 测试场景"4", 测试用例"3.3_1", 覆盖变量数目为4, 未覆盖的变量包括['操作', '交易品种', '状态', '时间']
## 测试场景"4", 测试用例"3.3_2", 覆盖变量数目为2, 未覆盖的变量包括['操作', '交易品种', '交易方向', '状态', '时间', '结果']
## 测试场景"4", 测试用例"3.3_2", 覆盖变量数目为3, 未覆盖的变量包括['操作', '交易品种', '状态', '时间', '结果']
## 测试场景"4", 测试用例"3.3_3", 覆盖变量数目为2, 未覆盖的变量包括['操作', '交易品种', '交易方向', '状态', '时间', '结果']
## 测试场景"4", 测试用例"3.3_3", 覆盖变量数目为3, 未覆盖的变量包括['操作', '交易品种', '状态', '时间', '结果']
## 测试场景"4", 测试用例"3.3_4", 覆盖变量数目为2, 未覆盖的变量包括['操作', '交易品种', '交易方向', '状态', '时间', '结果']
## 测试场景"4", 测试用例"3.3_4", 覆盖变量数目为3, 未覆盖的变量包括['操作', '交易品种', '状态', '时间', '结果']
## 测试场景"4", 测试用例"3.4_1", 覆盖变量数目为3, 未覆盖的变量包括['操作', '交易品种', '交易方向', '状态', '时间']
## 测试场景"4", 测试用例"3.4_1", 覆盖变量数目为4, 未覆盖的变量包括['操作', '交易品种', '状态', '时间']
## 测试场景"4", 测试用例"3.4_2", 覆盖变量数目为3, 未覆盖的变量包括['操作', '交易品种', '交易方向', '状态', '时间']
## 测试场景"4", 测试用例"3.4_2", 覆盖变量数目为4, 未覆盖的变量包括['操作', '交易品种', '状态', '时间']
## 测试场景"4", 测试用例"3.4_3", 覆盖变量数目为2, 未覆盖的变量包括['操作', '交易品种', '交易方向', '状态', '时间', '结果']
## 测试场景"4", 测试用例"3.4_3", 覆盖变量数目为3, 未覆盖的变量包括['操作', '交易品种', '状态', '时间', '结果']
## 测试场景"4", 测试用例"3.4_4", 覆盖变量数目为2, 未覆盖的变量包括['操作', '交易品种', '交易方向', '状态', '时间', '结果']
## 测试场景"4", 测试用例"3.4_4", 覆盖变量数目为3, 未覆盖的变量包括['操作', '交易品种', '状态', '时间', '结果']
## 测试场景"4", 测试用例"3.5_1", 覆盖变量数目为3, 未覆盖的变量包括['操作', '交易品种', '交易方向', '状态', '时间']
## 测试场景"4", 测试用例"3.5_1", 覆盖变量数目为4, 未覆盖的变量包括['操作', '交易品种', '状态', '时间']
## 测试场景"4", 测试用例"3.5_2", 覆盖变量数目为2, 未覆盖的变量包括['操作', '交易品种', '交易方向', '状态', '时间', '结果']
## 测试场景"4", 测试用例"3.5_2", 覆盖变量数目为3, 未覆盖的变量包括['操作', '交易品种', '状态', '时间', '结果']
## 测试场景"4", 测试用例"3.6_1", 覆盖变量数目为3, 未覆盖的变量包括['操作', '交易品种', '交易方向', '状态', '时间']
## 测试场景"4", 测试用例"3.6_1", 覆盖变量数目为4, 未覆盖的变量包括['操作', '交易品种', '状态', '时间']
## 测试场景"4", 测试用例"3.6_2", 覆盖变量数目为2, 未覆盖的变量包括['操作', '交易品种', '交易方向', '状态', '时间', '结果']
## 测试场景"4", 测试用例"3.6_2", 覆盖变量数目为3, 未覆盖的变量包括['操作', '交易品种', '状态', '时间', '结果']
## 测试场景"4", 测试用例"3.7_1", 覆盖变量数目为3, 未覆盖的变量包括['操作', '交易品种', '交易方向', '状态', '时间']
## 测试场景"4", 测试用例"3.7_1", 覆盖变量数目为4, 未覆盖的变量包括['操作', '交易品种', '状态', '时间']
## 测试场景"4", 测试用例"3.7_2", 覆盖变量数目为2, 未覆盖的变量包括['操作', '交易品种', '交易方向', '状态', '时间', '结果']
## 测试场景"4", 测试用例"3.7_2", 覆盖变量数目为3, 未覆盖的变量包括['操作', '交易品种', '状态', '时间', '结果']
## 测试场景"4", 测试用例"3.8_1", 覆盖变量数目为2, 未覆盖的变量包括['操作', '交易品种', '交易方向', '状态', '时间', '结果']
## 测试场景"4", 测试用例"3.8_1", 覆盖变量数目为3, 未覆盖的变量包括['操作', '交易品种', '状态', '时间', '结果']
## 测试场景"4", 测试用例"3.8_2", 覆盖变量数目为2, 未覆盖的变量包括['操作', '交易品种', '交易方向', '状态', '时间', '结果']
## 测试场景"4", 测试用例"3.8_2", 覆盖变量数目为3, 未覆盖的变量包括['操作', '交易品种', '状态', '时间', '结果']
## 测试场景"4", 测试用例"3.8_3", 覆盖变量数目为2, 未覆盖的变量包括['操作', '交易品种', '交易方向', '状态', '时间', '结果']
## 测试场景"4", 测试用例"3.8_3", 覆盖变量数目为3, 未覆盖的变量包括['操作', '交易品种', '状态', '时间', '结果']
## 测试场景"4", 测试用例"3.9_1", 覆盖变量数目为2, 未覆盖的变量包括['操作', '交易品种', '交易方向', '状态', '时间', '结果']
## 测试场景"4", 测试用例"3.9_1", 覆盖变量数目为3, 未覆盖的变量包括['操作', '交易品种', '状态', '时间', '结果']
## 测试场景"4", 测试用例"3.9_2", 覆盖变量数目为2, 未覆盖的变量包括['操作', '交易品种', '交易方向', '状态', '时间', '结果']
## 测试场景"4", 测试用例"3.9_2", 覆盖变量数目为3, 未覆盖的变量包括['操作', '交易品种', '状态', '时间', '结果']
## 测试场景"4", 测试用例"3.9_3", 覆盖变量数目为2, 未覆盖的变量包括['操作', '交易品种', '交易方向', '状态', '时间', '结果']
## 测试场景"4", 测试用例"3.9_3", 覆盖变量数目为3, 未覆盖的变量包括['操作', '交易品种', '状态', '时间', '结果']
## 测试场景"4", 测试用例"3.10_1", 覆盖变量数目为3, 未覆盖的变量包括['操作', '交易品种', '状态', '时间', '结果']
## 测试场景"4", 测试用例"3.10_2", 覆盖变量数目为3, 未覆盖的变量包括['操作', '交易品种', '状态', '时间', '结果']
## 测试场景"4", 测试用例"3.10_3", 覆盖变量数目为3, 未覆盖的变量包括['操作', '交易品种', '状态', '时间', '结果']
### 测试场景"4", 覆盖变量的最大数目为5, 整体未覆盖的变量包括['操作', '交易品种', '时间']

## 测试场景"5", 测试用例"3.1_1", 覆盖变量数目为2, 未覆盖的变量包括['操作', '交易品种', '交易方向', '状态', '结果']
## 测试场景"5", 测试用例"3.1_1", 覆盖变量数目为3, 未覆盖的变量包括['操作', '交易品种', '状态', '结果']
## 测试场景"5", 测试用例"3.1_2", 覆盖变量数目为2, 未覆盖的变量包括['操作', '交易品种', '交易方向', '状态', '结果']
## 测试场景"5", 测试用例"3.1_2", 覆盖变量数目为3, 未覆盖的变量包括['操作', '交易品种', '状态', '结果']
## 测试场景"5", 测试用例"3.2_1", 覆盖变量数目为3, 未覆盖的变量包括['操作', '交易品种', '交易方向', '状态']
## 测试场景"5", 测试用例"3.2_1", 覆盖变量数目为4, 未覆盖的变量包括['操作', '交易品种', '状态']
## 测试场景"5", 测试用例"3.2_2", 覆盖变量数目为2, 未覆盖的变量包括['操作', '交易品种', '交易方向', '状态', '结果']
## 测试场景"5", 测试用例"3.2_2", 覆盖变量数目为3, 未覆盖的变量包括['操作', '交易品种', '状态', '结果']
## 测试场景"5", 测试用例"3.2_3", 覆盖变量数目为3, 未覆盖的变量包括['操作', '交易品种', '交易方向', '状态']
## 测试场景"5", 测试用例"3.2_3", 覆盖变量数目为4, 未覆盖的变量包括['操作', '交易品种', '状态']
## 测试场景"5", 测试用例"3.2_4", 覆盖变量数目为2, 未覆盖的变量包括['操作', '交易品种', '交易方向', '状态', '结果']
## 测试场景"5", 测试用例"3.2_4", 覆盖变量数目为3, 未覆盖的变量包括['操作', '交易品种', '状态', '结果']
## 测试场景"5", 测试用例"3.3_1", 覆盖变量数目为3, 未覆盖的变量包括['操作', '交易品种', '交易方向', '状态']
## 测试场景"5", 测试用例"3.3_1", 覆盖变量数目为4, 未覆盖的变量包括['操作', '交易品种', '状态']
## 测试场景"5", 测试用例"3.3_2", 覆盖变量数目为2, 未覆盖的变量包括['操作', '交易品种', '交易方向', '状态', '结果']
## 测试场景"5", 测试用例"3.3_2", 覆盖变量数目为3, 未覆盖的变量包括['操作', '交易品种', '状态', '结果']
## 测试场景"5", 测试用例"3.3_3", 覆盖变量数目为2, 未覆盖的变量包括['操作', '交易品种', '交易方向', '状态', '结果']
## 测试场景"5", 测试用例"3.3_3", 覆盖变量数目为3, 未覆盖的变量包括['操作', '交易品种', '状态', '结果']
## 测试场景"5", 测试用例"3.3_4", 覆盖变量数目为2, 未覆盖的变量包括['操作', '交易品种', '交易方向', '状态', '结果']
## 测试场景"5", 测试用例"3.3_4", 覆盖变量数目为3, 未覆盖的变量包括['操作', '交易品种', '状态', '结果']
## 测试场景"5", 测试用例"3.4_1", 覆盖变量数目为3, 未覆盖的变量包括['操作', '交易品种', '交易方向', '状态']
## 测试场景"5", 测试用例"3.4_1", 覆盖变量数目为4, 未覆盖的变量包括['操作', '交易品种', '状态']
## 测试场景"5", 测试用例"3.4_2", 覆盖变量数目为3, 未覆盖的变量包括['操作', '交易品种', '交易方向', '状态']
## 测试场景"5", 测试用例"3.4_2", 覆盖变量数目为4, 未覆盖的变量包括['操作', '交易品种', '状态']
## 测试场景"5", 测试用例"3.4_3", 覆盖变量数目为2, 未覆盖的变量包括['操作', '交易品种', '交易方向', '状态', '结果']
## 测试场景"5", 测试用例"3.4_3", 覆盖变量数目为3, 未覆盖的变量包括['操作', '交易品种', '状态', '结果']
## 测试场景"5", 测试用例"3.4_4", 覆盖变量数目为2, 未覆盖的变量包括['操作', '交易品种', '交易方向', '状态', '结果']
## 测试场景"5", 测试用例"3.4_4", 覆盖变量数目为3, 未覆盖的变量包括['操作', '交易品种', '状态', '结果']
## 测试场景"5", 测试用例"3.5_1", 覆盖变量数目为3, 未覆盖的变量包括['操作', '交易品种', '交易方向', '状态']
## 测试场景"5", 测试用例"3.5_1", 覆盖变量数目为4, 未覆盖的变量包括['操作', '交易品种', '状态']
## 测试场景"5", 测试用例"3.5_2", 覆盖变量数目为2, 未覆盖的变量包括['操作', '交易品种', '交易方向', '状态', '结果']
## 测试场景"5", 测试用例"3.5_2", 覆盖变量数目为3, 未覆盖的变量包括['操作', '交易品种', '状态', '结果']
## 测试场景"5", 测试用例"3.6_1", 覆盖变量数目为3, 未覆盖的变量包括['操作', '交易品种', '交易方向', '状态']
## 测试场景"5", 测试用例"3.6_1", 覆盖变量数目为4, 未覆盖的变量包括['操作', '交易品种', '状态']
## 测试场景"5", 测试用例"3.6_2", 覆盖变量数目为2, 未覆盖的变量包括['操作', '交易品种', '交易方向', '状态', '结果']
## 测试场景"5", 测试用例"3.6_2", 覆盖变量数目为3, 未覆盖的变量包括['操作', '交易品种', '状态', '结果']
## 测试场景"5", 测试用例"3.7_1", 覆盖变量数目为3, 未覆盖的变量包括['操作', '交易品种', '交易方向', '状态']
## 测试场景"5", 测试用例"3.7_1", 覆盖变量数目为4, 未覆盖的变量包括['操作', '交易品种', '状态']
## 测试场景"5", 测试用例"3.7_2", 覆盖变量数目为2, 未覆盖的变量包括['操作', '交易品种', '交易方向', '状态', '结果']
## 测试场景"5", 测试用例"3.7_2", 覆盖变量数目为3, 未覆盖的变量包括['操作', '交易品种', '状态', '结果']
## 测试场景"5", 测试用例"3.8_1", 覆盖变量数目为2, 未覆盖的变量包括['操作', '交易品种', '交易方向', '状态', '结果']
## 测试场景"5", 测试用例"3.8_1", 覆盖变量数目为3, 未覆盖的变量包括['操作', '交易品种', '状态', '结果']
## 测试场景"5", 测试用例"3.8_2", 覆盖变量数目为2, 未覆盖的变量包括['操作', '交易品种', '交易方向', '状态', '结果']
## 测试场景"5", 测试用例"3.8_2", 覆盖变量数目为3, 未覆盖的变量包括['操作', '交易品种', '状态', '结果']
## 测试场景"5", 测试用例"3.8_3", 覆盖变量数目为2, 未覆盖的变量包括['操作', '交易品种', '交易方向', '状态', '结果']
## 测试场景"5", 测试用例"3.8_3", 覆盖变量数目为3, 未覆盖的变量包括['操作', '交易品种', '状态', '结果']
## 测试场景"5", 测试用例"3.9_1", 覆盖变量数目为2, 未覆盖的变量包括['操作', '交易品种', '交易方向', '状态', '结果']
## 测试场景"5", 测试用例"3.9_1", 覆盖变量数目为3, 未覆盖的变量包括['操作', '交易品种', '状态', '结果']
## 测试场景"5", 测试用例"3.9_2", 覆盖变量数目为2, 未覆盖的变量包括['操作', '交易品种', '交易方向', '状态', '结果']
## 测试场景"5", 测试用例"3.9_2", 覆盖变量数目为3, 未覆盖的变量包括['操作', '交易品种', '状态', '结果']
## 测试场景"5", 测试用例"3.9_3", 覆盖变量数目为2, 未覆盖的变量包括['操作', '交易品种', '交易方向', '状态', '结果']
## 测试场景"5", 测试用例"3.9_3", 覆盖变量数目为3, 未覆盖的变量包括['操作', '交易品种', '状态', '结果']
## 测试场景"5", 测试用例"3.10_1", 覆盖变量数目为3, 未覆盖的变量包括['操作', '交易品种', '状态', '结果']
## 测试场景"5", 测试用例"3.10_2", 覆盖变量数目为3, 未覆盖的变量包括['操作', '交易品种', '状态', '结果']
## 测试场景"5", 测试用例"3.10_3", 覆盖变量数目为3, 未覆盖的变量包括['操作', '交易品种', '状态', '结果']
### 测试场景"5", 覆盖变量的最大数目为4, 整体未覆盖的变量包括['操作', '交易品种', '状态']

## 测试场景"6", 测试用例"3.1_1", 覆盖变量数目为3, 未覆盖的变量包括['交易品种', '盘后定价交易时间', '结果']
## 测试场景"6", 测试用例"3.1_1", 覆盖变量数目为2, 未覆盖的变量包括['交易品种', '交易方向', '盘后定价交易时间', '结果']
## 测试场景"6", 测试用例"3.1_2", 覆盖变量数目为3, 未覆盖的变量包括['交易品种', '盘后定价交易时间', '结果']
## 测试场景"6", 测试用例"3.1_2", 覆盖变量数目为2, 未覆盖的变量包括['交易品种', '交易方向', '盘后定价交易时间', '结果']
## 测试场景"6", 测试用例"3.2_1", 覆盖变量数目为5, 未覆盖的变量包括['交易品种']
## 测试场景"6", 测试用例"3.2_1", 覆盖变量数目为4, 未覆盖的变量包括['交易品种', '交易方向']
## 测试场景"6", 测试用例"3.2_2", 覆盖变量数目为4, 未覆盖的变量包括['交易品种', '结果']
## 测试场景"6", 测试用例"3.2_2", 覆盖变量数目为3, 未覆盖的变量包括['交易品种', '交易方向', '结果']
## 测试场景"6", 测试用例"3.2_3", 覆盖变量数目为5, 未覆盖的变量包括['交易品种']
## 测试场景"6", 测试用例"3.2_3", 覆盖变量数目为4, 未覆盖的变量包括['交易品种', '交易方向']
## 测试场景"6", 测试用例"3.2_4", 覆盖变量数目为4, 未覆盖的变量包括['交易品种', '结果']
## 测试场景"6", 测试用例"3.2_4", 覆盖变量数目为3, 未覆盖的变量包括['交易品种', '交易方向', '结果']
## 测试场景"6", 测试用例"3.3_1", 覆盖变量数目为4, 未覆盖的变量包括['交易品种', '盘后定价交易时间']
## 测试场景"6", 测试用例"3.3_1", 覆盖变量数目为3, 未覆盖的变量包括['交易品种', '交易方向', '盘后定价交易时间']
## 测试场景"6", 测试用例"3.3_2", 覆盖变量数目为3, 未覆盖的变量包括['交易品种', '盘后定价交易时间', '结果']
## 测试场景"6", 测试用例"3.3_2", 覆盖变量数目为2, 未覆盖的变量包括['交易品种', '交易方向', '盘后定价交易时间', '结果']
## 测试场景"6", 测试用例"3.3_3", 覆盖变量数目为3, 未覆盖的变量包括['交易品种', '盘后定价交易时间', '结果']
## 测试场景"6", 测试用例"3.3_3", 覆盖变量数目为2, 未覆盖的变量包括['交易品种', '交易方向', '盘后定价交易时间', '结果']
## 测试场景"6", 测试用例"3.3_4", 覆盖变量数目为3, 未覆盖的变量包括['交易品种', '盘后定价交易时间', '结果']
## 测试场景"6", 测试用例"3.3_4", 覆盖变量数目为2, 未覆盖的变量包括['交易品种', '交易方向', '盘后定价交易时间', '结果']
## 测试场景"6", 测试用例"3.4_1", 覆盖变量数目为4, 未覆盖的变量包括['交易品种', '盘后定价交易时间']
## 测试场景"6", 测试用例"3.4_1", 覆盖变量数目为3, 未覆盖的变量包括['交易品种', '交易方向', '盘后定价交易时间']
## 测试场景"6", 测试用例"3.4_2", 覆盖变量数目为4, 未覆盖的变量包括['交易品种', '盘后定价交易时间']
## 测试场景"6", 测试用例"3.4_2", 覆盖变量数目为3, 未覆盖的变量包括['交易品种', '交易方向', '盘后定价交易时间']
## 测试场景"6", 测试用例"3.4_3", 覆盖变量数目为3, 未覆盖的变量包括['交易品种', '盘后定价交易时间', '结果']
## 测试场景"6", 测试用例"3.4_3", 覆盖变量数目为2, 未覆盖的变量包括['交易品种', '交易方向', '盘后定价交易时间', '结果']
## 测试场景"6", 测试用例"3.4_4", 覆盖变量数目为3, 未覆盖的变量包括['交易品种', '盘后定价交易时间', '结果']
## 测试场景"6", 测试用例"3.4_4", 覆盖变量数目为2, 未覆盖的变量包括['交易品种', '交易方向', '盘后定价交易时间', '结果']
## 测试场景"6", 测试用例"3.5_1", 覆盖变量数目为4, 未覆盖的变量包括['交易品种', '盘后定价交易时间']
## 测试场景"6", 测试用例"3.5_1", 覆盖变量数目为3, 未覆盖的变量包括['交易品种', '交易方向', '盘后定价交易时间']
## 测试场景"6", 测试用例"3.5_2", 覆盖变量数目为3, 未覆盖的变量包括['交易品种', '盘后定价交易时间', '结果']
## 测试场景"6", 测试用例"3.5_2", 覆盖变量数目为2, 未覆盖的变量包括['交易品种', '交易方向', '盘后定价交易时间', '结果']
## 测试场景"6", 测试用例"3.6_1", 覆盖变量数目为4, 未覆盖的变量包括['交易品种', '盘后定价交易时间']
## 测试场景"6", 测试用例"3.6_1", 覆盖变量数目为3, 未覆盖的变量包括['交易品种', '交易方向', '盘后定价交易时间']
## 测试场景"6", 测试用例"3.6_2", 覆盖变量数目为3, 未覆盖的变量包括['交易品种', '盘后定价交易时间', '结果']
## 测试场景"6", 测试用例"3.6_2", 覆盖变量数目为2, 未覆盖的变量包括['交易品种', '交易方向', '盘后定价交易时间', '结果']
## 测试场景"6", 测试用例"3.7_1", 覆盖变量数目为4, 未覆盖的变量包括['交易品种', '盘后定价交易时间']
## 测试场景"6", 测试用例"3.7_1", 覆盖变量数目为3, 未覆盖的变量包括['交易品种', '交易方向', '盘后定价交易时间']
## 测试场景"6", 测试用例"3.7_2", 覆盖变量数目为3, 未覆盖的变量包括['交易品种', '盘后定价交易时间', '结果']
## 测试场景"6", 测试用例"3.7_2", 覆盖变量数目为2, 未覆盖的变量包括['交易品种', '交易方向', '盘后定价交易时间', '结果']
## 测试场景"6", 测试用例"3.8_1", 覆盖变量数目为3, 未覆盖的变量包括['交易品种', '盘后定价交易时间', '结果']
## 测试场景"6", 测试用例"3.8_1", 覆盖变量数目为2, 未覆盖的变量包括['交易品种', '交易方向', '盘后定价交易时间', '结果']
## 测试场景"6", 测试用例"3.8_2", 覆盖变量数目为4, 未覆盖的变量包括['交易品种', '结果']
## 测试场景"6", 测试用例"3.8_2", 覆盖变量数目为3, 未覆盖的变量包括['交易品种', '交易方向', '结果']
## 测试场景"6", 测试用例"3.8_3", 覆盖变量数目为4, 未覆盖的变量包括['交易品种', '结果']
## 测试场景"6", 测试用例"3.8_3", 覆盖变量数目为3, 未覆盖的变量包括['交易品种', '交易方向', '结果']
## 测试场景"6", 测试用例"3.9_1", 覆盖变量数目为3, 未覆盖的变量包括['交易品种', '盘后定价交易时间', '结果']
## 测试场景"6", 测试用例"3.9_1", 覆盖变量数目为2, 未覆盖的变量包括['交易品种', '交易方向', '盘后定价交易时间', '结果']
## 测试场景"6", 测试用例"3.9_2", 覆盖变量数目为3, 未覆盖的变量包括['交易品种', '盘后定价交易时间', '结果']
## 测试场景"6", 测试用例"3.9_2", 覆盖变量数目为2, 未覆盖的变量包括['交易品种', '交易方向', '盘后定价交易时间', '结果']
## 测试场景"6", 测试用例"3.9_3", 覆盖变量数目为3, 未覆盖的变量包括['交易品种', '盘后定价交易时间', '结果']
## 测试场景"6", 测试用例"3.9_3", 覆盖变量数目为2, 未覆盖的变量包括['交易品种', '交易方向', '盘后定价交易时间', '结果']
## 测试场景"6", 测试用例"3.10_1", 覆盖变量数目为2, 未覆盖的变量包括['交易品种', '交易方向', '盘后定价交易时间', '结果']
## 测试场景"6", 测试用例"3.10_2", 覆盖变量数目为2, 未覆盖的变量包括['交易品种', '交易方向', '盘后定价交易时间', '结果']
## 测试场景"6", 测试用例"3.10_3", 覆盖变量数目为2, 未覆盖的变量包括['交易品种', '交易方向', '盘后定价交易时间', '结果']
### 测试场景"6", 覆盖变量的最大数目为5, 整体未覆盖的变量包括['交易品种']

## 测试场景"7", 测试用例"3.1_1", 覆盖变量数目为2, 未覆盖的变量包括['交易品种', '交易方向', '盘后定价交易时间', '结果']
## 测试场景"7", 测试用例"3.1_1", 覆盖变量数目为3, 未覆盖的变量包括['交易品种', '盘后定价交易时间', '结果']
## 测试场景"7", 测试用例"3.1_2", 覆盖变量数目为2, 未覆盖的变量包括['交易品种', '交易方向', '盘后定价交易时间', '结果']
## 测试场景"7", 测试用例"3.1_2", 覆盖变量数目为3, 未覆盖的变量包括['交易品种', '盘后定价交易时间', '结果']
## 测试场景"7", 测试用例"3.2_1", 覆盖变量数目为4, 未覆盖的变量包括['交易品种', '交易方向']
## 测试场景"7", 测试用例"3.2_1", 覆盖变量数目为5, 未覆盖的变量包括['交易品种']
## 测试场景"7", 测试用例"3.2_2", 覆盖变量数目为3, 未覆盖的变量包括['交易品种', '交易方向', '结果']
## 测试场景"7", 测试用例"3.2_2", 覆盖变量数目为4, 未覆盖的变量包括['交易品种', '结果']
## 测试场景"7", 测试用例"3.2_3", 覆盖变量数目为4, 未覆盖的变量包括['交易品种', '交易方向']
## 测试场景"7", 测试用例"3.2_3", 覆盖变量数目为5, 未覆盖的变量包括['交易品种']
## 测试场景"7", 测试用例"3.2_4", 覆盖变量数目为3, 未覆盖的变量包括['交易品种', '交易方向', '结果']
## 测试场景"7", 测试用例"3.2_4", 覆盖变量数目为4, 未覆盖的变量包括['交易品种', '结果']
## 测试场景"7", 测试用例"3.3_1", 覆盖变量数目为3, 未覆盖的变量包括['交易品种', '交易方向', '盘后定价交易时间']
## 测试场景"7", 测试用例"3.3_1", 覆盖变量数目为4, 未覆盖的变量包括['交易品种', '盘后定价交易时间']
## 测试场景"7", 测试用例"3.3_2", 覆盖变量数目为2, 未覆盖的变量包括['交易品种', '交易方向', '盘后定价交易时间', '结果']
## 测试场景"7", 测试用例"3.3_2", 覆盖变量数目为3, 未覆盖的变量包括['交易品种', '盘后定价交易时间', '结果']
## 测试场景"7", 测试用例"3.3_3", 覆盖变量数目为2, 未覆盖的变量包括['交易品种', '交易方向', '盘后定价交易时间', '结果']
## 测试场景"7", 测试用例"3.3_3", 覆盖变量数目为3, 未覆盖的变量包括['交易品种', '盘后定价交易时间', '结果']
## 测试场景"7", 测试用例"3.3_4", 覆盖变量数目为2, 未覆盖的变量包括['交易品种', '交易方向', '盘后定价交易时间', '结果']
## 测试场景"7", 测试用例"3.3_4", 覆盖变量数目为3, 未覆盖的变量包括['交易品种', '盘后定价交易时间', '结果']
## 测试场景"7", 测试用例"3.4_1", 覆盖变量数目为3, 未覆盖的变量包括['交易品种', '交易方向', '盘后定价交易时间']
## 测试场景"7", 测试用例"3.4_1", 覆盖变量数目为4, 未覆盖的变量包括['交易品种', '盘后定价交易时间']
## 测试场景"7", 测试用例"3.4_2", 覆盖变量数目为3, 未覆盖的变量包括['交易品种', '交易方向', '盘后定价交易时间']
## 测试场景"7", 测试用例"3.4_2", 覆盖变量数目为4, 未覆盖的变量包括['交易品种', '盘后定价交易时间']
## 测试场景"7", 测试用例"3.4_3", 覆盖变量数目为2, 未覆盖的变量包括['交易品种', '交易方向', '盘后定价交易时间', '结果']
## 测试场景"7", 测试用例"3.4_3", 覆盖变量数目为3, 未覆盖的变量包括['交易品种', '盘后定价交易时间', '结果']
## 测试场景"7", 测试用例"3.4_4", 覆盖变量数目为2, 未覆盖的变量包括['交易品种', '交易方向', '盘后定价交易时间', '结果']
## 测试场景"7", 测试用例"3.4_4", 覆盖变量数目为3, 未覆盖的变量包括['交易品种', '盘后定价交易时间', '结果']
## 测试场景"7", 测试用例"3.5_1", 覆盖变量数目为3, 未覆盖的变量包括['交易品种', '交易方向', '盘后定价交易时间']
## 测试场景"7", 测试用例"3.5_1", 覆盖变量数目为4, 未覆盖的变量包括['交易品种', '盘后定价交易时间']
## 测试场景"7", 测试用例"3.5_2", 覆盖变量数目为2, 未覆盖的变量包括['交易品种', '交易方向', '盘后定价交易时间', '结果']
## 测试场景"7", 测试用例"3.5_2", 覆盖变量数目为3, 未覆盖的变量包括['交易品种', '盘后定价交易时间', '结果']
## 测试场景"7", 测试用例"3.6_1", 覆盖变量数目为3, 未覆盖的变量包括['交易品种', '交易方向', '盘后定价交易时间']
## 测试场景"7", 测试用例"3.6_1", 覆盖变量数目为4, 未覆盖的变量包括['交易品种', '盘后定价交易时间']
## 测试场景"7", 测试用例"3.6_2", 覆盖变量数目为2, 未覆盖的变量包括['交易品种', '交易方向', '盘后定价交易时间', '结果']
## 测试场景"7", 测试用例"3.6_2", 覆盖变量数目为3, 未覆盖的变量包括['交易品种', '盘后定价交易时间', '结果']
## 测试场景"7", 测试用例"3.7_1", 覆盖变量数目为3, 未覆盖的变量包括['交易品种', '交易方向', '盘后定价交易时间']
## 测试场景"7", 测试用例"3.7_1", 覆盖变量数目为4, 未覆盖的变量包括['交易品种', '盘后定价交易时间']
## 测试场景"7", 测试用例"3.7_2", 覆盖变量数目为2, 未覆盖的变量包括['交易品种', '交易方向', '盘后定价交易时间', '结果']
## 测试场景"7", 测试用例"3.7_2", 覆盖变量数目为3, 未覆盖的变量包括['交易品种', '盘后定价交易时间', '结果']
## 测试场景"7", 测试用例"3.8_1", 覆盖变量数目为2, 未覆盖的变量包括['交易品种', '交易方向', '盘后定价交易时间', '结果']
## 测试场景"7", 测试用例"3.8_1", 覆盖变量数目为3, 未覆盖的变量包括['交易品种', '盘后定价交易时间', '结果']
## 测试场景"7", 测试用例"3.8_2", 覆盖变量数目为3, 未覆盖的变量包括['交易品种', '交易方向', '结果']
## 测试场景"7", 测试用例"3.8_2", 覆盖变量数目为4, 未覆盖的变量包括['交易品种', '结果']
## 测试场景"7", 测试用例"3.8_3", 覆盖变量数目为3, 未覆盖的变量包括['交易品种', '交易方向', '结果']
## 测试场景"7", 测试用例"3.8_3", 覆盖变量数目为4, 未覆盖的变量包括['交易品种', '结果']
## 测试场景"7", 测试用例"3.9_1", 覆盖变量数目为2, 未覆盖的变量包括['交易品种', '交易方向', '盘后定价交易时间', '结果']
## 测试场景"7", 测试用例"3.9_1", 覆盖变量数目为3, 未覆盖的变量包括['交易品种', '盘后定价交易时间', '结果']
## 测试场景"7", 测试用例"3.9_2", 覆盖变量数目为2, 未覆盖的变量包括['交易品种', '交易方向', '盘后定价交易时间', '结果']
## 测试场景"7", 测试用例"3.9_2", 覆盖变量数目为3, 未覆盖的变量包括['交易品种', '盘后定价交易时间', '结果']
## 测试场景"7", 测试用例"3.9_3", 覆盖变量数目为2, 未覆盖的变量包括['交易品种', '交易方向', '盘后定价交易时间', '结果']
## 测试场景"7", 测试用例"3.9_3", 覆盖变量数目为3, 未覆盖的变量包括['交易品种', '盘后定价交易时间', '结果']
## 测试场景"7", 测试用例"3.10_1", 覆盖变量数目为3, 未覆盖的变量包括['交易品种', '盘后定价交易时间', '结果']
## 测试场景"7", 测试用例"3.10_2", 覆盖变量数目为3, 未覆盖的变量包括['交易品种', '盘后定价交易时间', '结果']
## 测试场景"7", 测试用例"3.10_3", 覆盖变量数目为3, 未覆盖的变量包括['交易品种', '盘后定价交易时间', '结果']
### 测试场景"7", 覆盖变量的最大数目为5, 整体未覆盖的变量包括['交易品种']

## 测试场景"8", 测试用例"3.1_1", 覆盖变量数目为3, 未覆盖的变量包括['交易品种', '操作人', '操作', '操作部分', '结果']
## 测试场景"8", 测试用例"3.1_1", 覆盖变量数目为2, 未覆盖的变量包括['交易品种', '交易方向', '操作人', '操作', '操作部分', '结果']
## 测试场景"8", 测试用例"3.1_2", 覆盖变量数目为3, 未覆盖的变量包括['交易品种', '操作人', '操作', '操作部分', '结果']
## 测试场景"8", 测试用例"3.1_2", 覆盖变量数目为2, 未覆盖的变量包括['交易品种', '交易方向', '操作人', '操作', '操作部分', '结果']
## 测试场景"8", 测试用例"3.2_1", 覆盖变量数目为4, 未覆盖的变量包括['交易品种', '操作人', '操作', '操作部分']
## 测试场景"8", 测试用例"3.2_1", 覆盖变量数目为3, 未覆盖的变量包括['交易品种', '交易方向', '操作人', '操作', '操作部分']
## 测试场景"8", 测试用例"3.2_2", 覆盖变量数目为3, 未覆盖的变量包括['交易品种', '操作人', '操作', '操作部分', '结果']
## 测试场景"8", 测试用例"3.2_2", 覆盖变量数目为2, 未覆盖的变量包括['交易品种', '交易方向', '操作人', '操作', '操作部分', '结果']
## 测试场景"8", 测试用例"3.2_3", 覆盖变量数目为4, 未覆盖的变量包括['交易品种', '操作人', '操作', '操作部分']
## 测试场景"8", 测试用例"3.2_3", 覆盖变量数目为3, 未覆盖的变量包括['交易品种', '交易方向', '操作人', '操作', '操作部分']
## 测试场景"8", 测试用例"3.2_4", 覆盖变量数目为3, 未覆盖的变量包括['交易品种', '操作人', '操作', '操作部分', '结果']
## 测试场景"8", 测试用例"3.2_4", 覆盖变量数目为2, 未覆盖的变量包括['交易品种', '交易方向', '操作人', '操作', '操作部分', '结果']
## 测试场景"8", 测试用例"3.3_1", 覆盖变量数目为5, 未覆盖的变量包括['交易品种', '操作人', '操作']
## 测试场景"8", 测试用例"3.3_1", 覆盖变量数目为4, 未覆盖的变量包括['交易品种', '交易方向', '操作人', '操作']
## 测试场景"8", 测试用例"3.3_2", 覆盖变量数目为4, 未覆盖的变量包括['交易品种', '操作人', '操作', '结果']
## 测试场景"8", 测试用例"3.3_2", 覆盖变量数目为3, 未覆盖的变量包括['交易品种', '交易方向', '操作人', '操作', '结果']
## 测试场景"8", 测试用例"3.3_3", 覆盖变量数目为4, 未覆盖的变量包括['交易品种', '操作人', '操作', '结果']
## 测试场景"8", 测试用例"3.3_3", 覆盖变量数目为3, 未覆盖的变量包括['交易品种', '交易方向', '操作人', '操作', '结果']
## 测试场景"8", 测试用例"3.3_4", 覆盖变量数目为4, 未覆盖的变量包括['交易品种', '操作人', '操作', '结果']
## 测试场景"8", 测试用例"3.3_4", 覆盖变量数目为3, 未覆盖的变量包括['交易品种', '交易方向', '操作人', '操作', '结果']
## 测试场景"8", 测试用例"3.4_1", 覆盖变量数目为4, 未覆盖的变量包括['交易品种', '操作人', '操作', '操作部分']
## 测试场景"8", 测试用例"3.4_1", 覆盖变量数目为3, 未覆盖的变量包括['交易品种', '交易方向', '操作人', '操作', '操作部分']
## 测试场景"8", 测试用例"3.4_2", 覆盖变量数目为4, 未覆盖的变量包括['交易品种', '操作人', '操作', '操作部分']
## 测试场景"8", 测试用例"3.4_2", 覆盖变量数目为3, 未覆盖的变量包括['交易品种', '交易方向', '操作人', '操作', '操作部分']
## 测试场景"8", 测试用例"3.4_3", 覆盖变量数目为3, 未覆盖的变量包括['交易品种', '操作人', '操作', '操作部分', '结果']
## 测试场景"8", 测试用例"3.4_3", 覆盖变量数目为2, 未覆盖的变量包括['交易品种', '交易方向', '操作人', '操作', '操作部分', '结果']
## 测试场景"8", 测试用例"3.4_4", 覆盖变量数目为3, 未覆盖的变量包括['交易品种', '操作人', '操作', '操作部分', '结果']
## 测试场景"8", 测试用例"3.4_4", 覆盖变量数目为2, 未覆盖的变量包括['交易品种', '交易方向', '操作人', '操作', '操作部分', '结果']
## 测试场景"8", 测试用例"3.5_1", 覆盖变量数目为4, 未覆盖的变量包括['交易品种', '操作人', '操作', '操作部分']
## 测试场景"8", 测试用例"3.5_1", 覆盖变量数目为3, 未覆盖的变量包括['交易品种', '交易方向', '操作人', '操作', '操作部分']
## 测试场景"8", 测试用例"3.5_2", 覆盖变量数目为3, 未覆盖的变量包括['交易品种', '操作人', '操作', '操作部分', '结果']
## 测试场景"8", 测试用例"3.5_2", 覆盖变量数目为2, 未覆盖的变量包括['交易品种', '交易方向', '操作人', '操作', '操作部分', '结果']
## 测试场景"8", 测试用例"3.6_1", 覆盖变量数目为4, 未覆盖的变量包括['交易品种', '操作人', '操作', '操作部分']
## 测试场景"8", 测试用例"3.6_1", 覆盖变量数目为3, 未覆盖的变量包括['交易品种', '交易方向', '操作人', '操作', '操作部分']
## 测试场景"8", 测试用例"3.6_2", 覆盖变量数目为3, 未覆盖的变量包括['交易品种', '操作人', '操作', '操作部分', '结果']
## 测试场景"8", 测试用例"3.6_2", 覆盖变量数目为2, 未覆盖的变量包括['交易品种', '交易方向', '操作人', '操作', '操作部分', '结果']
## 测试场景"8", 测试用例"3.7_1", 覆盖变量数目为4, 未覆盖的变量包括['交易品种', '操作人', '操作', '操作部分']
## 测试场景"8", 测试用例"3.7_1", 覆盖变量数目为3, 未覆盖的变量包括['交易品种', '交易方向', '操作人', '操作', '操作部分']
## 测试场景"8", 测试用例"3.7_2", 覆盖变量数目为3, 未覆盖的变量包括['交易品种', '操作人', '操作', '操作部分', '结果']
## 测试场景"8", 测试用例"3.7_2", 覆盖变量数目为2, 未覆盖的变量包括['交易品种', '交易方向', '操作人', '操作', '操作部分', '结果']
## 测试场景"8", 测试用例"3.8_1", 覆盖变量数目为3, 未覆盖的变量包括['交易品种', '操作人', '操作', '操作部分', '结果']
## 测试场景"8", 测试用例"3.8_1", 覆盖变量数目为2, 未覆盖的变量包括['交易品种', '交易方向', '操作人', '操作', '操作部分', '结果']
## 测试场景"8", 测试用例"3.8_2", 覆盖变量数目为3, 未覆盖的变量包括['交易品种', '操作人', '操作', '操作部分', '结果']
## 测试场景"8", 测试用例"3.8_2", 覆盖变量数目为2, 未覆盖的变量包括['交易品种', '交易方向', '操作人', '操作', '操作部分', '结果']
## 测试场景"8", 测试用例"3.8_3", 覆盖变量数目为3, 未覆盖的变量包括['交易品种', '操作人', '操作', '操作部分', '结果']
## 测试场景"8", 测试用例"3.8_3", 覆盖变量数目为2, 未覆盖的变量包括['交易品种', '交易方向', '操作人', '操作', '操作部分', '结果']
## 测试场景"8", 测试用例"3.9_1", 覆盖变量数目为3, 未覆盖的变量包括['交易品种', '操作人', '操作', '操作部分', '结果']
## 测试场景"8", 测试用例"3.9_1", 覆盖变量数目为2, 未覆盖的变量包括['交易品种', '交易方向', '操作人', '操作', '操作部分', '结果']
## 测试场景"8", 测试用例"3.9_2", 覆盖变量数目为3, 未覆盖的变量包括['交易品种', '操作人', '操作', '操作部分', '结果']
## 测试场景"8", 测试用例"3.9_2", 覆盖变量数目为2, 未覆盖的变量包括['交易品种', '交易方向', '操作人', '操作', '操作部分', '结果']
## 测试场景"8", 测试用例"3.9_3", 覆盖变量数目为3, 未覆盖的变量包括['交易品种', '操作人', '操作', '操作部分', '结果']
## 测试场景"8", 测试用例"3.9_3", 覆盖变量数目为2, 未覆盖的变量包括['交易品种', '交易方向', '操作人', '操作', '操作部分', '结果']
## 测试场景"8", 测试用例"3.10_1", 覆盖变量数目为2, 未覆盖的变量包括['交易品种', '交易方向', '操作人', '操作', '操作部分', '结果']
## 测试场景"8", 测试用例"3.10_2", 覆盖变量数目为2, 未覆盖的变量包括['交易品种', '交易方向', '操作人', '操作', '操作部分', '结果']
## 测试场景"8", 测试用例"3.10_3", 覆盖变量数目为2, 未覆盖的变量包括['交易品种', '交易方向', '操作人', '操作', '操作部分', '结果']
### 测试场景"8", 覆盖变量的最大数目为5, 整体未覆盖的变量包括['交易品种', '操作人', '操作']

## 测试场景"9", 测试用例"3.1_1", 覆盖变量数目为2, 未覆盖的变量包括['交易品种', '交易方向', '操作人', '操作', '操作部分', '结果']
## 测试场景"9", 测试用例"3.1_1", 覆盖变量数目为3, 未覆盖的变量包括['交易品种', '操作人', '操作', '操作部分', '结果']
## 测试场景"9", 测试用例"3.1_2", 覆盖变量数目为2, 未覆盖的变量包括['交易品种', '交易方向', '操作人', '操作', '操作部分', '结果']
## 测试场景"9", 测试用例"3.1_2", 覆盖变量数目为3, 未覆盖的变量包括['交易品种', '操作人', '操作', '操作部分', '结果']
## 测试场景"9", 测试用例"3.2_1", 覆盖变量数目为3, 未覆盖的变量包括['交易品种', '交易方向', '操作人', '操作', '操作部分']
## 测试场景"9", 测试用例"3.2_1", 覆盖变量数目为4, 未覆盖的变量包括['交易品种', '操作人', '操作', '操作部分']
## 测试场景"9", 测试用例"3.2_2", 覆盖变量数目为2, 未覆盖的变量包括['交易品种', '交易方向', '操作人', '操作', '操作部分', '结果']
## 测试场景"9", 测试用例"3.2_2", 覆盖变量数目为3, 未覆盖的变量包括['交易品种', '操作人', '操作', '操作部分', '结果']
## 测试场景"9", 测试用例"3.2_3", 覆盖变量数目为3, 未覆盖的变量包括['交易品种', '交易方向', '操作人', '操作', '操作部分']
## 测试场景"9", 测试用例"3.2_3", 覆盖变量数目为4, 未覆盖的变量包括['交易品种', '操作人', '操作', '操作部分']
## 测试场景"9", 测试用例"3.2_4", 覆盖变量数目为2, 未覆盖的变量包括['交易品种', '交易方向', '操作人', '操作', '操作部分', '结果']
## 测试场景"9", 测试用例"3.2_4", 覆盖变量数目为3, 未覆盖的变量包括['交易品种', '操作人', '操作', '操作部分', '结果']
## 测试场景"9", 测试用例"3.3_1", 覆盖变量数目为4, 未覆盖的变量包括['交易品种', '交易方向', '操作人', '操作']
## 测试场景"9", 测试用例"3.3_1", 覆盖变量数目为5, 未覆盖的变量包括['交易品种', '操作人', '操作']
## 测试场景"9", 测试用例"3.3_2", 覆盖变量数目为3, 未覆盖的变量包括['交易品种', '交易方向', '操作人', '操作', '结果']
## 测试场景"9", 测试用例"3.3_2", 覆盖变量数目为4, 未覆盖的变量包括['交易品种', '操作人', '操作', '结果']
## 测试场景"9", 测试用例"3.3_3", 覆盖变量数目为3, 未覆盖的变量包括['交易品种', '交易方向', '操作人', '操作', '结果']
## 测试场景"9", 测试用例"3.3_3", 覆盖变量数目为4, 未覆盖的变量包括['交易品种', '操作人', '操作', '结果']
## 测试场景"9", 测试用例"3.3_4", 覆盖变量数目为3, 未覆盖的变量包括['交易品种', '交易方向', '操作人', '操作', '结果']
## 测试场景"9", 测试用例"3.3_4", 覆盖变量数目为4, 未覆盖的变量包括['交易品种', '操作人', '操作', '结果']
## 测试场景"9", 测试用例"3.4_1", 覆盖变量数目为3, 未覆盖的变量包括['交易品种', '交易方向', '操作人', '操作', '操作部分']
## 测试场景"9", 测试用例"3.4_1", 覆盖变量数目为4, 未覆盖的变量包括['交易品种', '操作人', '操作', '操作部分']
## 测试场景"9", 测试用例"3.4_2", 覆盖变量数目为3, 未覆盖的变量包括['交易品种', '交易方向', '操作人', '操作', '操作部分']
## 测试场景"9", 测试用例"3.4_2", 覆盖变量数目为4, 未覆盖的变量包括['交易品种', '操作人', '操作', '操作部分']
## 测试场景"9", 测试用例"3.4_3", 覆盖变量数目为2, 未覆盖的变量包括['交易品种', '交易方向', '操作人', '操作', '操作部分', '结果']
## 测试场景"9", 测试用例"3.4_3", 覆盖变量数目为3, 未覆盖的变量包括['交易品种', '操作人', '操作', '操作部分', '结果']
## 测试场景"9", 测试用例"3.4_4", 覆盖变量数目为2, 未覆盖的变量包括['交易品种', '交易方向', '操作人', '操作', '操作部分', '结果']
## 测试场景"9", 测试用例"3.4_4", 覆盖变量数目为3, 未覆盖的变量包括['交易品种', '操作人', '操作', '操作部分', '结果']
## 测试场景"9", 测试用例"3.5_1", 覆盖变量数目为3, 未覆盖的变量包括['交易品种', '交易方向', '操作人', '操作', '操作部分']
## 测试场景"9", 测试用例"3.5_1", 覆盖变量数目为4, 未覆盖的变量包括['交易品种', '操作人', '操作', '操作部分']
## 测试场景"9", 测试用例"3.5_2", 覆盖变量数目为2, 未覆盖的变量包括['交易品种', '交易方向', '操作人', '操作', '操作部分', '结果']
## 测试场景"9", 测试用例"3.5_2", 覆盖变量数目为3, 未覆盖的变量包括['交易品种', '操作人', '操作', '操作部分', '结果']
## 测试场景"9", 测试用例"3.6_1", 覆盖变量数目为3, 未覆盖的变量包括['交易品种', '交易方向', '操作人', '操作', '操作部分']
## 测试场景"9", 测试用例"3.6_1", 覆盖变量数目为4, 未覆盖的变量包括['交易品种', '操作人', '操作', '操作部分']
## 测试场景"9", 测试用例"3.6_2", 覆盖变量数目为2, 未覆盖的变量包括['交易品种', '交易方向', '操作人', '操作', '操作部分', '结果']
## 测试场景"9", 测试用例"3.6_2", 覆盖变量数目为3, 未覆盖的变量包括['交易品种', '操作人', '操作', '操作部分', '结果']
## 测试场景"9", 测试用例"3.7_1", 覆盖变量数目为3, 未覆盖的变量包括['交易品种', '交易方向', '操作人', '操作', '操作部分']
## 测试场景"9", 测试用例"3.7_1", 覆盖变量数目为4, 未覆盖的变量包括['交易品种', '操作人', '操作', '操作部分']
## 测试场景"9", 测试用例"3.7_2", 覆盖变量数目为2, 未覆盖的变量包括['交易品种', '交易方向', '操作人', '操作', '操作部分', '结果']
## 测试场景"9", 测试用例"3.7_2", 覆盖变量数目为3, 未覆盖的变量包括['交易品种', '操作人', '操作', '操作部分', '结果']
## 测试场景"9", 测试用例"3.8_1", 覆盖变量数目为2, 未覆盖的变量包括['交易品种', '交易方向', '操作人', '操作', '操作部分', '结果']
## 测试场景"9", 测试用例"3.8_1", 覆盖变量数目为3, 未覆盖的变量包括['交易品种', '操作人', '操作', '操作部分', '结果']
## 测试场景"9", 测试用例"3.8_2", 覆盖变量数目为2, 未覆盖的变量包括['交易品种', '交易方向', '操作人', '操作', '操作部分', '结果']
## 测试场景"9", 测试用例"3.8_2", 覆盖变量数目为3, 未覆盖的变量包括['交易品种', '操作人', '操作', '操作部分', '结果']
## 测试场景"9", 测试用例"3.8_3", 覆盖变量数目为2, 未覆盖的变量包括['交易品种', '交易方向', '操作人', '操作', '操作部分', '结果']
## 测试场景"9", 测试用例"3.8_3", 覆盖变量数目为3, 未覆盖的变量包括['交易品种', '操作人', '操作', '操作部分', '结果']
## 测试场景"9", 测试用例"3.9_1", 覆盖变量数目为2, 未覆盖的变量包括['交易品种', '交易方向', '操作人', '操作', '操作部分', '结果']
## 测试场景"9", 测试用例"3.9_1", 覆盖变量数目为3, 未覆盖的变量包括['交易品种', '操作人', '操作', '操作部分', '结果']
## 测试场景"9", 测试用例"3.9_2", 覆盖变量数目为2, 未覆盖的变量包括['交易品种', '交易方向', '操作人', '操作', '操作部分', '结果']
## 测试场景"9", 测试用例"3.9_2", 覆盖变量数目为3, 未覆盖的变量包括['交易品种', '操作人', '操作', '操作部分', '结果']
## 测试场景"9", 测试用例"3.9_3", 覆盖变量数目为2, 未覆盖的变量包括['交易品种', '交易方向', '操作人', '操作', '操作部分', '结果']
## 测试场景"9", 测试用例"3.9_3", 覆盖变量数目为3, 未覆盖的变量包括['交易品种', '操作人', '操作', '操作部分', '结果']
## 测试场景"9", 测试用例"3.10_1", 覆盖变量数目为3, 未覆盖的变量包括['交易品种', '操作人', '操作', '操作部分', '结果']
## 测试场景"9", 测试用例"3.10_2", 覆盖变量数目为3, 未覆盖的变量包括['交易品种', '操作人', '操作', '操作部分', '结果']
## 测试场景"9", 测试用例"3.10_3", 覆盖变量数目为3, 未覆盖的变量包括['交易品种', '操作人', '操作', '操作部分', '结果']
### 测试场景"9", 覆盖变量的最大数目为5, 整体未覆盖的变量包括['交易品种', '操作人', '操作']

## 测试场景"10", 测试用例"3.1_1", 覆盖变量数目为3, 未覆盖的变量包括['操作', '交易品种', '状态', '结果']
## 测试场景"10", 测试用例"3.1_1", 覆盖变量数目为2, 未覆盖的变量包括['操作', '交易品种', '交易方向', '状态', '结果']
## 测试场景"10", 测试用例"3.1_2", 覆盖变量数目为3, 未覆盖的变量包括['操作', '交易品种', '状态', '结果']
## 测试场景"10", 测试用例"3.1_2", 覆盖变量数目为2, 未覆盖的变量包括['操作', '交易品种', '交易方向', '状态', '结果']
## 测试场景"10", 测试用例"3.2_1", 覆盖变量数目为3, 未覆盖的变量包括['操作', '交易品种', '状态', '结果']
## 测试场景"10", 测试用例"3.2_1", 覆盖变量数目为2, 未覆盖的变量包括['操作', '交易品种', '交易方向', '状态', '结果']
## 测试场景"10", 测试用例"3.2_2", 覆盖变量数目为4, 未覆盖的变量包括['操作', '交易品种', '状态']
## 测试场景"10", 测试用例"3.2_2", 覆盖变量数目为3, 未覆盖的变量包括['操作', '交易品种', '交易方向', '状态']
## 测试场景"10", 测试用例"3.2_3", 覆盖变量数目为3, 未覆盖的变量包括['操作', '交易品种', '状态', '结果']
## 测试场景"10", 测试用例"3.2_3", 覆盖变量数目为2, 未覆盖的变量包括['操作', '交易品种', '交易方向', '状态', '结果']
## 测试场景"10", 测试用例"3.2_4", 覆盖变量数目为4, 未覆盖的变量包括['操作', '交易品种', '状态']
## 测试场景"10", 测试用例"3.2_4", 覆盖变量数目为3, 未覆盖的变量包括['操作', '交易品种', '交易方向', '状态']
## 测试场景"10", 测试用例"3.3_1", 覆盖变量数目为3, 未覆盖的变量包括['操作', '交易品种', '状态', '结果']
## 测试场景"10", 测试用例"3.3_1", 覆盖变量数目为2, 未覆盖的变量包括['操作', '交易品种', '交易方向', '状态', '结果']
## 测试场景"10", 测试用例"3.3_2", 覆盖变量数目为4, 未覆盖的变量包括['操作', '交易品种', '状态']
## 测试场景"10", 测试用例"3.3_2", 覆盖变量数目为3, 未覆盖的变量包括['操作', '交易品种', '交易方向', '状态']
## 测试场景"10", 测试用例"3.3_3", 覆盖变量数目为4, 未覆盖的变量包括['操作', '交易品种', '状态']
## 测试场景"10", 测试用例"3.3_3", 覆盖变量数目为3, 未覆盖的变量包括['操作', '交易品种', '交易方向', '状态']
## 测试场景"10", 测试用例"3.3_4", 覆盖变量数目为4, 未覆盖的变量包括['操作', '交易品种', '状态']
## 测试场景"10", 测试用例"3.3_4", 覆盖变量数目为3, 未覆盖的变量包括['操作', '交易品种', '交易方向', '状态']
## 测试场景"10", 测试用例"3.4_1", 覆盖变量数目为3, 未覆盖的变量包括['操作', '交易品种', '状态', '结果']
## 测试场景"10", 测试用例"3.4_1", 覆盖变量数目为2, 未覆盖的变量包括['操作', '交易品种', '交易方向', '状态', '结果']
## 测试场景"10", 测试用例"3.4_2", 覆盖变量数目为3, 未覆盖的变量包括['操作', '交易品种', '状态', '结果']
## 测试场景"10", 测试用例"3.4_2", 覆盖变量数目为2, 未覆盖的变量包括['操作', '交易品种', '交易方向', '状态', '结果']
## 测试场景"10", 测试用例"3.4_3", 覆盖变量数目为4, 未覆盖的变量包括['操作', '交易品种', '状态']
## 测试场景"10", 测试用例"3.4_3", 覆盖变量数目为3, 未覆盖的变量包括['操作', '交易品种', '交易方向', '状态']
## 测试场景"10", 测试用例"3.4_4", 覆盖变量数目为4, 未覆盖的变量包括['操作', '交易品种', '状态']
## 测试场景"10", 测试用例"3.4_4", 覆盖变量数目为3, 未覆盖的变量包括['操作', '交易品种', '交易方向', '状态']
## 测试场景"10", 测试用例"3.5_1", 覆盖变量数目为3, 未覆盖的变量包括['操作', '交易品种', '状态', '结果']
## 测试场景"10", 测试用例"3.5_1", 覆盖变量数目为2, 未覆盖的变量包括['操作', '交易品种', '交易方向', '状态', '结果']
## 测试场景"10", 测试用例"3.5_2", 覆盖变量数目为3, 未覆盖的变量包括['操作', '交易品种', '状态', '结果']
## 测试场景"10", 测试用例"3.5_2", 覆盖变量数目为2, 未覆盖的变量包括['操作', '交易品种', '交易方向', '状态', '结果']
## 测试场景"10", 测试用例"3.6_1", 覆盖变量数目为3, 未覆盖的变量包括['操作', '交易品种', '状态', '结果']
## 测试场景"10", 测试用例"3.6_1", 覆盖变量数目为2, 未覆盖的变量包括['操作', '交易品种', '交易方向', '状态', '结果']
## 测试场景"10", 测试用例"3.6_2", 覆盖变量数目为3, 未覆盖的变量包括['操作', '交易品种', '状态', '结果']
## 测试场景"10", 测试用例"3.6_2", 覆盖变量数目为2, 未覆盖的变量包括['操作', '交易品种', '交易方向', '状态', '结果']
## 测试场景"10", 测试用例"3.7_1", 覆盖变量数目为3, 未覆盖的变量包括['操作', '交易品种', '状态', '结果']
## 测试场景"10", 测试用例"3.7_1", 覆盖变量数目为2, 未覆盖的变量包括['操作', '交易品种', '交易方向', '状态', '结果']
## 测试场景"10", 测试用例"3.7_2", 覆盖变量数目为3, 未覆盖的变量包括['操作', '交易品种', '状态', '结果']
## 测试场景"10", 测试用例"3.7_2", 覆盖变量数目为2, 未覆盖的变量包括['操作', '交易品种', '交易方向', '状态', '结果']
## 测试场景"10", 测试用例"3.8_1", 覆盖变量数目为3, 未覆盖的变量包括['操作', '交易品种', '状态', '结果']
## 测试场景"10", 测试用例"3.8_1", 覆盖变量数目为2, 未覆盖的变量包括['操作', '交易品种', '交易方向', '状态', '结果']
## 测试场景"10", 测试用例"3.8_2", 覆盖变量数目为3, 未覆盖的变量包括['操作', '交易品种', '状态', '结果']
## 测试场景"10", 测试用例"3.8_2", 覆盖变量数目为2, 未覆盖的变量包括['操作', '交易品种', '交易方向', '状态', '结果']
## 测试场景"10", 测试用例"3.8_3", 覆盖变量数目为3, 未覆盖的变量包括['操作', '交易品种', '状态', '结果']
## 测试场景"10", 测试用例"3.8_3", 覆盖变量数目为2, 未覆盖的变量包括['操作', '交易品种', '交易方向', '状态', '结果']
## 测试场景"10", 测试用例"3.9_1", 覆盖变量数目为3, 未覆盖的变量包括['操作', '交易品种', '状态', '结果']
## 测试场景"10", 测试用例"3.9_1", 覆盖变量数目为2, 未覆盖的变量包括['操作', '交易品种', '交易方向', '状态', '结果']
## 测试场景"10", 测试用例"3.9_2", 覆盖变量数目为3, 未覆盖的变量包括['操作', '交易品种', '状态', '结果']
## 测试场景"10", 测试用例"3.9_2", 覆盖变量数目为2, 未覆盖的变量包括['操作', '交易品种', '交易方向', '状态', '结果']
## 测试场景"10", 测试用例"3.9_3", 覆盖变量数目为3, 未覆盖的变量包括['操作', '交易品种', '状态', '结果']
## 测试场景"10", 测试用例"3.9_3", 覆盖变量数目为2, 未覆盖的变量包括['操作', '交易品种', '交易方向', '状态', '结果']
## 测试场景"10", 测试用例"3.10_1", 覆盖变量数目为2, 未覆盖的变量包括['操作', '交易品种', '交易方向', '状态', '结果']
## 测试场景"10", 测试用例"3.10_2", 覆盖变量数目为2, 未覆盖的变量包括['操作', '交易品种', '交易方向', '状态', '结果']
## 测试场景"10", 测试用例"3.10_3", 覆盖变量数目为2, 未覆盖的变量包括['操作', '交易品种', '交易方向', '状态', '结果']
### 测试场景"10", 覆盖变量的最大数目为4, 整体未覆盖的变量包括['操作', '交易品种', '状态']

## 测试场景"11", 测试用例"3.1_1", 覆盖变量数目为2, 未覆盖的变量包括['操作', '交易品种', '交易方向', '状态', '结果']
## 测试场景"11", 测试用例"3.1_1", 覆盖变量数目为3, 未覆盖的变量包括['操作', '交易品种', '状态', '结果']
## 测试场景"11", 测试用例"3.1_2", 覆盖变量数目为2, 未覆盖的变量包括['操作', '交易品种', '交易方向', '状态', '结果']
## 测试场景"11", 测试用例"3.1_2", 覆盖变量数目为3, 未覆盖的变量包括['操作', '交易品种', '状态', '结果']
## 测试场景"11", 测试用例"3.2_1", 覆盖变量数目为2, 未覆盖的变量包括['操作', '交易品种', '交易方向', '状态', '结果']
## 测试场景"11", 测试用例"3.2_1", 覆盖变量数目为3, 未覆盖的变量包括['操作', '交易品种', '状态', '结果']
## 测试场景"11", 测试用例"3.2_2", 覆盖变量数目为3, 未覆盖的变量包括['操作', '交易品种', '交易方向', '状态']
## 测试场景"11", 测试用例"3.2_2", 覆盖变量数目为4, 未覆盖的变量包括['操作', '交易品种', '状态']
## 测试场景"11", 测试用例"3.2_3", 覆盖变量数目为2, 未覆盖的变量包括['操作', '交易品种', '交易方向', '状态', '结果']
## 测试场景"11", 测试用例"3.2_3", 覆盖变量数目为3, 未覆盖的变量包括['操作', '交易品种', '状态', '结果']
## 测试场景"11", 测试用例"3.2_4", 覆盖变量数目为3, 未覆盖的变量包括['操作', '交易品种', '交易方向', '状态']
## 测试场景"11", 测试用例"3.2_4", 覆盖变量数目为4, 未覆盖的变量包括['操作', '交易品种', '状态']
## 测试场景"11", 测试用例"3.3_1", 覆盖变量数目为2, 未覆盖的变量包括['操作', '交易品种', '交易方向', '状态', '结果']
## 测试场景"11", 测试用例"3.3_1", 覆盖变量数目为3, 未覆盖的变量包括['操作', '交易品种', '状态', '结果']
## 测试场景"11", 测试用例"3.3_2", 覆盖变量数目为3, 未覆盖的变量包括['操作', '交易品种', '交易方向', '状态']
## 测试场景"11", 测试用例"3.3_2", 覆盖变量数目为4, 未覆盖的变量包括['操作', '交易品种', '状态']
## 测试场景"11", 测试用例"3.3_3", 覆盖变量数目为3, 未覆盖的变量包括['操作', '交易品种', '交易方向', '状态']
## 测试场景"11", 测试用例"3.3_3", 覆盖变量数目为4, 未覆盖的变量包括['操作', '交易品种', '状态']
## 测试场景"11", 测试用例"3.3_4", 覆盖变量数目为3, 未覆盖的变量包括['操作', '交易品种', '交易方向', '状态']
## 测试场景"11", 测试用例"3.3_4", 覆盖变量数目为4, 未覆盖的变量包括['操作', '交易品种', '状态']
## 测试场景"11", 测试用例"3.4_1", 覆盖变量数目为2, 未覆盖的变量包括['操作', '交易品种', '交易方向', '状态', '结果']
## 测试场景"11", 测试用例"3.4_1", 覆盖变量数目为3, 未覆盖的变量包括['操作', '交易品种', '状态', '结果']
## 测试场景"11", 测试用例"3.4_2", 覆盖变量数目为2, 未覆盖的变量包括['操作', '交易品种', '交易方向', '状态', '结果']
## 测试场景"11", 测试用例"3.4_2", 覆盖变量数目为3, 未覆盖的变量包括['操作', '交易品种', '状态', '结果']
## 测试场景"11", 测试用例"3.4_3", 覆盖变量数目为3, 未覆盖的变量包括['操作', '交易品种', '交易方向', '状态']
## 测试场景"11", 测试用例"3.4_3", 覆盖变量数目为4, 未覆盖的变量包括['操作', '交易品种', '状态']
## 测试场景"11", 测试用例"3.4_4", 覆盖变量数目为3, 未覆盖的变量包括['操作', '交易品种', '交易方向', '状态']
## 测试场景"11", 测试用例"3.4_4", 覆盖变量数目为4, 未覆盖的变量包括['操作', '交易品种', '状态']
## 测试场景"11", 测试用例"3.5_1", 覆盖变量数目为2, 未覆盖的变量包括['操作', '交易品种', '交易方向', '状态', '结果']
## 测试场景"11", 测试用例"3.5_1", 覆盖变量数目为3, 未覆盖的变量包括['操作', '交易品种', '状态', '结果']
## 测试场景"11", 测试用例"3.5_2", 覆盖变量数目为2, 未覆盖的变量包括['操作', '交易品种', '交易方向', '状态', '结果']
## 测试场景"11", 测试用例"3.5_2", 覆盖变量数目为3, 未覆盖的变量包括['操作', '交易品种', '状态', '结果']
## 测试场景"11", 测试用例"3.6_1", 覆盖变量数目为2, 未覆盖的变量包括['操作', '交易品种', '交易方向', '状态', '结果']
## 测试场景"11", 测试用例"3.6_1", 覆盖变量数目为3, 未覆盖的变量包括['操作', '交易品种', '状态', '结果']
## 测试场景"11", 测试用例"3.6_2", 覆盖变量数目为2, 未覆盖的变量包括['操作', '交易品种', '交易方向', '状态', '结果']
## 测试场景"11", 测试用例"3.6_2", 覆盖变量数目为3, 未覆盖的变量包括['操作', '交易品种', '状态', '结果']
## 测试场景"11", 测试用例"3.7_1", 覆盖变量数目为2, 未覆盖的变量包括['操作', '交易品种', '交易方向', '状态', '结果']
## 测试场景"11", 测试用例"3.7_1", 覆盖变量数目为3, 未覆盖的变量包括['操作', '交易品种', '状态', '结果']
## 测试场景"11", 测试用例"3.7_2", 覆盖变量数目为2, 未覆盖的变量包括['操作', '交易品种', '交易方向', '状态', '结果']
## 测试场景"11", 测试用例"3.7_2", 覆盖变量数目为3, 未覆盖的变量包括['操作', '交易品种', '状态', '结果']
## 测试场景"11", 测试用例"3.8_1", 覆盖变量数目为2, 未覆盖的变量包括['操作', '交易品种', '交易方向', '状态', '结果']
## 测试场景"11", 测试用例"3.8_1", 覆盖变量数目为3, 未覆盖的变量包括['操作', '交易品种', '状态', '结果']
## 测试场景"11", 测试用例"3.8_2", 覆盖变量数目为2, 未覆盖的变量包括['操作', '交易品种', '交易方向', '状态', '结果']
## 测试场景"11", 测试用例"3.8_2", 覆盖变量数目为3, 未覆盖的变量包括['操作', '交易品种', '状态', '结果']
## 测试场景"11", 测试用例"3.8_3", 覆盖变量数目为2, 未覆盖的变量包括['操作', '交易品种', '交易方向', '状态', '结果']
## 测试场景"11", 测试用例"3.8_3", 覆盖变量数目为3, 未覆盖的变量包括['操作', '交易品种', '状态', '结果']
## 测试场景"11", 测试用例"3.9_1", 覆盖变量数目为2, 未覆盖的变量包括['操作', '交易品种', '交易方向', '状态', '结果']
## 测试场景"11", 测试用例"3.9_1", 覆盖变量数目为3, 未覆盖的变量包括['操作', '交易品种', '状态', '结果']
## 测试场景"11", 测试用例"3.9_2", 覆盖变量数目为2, 未覆盖的变量包括['操作', '交易品种', '交易方向', '状态', '结果']
## 测试场景"11", 测试用例"3.9_2", 覆盖变量数目为3, 未覆盖的变量包括['操作', '交易品种', '状态', '结果']
## 测试场景"11", 测试用例"3.9_3", 覆盖变量数目为2, 未覆盖的变量包括['操作', '交易品种', '交易方向', '状态', '结果']
## 测试场景"11", 测试用例"3.9_3", 覆盖变量数目为3, 未覆盖的变量包括['操作', '交易品种', '状态', '结果']
## 测试场景"11", 测试用例"3.10_1", 覆盖变量数目为3, 未覆盖的变量包括['操作', '交易品种', '状态', '结果']
## 测试场景"11", 测试用例"3.10_2", 覆盖变量数目为3, 未覆盖的变量包括['操作', '交易品种', '状态', '结果']
## 测试场景"11", 测试用例"3.10_3", 覆盖变量数目为3, 未覆盖的变量包括['操作', '交易品种', '状态', '结果']
### 测试场景"11", 覆盖变量的最大数目为4, 整体未覆盖的变量包括['操作', '交易品种', '状态']

chatglm在数据集data1上的业务场景覆盖率为0.6356
