## 测试场景"1", 测试用例"4.3.1_1", 覆盖变量数目为5, 未覆盖的变量包括['交易方向', '交易品种', '价格单位', '申报价格最小变动单位', '有效申报价格范围']
## 测试场景"1", 测试用例"4.3.2_1", 覆盖变量数目为2, 未覆盖的变量包括['交易市场', '交易方式', '交易时间', '交易方向', '交易品种', '价格单位', '申报价格最小变动单位', '有效申报价格范围']
## 测试场景"1", 测试用例"4.3.3_1", 覆盖变量数目为2, 未覆盖的变量包括['交易市场', '交易方式', '交易时间', '交易方向', '交易品种', '价格单位', '申报价格最小变动单位', '有效申报价格范围']
## 测试场景"1", 测试用例"4.3.4_1", 覆盖变量数目为2, 未覆盖的变量包括['交易市场', '交易方式', '交易时间', '交易方向', '交易品种', '价格单位', '申报价格最小变动单位', '有效申报价格范围']
## 测试场景"1", 测试用例"4.3.5_1", 覆盖变量数目为2, 未覆盖的变量包括['交易市场', '交易方式', '交易时间', '交易方向', '交易品种', '价格单位', '申报价格最小变动单位', '有效申报价格范围']
## 测试场景"1", 测试用例"4.3.6_1", 覆盖变量数目为2, 未覆盖的变量包括['交易市场', '交易方式', '交易时间', '交易方向', '交易品种', '价格单位', '申报价格最小变动单位', '有效申报价格范围']
## 测试场景"1", 测试用例"4.3.7_1", 覆盖变量数目为1, 未覆盖的变量包括['交易市场', '交易方式', '交易时间', '交易方向', '交易品种', '价格单位', '申报价格最小变动单位', '有效申报价格范围', '结果']
## 测试场景"1", 测试用例"4.3.8_1", 覆盖变量数目为1, 未覆盖的变量包括['交易市场', '交易方式', '交易时间', '交易方向', '交易品种', '价格单位', '申报价格最小变动单位', '有效申报价格范围', '结果']
## 测试场景"1", 测试用例"5.2.1_1", 覆盖变量数目为3, 未覆盖的变量包括['交易市场', '交易方式', '交易方向', '交易品种', '价格单位', '申报价格最小变动单位', '有效申报价格范围']
## 测试场景"1", 测试用例"5.2.2_1", 覆盖变量数目为2, 未覆盖的变量包括['交易市场', '交易方式', '交易时间', '交易方向', '交易品种', '价格单位', '申报价格最小变动单位', '有效申报价格范围']
## 测试场景"1", 测试用例"5.2.3_1", 覆盖变量数目为2, 未覆盖的变量包括['交易市场', '交易方式', '交易时间', '交易方向', '交易品种', '价格单位', '申报价格最小变动单位', '有效申报价格范围']
## 测试场景"1", 测试用例"5.2.4_1", 覆盖变量数目为2, 未覆盖的变量包括['交易市场', '交易方式', '交易时间', '交易方向', '交易品种', '价格单位', '申报价格最小变动单位', '有效申报价格范围']
## 测试场景"1", 测试用例"5.2.5_1", 覆盖变量数目为2, 未覆盖的变量包括['交易市场', '交易方式', '交易时间', '交易方向', '交易品种', '价格单位', '申报价格最小变动单位', '有效申报价格范围']
## 测试场景"1", 测试用例"5.2.6_1", 覆盖变量数目为1, 未覆盖的变量包括['交易市场', '交易方式', '交易时间', '交易方向', '交易品种', '价格单位', '申报价格最小变动单位', '有效申报价格范围', '结果']
## 测试场景"1", 测试用例"5.2.7_1", 覆盖变量数目为1, 未覆盖的变量包括['交易市场', '交易方式', '交易时间', '交易方向', '交易品种', '价格单位', '申报价格最小变动单位', '有效申报价格范围', '结果']
## 测试场景"1", 测试用例"5.4.1_1", 覆盖变量数目为3, 未覆盖的变量包括['交易市场', '交易方式', '交易时间', '交易方向', '交易品种', '申报价格最小变动单位', '有效申报价格范围']
## 测试场景"1", 测试用例"5.4.2_1", 覆盖变量数目为2, 未覆盖的变量包括['交易市场', '交易方式', '交易时间', '交易方向', '交易品种', '价格单位', '申报价格最小变动单位', '有效申报价格范围']
## 测试场景"1", 测试用例"5.4.3_1", 覆盖变量数目为2, 未覆盖的变量包括['交易市场', '交易方式', '交易时间', '交易方向', '交易品种', '申报价格最小变动单位', '有效申报价格范围', '结果']
## 测试场景"1", 测试用例"5.4.4_1", 覆盖变量数目为1, 未覆盖的变量包括['交易市场', '交易方式', '交易时间', '交易方向', '交易品种', '价格单位', '申报价格最小变动单位', '有效申报价格范围', '结果']
## 测试场景"1", 测试用例"5.5.1_1", 覆盖变量数目为5, 未覆盖的变量包括['交易市场', '交易时间', '交易方向', '价格单位', '有效申报价格范围']
## 测试场景"1", 测试用例"5.5.2_1", 覆盖变量数目为4, 未覆盖的变量包括['交易市场', '交易时间', '交易方向', '交易品种', '价格单位', '有效申报价格范围']
## 测试场景"1", 测试用例"5.5.3_1", 覆盖变量数目为3, 未覆盖的变量包括['交易市场', '交易方式', '交易时间', '交易方向', '交易品种', '价格单位', '有效申报价格范围']
## 测试场景"1", 测试用例"5.5.4_1", 覆盖变量数目为4, 未覆盖的变量包括['交易市场', '交易时间', '交易方向', '价格单位', '有效申报价格范围', '结果']
## 测试场景"1", 测试用例"5.5.5_1", 覆盖变量数目为2, 未覆盖的变量包括['交易市场', '交易时间', '交易方向', '交易品种', '价格单位', '申报价格最小变动单位', '有效申报价格范围', '结果']
## 测试场景"1", 测试用例"5.5.6_1", 覆盖变量数目为1, 未覆盖的变量包括['交易市场', '交易方式', '交易时间', '交易方向', '交易品种', '价格单位', '申报价格最小变动单位', '有效申报价格范围', '结果']
## 测试场景"1", 测试用例"7.1.1_1", 覆盖变量数目为2, 未覆盖的变量包括['交易市场', '交易方式', '交易时间', '交易方向', '交易品种', '价格单位', '申报价格最小变动单位', '有效申报价格范围']
## 测试场景"1", 测试用例"7.1.2_1", 覆盖变量数目为2, 未覆盖的变量包括['交易市场', '交易方式', '交易时间', '交易方向', '交易品种', '价格单位', '申报价格最小变动单位', '有效申报价格范围']
## 测试场景"1", 测试用例"7.1.3_1", 覆盖变量数目为1, 未覆盖的变量包括['交易市场', '交易方式', '交易时间', '交易方向', '交易品种', '价格单位', '申报价格最小变动单位', '有效申报价格范围', '结果']
## 测试场景"1", 测试用例"7.1.4_1", 覆盖变量数目为1, 未覆盖的变量包括['交易市场', '交易方式', '交易时间', '交易方向', '交易品种', '价格单位', '申报价格最小变动单位', '有效申报价格范围', '结果']
## 测试场景"1", 测试用例"7.1.5_1", 覆盖变量数目为1, 未覆盖的变量包括['交易市场', '交易方式', '交易时间', '交易方向', '交易品种', '价格单位', '申报价格最小变动单位', '有效申报价格范围', '结果']
## 测试场景"1", 测试用例"7.1.6_1", 覆盖变量数目为1, 未覆盖的变量包括['交易市场', '交易方式', '交易时间', '交易方向', '交易品种', '价格单位', '申报价格最小变动单位', '有效申报价格范围', '结果']
### 测试场景"1", 覆盖变量的最大数目为8, 整体未覆盖的变量包括['交易方向', '有效申报价格范围']

## 测试场景"2", 测试用例"4.3.1_1", 覆盖变量数目为5, 未覆盖的变量包括['交易方向', '交易品种', '价格单位', '申报价格最小变动单位', '有效申报价格范围']
## 测试场景"2", 测试用例"4.3.2_1", 覆盖变量数目为2, 未覆盖的变量包括['交易市场', '交易方式', '交易时间', '交易方向', '交易品种', '价格单位', '申报价格最小变动单位', '有效申报价格范围']
## 测试场景"2", 测试用例"4.3.3_1", 覆盖变量数目为2, 未覆盖的变量包括['交易市场', '交易方式', '交易时间', '交易方向', '交易品种', '价格单位', '申报价格最小变动单位', '有效申报价格范围']
## 测试场景"2", 测试用例"4.3.4_1", 覆盖变量数目为2, 未覆盖的变量包括['交易市场', '交易方式', '交易时间', '交易方向', '交易品种', '价格单位', '申报价格最小变动单位', '有效申报价格范围']
## 测试场景"2", 测试用例"4.3.5_1", 覆盖变量数目为2, 未覆盖的变量包括['交易市场', '交易方式', '交易时间', '交易方向', '交易品种', '价格单位', '申报价格最小变动单位', '有效申报价格范围']
## 测试场景"2", 测试用例"4.3.6_1", 覆盖变量数目为2, 未覆盖的变量包括['交易市场', '交易方式', '交易时间', '交易方向', '交易品种', '价格单位', '申报价格最小变动单位', '有效申报价格范围']
## 测试场景"2", 测试用例"4.3.7_1", 覆盖变量数目为1, 未覆盖的变量包括['交易市场', '交易方式', '交易时间', '交易方向', '交易品种', '价格单位', '申报价格最小变动单位', '有效申报价格范围', '结果']
## 测试场景"2", 测试用例"4.3.8_1", 覆盖变量数目为1, 未覆盖的变量包括['交易市场', '交易方式', '交易时间', '交易方向', '交易品种', '价格单位', '申报价格最小变动单位', '有效申报价格范围', '结果']
## 测试场景"2", 测试用例"5.2.1_1", 覆盖变量数目为3, 未覆盖的变量包括['交易市场', '交易方式', '交易方向', '交易品种', '价格单位', '申报价格最小变动单位', '有效申报价格范围']
## 测试场景"2", 测试用例"5.2.2_1", 覆盖变量数目为2, 未覆盖的变量包括['交易市场', '交易方式', '交易时间', '交易方向', '交易品种', '价格单位', '申报价格最小变动单位', '有效申报价格范围']
## 测试场景"2", 测试用例"5.2.3_1", 覆盖变量数目为2, 未覆盖的变量包括['交易市场', '交易方式', '交易时间', '交易方向', '交易品种', '价格单位', '申报价格最小变动单位', '有效申报价格范围']
## 测试场景"2", 测试用例"5.2.4_1", 覆盖变量数目为2, 未覆盖的变量包括['交易市场', '交易方式', '交易时间', '交易方向', '交易品种', '价格单位', '申报价格最小变动单位', '有效申报价格范围']
## 测试场景"2", 测试用例"5.2.5_1", 覆盖变量数目为2, 未覆盖的变量包括['交易市场', '交易方式', '交易时间', '交易方向', '交易品种', '价格单位', '申报价格最小变动单位', '有效申报价格范围']
## 测试场景"2", 测试用例"5.2.6_1", 覆盖变量数目为1, 未覆盖的变量包括['交易市场', '交易方式', '交易时间', '交易方向', '交易品种', '价格单位', '申报价格最小变动单位', '有效申报价格范围', '结果']
## 测试场景"2", 测试用例"5.2.7_1", 覆盖变量数目为1, 未覆盖的变量包括['交易市场', '交易方式', '交易时间', '交易方向', '交易品种', '价格单位', '申报价格最小变动单位', '有效申报价格范围', '结果']
## 测试场景"2", 测试用例"5.4.1_1", 覆盖变量数目为2, 未覆盖的变量包括['交易市场', '交易方式', '交易时间', '交易方向', '交易品种', '价格单位', '申报价格最小变动单位', '有效申报价格范围']
## 测试场景"2", 测试用例"5.4.2_1", 覆盖变量数目为3, 未覆盖的变量包括['交易市场', '交易方式', '交易时间', '交易方向', '交易品种', '申报价格最小变动单位', '有效申报价格范围']
## 测试场景"2", 测试用例"5.4.3_1", 覆盖变量数目为1, 未覆盖的变量包括['交易市场', '交易方式', '交易时间', '交易方向', '交易品种', '价格单位', '申报价格最小变动单位', '有效申报价格范围', '结果']
## 测试场景"2", 测试用例"5.4.4_1", 覆盖变量数目为2, 未覆盖的变量包括['交易市场', '交易方式', '交易时间', '交易方向', '交易品种', '申报价格最小变动单位', '有效申报价格范围', '结果']
## 测试场景"2", 测试用例"5.5.1_1", 覆盖变量数目为4, 未覆盖的变量包括['交易市场', '交易时间', '交易方向', '交易品种', '价格单位', '有效申报价格范围']
## 测试场景"2", 测试用例"5.5.2_1", 覆盖变量数目为5, 未覆盖的变量包括['交易市场', '交易时间', '交易方向', '价格单位', '有效申报价格范围']
## 测试场景"2", 测试用例"5.5.3_1", 覆盖变量数目为2, 未覆盖的变量包括['交易市场', '交易方式', '交易时间', '交易方向', '交易品种', '价格单位', '申报价格最小变动单位', '有效申报价格范围']
## 测试场景"2", 测试用例"5.5.4_1", 覆盖变量数目为2, 未覆盖的变量包括['交易市场', '交易时间', '交易方向', '交易品种', '价格单位', '申报价格最小变动单位', '有效申报价格范围', '结果']
## 测试场景"2", 测试用例"5.5.5_1", 覆盖变量数目为4, 未覆盖的变量包括['交易市场', '交易时间', '交易方向', '价格单位', '有效申报价格范围', '结果']
## 测试场景"2", 测试用例"5.5.6_1", 覆盖变量数目为1, 未覆盖的变量包括['交易市场', '交易方式', '交易时间', '交易方向', '交易品种', '价格单位', '申报价格最小变动单位', '有效申报价格范围', '结果']
## 测试场景"2", 测试用例"7.1.1_1", 覆盖变量数目为2, 未覆盖的变量包括['交易市场', '交易方式', '交易时间', '交易方向', '交易品种', '价格单位', '申报价格最小变动单位', '有效申报价格范围']
## 测试场景"2", 测试用例"7.1.2_1", 覆盖变量数目为3, 未覆盖的变量包括['交易市场', '交易方式', '交易时间', '交易方向', '价格单位', '申报价格最小变动单位', '有效申报价格范围']
## 测试场景"2", 测试用例"7.1.3_1", 覆盖变量数目为1, 未覆盖的变量包括['交易市场', '交易方式', '交易时间', '交易方向', '交易品种', '价格单位', '申报价格最小变动单位', '有效申报价格范围', '结果']
## 测试场景"2", 测试用例"7.1.4_1", 覆盖变量数目为2, 未覆盖的变量包括['交易市场', '交易方式', '交易时间', '交易方向', '价格单位', '申报价格最小变动单位', '有效申报价格范围', '结果']
## 测试场景"2", 测试用例"7.1.5_1", 覆盖变量数目为1, 未覆盖的变量包括['交易市场', '交易方式', '交易时间', '交易方向', '交易品种', '价格单位', '申报价格最小变动单位', '有效申报价格范围', '结果']
## 测试场景"2", 测试用例"7.1.6_1", 覆盖变量数目为2, 未覆盖的变量包括['交易市场', '交易方式', '交易时间', '交易方向', '价格单位', '申报价格最小变动单位', '有效申报价格范围', '结果']
### 测试场景"2", 覆盖变量的最大数目为8, 整体未覆盖的变量包括['交易方向', '有效申报价格范围']

## 测试场景"3", 测试用例"4.3.1_1", 覆盖变量数目为5, 未覆盖的变量包括['交易方向', '交易品种', '价格单位', '申报价格最小变动单位', '有效申报价格范围']
## 测试场景"3", 测试用例"4.3.2_1", 覆盖变量数目为2, 未覆盖的变量包括['交易市场', '交易方式', '交易时间', '交易方向', '交易品种', '价格单位', '申报价格最小变动单位', '有效申报价格范围']
## 测试场景"3", 测试用例"4.3.3_1", 覆盖变量数目为2, 未覆盖的变量包括['交易市场', '交易方式', '交易时间', '交易方向', '交易品种', '价格单位', '申报价格最小变动单位', '有效申报价格范围']
## 测试场景"3", 测试用例"4.3.4_1", 覆盖变量数目为2, 未覆盖的变量包括['交易市场', '交易方式', '交易时间', '交易方向', '交易品种', '价格单位', '申报价格最小变动单位', '有效申报价格范围']
## 测试场景"3", 测试用例"4.3.5_1", 覆盖变量数目为2, 未覆盖的变量包括['交易市场', '交易方式', '交易时间', '交易方向', '交易品种', '价格单位', '申报价格最小变动单位', '有效申报价格范围']
## 测试场景"3", 测试用例"4.3.6_1", 覆盖变量数目为2, 未覆盖的变量包括['交易市场', '交易方式', '交易时间', '交易方向', '交易品种', '价格单位', '申报价格最小变动单位', '有效申报价格范围']
## 测试场景"3", 测试用例"4.3.7_1", 覆盖变量数目为1, 未覆盖的变量包括['交易市场', '交易方式', '交易时间', '交易方向', '交易品种', '价格单位', '申报价格最小变动单位', '有效申报价格范围', '结果']
## 测试场景"3", 测试用例"4.3.8_1", 覆盖变量数目为1, 未覆盖的变量包括['交易市场', '交易方式', '交易时间', '交易方向', '交易品种', '价格单位', '申报价格最小变动单位', '有效申报价格范围', '结果']
## 测试场景"3", 测试用例"5.2.1_1", 覆盖变量数目为3, 未覆盖的变量包括['交易市场', '交易方式', '交易方向', '交易品种', '价格单位', '申报价格最小变动单位', '有效申报价格范围']
## 测试场景"3", 测试用例"5.2.2_1", 覆盖变量数目为2, 未覆盖的变量包括['交易市场', '交易方式', '交易时间', '交易方向', '交易品种', '价格单位', '申报价格最小变动单位', '有效申报价格范围']
## 测试场景"3", 测试用例"5.2.3_1", 覆盖变量数目为2, 未覆盖的变量包括['交易市场', '交易方式', '交易时间', '交易方向', '交易品种', '价格单位', '申报价格最小变动单位', '有效申报价格范围']
## 测试场景"3", 测试用例"5.2.4_1", 覆盖变量数目为2, 未覆盖的变量包括['交易市场', '交易方式', '交易时间', '交易方向', '交易品种', '价格单位', '申报价格最小变动单位', '有效申报价格范围']
## 测试场景"3", 测试用例"5.2.5_1", 覆盖变量数目为2, 未覆盖的变量包括['交易市场', '交易方式', '交易时间', '交易方向', '交易品种', '价格单位', '申报价格最小变动单位', '有效申报价格范围']
## 测试场景"3", 测试用例"5.2.6_1", 覆盖变量数目为1, 未覆盖的变量包括['交易市场', '交易方式', '交易时间', '交易方向', '交易品种', '价格单位', '申报价格最小变动单位', '有效申报价格范围', '结果']
## 测试场景"3", 测试用例"5.2.7_1", 覆盖变量数目为1, 未覆盖的变量包括['交易市场', '交易方式', '交易时间', '交易方向', '交易品种', '价格单位', '申报价格最小变动单位', '有效申报价格范围', '结果']
## 测试场景"3", 测试用例"5.4.1_1", 覆盖变量数目为3, 未覆盖的变量包括['交易市场', '交易方式', '交易时间', '交易方向', '交易品种', '申报价格最小变动单位', '有效申报价格范围']
## 测试场景"3", 测试用例"5.4.2_1", 覆盖变量数目为2, 未覆盖的变量包括['交易市场', '交易方式', '交易时间', '交易方向', '交易品种', '价格单位', '申报价格最小变动单位', '有效申报价格范围']
## 测试场景"3", 测试用例"5.4.3_1", 覆盖变量数目为2, 未覆盖的变量包括['交易市场', '交易方式', '交易时间', '交易方向', '交易品种', '申报价格最小变动单位', '有效申报价格范围', '结果']
## 测试场景"3", 测试用例"5.4.4_1", 覆盖变量数目为1, 未覆盖的变量包括['交易市场', '交易方式', '交易时间', '交易方向', '交易品种', '价格单位', '申报价格最小变动单位', '有效申报价格范围', '结果']
## 测试场景"3", 测试用例"5.5.1_1", 覆盖变量数目为5, 未覆盖的变量包括['交易市场', '交易时间', '交易方向', '价格单位', '有效申报价格范围']
## 测试场景"3", 测试用例"5.5.2_1", 覆盖变量数目为4, 未覆盖的变量包括['交易市场', '交易时间', '交易方向', '交易品种', '价格单位', '有效申报价格范围']
## 测试场景"3", 测试用例"5.5.3_1", 覆盖变量数目为3, 未覆盖的变量包括['交易市场', '交易方式', '交易时间', '交易方向', '交易品种', '价格单位', '有效申报价格范围']
## 测试场景"3", 测试用例"5.5.4_1", 覆盖变量数目为4, 未覆盖的变量包括['交易市场', '交易时间', '交易方向', '价格单位', '有效申报价格范围', '结果']
## 测试场景"3", 测试用例"5.5.5_1", 覆盖变量数目为2, 未覆盖的变量包括['交易市场', '交易时间', '交易方向', '交易品种', '价格单位', '申报价格最小变动单位', '有效申报价格范围', '结果']
## 测试场景"3", 测试用例"5.5.6_1", 覆盖变量数目为1, 未覆盖的变量包括['交易市场', '交易方式', '交易时间', '交易方向', '交易品种', '价格单位', '申报价格最小变动单位', '有效申报价格范围', '结果']
## 测试场景"3", 测试用例"7.1.1_1", 覆盖变量数目为2, 未覆盖的变量包括['交易市场', '交易方式', '交易时间', '交易方向', '交易品种', '价格单位', '申报价格最小变动单位', '有效申报价格范围']
## 测试场景"3", 测试用例"7.1.2_1", 覆盖变量数目为2, 未覆盖的变量包括['交易市场', '交易方式', '交易时间', '交易方向', '交易品种', '价格单位', '申报价格最小变动单位', '有效申报价格范围']
## 测试场景"3", 测试用例"7.1.3_1", 覆盖变量数目为1, 未覆盖的变量包括['交易市场', '交易方式', '交易时间', '交易方向', '交易品种', '价格单位', '申报价格最小变动单位', '有效申报价格范围', '结果']
## 测试场景"3", 测试用例"7.1.4_1", 覆盖变量数目为1, 未覆盖的变量包括['交易市场', '交易方式', '交易时间', '交易方向', '交易品种', '价格单位', '申报价格最小变动单位', '有效申报价格范围', '结果']
## 测试场景"3", 测试用例"7.1.5_1", 覆盖变量数目为1, 未覆盖的变量包括['交易市场', '交易方式', '交易时间', '交易方向', '交易品种', '价格单位', '申报价格最小变动单位', '有效申报价格范围', '结果']
## 测试场景"3", 测试用例"7.1.6_1", 覆盖变量数目为1, 未覆盖的变量包括['交易市场', '交易方式', '交易时间', '交易方向', '交易品种', '价格单位', '申报价格最小变动单位', '有效申报价格范围', '结果']
### 测试场景"3", 覆盖变量的最大数目为8, 整体未覆盖的变量包括['交易方向', '有效申报价格范围']

## 测试场景"4", 测试用例"4.3.1_1", 覆盖变量数目为5, 未覆盖的变量包括['交易方向', '交易品种', '价格单位', '申报价格最小变动单位', '有效申报价格范围']
## 测试场景"4", 测试用例"4.3.2_1", 覆盖变量数目为2, 未覆盖的变量包括['交易市场', '交易方式', '交易时间', '交易方向', '交易品种', '价格单位', '申报价格最小变动单位', '有效申报价格范围']
## 测试场景"4", 测试用例"4.3.3_1", 覆盖变量数目为2, 未覆盖的变量包括['交易市场', '交易方式', '交易时间', '交易方向', '交易品种', '价格单位', '申报价格最小变动单位', '有效申报价格范围']
## 测试场景"4", 测试用例"4.3.4_1", 覆盖变量数目为2, 未覆盖的变量包括['交易市场', '交易方式', '交易时间', '交易方向', '交易品种', '价格单位', '申报价格最小变动单位', '有效申报价格范围']
## 测试场景"4", 测试用例"4.3.5_1", 覆盖变量数目为2, 未覆盖的变量包括['交易市场', '交易方式', '交易时间', '交易方向', '交易品种', '价格单位', '申报价格最小变动单位', '有效申报价格范围']
## 测试场景"4", 测试用例"4.3.6_1", 覆盖变量数目为2, 未覆盖的变量包括['交易市场', '交易方式', '交易时间', '交易方向', '交易品种', '价格单位', '申报价格最小变动单位', '有效申报价格范围']
## 测试场景"4", 测试用例"4.3.7_1", 覆盖变量数目为1, 未覆盖的变量包括['交易市场', '交易方式', '交易时间', '交易方向', '交易品种', '价格单位', '申报价格最小变动单位', '有效申报价格范围', '结果']
## 测试场景"4", 测试用例"4.3.8_1", 覆盖变量数目为1, 未覆盖的变量包括['交易市场', '交易方式', '交易时间', '交易方向', '交易品种', '价格单位', '申报价格最小变动单位', '有效申报价格范围', '结果']
## 测试场景"4", 测试用例"5.2.1_1", 覆盖变量数目为3, 未覆盖的变量包括['交易市场', '交易方式', '交易方向', '交易品种', '价格单位', '申报价格最小变动单位', '有效申报价格范围']
## 测试场景"4", 测试用例"5.2.2_1", 覆盖变量数目为2, 未覆盖的变量包括['交易市场', '交易方式', '交易时间', '交易方向', '交易品种', '价格单位', '申报价格最小变动单位', '有效申报价格范围']
## 测试场景"4", 测试用例"5.2.3_1", 覆盖变量数目为2, 未覆盖的变量包括['交易市场', '交易方式', '交易时间', '交易方向', '交易品种', '价格单位', '申报价格最小变动单位', '有效申报价格范围']
## 测试场景"4", 测试用例"5.2.4_1", 覆盖变量数目为2, 未覆盖的变量包括['交易市场', '交易方式', '交易时间', '交易方向', '交易品种', '价格单位', '申报价格最小变动单位', '有效申报价格范围']
## 测试场景"4", 测试用例"5.2.5_1", 覆盖变量数目为2, 未覆盖的变量包括['交易市场', '交易方式', '交易时间', '交易方向', '交易品种', '价格单位', '申报价格最小变动单位', '有效申报价格范围']
## 测试场景"4", 测试用例"5.2.6_1", 覆盖变量数目为1, 未覆盖的变量包括['交易市场', '交易方式', '交易时间', '交易方向', '交易品种', '价格单位', '申报价格最小变动单位', '有效申报价格范围', '结果']
## 测试场景"4", 测试用例"5.2.7_1", 覆盖变量数目为1, 未覆盖的变量包括['交易市场', '交易方式', '交易时间', '交易方向', '交易品种', '价格单位', '申报价格最小变动单位', '有效申报价格范围', '结果']
## 测试场景"4", 测试用例"5.4.1_1", 覆盖变量数目为2, 未覆盖的变量包括['交易市场', '交易方式', '交易时间', '交易方向', '交易品种', '价格单位', '申报价格最小变动单位', '有效申报价格范围']
## 测试场景"4", 测试用例"5.4.2_1", 覆盖变量数目为3, 未覆盖的变量包括['交易市场', '交易方式', '交易时间', '交易方向', '交易品种', '申报价格最小变动单位', '有效申报价格范围']
## 测试场景"4", 测试用例"5.4.3_1", 覆盖变量数目为1, 未覆盖的变量包括['交易市场', '交易方式', '交易时间', '交易方向', '交易品种', '价格单位', '申报价格最小变动单位', '有效申报价格范围', '结果']
## 测试场景"4", 测试用例"5.4.4_1", 覆盖变量数目为2, 未覆盖的变量包括['交易市场', '交易方式', '交易时间', '交易方向', '交易品种', '申报价格最小变动单位', '有效申报价格范围', '结果']
## 测试场景"4", 测试用例"5.5.1_1", 覆盖变量数目为4, 未覆盖的变量包括['交易市场', '交易时间', '交易方向', '交易品种', '价格单位', '有效申报价格范围']
## 测试场景"4", 测试用例"5.5.2_1", 覆盖变量数目为5, 未覆盖的变量包括['交易市场', '交易时间', '交易方向', '价格单位', '有效申报价格范围']
## 测试场景"4", 测试用例"5.5.3_1", 覆盖变量数目为2, 未覆盖的变量包括['交易市场', '交易方式', '交易时间', '交易方向', '交易品种', '价格单位', '申报价格最小变动单位', '有效申报价格范围']
## 测试场景"4", 测试用例"5.5.4_1", 覆盖变量数目为2, 未覆盖的变量包括['交易市场', '交易时间', '交易方向', '交易品种', '价格单位', '申报价格最小变动单位', '有效申报价格范围', '结果']
## 测试场景"4", 测试用例"5.5.5_1", 覆盖变量数目为4, 未覆盖的变量包括['交易市场', '交易时间', '交易方向', '价格单位', '有效申报价格范围', '结果']
## 测试场景"4", 测试用例"5.5.6_1", 覆盖变量数目为1, 未覆盖的变量包括['交易市场', '交易方式', '交易时间', '交易方向', '交易品种', '价格单位', '申报价格最小变动单位', '有效申报价格范围', '结果']
## 测试场景"4", 测试用例"7.1.1_1", 覆盖变量数目为2, 未覆盖的变量包括['交易市场', '交易方式', '交易时间', '交易方向', '交易品种', '价格单位', '申报价格最小变动单位', '有效申报价格范围']
## 测试场景"4", 测试用例"7.1.2_1", 覆盖变量数目为3, 未覆盖的变量包括['交易市场', '交易方式', '交易时间', '交易方向', '价格单位', '申报价格最小变动单位', '有效申报价格范围']
## 测试场景"4", 测试用例"7.1.3_1", 覆盖变量数目为1, 未覆盖的变量包括['交易市场', '交易方式', '交易时间', '交易方向', '交易品种', '价格单位', '申报价格最小变动单位', '有效申报价格范围', '结果']
## 测试场景"4", 测试用例"7.1.4_1", 覆盖变量数目为2, 未覆盖的变量包括['交易市场', '交易方式', '交易时间', '交易方向', '价格单位', '申报价格最小变动单位', '有效申报价格范围', '结果']
## 测试场景"4", 测试用例"7.1.5_1", 覆盖变量数目为1, 未覆盖的变量包括['交易市场', '交易方式', '交易时间', '交易方向', '交易品种', '价格单位', '申报价格最小变动单位', '有效申报价格范围', '结果']
## 测试场景"4", 测试用例"7.1.6_1", 覆盖变量数目为2, 未覆盖的变量包括['交易市场', '交易方式', '交易时间', '交易方向', '价格单位', '申报价格最小变动单位', '有效申报价格范围', '结果']
### 测试场景"4", 覆盖变量的最大数目为8, 整体未覆盖的变量包括['交易方向', '有效申报价格范围']

## 测试场景"5", 测试用例"4.3.1_1", 覆盖变量数目为4, 未覆盖的变量包括['交易时间', '交易方向', '交易品种', '价格单位', '申报价格最小变动单位', '有效申报价格范围']
## 测试场景"5", 测试用例"4.3.2_1", 覆盖变量数目为2, 未覆盖的变量包括['交易市场', '交易方式', '交易时间', '交易方向', '交易品种', '价格单位', '申报价格最小变动单位', '有效申报价格范围']
## 测试场景"5", 测试用例"4.3.3_1", 覆盖变量数目为2, 未覆盖的变量包括['交易市场', '交易方式', '交易时间', '交易方向', '交易品种', '价格单位', '申报价格最小变动单位', '有效申报价格范围']
## 测试场景"5", 测试用例"4.3.4_1", 覆盖变量数目为2, 未覆盖的变量包括['交易市场', '交易方式', '交易时间', '交易方向', '交易品种', '价格单位', '申报价格最小变动单位', '有效申报价格范围']
## 测试场景"5", 测试用例"4.3.5_1", 覆盖变量数目为2, 未覆盖的变量包括['交易市场', '交易方式', '交易时间', '交易方向', '交易品种', '价格单位', '申报价格最小变动单位', '有效申报价格范围']
## 测试场景"5", 测试用例"4.3.6_1", 覆盖变量数目为2, 未覆盖的变量包括['交易市场', '交易方式', '交易时间', '交易方向', '交易品种', '价格单位', '申报价格最小变动单位', '有效申报价格范围']
## 测试场景"5", 测试用例"4.3.7_1", 覆盖变量数目为1, 未覆盖的变量包括['交易市场', '交易方式', '交易时间', '交易方向', '交易品种', '价格单位', '申报价格最小变动单位', '结果', '有效申报价格范围']
## 测试场景"5", 测试用例"4.3.8_1", 覆盖变量数目为1, 未覆盖的变量包括['交易市场', '交易方式', '交易时间', '交易方向', '交易品种', '价格单位', '申报价格最小变动单位', '结果', '有效申报价格范围']
## 测试场景"5", 测试用例"5.2.1_1", 覆盖变量数目为2, 未覆盖的变量包括['交易市场', '交易方式', '交易时间', '交易方向', '交易品种', '价格单位', '申报价格最小变动单位', '有效申报价格范围']
## 测试场景"5", 测试用例"5.2.2_1", 覆盖变量数目为2, 未覆盖的变量包括['交易市场', '交易方式', '交易时间', '交易方向', '交易品种', '价格单位', '申报价格最小变动单位', '有效申报价格范围']
## 测试场景"5", 测试用例"5.2.3_1", 覆盖变量数目为2, 未覆盖的变量包括['交易市场', '交易方式', '交易时间', '交易方向', '交易品种', '价格单位', '申报价格最小变动单位', '有效申报价格范围']
## 测试场景"5", 测试用例"5.2.4_1", 覆盖变量数目为2, 未覆盖的变量包括['交易市场', '交易方式', '交易时间', '交易方向', '交易品种', '价格单位', '申报价格最小变动单位', '有效申报价格范围']
## 测试场景"5", 测试用例"5.2.5_1", 覆盖变量数目为2, 未覆盖的变量包括['交易市场', '交易方式', '交易时间', '交易方向', '交易品种', '价格单位', '申报价格最小变动单位', '有效申报价格范围']
## 测试场景"5", 测试用例"5.2.6_1", 覆盖变量数目为1, 未覆盖的变量包括['交易市场', '交易方式', '交易时间', '交易方向', '交易品种', '价格单位', '申报价格最小变动单位', '结果', '有效申报价格范围']
## 测试场景"5", 测试用例"5.2.7_1", 覆盖变量数目为1, 未覆盖的变量包括['交易市场', '交易方式', '交易时间', '交易方向', '交易品种', '价格单位', '申报价格最小变动单位', '结果', '有效申报价格范围']
## 测试场景"5", 测试用例"5.4.1_1", 覆盖变量数目为3, 未覆盖的变量包括['交易市场', '交易方式', '交易时间', '交易方向', '交易品种', '申报价格最小变动单位', '有效申报价格范围']
## 测试场景"5", 测试用例"5.4.2_1", 覆盖变量数目为2, 未覆盖的变量包括['交易市场', '交易方式', '交易时间', '交易方向', '交易品种', '价格单位', '申报价格最小变动单位', '有效申报价格范围']
## 测试场景"5", 测试用例"5.4.3_1", 覆盖变量数目为2, 未覆盖的变量包括['交易市场', '交易方式', '交易时间', '交易方向', '交易品种', '申报价格最小变动单位', '结果', '有效申报价格范围']
## 测试场景"5", 测试用例"5.4.4_1", 覆盖变量数目为1, 未覆盖的变量包括['交易市场', '交易方式', '交易时间', '交易方向', '交易品种', '价格单位', '申报价格最小变动单位', '结果', '有效申报价格范围']
## 测试场景"5", 测试用例"5.5.1_1", 覆盖变量数目为5, 未覆盖的变量包括['交易市场', '交易时间', '交易方向', '价格单位', '有效申报价格范围']
## 测试场景"5", 测试用例"5.5.2_1", 覆盖变量数目为4, 未覆盖的变量包括['交易市场', '交易时间', '交易方向', '交易品种', '价格单位', '有效申报价格范围']
## 测试场景"5", 测试用例"5.5.3_1", 覆盖变量数目为3, 未覆盖的变量包括['交易市场', '交易方式', '交易时间', '交易方向', '交易品种', '价格单位', '有效申报价格范围']
## 测试场景"5", 测试用例"5.5.4_1", 覆盖变量数目为4, 未覆盖的变量包括['交易市场', '交易时间', '交易方向', '价格单位', '结果', '有效申报价格范围']
## 测试场景"5", 测试用例"5.5.5_1", 覆盖变量数目为2, 未覆盖的变量包括['交易市场', '交易时间', '交易方向', '交易品种', '价格单位', '申报价格最小变动单位', '结果', '有效申报价格范围']
## 测试场景"5", 测试用例"5.5.6_1", 覆盖变量数目为1, 未覆盖的变量包括['交易市场', '交易方式', '交易时间', '交易方向', '交易品种', '价格单位', '申报价格最小变动单位', '结果', '有效申报价格范围']
## 测试场景"5", 测试用例"7.1.1_1", 覆盖变量数目为2, 未覆盖的变量包括['交易市场', '交易方式', '交易时间', '交易方向', '交易品种', '价格单位', '申报价格最小变动单位', '有效申报价格范围']
## 测试场景"5", 测试用例"7.1.2_1", 覆盖变量数目为2, 未覆盖的变量包括['交易市场', '交易方式', '交易时间', '交易方向', '交易品种', '价格单位', '申报价格最小变动单位', '有效申报价格范围']
## 测试场景"5", 测试用例"7.1.3_1", 覆盖变量数目为1, 未覆盖的变量包括['交易市场', '交易方式', '交易时间', '交易方向', '交易品种', '价格单位', '申报价格最小变动单位', '结果', '有效申报价格范围']
## 测试场景"5", 测试用例"7.1.4_1", 覆盖变量数目为1, 未覆盖的变量包括['交易市场', '交易方式', '交易时间', '交易方向', '交易品种', '价格单位', '申报价格最小变动单位', '结果', '有效申报价格范围']
## 测试场景"5", 测试用例"7.1.5_1", 覆盖变量数目为1, 未覆盖的变量包括['交易市场', '交易方式', '交易时间', '交易方向', '交易品种', '价格单位', '申报价格最小变动单位', '结果', '有效申报价格范围']
## 测试场景"5", 测试用例"7.1.6_1", 覆盖变量数目为1, 未覆盖的变量包括['交易市场', '交易方式', '交易时间', '交易方向', '交易品种', '价格单位', '申报价格最小变动单位', '结果', '有效申报价格范围']
### 测试场景"5", 覆盖变量的最大数目为7, 整体未覆盖的变量包括['交易时间', '交易方向', '有效申报价格范围']

## 测试场景"6", 测试用例"4.3.1_1", 覆盖变量数目为4, 未覆盖的变量包括['交易时间', '交易方向', '交易品种', '价格单位', '申报价格最小变动单位', '有效申报价格范围']
## 测试场景"6", 测试用例"4.3.2_1", 覆盖变量数目为2, 未覆盖的变量包括['交易市场', '交易方式', '交易时间', '交易方向', '交易品种', '价格单位', '申报价格最小变动单位', '有效申报价格范围']
## 测试场景"6", 测试用例"4.3.3_1", 覆盖变量数目为2, 未覆盖的变量包括['交易市场', '交易方式', '交易时间', '交易方向', '交易品种', '价格单位', '申报价格最小变动单位', '有效申报价格范围']
## 测试场景"6", 测试用例"4.3.4_1", 覆盖变量数目为2, 未覆盖的变量包括['交易市场', '交易方式', '交易时间', '交易方向', '交易品种', '价格单位', '申报价格最小变动单位', '有效申报价格范围']
## 测试场景"6", 测试用例"4.3.5_1", 覆盖变量数目为2, 未覆盖的变量包括['交易市场', '交易方式', '交易时间', '交易方向', '交易品种', '价格单位', '申报价格最小变动单位', '有效申报价格范围']
## 测试场景"6", 测试用例"4.3.6_1", 覆盖变量数目为2, 未覆盖的变量包括['交易市场', '交易方式', '交易时间', '交易方向', '交易品种', '价格单位', '申报价格最小变动单位', '有效申报价格范围']
## 测试场景"6", 测试用例"4.3.7_1", 覆盖变量数目为1, 未覆盖的变量包括['交易市场', '交易方式', '交易时间', '交易方向', '交易品种', '价格单位', '申报价格最小变动单位', '结果', '有效申报价格范围']
## 测试场景"6", 测试用例"4.3.8_1", 覆盖变量数目为1, 未覆盖的变量包括['交易市场', '交易方式', '交易时间', '交易方向', '交易品种', '价格单位', '申报价格最小变动单位', '结果', '有效申报价格范围']
## 测试场景"6", 测试用例"5.2.1_1", 覆盖变量数目为2, 未覆盖的变量包括['交易市场', '交易方式', '交易时间', '交易方向', '交易品种', '价格单位', '申报价格最小变动单位', '有效申报价格范围']
## 测试场景"6", 测试用例"5.2.2_1", 覆盖变量数目为2, 未覆盖的变量包括['交易市场', '交易方式', '交易时间', '交易方向', '交易品种', '价格单位', '申报价格最小变动单位', '有效申报价格范围']
## 测试场景"6", 测试用例"5.2.3_1", 覆盖变量数目为2, 未覆盖的变量包括['交易市场', '交易方式', '交易时间', '交易方向', '交易品种', '价格单位', '申报价格最小变动单位', '有效申报价格范围']
## 测试场景"6", 测试用例"5.2.4_1", 覆盖变量数目为2, 未覆盖的变量包括['交易市场', '交易方式', '交易时间', '交易方向', '交易品种', '价格单位', '申报价格最小变动单位', '有效申报价格范围']
## 测试场景"6", 测试用例"5.2.5_1", 覆盖变量数目为2, 未覆盖的变量包括['交易市场', '交易方式', '交易时间', '交易方向', '交易品种', '价格单位', '申报价格最小变动单位', '有效申报价格范围']
## 测试场景"6", 测试用例"5.2.6_1", 覆盖变量数目为1, 未覆盖的变量包括['交易市场', '交易方式', '交易时间', '交易方向', '交易品种', '价格单位', '申报价格最小变动单位', '结果', '有效申报价格范围']
## 测试场景"6", 测试用例"5.2.7_1", 覆盖变量数目为1, 未覆盖的变量包括['交易市场', '交易方式', '交易时间', '交易方向', '交易品种', '价格单位', '申报价格最小变动单位', '结果', '有效申报价格范围']
## 测试场景"6", 测试用例"5.4.1_1", 覆盖变量数目为2, 未覆盖的变量包括['交易市场', '交易方式', '交易时间', '交易方向', '交易品种', '价格单位', '申报价格最小变动单位', '有效申报价格范围']
## 测试场景"6", 测试用例"5.4.2_1", 覆盖变量数目为3, 未覆盖的变量包括['交易市场', '交易方式', '交易时间', '交易方向', '交易品种', '申报价格最小变动单位', '有效申报价格范围']
## 测试场景"6", 测试用例"5.4.3_1", 覆盖变量数目为1, 未覆盖的变量包括['交易市场', '交易方式', '交易时间', '交易方向', '交易品种', '价格单位', '申报价格最小变动单位', '结果', '有效申报价格范围']
## 测试场景"6", 测试用例"5.4.4_1", 覆盖变量数目为2, 未覆盖的变量包括['交易市场', '交易方式', '交易时间', '交易方向', '交易品种', '申报价格最小变动单位', '结果', '有效申报价格范围']
## 测试场景"6", 测试用例"5.5.1_1", 覆盖变量数目为4, 未覆盖的变量包括['交易市场', '交易时间', '交易方向', '交易品种', '价格单位', '有效申报价格范围']
## 测试场景"6", 测试用例"5.5.2_1", 覆盖变量数目为5, 未覆盖的变量包括['交易市场', '交易时间', '交易方向', '价格单位', '有效申报价格范围']
## 测试场景"6", 测试用例"5.5.3_1", 覆盖变量数目为2, 未覆盖的变量包括['交易市场', '交易方式', '交易时间', '交易方向', '交易品种', '价格单位', '申报价格最小变动单位', '有效申报价格范围']
## 测试场景"6", 测试用例"5.5.4_1", 覆盖变量数目为2, 未覆盖的变量包括['交易市场', '交易时间', '交易方向', '交易品种', '价格单位', '申报价格最小变动单位', '结果', '有效申报价格范围']
## 测试场景"6", 测试用例"5.5.5_1", 覆盖变量数目为4, 未覆盖的变量包括['交易市场', '交易时间', '交易方向', '价格单位', '结果', '有效申报价格范围']
## 测试场景"6", 测试用例"5.5.6_1", 覆盖变量数目为1, 未覆盖的变量包括['交易市场', '交易方式', '交易时间', '交易方向', '交易品种', '价格单位', '申报价格最小变动单位', '结果', '有效申报价格范围']
## 测试场景"6", 测试用例"7.1.1_1", 覆盖变量数目为2, 未覆盖的变量包括['交易市场', '交易方式', '交易时间', '交易方向', '交易品种', '价格单位', '申报价格最小变动单位', '有效申报价格范围']
## 测试场景"6", 测试用例"7.1.2_1", 覆盖变量数目为3, 未覆盖的变量包括['交易市场', '交易方式', '交易时间', '交易方向', '价格单位', '申报价格最小变动单位', '有效申报价格范围']
## 测试场景"6", 测试用例"7.1.3_1", 覆盖变量数目为1, 未覆盖的变量包括['交易市场', '交易方式', '交易时间', '交易方向', '交易品种', '价格单位', '申报价格最小变动单位', '结果', '有效申报价格范围']
## 测试场景"6", 测试用例"7.1.4_1", 覆盖变量数目为2, 未覆盖的变量包括['交易市场', '交易方式', '交易时间', '交易方向', '价格单位', '申报价格最小变动单位', '结果', '有效申报价格范围']
## 测试场景"6", 测试用例"7.1.5_1", 覆盖变量数目为1, 未覆盖的变量包括['交易市场', '交易方式', '交易时间', '交易方向', '交易品种', '价格单位', '申报价格最小变动单位', '结果', '有效申报价格范围']
## 测试场景"6", 测试用例"7.1.6_1", 覆盖变量数目为2, 未覆盖的变量包括['交易市场', '交易方式', '交易时间', '交易方向', '价格单位', '申报价格最小变动单位', '结果', '有效申报价格范围']
### 测试场景"6", 覆盖变量的最大数目为7, 整体未覆盖的变量包括['交易时间', '交易方向', '有效申报价格范围']

## 测试场景"7", 测试用例"4.3.1_1", 覆盖变量数目为4, 未覆盖的变量包括['交易时间', '交易方向', '交易品种', '价格单位', '申报价格最小变动单位', '有效申报价格范围']
## 测试场景"7", 测试用例"4.3.2_1", 覆盖变量数目为2, 未覆盖的变量包括['交易市场', '交易方式', '交易时间', '交易方向', '交易品种', '价格单位', '申报价格最小变动单位', '有效申报价格范围']
## 测试场景"7", 测试用例"4.3.3_1", 覆盖变量数目为2, 未覆盖的变量包括['交易市场', '交易方式', '交易时间', '交易方向', '交易品种', '价格单位', '申报价格最小变动单位', '有效申报价格范围']
## 测试场景"7", 测试用例"4.3.4_1", 覆盖变量数目为2, 未覆盖的变量包括['交易市场', '交易方式', '交易时间', '交易方向', '交易品种', '价格单位', '申报价格最小变动单位', '有效申报价格范围']
## 测试场景"7", 测试用例"4.3.5_1", 覆盖变量数目为2, 未覆盖的变量包括['交易市场', '交易方式', '交易时间', '交易方向', '交易品种', '价格单位', '申报价格最小变动单位', '有效申报价格范围']
## 测试场景"7", 测试用例"4.3.6_1", 覆盖变量数目为2, 未覆盖的变量包括['交易市场', '交易方式', '交易时间', '交易方向', '交易品种', '价格单位', '申报价格最小变动单位', '有效申报价格范围']
## 测试场景"7", 测试用例"4.3.7_1", 覆盖变量数目为1, 未覆盖的变量包括['交易市场', '交易方式', '交易时间', '交易方向', '交易品种', '价格单位', '申报价格最小变动单位', '结果', '有效申报价格范围']
## 测试场景"7", 测试用例"4.3.8_1", 覆盖变量数目为1, 未覆盖的变量包括['交易市场', '交易方式', '交易时间', '交易方向', '交易品种', '价格单位', '申报价格最小变动单位', '结果', '有效申报价格范围']
## 测试场景"7", 测试用例"5.2.1_1", 覆盖变量数目为2, 未覆盖的变量包括['交易市场', '交易方式', '交易时间', '交易方向', '交易品种', '价格单位', '申报价格最小变动单位', '有效申报价格范围']
## 测试场景"7", 测试用例"5.2.2_1", 覆盖变量数目为2, 未覆盖的变量包括['交易市场', '交易方式', '交易时间', '交易方向', '交易品种', '价格单位', '申报价格最小变动单位', '有效申报价格范围']
## 测试场景"7", 测试用例"5.2.3_1", 覆盖变量数目为2, 未覆盖的变量包括['交易市场', '交易方式', '交易时间', '交易方向', '交易品种', '价格单位', '申报价格最小变动单位', '有效申报价格范围']
## 测试场景"7", 测试用例"5.2.4_1", 覆盖变量数目为2, 未覆盖的变量包括['交易市场', '交易方式', '交易时间', '交易方向', '交易品种', '价格单位', '申报价格最小变动单位', '有效申报价格范围']
## 测试场景"7", 测试用例"5.2.5_1", 覆盖变量数目为2, 未覆盖的变量包括['交易市场', '交易方式', '交易时间', '交易方向', '交易品种', '价格单位', '申报价格最小变动单位', '有效申报价格范围']
## 测试场景"7", 测试用例"5.2.6_1", 覆盖变量数目为1, 未覆盖的变量包括['交易市场', '交易方式', '交易时间', '交易方向', '交易品种', '价格单位', '申报价格最小变动单位', '结果', '有效申报价格范围']
## 测试场景"7", 测试用例"5.2.7_1", 覆盖变量数目为1, 未覆盖的变量包括['交易市场', '交易方式', '交易时间', '交易方向', '交易品种', '价格单位', '申报价格最小变动单位', '结果', '有效申报价格范围']
## 测试场景"7", 测试用例"5.4.1_1", 覆盖变量数目为3, 未覆盖的变量包括['交易市场', '交易方式', '交易时间', '交易方向', '交易品种', '申报价格最小变动单位', '有效申报价格范围']
## 测试场景"7", 测试用例"5.4.2_1", 覆盖变量数目为2, 未覆盖的变量包括['交易市场', '交易方式', '交易时间', '交易方向', '交易品种', '价格单位', '申报价格最小变动单位', '有效申报价格范围']
## 测试场景"7", 测试用例"5.4.3_1", 覆盖变量数目为2, 未覆盖的变量包括['交易市场', '交易方式', '交易时间', '交易方向', '交易品种', '申报价格最小变动单位', '结果', '有效申报价格范围']
## 测试场景"7", 测试用例"5.4.4_1", 覆盖变量数目为1, 未覆盖的变量包括['交易市场', '交易方式', '交易时间', '交易方向', '交易品种', '价格单位', '申报价格最小变动单位', '结果', '有效申报价格范围']
## 测试场景"7", 测试用例"5.5.1_1", 覆盖变量数目为5, 未覆盖的变量包括['交易市场', '交易时间', '交易方向', '价格单位', '有效申报价格范围']
## 测试场景"7", 测试用例"5.5.2_1", 覆盖变量数目为4, 未覆盖的变量包括['交易市场', '交易时间', '交易方向', '交易品种', '价格单位', '有效申报价格范围']
## 测试场景"7", 测试用例"5.5.3_1", 覆盖变量数目为3, 未覆盖的变量包括['交易市场', '交易方式', '交易时间', '交易方向', '交易品种', '价格单位', '有效申报价格范围']
## 测试场景"7", 测试用例"5.5.4_1", 覆盖变量数目为4, 未覆盖的变量包括['交易市场', '交易时间', '交易方向', '价格单位', '结果', '有效申报价格范围']
## 测试场景"7", 测试用例"5.5.5_1", 覆盖变量数目为2, 未覆盖的变量包括['交易市场', '交易时间', '交易方向', '交易品种', '价格单位', '申报价格最小变动单位', '结果', '有效申报价格范围']
## 测试场景"7", 测试用例"5.5.6_1", 覆盖变量数目为1, 未覆盖的变量包括['交易市场', '交易方式', '交易时间', '交易方向', '交易品种', '价格单位', '申报价格最小变动单位', '结果', '有效申报价格范围']
## 测试场景"7", 测试用例"7.1.1_1", 覆盖变量数目为2, 未覆盖的变量包括['交易市场', '交易方式', '交易时间', '交易方向', '交易品种', '价格单位', '申报价格最小变动单位', '有效申报价格范围']
## 测试场景"7", 测试用例"7.1.2_1", 覆盖变量数目为2, 未覆盖的变量包括['交易市场', '交易方式', '交易时间', '交易方向', '交易品种', '价格单位', '申报价格最小变动单位', '有效申报价格范围']
## 测试场景"7", 测试用例"7.1.3_1", 覆盖变量数目为1, 未覆盖的变量包括['交易市场', '交易方式', '交易时间', '交易方向', '交易品种', '价格单位', '申报价格最小变动单位', '结果', '有效申报价格范围']
## 测试场景"7", 测试用例"7.1.4_1", 覆盖变量数目为1, 未覆盖的变量包括['交易市场', '交易方式', '交易时间', '交易方向', '交易品种', '价格单位', '申报价格最小变动单位', '结果', '有效申报价格范围']
## 测试场景"7", 测试用例"7.1.5_1", 覆盖变量数目为1, 未覆盖的变量包括['交易市场', '交易方式', '交易时间', '交易方向', '交易品种', '价格单位', '申报价格最小变动单位', '结果', '有效申报价格范围']
## 测试场景"7", 测试用例"7.1.6_1", 覆盖变量数目为1, 未覆盖的变量包括['交易市场', '交易方式', '交易时间', '交易方向', '交易品种', '价格单位', '申报价格最小变动单位', '结果', '有效申报价格范围']
### 测试场景"7", 覆盖变量的最大数目为7, 整体未覆盖的变量包括['交易时间', '交易方向', '有效申报价格范围']

## 测试场景"8", 测试用例"4.3.1_1", 覆盖变量数目为4, 未覆盖的变量包括['交易时间', '交易方向', '交易品种', '价格单位', '申报价格最小变动单位', '有效申报价格范围']
## 测试场景"8", 测试用例"4.3.2_1", 覆盖变量数目为2, 未覆盖的变量包括['交易市场', '交易方式', '交易时间', '交易方向', '交易品种', '价格单位', '申报价格最小变动单位', '有效申报价格范围']
## 测试场景"8", 测试用例"4.3.3_1", 覆盖变量数目为2, 未覆盖的变量包括['交易市场', '交易方式', '交易时间', '交易方向', '交易品种', '价格单位', '申报价格最小变动单位', '有效申报价格范围']
## 测试场景"8", 测试用例"4.3.4_1", 覆盖变量数目为2, 未覆盖的变量包括['交易市场', '交易方式', '交易时间', '交易方向', '交易品种', '价格单位', '申报价格最小变动单位', '有效申报价格范围']
## 测试场景"8", 测试用例"4.3.5_1", 覆盖变量数目为2, 未覆盖的变量包括['交易市场', '交易方式', '交易时间', '交易方向', '交易品种', '价格单位', '申报价格最小变动单位', '有效申报价格范围']
## 测试场景"8", 测试用例"4.3.6_1", 覆盖变量数目为2, 未覆盖的变量包括['交易市场', '交易方式', '交易时间', '交易方向', '交易品种', '价格单位', '申报价格最小变动单位', '有效申报价格范围']
## 测试场景"8", 测试用例"4.3.7_1", 覆盖变量数目为1, 未覆盖的变量包括['交易市场', '交易方式', '交易时间', '交易方向', '交易品种', '价格单位', '申报价格最小变动单位', '结果', '有效申报价格范围']
## 测试场景"8", 测试用例"4.3.8_1", 覆盖变量数目为1, 未覆盖的变量包括['交易市场', '交易方式', '交易时间', '交易方向', '交易品种', '价格单位', '申报价格最小变动单位', '结果', '有效申报价格范围']
## 测试场景"8", 测试用例"5.2.1_1", 覆盖变量数目为2, 未覆盖的变量包括['交易市场', '交易方式', '交易时间', '交易方向', '交易品种', '价格单位', '申报价格最小变动单位', '有效申报价格范围']
## 测试场景"8", 测试用例"5.2.2_1", 覆盖变量数目为2, 未覆盖的变量包括['交易市场', '交易方式', '交易时间', '交易方向', '交易品种', '价格单位', '申报价格最小变动单位', '有效申报价格范围']
## 测试场景"8", 测试用例"5.2.3_1", 覆盖变量数目为2, 未覆盖的变量包括['交易市场', '交易方式', '交易时间', '交易方向', '交易品种', '价格单位', '申报价格最小变动单位', '有效申报价格范围']
## 测试场景"8", 测试用例"5.2.4_1", 覆盖变量数目为2, 未覆盖的变量包括['交易市场', '交易方式', '交易时间', '交易方向', '交易品种', '价格单位', '申报价格最小变动单位', '有效申报价格范围']
## 测试场景"8", 测试用例"5.2.5_1", 覆盖变量数目为2, 未覆盖的变量包括['交易市场', '交易方式', '交易时间', '交易方向', '交易品种', '价格单位', '申报价格最小变动单位', '有效申报价格范围']
## 测试场景"8", 测试用例"5.2.6_1", 覆盖变量数目为1, 未覆盖的变量包括['交易市场', '交易方式', '交易时间', '交易方向', '交易品种', '价格单位', '申报价格最小变动单位', '结果', '有效申报价格范围']
## 测试场景"8", 测试用例"5.2.7_1", 覆盖变量数目为1, 未覆盖的变量包括['交易市场', '交易方式', '交易时间', '交易方向', '交易品种', '价格单位', '申报价格最小变动单位', '结果', '有效申报价格范围']
## 测试场景"8", 测试用例"5.4.1_1", 覆盖变量数目为2, 未覆盖的变量包括['交易市场', '交易方式', '交易时间', '交易方向', '交易品种', '价格单位', '申报价格最小变动单位', '有效申报价格范围']
## 测试场景"8", 测试用例"5.4.2_1", 覆盖变量数目为3, 未覆盖的变量包括['交易市场', '交易方式', '交易时间', '交易方向', '交易品种', '申报价格最小变动单位', '有效申报价格范围']
## 测试场景"8", 测试用例"5.4.3_1", 覆盖变量数目为1, 未覆盖的变量包括['交易市场', '交易方式', '交易时间', '交易方向', '交易品种', '价格单位', '申报价格最小变动单位', '结果', '有效申报价格范围']
## 测试场景"8", 测试用例"5.4.4_1", 覆盖变量数目为2, 未覆盖的变量包括['交易市场', '交易方式', '交易时间', '交易方向', '交易品种', '申报价格最小变动单位', '结果', '有效申报价格范围']
## 测试场景"8", 测试用例"5.5.1_1", 覆盖变量数目为4, 未覆盖的变量包括['交易市场', '交易时间', '交易方向', '交易品种', '价格单位', '有效申报价格范围']
## 测试场景"8", 测试用例"5.5.2_1", 覆盖变量数目为5, 未覆盖的变量包括['交易市场', '交易时间', '交易方向', '价格单位', '有效申报价格范围']
## 测试场景"8", 测试用例"5.5.3_1", 覆盖变量数目为2, 未覆盖的变量包括['交易市场', '交易方式', '交易时间', '交易方向', '交易品种', '价格单位', '申报价格最小变动单位', '有效申报价格范围']
## 测试场景"8", 测试用例"5.5.4_1", 覆盖变量数目为2, 未覆盖的变量包括['交易市场', '交易时间', '交易方向', '交易品种', '价格单位', '申报价格最小变动单位', '结果', '有效申报价格范围']
## 测试场景"8", 测试用例"5.5.5_1", 覆盖变量数目为4, 未覆盖的变量包括['交易市场', '交易时间', '交易方向', '价格单位', '结果', '有效申报价格范围']
## 测试场景"8", 测试用例"5.5.6_1", 覆盖变量数目为1, 未覆盖的变量包括['交易市场', '交易方式', '交易时间', '交易方向', '交易品种', '价格单位', '申报价格最小变动单位', '结果', '有效申报价格范围']
## 测试场景"8", 测试用例"7.1.1_1", 覆盖变量数目为2, 未覆盖的变量包括['交易市场', '交易方式', '交易时间', '交易方向', '交易品种', '价格单位', '申报价格最小变动单位', '有效申报价格范围']
## 测试场景"8", 测试用例"7.1.2_1", 覆盖变量数目为3, 未覆盖的变量包括['交易市场', '交易方式', '交易时间', '交易方向', '价格单位', '申报价格最小变动单位', '有效申报价格范围']
## 测试场景"8", 测试用例"7.1.3_1", 覆盖变量数目为1, 未覆盖的变量包括['交易市场', '交易方式', '交易时间', '交易方向', '交易品种', '价格单位', '申报价格最小变动单位', '结果', '有效申报价格范围']
## 测试场景"8", 测试用例"7.1.4_1", 覆盖变量数目为2, 未覆盖的变量包括['交易市场', '交易方式', '交易时间', '交易方向', '价格单位', '申报价格最小变动单位', '结果', '有效申报价格范围']
## 测试场景"8", 测试用例"7.1.5_1", 覆盖变量数目为1, 未覆盖的变量包括['交易市场', '交易方式', '交易时间', '交易方向', '交易品种', '价格单位', '申报价格最小变动单位', '结果', '有效申报价格范围']
## 测试场景"8", 测试用例"7.1.6_1", 覆盖变量数目为2, 未覆盖的变量包括['交易市场', '交易方式', '交易时间', '交易方向', '价格单位', '申报价格最小变动单位', '结果', '有效申报价格范围']
### 测试场景"8", 覆盖变量的最大数目为7, 整体未覆盖的变量包括['交易时间', '交易方向', '有效申报价格范围']

## 测试场景"9", 测试用例"4.3.1_1", 覆盖变量数目为3, 未覆盖的变量包括['交易方式', '交易时间', '交易方向', '交易品种', '价格单位', '申报价格最小变动单位', '有效申报价格范围']
## 测试场景"9", 测试用例"4.3.2_1", 覆盖变量数目为3, 未覆盖的变量包括['交易市场', '交易时间', '交易方向', '交易品种', '价格单位', '申报价格最小变动单位', '有效申报价格范围']
## 测试场景"9", 测试用例"4.3.3_1", 覆盖变量数目为2, 未覆盖的变量包括['交易市场', '交易方式', '交易时间', '交易方向', '交易品种', '价格单位', '申报价格最小变动单位', '有效申报价格范围']
## 测试场景"9", 测试用例"4.3.4_1", 覆盖变量数目为2, 未覆盖的变量包括['交易市场', '交易方式', '交易时间', '交易方向', '交易品种', '价格单位', '申报价格最小变动单位', '有效申报价格范围']
## 测试场景"9", 测试用例"4.3.5_1", 覆盖变量数目为2, 未覆盖的变量包括['交易市场', '交易方式', '交易时间', '交易方向', '交易品种', '价格单位', '申报价格最小变动单位', '有效申报价格范围']
## 测试场景"9", 测试用例"4.3.6_1", 覆盖变量数目为2, 未覆盖的变量包括['交易市场', '交易方式', '交易时间', '交易方向', '交易品种', '价格单位', '申报价格最小变动单位', '有效申报价格范围']
## 测试场景"9", 测试用例"4.3.7_1", 覆盖变量数目为1, 未覆盖的变量包括['交易市场', '交易方式', '交易时间', '交易方向', '交易品种', '价格单位', '申报价格最小变动单位', '结果', '有效申报价格范围']
## 测试场景"9", 测试用例"4.3.8_1", 覆盖变量数目为1, 未覆盖的变量包括['交易市场', '交易方式', '交易时间', '交易方向', '交易品种', '价格单位', '申报价格最小变动单位', '结果', '有效申报价格范围']
## 测试场景"9", 测试用例"5.2.1_1", 覆盖变量数目为2, 未覆盖的变量包括['交易市场', '交易方式', '交易时间', '交易方向', '交易品种', '价格单位', '申报价格最小变动单位', '有效申报价格范围']
## 测试场景"9", 测试用例"5.2.2_1", 覆盖变量数目为2, 未覆盖的变量包括['交易市场', '交易方式', '交易时间', '交易方向', '交易品种', '价格单位', '申报价格最小变动单位', '有效申报价格范围']
## 测试场景"9", 测试用例"5.2.3_1", 覆盖变量数目为2, 未覆盖的变量包括['交易市场', '交易方式', '交易时间', '交易方向', '交易品种', '价格单位', '申报价格最小变动单位', '有效申报价格范围']
## 测试场景"9", 测试用例"5.2.4_1", 覆盖变量数目为2, 未覆盖的变量包括['交易市场', '交易方式', '交易时间', '交易方向', '交易品种', '价格单位', '申报价格最小变动单位', '有效申报价格范围']
## 测试场景"9", 测试用例"5.2.5_1", 覆盖变量数目为2, 未覆盖的变量包括['交易市场', '交易方式', '交易时间', '交易方向', '交易品种', '价格单位', '申报价格最小变动单位', '有效申报价格范围']
## 测试场景"9", 测试用例"5.2.6_1", 覆盖变量数目为1, 未覆盖的变量包括['交易市场', '交易方式', '交易时间', '交易方向', '交易品种', '价格单位', '申报价格最小变动单位', '结果', '有效申报价格范围']
## 测试场景"9", 测试用例"5.2.7_1", 覆盖变量数目为1, 未覆盖的变量包括['交易市场', '交易方式', '交易时间', '交易方向', '交易品种', '价格单位', '申报价格最小变动单位', '结果', '有效申报价格范围']
## 测试场景"9", 测试用例"5.4.1_1", 覆盖变量数目为3, 未覆盖的变量包括['交易市场', '交易方式', '交易时间', '交易方向', '交易品种', '申报价格最小变动单位', '有效申报价格范围']
## 测试场景"9", 测试用例"5.4.2_1", 覆盖变量数目为2, 未覆盖的变量包括['交易市场', '交易方式', '交易时间', '交易方向', '交易品种', '价格单位', '申报价格最小变动单位', '有效申报价格范围']
## 测试场景"9", 测试用例"5.4.3_1", 覆盖变量数目为2, 未覆盖的变量包括['交易市场', '交易方式', '交易时间', '交易方向', '交易品种', '申报价格最小变动单位', '结果', '有效申报价格范围']
## 测试场景"9", 测试用例"5.4.4_1", 覆盖变量数目为1, 未覆盖的变量包括['交易市场', '交易方式', '交易时间', '交易方向', '交易品种', '价格单位', '申报价格最小变动单位', '结果', '有效申报价格范围']
## 测试场景"9", 测试用例"5.5.1_1", 覆盖变量数目为4, 未覆盖的变量包括['交易市场', '交易方式', '交易时间', '交易方向', '价格单位', '有效申报价格范围']
## 测试场景"9", 测试用例"5.5.2_1", 覆盖变量数目为2, 未覆盖的变量包括['交易市场', '交易方式', '交易时间', '交易方向', '交易品种', '价格单位', '申报价格最小变动单位', '有效申报价格范围']
## 测试场景"9", 测试用例"5.5.3_1", 覆盖变量数目为3, 未覆盖的变量包括['交易市场', '交易方式', '交易时间', '交易方向', '交易品种', '价格单位', '有效申报价格范围']
## 测试场景"9", 测试用例"5.5.4_1", 覆盖变量数目为2, 未覆盖的变量包括['交易市场', '交易方式', '交易时间', '交易方向', '价格单位', '申报价格最小变动单位', '结果', '有效申报价格范围']
## 测试场景"9", 测试用例"5.5.5_1", 覆盖变量数目为1, 未覆盖的变量包括['交易市场', '交易方式', '交易时间', '交易方向', '交易品种', '价格单位', '申报价格最小变动单位', '结果', '有效申报价格范围']
## 测试场景"9", 测试用例"5.5.6_1", 覆盖变量数目为2, 未覆盖的变量包括['交易市场', '交易方式', '交易时间', '交易方向', '交易品种', '价格单位', '结果', '有效申报价格范围']
## 测试场景"9", 测试用例"7.1.1_1", 覆盖变量数目为2, 未覆盖的变量包括['交易市场', '交易方式', '交易时间', '交易方向', '交易品种', '价格单位', '申报价格最小变动单位', '有效申报价格范围']
## 测试场景"9", 测试用例"7.1.2_1", 覆盖变量数目为2, 未覆盖的变量包括['交易市场', '交易方式', '交易时间', '交易方向', '交易品种', '价格单位', '申报价格最小变动单位', '有效申报价格范围']
## 测试场景"9", 测试用例"7.1.3_1", 覆盖变量数目为1, 未覆盖的变量包括['交易市场', '交易方式', '交易时间', '交易方向', '交易品种', '价格单位', '申报价格最小变动单位', '结果', '有效申报价格范围']
## 测试场景"9", 测试用例"7.1.4_1", 覆盖变量数目为1, 未覆盖的变量包括['交易市场', '交易方式', '交易时间', '交易方向', '交易品种', '价格单位', '申报价格最小变动单位', '结果', '有效申报价格范围']
## 测试场景"9", 测试用例"7.1.5_1", 覆盖变量数目为1, 未覆盖的变量包括['交易市场', '交易方式', '交易时间', '交易方向', '交易品种', '价格单位', '申报价格最小变动单位', '结果', '有效申报价格范围']
## 测试场景"9", 测试用例"7.1.6_1", 覆盖变量数目为1, 未覆盖的变量包括['交易市场', '交易方式', '交易时间', '交易方向', '交易品种', '价格单位', '申报价格最小变动单位', '结果', '有效申报价格范围']
### 测试场景"9", 覆盖变量的最大数目为7, 整体未覆盖的变量包括['交易时间', '交易方向', '有效申报价格范围']

## 测试场景"10", 测试用例"4.3.1_1", 覆盖变量数目为3, 未覆盖的变量包括['交易方式', '交易时间', '交易方向', '交易品种', '价格单位', '申报价格最小变动单位', '有效申报价格范围']
## 测试场景"10", 测试用例"4.3.2_1", 覆盖变量数目为3, 未覆盖的变量包括['交易市场', '交易时间', '交易方向', '交易品种', '价格单位', '申报价格最小变动单位', '有效申报价格范围']
## 测试场景"10", 测试用例"4.3.3_1", 覆盖变量数目为2, 未覆盖的变量包括['交易市场', '交易方式', '交易时间', '交易方向', '交易品种', '价格单位', '申报价格最小变动单位', '有效申报价格范围']
## 测试场景"10", 测试用例"4.3.4_1", 覆盖变量数目为2, 未覆盖的变量包括['交易市场', '交易方式', '交易时间', '交易方向', '交易品种', '价格单位', '申报价格最小变动单位', '有效申报价格范围']
## 测试场景"10", 测试用例"4.3.5_1", 覆盖变量数目为2, 未覆盖的变量包括['交易市场', '交易方式', '交易时间', '交易方向', '交易品种', '价格单位', '申报价格最小变动单位', '有效申报价格范围']
## 测试场景"10", 测试用例"4.3.6_1", 覆盖变量数目为2, 未覆盖的变量包括['交易市场', '交易方式', '交易时间', '交易方向', '交易品种', '价格单位', '申报价格最小变动单位', '有效申报价格范围']
## 测试场景"10", 测试用例"4.3.7_1", 覆盖变量数目为1, 未覆盖的变量包括['交易市场', '交易方式', '交易时间', '交易方向', '交易品种', '价格单位', '申报价格最小变动单位', '结果', '有效申报价格范围']
## 测试场景"10", 测试用例"4.3.8_1", 覆盖变量数目为1, 未覆盖的变量包括['交易市场', '交易方式', '交易时间', '交易方向', '交易品种', '价格单位', '申报价格最小变动单位', '结果', '有效申报价格范围']
## 测试场景"10", 测试用例"5.2.1_1", 覆盖变量数目为2, 未覆盖的变量包括['交易市场', '交易方式', '交易时间', '交易方向', '交易品种', '价格单位', '申报价格最小变动单位', '有效申报价格范围']
## 测试场景"10", 测试用例"5.2.2_1", 覆盖变量数目为2, 未覆盖的变量包括['交易市场', '交易方式', '交易时间', '交易方向', '交易品种', '价格单位', '申报价格最小变动单位', '有效申报价格范围']
## 测试场景"10", 测试用例"5.2.3_1", 覆盖变量数目为2, 未覆盖的变量包括['交易市场', '交易方式', '交易时间', '交易方向', '交易品种', '价格单位', '申报价格最小变动单位', '有效申报价格范围']
## 测试场景"10", 测试用例"5.2.4_1", 覆盖变量数目为2, 未覆盖的变量包括['交易市场', '交易方式', '交易时间', '交易方向', '交易品种', '价格单位', '申报价格最小变动单位', '有效申报价格范围']
## 测试场景"10", 测试用例"5.2.5_1", 覆盖变量数目为2, 未覆盖的变量包括['交易市场', '交易方式', '交易时间', '交易方向', '交易品种', '价格单位', '申报价格最小变动单位', '有效申报价格范围']
## 测试场景"10", 测试用例"5.2.6_1", 覆盖变量数目为1, 未覆盖的变量包括['交易市场', '交易方式', '交易时间', '交易方向', '交易品种', '价格单位', '申报价格最小变动单位', '结果', '有效申报价格范围']
## 测试场景"10", 测试用例"5.2.7_1", 覆盖变量数目为1, 未覆盖的变量包括['交易市场', '交易方式', '交易时间', '交易方向', '交易品种', '价格单位', '申报价格最小变动单位', '结果', '有效申报价格范围']
## 测试场景"10", 测试用例"5.4.1_1", 覆盖变量数目为2, 未覆盖的变量包括['交易市场', '交易方式', '交易时间', '交易方向', '交易品种', '价格单位', '申报价格最小变动单位', '有效申报价格范围']
## 测试场景"10", 测试用例"5.4.2_1", 覆盖变量数目为3, 未覆盖的变量包括['交易市场', '交易方式', '交易时间', '交易方向', '交易品种', '申报价格最小变动单位', '有效申报价格范围']
## 测试场景"10", 测试用例"5.4.3_1", 覆盖变量数目为1, 未覆盖的变量包括['交易市场', '交易方式', '交易时间', '交易方向', '交易品种', '价格单位', '申报价格最小变动单位', '结果', '有效申报价格范围']
## 测试场景"10", 测试用例"5.4.4_1", 覆盖变量数目为2, 未覆盖的变量包括['交易市场', '交易方式', '交易时间', '交易方向', '交易品种', '申报价格最小变动单位', '结果', '有效申报价格范围']
## 测试场景"10", 测试用例"5.5.1_1", 覆盖变量数目为3, 未覆盖的变量包括['交易市场', '交易方式', '交易时间', '交易方向', '交易品种', '价格单位', '有效申报价格范围']
## 测试场景"10", 测试用例"5.5.2_1", 覆盖变量数目为3, 未覆盖的变量包括['交易市场', '交易方式', '交易时间', '交易方向', '价格单位', '申报价格最小变动单位', '有效申报价格范围']
## 测试场景"10", 测试用例"5.5.3_1", 覆盖变量数目为3, 未覆盖的变量包括['交易市场', '交易方式', '交易时间', '交易方向', '交易品种', '价格单位', '有效申报价格范围']
## 测试场景"10", 测试用例"5.5.4_1", 覆盖变量数目为1, 未覆盖的变量包括['交易市场', '交易方式', '交易时间', '交易方向', '交易品种', '价格单位', '申报价格最小变动单位', '结果', '有效申报价格范围']
## 测试场景"10", 测试用例"5.5.5_1", 覆盖变量数目为2, 未覆盖的变量包括['交易市场', '交易方式', '交易时间', '交易方向', '价格单位', '申报价格最小变动单位', '结果', '有效申报价格范围']
## 测试场景"10", 测试用例"5.5.6_1", 覆盖变量数目为2, 未覆盖的变量包括['交易市场', '交易方式', '交易时间', '交易方向', '交易品种', '价格单位', '结果', '有效申报价格范围']
## 测试场景"10", 测试用例"7.1.1_1", 覆盖变量数目为2, 未覆盖的变量包括['交易市场', '交易方式', '交易时间', '交易方向', '交易品种', '价格单位', '申报价格最小变动单位', '有效申报价格范围']
## 测试场景"10", 测试用例"7.1.2_1", 覆盖变量数目为3, 未覆盖的变量包括['交易市场', '交易方式', '交易时间', '交易方向', '价格单位', '申报价格最小变动单位', '有效申报价格范围']
## 测试场景"10", 测试用例"7.1.3_1", 覆盖变量数目为1, 未覆盖的变量包括['交易市场', '交易方式', '交易时间', '交易方向', '交易品种', '价格单位', '申报价格最小变动单位', '结果', '有效申报价格范围']
## 测试场景"10", 测试用例"7.1.4_1", 覆盖变量数目为2, 未覆盖的变量包括['交易市场', '交易方式', '交易时间', '交易方向', '价格单位', '申报价格最小变动单位', '结果', '有效申报价格范围']
## 测试场景"10", 测试用例"7.1.5_1", 覆盖变量数目为1, 未覆盖的变量包括['交易市场', '交易方式', '交易时间', '交易方向', '交易品种', '价格单位', '申报价格最小变动单位', '结果', '有效申报价格范围']
## 测试场景"10", 测试用例"7.1.6_1", 覆盖变量数目为2, 未覆盖的变量包括['交易市场', '交易方式', '交易时间', '交易方向', '价格单位', '申报价格最小变动单位', '结果', '有效申报价格范围']
### 测试场景"10", 覆盖变量的最大数目为7, 整体未覆盖的变量包括['交易时间', '交易方向', '有效申报价格范围']

## 测试场景"11", 测试用例"4.3.1_1", 覆盖变量数目为3, 未覆盖的变量包括['交易方式', '交易时间', '交易方向', '交易品种', '价格单位', '申报价格最小变动单位', '有效申报价格范围']
## 测试场景"11", 测试用例"4.3.2_1", 覆盖变量数目为3, 未覆盖的变量包括['交易市场', '交易时间', '交易方向', '交易品种', '价格单位', '申报价格最小变动单位', '有效申报价格范围']
## 测试场景"11", 测试用例"4.3.3_1", 覆盖变量数目为2, 未覆盖的变量包括['交易市场', '交易方式', '交易时间', '交易方向', '交易品种', '价格单位', '申报价格最小变动单位', '有效申报价格范围']
## 测试场景"11", 测试用例"4.3.4_1", 覆盖变量数目为2, 未覆盖的变量包括['交易市场', '交易方式', '交易时间', '交易方向', '交易品种', '价格单位', '申报价格最小变动单位', '有效申报价格范围']
## 测试场景"11", 测试用例"4.3.5_1", 覆盖变量数目为2, 未覆盖的变量包括['交易市场', '交易方式', '交易时间', '交易方向', '交易品种', '价格单位', '申报价格最小变动单位', '有效申报价格范围']
## 测试场景"11", 测试用例"4.3.6_1", 覆盖变量数目为2, 未覆盖的变量包括['交易市场', '交易方式', '交易时间', '交易方向', '交易品种', '价格单位', '申报价格最小变动单位', '有效申报价格范围']
## 测试场景"11", 测试用例"4.3.7_1", 覆盖变量数目为1, 未覆盖的变量包括['交易市场', '交易方式', '交易时间', '交易方向', '交易品种', '价格单位', '申报价格最小变动单位', '结果', '有效申报价格范围']
## 测试场景"11", 测试用例"4.3.8_1", 覆盖变量数目为1, 未覆盖的变量包括['交易市场', '交易方式', '交易时间', '交易方向', '交易品种', '价格单位', '申报价格最小变动单位', '结果', '有效申报价格范围']
## 测试场景"11", 测试用例"5.2.1_1", 覆盖变量数目为2, 未覆盖的变量包括['交易市场', '交易方式', '交易时间', '交易方向', '交易品种', '价格单位', '申报价格最小变动单位', '有效申报价格范围']
## 测试场景"11", 测试用例"5.2.2_1", 覆盖变量数目为2, 未覆盖的变量包括['交易市场', '交易方式', '交易时间', '交易方向', '交易品种', '价格单位', '申报价格最小变动单位', '有效申报价格范围']
## 测试场景"11", 测试用例"5.2.3_1", 覆盖变量数目为2, 未覆盖的变量包括['交易市场', '交易方式', '交易时间', '交易方向', '交易品种', '价格单位', '申报价格最小变动单位', '有效申报价格范围']
## 测试场景"11", 测试用例"5.2.4_1", 覆盖变量数目为2, 未覆盖的变量包括['交易市场', '交易方式', '交易时间', '交易方向', '交易品种', '价格单位', '申报价格最小变动单位', '有效申报价格范围']
## 测试场景"11", 测试用例"5.2.5_1", 覆盖变量数目为2, 未覆盖的变量包括['交易市场', '交易方式', '交易时间', '交易方向', '交易品种', '价格单位', '申报价格最小变动单位', '有效申报价格范围']
## 测试场景"11", 测试用例"5.2.6_1", 覆盖变量数目为1, 未覆盖的变量包括['交易市场', '交易方式', '交易时间', '交易方向', '交易品种', '价格单位', '申报价格最小变动单位', '结果', '有效申报价格范围']
## 测试场景"11", 测试用例"5.2.7_1", 覆盖变量数目为1, 未覆盖的变量包括['交易市场', '交易方式', '交易时间', '交易方向', '交易品种', '价格单位', '申报价格最小变动单位', '结果', '有效申报价格范围']
## 测试场景"11", 测试用例"5.4.1_1", 覆盖变量数目为3, 未覆盖的变量包括['交易市场', '交易方式', '交易时间', '交易方向', '交易品种', '申报价格最小变动单位', '有效申报价格范围']
## 测试场景"11", 测试用例"5.4.2_1", 覆盖变量数目为2, 未覆盖的变量包括['交易市场', '交易方式', '交易时间', '交易方向', '交易品种', '价格单位', '申报价格最小变动单位', '有效申报价格范围']
## 测试场景"11", 测试用例"5.4.3_1", 覆盖变量数目为2, 未覆盖的变量包括['交易市场', '交易方式', '交易时间', '交易方向', '交易品种', '申报价格最小变动单位', '结果', '有效申报价格范围']
## 测试场景"11", 测试用例"5.4.4_1", 覆盖变量数目为1, 未覆盖的变量包括['交易市场', '交易方式', '交易时间', '交易方向', '交易品种', '价格单位', '申报价格最小变动单位', '结果', '有效申报价格范围']
## 测试场景"11", 测试用例"5.5.1_1", 覆盖变量数目为4, 未覆盖的变量包括['交易市场', '交易方式', '交易时间', '交易方向', '价格单位', '有效申报价格范围']
## 测试场景"11", 测试用例"5.5.2_1", 覆盖变量数目为2, 未覆盖的变量包括['交易市场', '交易方式', '交易时间', '交易方向', '交易品种', '价格单位', '申报价格最小变动单位', '有效申报价格范围']
## 测试场景"11", 测试用例"5.5.3_1", 覆盖变量数目为3, 未覆盖的变量包括['交易市场', '交易方式', '交易时间', '交易方向', '交易品种', '价格单位', '有效申报价格范围']
## 测试场景"11", 测试用例"5.5.4_1", 覆盖变量数目为2, 未覆盖的变量包括['交易市场', '交易方式', '交易时间', '交易方向', '价格单位', '申报价格最小变动单位', '结果', '有效申报价格范围']
## 测试场景"11", 测试用例"5.5.5_1", 覆盖变量数目为1, 未覆盖的变量包括['交易市场', '交易方式', '交易时间', '交易方向', '交易品种', '价格单位', '申报价格最小变动单位', '结果', '有效申报价格范围']
## 测试场景"11", 测试用例"5.5.6_1", 覆盖变量数目为2, 未覆盖的变量包括['交易市场', '交易方式', '交易时间', '交易方向', '交易品种', '价格单位', '结果', '有效申报价格范围']
## 测试场景"11", 测试用例"7.1.1_1", 覆盖变量数目为2, 未覆盖的变量包括['交易市场', '交易方式', '交易时间', '交易方向', '交易品种', '价格单位', '申报价格最小变动单位', '有效申报价格范围']
## 测试场景"11", 测试用例"7.1.2_1", 覆盖变量数目为2, 未覆盖的变量包括['交易市场', '交易方式', '交易时间', '交易方向', '交易品种', '价格单位', '申报价格最小变动单位', '有效申报价格范围']
## 测试场景"11", 测试用例"7.1.3_1", 覆盖变量数目为1, 未覆盖的变量包括['交易市场', '交易方式', '交易时间', '交易方向', '交易品种', '价格单位', '申报价格最小变动单位', '结果', '有效申报价格范围']
## 测试场景"11", 测试用例"7.1.4_1", 覆盖变量数目为1, 未覆盖的变量包括['交易市场', '交易方式', '交易时间', '交易方向', '交易品种', '价格单位', '申报价格最小变动单位', '结果', '有效申报价格范围']
## 测试场景"11", 测试用例"7.1.5_1", 覆盖变量数目为1, 未覆盖的变量包括['交易市场', '交易方式', '交易时间', '交易方向', '交易品种', '价格单位', '申报价格最小变动单位', '结果', '有效申报价格范围']
## 测试场景"11", 测试用例"7.1.6_1", 覆盖变量数目为1, 未覆盖的变量包括['交易市场', '交易方式', '交易时间', '交易方向', '交易品种', '价格单位', '申报价格最小变动单位', '结果', '有效申报价格范围']
### 测试场景"11", 覆盖变量的最大数目为7, 整体未覆盖的变量包括['交易时间', '交易方向', '有效申报价格范围']

## 测试场景"12", 测试用例"4.3.1_1", 覆盖变量数目为3, 未覆盖的变量包括['交易方式', '交易时间', '交易方向', '交易品种', '价格单位', '申报价格最小变动单位', '有效申报价格范围']
## 测试场景"12", 测试用例"4.3.2_1", 覆盖变量数目为3, 未覆盖的变量包括['交易市场', '交易时间', '交易方向', '交易品种', '价格单位', '申报价格最小变动单位', '有效申报价格范围']
## 测试场景"12", 测试用例"4.3.3_1", 覆盖变量数目为2, 未覆盖的变量包括['交易市场', '交易方式', '交易时间', '交易方向', '交易品种', '价格单位', '申报价格最小变动单位', '有效申报价格范围']
## 测试场景"12", 测试用例"4.3.4_1", 覆盖变量数目为2, 未覆盖的变量包括['交易市场', '交易方式', '交易时间', '交易方向', '交易品种', '价格单位', '申报价格最小变动单位', '有效申报价格范围']
## 测试场景"12", 测试用例"4.3.5_1", 覆盖变量数目为2, 未覆盖的变量包括['交易市场', '交易方式', '交易时间', '交易方向', '交易品种', '价格单位', '申报价格最小变动单位', '有效申报价格范围']
## 测试场景"12", 测试用例"4.3.6_1", 覆盖变量数目为2, 未覆盖的变量包括['交易市场', '交易方式', '交易时间', '交易方向', '交易品种', '价格单位', '申报价格最小变动单位', '有效申报价格范围']
## 测试场景"12", 测试用例"4.3.7_1", 覆盖变量数目为1, 未覆盖的变量包括['交易市场', '交易方式', '交易时间', '交易方向', '交易品种', '价格单位', '申报价格最小变动单位', '结果', '有效申报价格范围']
## 测试场景"12", 测试用例"4.3.8_1", 覆盖变量数目为1, 未覆盖的变量包括['交易市场', '交易方式', '交易时间', '交易方向', '交易品种', '价格单位', '申报价格最小变动单位', '结果', '有效申报价格范围']
## 测试场景"12", 测试用例"5.2.1_1", 覆盖变量数目为2, 未覆盖的变量包括['交易市场', '交易方式', '交易时间', '交易方向', '交易品种', '价格单位', '申报价格最小变动单位', '有效申报价格范围']
## 测试场景"12", 测试用例"5.2.2_1", 覆盖变量数目为2, 未覆盖的变量包括['交易市场', '交易方式', '交易时间', '交易方向', '交易品种', '价格单位', '申报价格最小变动单位', '有效申报价格范围']
## 测试场景"12", 测试用例"5.2.3_1", 覆盖变量数目为2, 未覆盖的变量包括['交易市场', '交易方式', '交易时间', '交易方向', '交易品种', '价格单位', '申报价格最小变动单位', '有效申报价格范围']
## 测试场景"12", 测试用例"5.2.4_1", 覆盖变量数目为2, 未覆盖的变量包括['交易市场', '交易方式', '交易时间', '交易方向', '交易品种', '价格单位', '申报价格最小变动单位', '有效申报价格范围']
## 测试场景"12", 测试用例"5.2.5_1", 覆盖变量数目为2, 未覆盖的变量包括['交易市场', '交易方式', '交易时间', '交易方向', '交易品种', '价格单位', '申报价格最小变动单位', '有效申报价格范围']
## 测试场景"12", 测试用例"5.2.6_1", 覆盖变量数目为1, 未覆盖的变量包括['交易市场', '交易方式', '交易时间', '交易方向', '交易品种', '价格单位', '申报价格最小变动单位', '结果', '有效申报价格范围']
## 测试场景"12", 测试用例"5.2.7_1", 覆盖变量数目为1, 未覆盖的变量包括['交易市场', '交易方式', '交易时间', '交易方向', '交易品种', '价格单位', '申报价格最小变动单位', '结果', '有效申报价格范围']
## 测试场景"12", 测试用例"5.4.1_1", 覆盖变量数目为2, 未覆盖的变量包括['交易市场', '交易方式', '交易时间', '交易方向', '交易品种', '价格单位', '申报价格最小变动单位', '有效申报价格范围']
## 测试场景"12", 测试用例"5.4.2_1", 覆盖变量数目为3, 未覆盖的变量包括['交易市场', '交易方式', '交易时间', '交易方向', '交易品种', '申报价格最小变动单位', '有效申报价格范围']
## 测试场景"12", 测试用例"5.4.3_1", 覆盖变量数目为1, 未覆盖的变量包括['交易市场', '交易方式', '交易时间', '交易方向', '交易品种', '价格单位', '申报价格最小变动单位', '结果', '有效申报价格范围']
## 测试场景"12", 测试用例"5.4.4_1", 覆盖变量数目为2, 未覆盖的变量包括['交易市场', '交易方式', '交易时间', '交易方向', '交易品种', '申报价格最小变动单位', '结果', '有效申报价格范围']
## 测试场景"12", 测试用例"5.5.1_1", 覆盖变量数目为3, 未覆盖的变量包括['交易市场', '交易方式', '交易时间', '交易方向', '交易品种', '价格单位', '有效申报价格范围']
## 测试场景"12", 测试用例"5.5.2_1", 覆盖变量数目为3, 未覆盖的变量包括['交易市场', '交易方式', '交易时间', '交易方向', '价格单位', '申报价格最小变动单位', '有效申报价格范围']
## 测试场景"12", 测试用例"5.5.3_1", 覆盖变量数目为3, 未覆盖的变量包括['交易市场', '交易方式', '交易时间', '交易方向', '交易品种', '价格单位', '有效申报价格范围']
## 测试场景"12", 测试用例"5.5.4_1", 覆盖变量数目为1, 未覆盖的变量包括['交易市场', '交易方式', '交易时间', '交易方向', '交易品种', '价格单位', '申报价格最小变动单位', '结果', '有效申报价格范围']
## 测试场景"12", 测试用例"5.5.5_1", 覆盖变量数目为2, 未覆盖的变量包括['交易市场', '交易方式', '交易时间', '交易方向', '价格单位', '申报价格最小变动单位', '结果', '有效申报价格范围']
## 测试场景"12", 测试用例"5.5.6_1", 覆盖变量数目为2, 未覆盖的变量包括['交易市场', '交易方式', '交易时间', '交易方向', '交易品种', '价格单位', '结果', '有效申报价格范围']
## 测试场景"12", 测试用例"7.1.1_1", 覆盖变量数目为2, 未覆盖的变量包括['交易市场', '交易方式', '交易时间', '交易方向', '交易品种', '价格单位', '申报价格最小变动单位', '有效申报价格范围']
## 测试场景"12", 测试用例"7.1.2_1", 覆盖变量数目为3, 未覆盖的变量包括['交易市场', '交易方式', '交易时间', '交易方向', '价格单位', '申报价格最小变动单位', '有效申报价格范围']
## 测试场景"12", 测试用例"7.1.3_1", 覆盖变量数目为1, 未覆盖的变量包括['交易市场', '交易方式', '交易时间', '交易方向', '交易品种', '价格单位', '申报价格最小变动单位', '结果', '有效申报价格范围']
## 测试场景"12", 测试用例"7.1.4_1", 覆盖变量数目为2, 未覆盖的变量包括['交易市场', '交易方式', '交易时间', '交易方向', '价格单位', '申报价格最小变动单位', '结果', '有效申报价格范围']
## 测试场景"12", 测试用例"7.1.5_1", 覆盖变量数目为1, 未覆盖的变量包括['交易市场', '交易方式', '交易时间', '交易方向', '交易品种', '价格单位', '申报价格最小变动单位', '结果', '有效申报价格范围']
## 测试场景"12", 测试用例"7.1.6_1", 覆盖变量数目为2, 未覆盖的变量包括['交易市场', '交易方式', '交易时间', '交易方向', '价格单位', '申报价格最小变动单位', '结果', '有效申报价格范围']
### 测试场景"12", 覆盖变量的最大数目为7, 整体未覆盖的变量包括['交易时间', '交易方向', '有效申报价格范围']

## 测试场景"13", 测试用例"4.3.1_1", 覆盖变量数目为3, 未覆盖的变量包括['交易方式', '交易时间', '交易方向', '交易品种', '价格单位', '申报价格最小变动单位', '有效申报价格范围']
## 测试场景"13", 测试用例"4.3.2_1", 覆盖变量数目为2, 未覆盖的变量包括['交易市场', '交易方式', '交易时间', '交易方向', '交易品种', '价格单位', '申报价格最小变动单位', '有效申报价格范围']
## 测试场景"13", 测试用例"4.3.3_1", 覆盖变量数目为3, 未覆盖的变量包括['交易市场', '交易时间', '交易方向', '交易品种', '价格单位', '申报价格最小变动单位', '有效申报价格范围']
## 测试场景"13", 测试用例"4.3.4_1", 覆盖变量数目为2, 未覆盖的变量包括['交易市场', '交易方式', '交易时间', '交易方向', '交易品种', '价格单位', '申报价格最小变动单位', '有效申报价格范围']
## 测试场景"13", 测试用例"4.3.5_1", 覆盖变量数目为2, 未覆盖的变量包括['交易市场', '交易方式', '交易时间', '交易方向', '交易品种', '价格单位', '申报价格最小变动单位', '有效申报价格范围']
## 测试场景"13", 测试用例"4.3.6_1", 覆盖变量数目为2, 未覆盖的变量包括['交易市场', '交易方式', '交易时间', '交易方向', '交易品种', '价格单位', '申报价格最小变动单位', '有效申报价格范围']
## 测试场景"13", 测试用例"4.3.7_1", 覆盖变量数目为1, 未覆盖的变量包括['交易市场', '交易方式', '交易时间', '交易方向', '交易品种', '价格单位', '申报价格最小变动单位', '结果', '有效申报价格范围']
## 测试场景"13", 测试用例"4.3.8_1", 覆盖变量数目为1, 未覆盖的变量包括['交易市场', '交易方式', '交易时间', '交易方向', '交易品种', '价格单位', '申报价格最小变动单位', '结果', '有效申报价格范围']
## 测试场景"13", 测试用例"5.2.1_1", 覆盖变量数目为2, 未覆盖的变量包括['交易市场', '交易方式', '交易时间', '交易方向', '交易品种', '价格单位', '申报价格最小变动单位', '有效申报价格范围']
## 测试场景"13", 测试用例"5.2.2_1", 覆盖变量数目为2, 未覆盖的变量包括['交易市场', '交易方式', '交易时间', '交易方向', '交易品种', '价格单位', '申报价格最小变动单位', '有效申报价格范围']
## 测试场景"13", 测试用例"5.2.3_1", 覆盖变量数目为2, 未覆盖的变量包括['交易市场', '交易方式', '交易时间', '交易方向', '交易品种', '价格单位', '申报价格最小变动单位', '有效申报价格范围']
## 测试场景"13", 测试用例"5.2.4_1", 覆盖变量数目为2, 未覆盖的变量包括['交易市场', '交易方式', '交易时间', '交易方向', '交易品种', '价格单位', '申报价格最小变动单位', '有效申报价格范围']
## 测试场景"13", 测试用例"5.2.5_1", 覆盖变量数目为2, 未覆盖的变量包括['交易市场', '交易方式', '交易时间', '交易方向', '交易品种', '价格单位', '申报价格最小变动单位', '有效申报价格范围']
## 测试场景"13", 测试用例"5.2.6_1", 覆盖变量数目为1, 未覆盖的变量包括['交易市场', '交易方式', '交易时间', '交易方向', '交易品种', '价格单位', '申报价格最小变动单位', '结果', '有效申报价格范围']
## 测试场景"13", 测试用例"5.2.7_1", 覆盖变量数目为1, 未覆盖的变量包括['交易市场', '交易方式', '交易时间', '交易方向', '交易品种', '价格单位', '申报价格最小变动单位', '结果', '有效申报价格范围']
## 测试场景"13", 测试用例"5.4.1_1", 覆盖变量数目为3, 未覆盖的变量包括['交易市场', '交易方式', '交易时间', '交易方向', '交易品种', '申报价格最小变动单位', '有效申报价格范围']
## 测试场景"13", 测试用例"5.4.2_1", 覆盖变量数目为2, 未覆盖的变量包括['交易市场', '交易方式', '交易时间', '交易方向', '交易品种', '价格单位', '申报价格最小变动单位', '有效申报价格范围']
## 测试场景"13", 测试用例"5.4.3_1", 覆盖变量数目为2, 未覆盖的变量包括['交易市场', '交易方式', '交易时间', '交易方向', '交易品种', '申报价格最小变动单位', '结果', '有效申报价格范围']
## 测试场景"13", 测试用例"5.4.4_1", 覆盖变量数目为1, 未覆盖的变量包括['交易市场', '交易方式', '交易时间', '交易方向', '交易品种', '价格单位', '申报价格最小变动单位', '结果', '有效申报价格范围']
## 测试场景"13", 测试用例"5.5.1_1", 覆盖变量数目为4, 未覆盖的变量包括['交易市场', '交易方式', '交易时间', '交易方向', '价格单位', '有效申报价格范围']
## 测试场景"13", 测试用例"5.5.2_1", 覆盖变量数目为2, 未覆盖的变量包括['交易市场', '交易方式', '交易时间', '交易方向', '交易品种', '价格单位', '申报价格最小变动单位', '有效申报价格范围']
## 测试场景"13", 测试用例"5.5.3_1", 覆盖变量数目为3, 未覆盖的变量包括['交易市场', '交易方式', '交易时间', '交易方向', '交易品种', '价格单位', '有效申报价格范围']
## 测试场景"13", 测试用例"5.5.4_1", 覆盖变量数目为2, 未覆盖的变量包括['交易市场', '交易方式', '交易时间', '交易方向', '价格单位', '申报价格最小变动单位', '结果', '有效申报价格范围']
## 测试场景"13", 测试用例"5.5.5_1", 覆盖变量数目为1, 未覆盖的变量包括['交易市场', '交易方式', '交易时间', '交易方向', '交易品种', '价格单位', '申报价格最小变动单位', '结果', '有效申报价格范围']
## 测试场景"13", 测试用例"5.5.6_1", 覆盖变量数目为2, 未覆盖的变量包括['交易市场', '交易方式', '交易时间', '交易方向', '交易品种', '价格单位', '结果', '有效申报价格范围']
## 测试场景"13", 测试用例"7.1.1_1", 覆盖变量数目为2, 未覆盖的变量包括['交易市场', '交易方式', '交易时间', '交易方向', '交易品种', '价格单位', '申报价格最小变动单位', '有效申报价格范围']
## 测试场景"13", 测试用例"7.1.2_1", 覆盖变量数目为2, 未覆盖的变量包括['交易市场', '交易方式', '交易时间', '交易方向', '交易品种', '价格单位', '申报价格最小变动单位', '有效申报价格范围']
## 测试场景"13", 测试用例"7.1.3_1", 覆盖变量数目为1, 未覆盖的变量包括['交易市场', '交易方式', '交易时间', '交易方向', '交易品种', '价格单位', '申报价格最小变动单位', '结果', '有效申报价格范围']
## 测试场景"13", 测试用例"7.1.4_1", 覆盖变量数目为1, 未覆盖的变量包括['交易市场', '交易方式', '交易时间', '交易方向', '交易品种', '价格单位', '申报价格最小变动单位', '结果', '有效申报价格范围']
## 测试场景"13", 测试用例"7.1.5_1", 覆盖变量数目为1, 未覆盖的变量包括['交易市场', '交易方式', '交易时间', '交易方向', '交易品种', '价格单位', '申报价格最小变动单位', '结果', '有效申报价格范围']
## 测试场景"13", 测试用例"7.1.6_1", 覆盖变量数目为1, 未覆盖的变量包括['交易市场', '交易方式', '交易时间', '交易方向', '交易品种', '价格单位', '申报价格最小变动单位', '结果', '有效申报价格范围']
### 测试场景"13", 覆盖变量的最大数目为7, 整体未覆盖的变量包括['交易时间', '交易方向', '有效申报价格范围']

## 测试场景"14", 测试用例"4.3.1_1", 覆盖变量数目为3, 未覆盖的变量包括['交易方式', '交易时间', '交易方向', '交易品种', '价格单位', '申报价格最小变动单位', '有效申报价格范围']
## 测试场景"14", 测试用例"4.3.2_1", 覆盖变量数目为2, 未覆盖的变量包括['交易市场', '交易方式', '交易时间', '交易方向', '交易品种', '价格单位', '申报价格最小变动单位', '有效申报价格范围']
## 测试场景"14", 测试用例"4.3.3_1", 覆盖变量数目为3, 未覆盖的变量包括['交易市场', '交易时间', '交易方向', '交易品种', '价格单位', '申报价格最小变动单位', '有效申报价格范围']
## 测试场景"14", 测试用例"4.3.4_1", 覆盖变量数目为2, 未覆盖的变量包括['交易市场', '交易方式', '交易时间', '交易方向', '交易品种', '价格单位', '申报价格最小变动单位', '有效申报价格范围']
## 测试场景"14", 测试用例"4.3.5_1", 覆盖变量数目为2, 未覆盖的变量包括['交易市场', '交易方式', '交易时间', '交易方向', '交易品种', '价格单位', '申报价格最小变动单位', '有效申报价格范围']
## 测试场景"14", 测试用例"4.3.6_1", 覆盖变量数目为2, 未覆盖的变量包括['交易市场', '交易方式', '交易时间', '交易方向', '交易品种', '价格单位', '申报价格最小变动单位', '有效申报价格范围']
## 测试场景"14", 测试用例"4.3.7_1", 覆盖变量数目为1, 未覆盖的变量包括['交易市场', '交易方式', '交易时间', '交易方向', '交易品种', '价格单位', '申报价格最小变动单位', '结果', '有效申报价格范围']
## 测试场景"14", 测试用例"4.3.8_1", 覆盖变量数目为1, 未覆盖的变量包括['交易市场', '交易方式', '交易时间', '交易方向', '交易品种', '价格单位', '申报价格最小变动单位', '结果', '有效申报价格范围']
## 测试场景"14", 测试用例"5.2.1_1", 覆盖变量数目为2, 未覆盖的变量包括['交易市场', '交易方式', '交易时间', '交易方向', '交易品种', '价格单位', '申报价格最小变动单位', '有效申报价格范围']
## 测试场景"14", 测试用例"5.2.2_1", 覆盖变量数目为2, 未覆盖的变量包括['交易市场', '交易方式', '交易时间', '交易方向', '交易品种', '价格单位', '申报价格最小变动单位', '有效申报价格范围']
## 测试场景"14", 测试用例"5.2.3_1", 覆盖变量数目为2, 未覆盖的变量包括['交易市场', '交易方式', '交易时间', '交易方向', '交易品种', '价格单位', '申报价格最小变动单位', '有效申报价格范围']
## 测试场景"14", 测试用例"5.2.4_1", 覆盖变量数目为2, 未覆盖的变量包括['交易市场', '交易方式', '交易时间', '交易方向', '交易品种', '价格单位', '申报价格最小变动单位', '有效申报价格范围']
## 测试场景"14", 测试用例"5.2.5_1", 覆盖变量数目为2, 未覆盖的变量包括['交易市场', '交易方式', '交易时间', '交易方向', '交易品种', '价格单位', '申报价格最小变动单位', '有效申报价格范围']
## 测试场景"14", 测试用例"5.2.6_1", 覆盖变量数目为1, 未覆盖的变量包括['交易市场', '交易方式', '交易时间', '交易方向', '交易品种', '价格单位', '申报价格最小变动单位', '结果', '有效申报价格范围']
## 测试场景"14", 测试用例"5.2.7_1", 覆盖变量数目为1, 未覆盖的变量包括['交易市场', '交易方式', '交易时间', '交易方向', '交易品种', '价格单位', '申报价格最小变动单位', '结果', '有效申报价格范围']
## 测试场景"14", 测试用例"5.4.1_1", 覆盖变量数目为2, 未覆盖的变量包括['交易市场', '交易方式', '交易时间', '交易方向', '交易品种', '价格单位', '申报价格最小变动单位', '有效申报价格范围']
## 测试场景"14", 测试用例"5.4.2_1", 覆盖变量数目为3, 未覆盖的变量包括['交易市场', '交易方式', '交易时间', '交易方向', '交易品种', '申报价格最小变动单位', '有效申报价格范围']
## 测试场景"14", 测试用例"5.4.3_1", 覆盖变量数目为1, 未覆盖的变量包括['交易市场', '交易方式', '交易时间', '交易方向', '交易品种', '价格单位', '申报价格最小变动单位', '结果', '有效申报价格范围']
## 测试场景"14", 测试用例"5.4.4_1", 覆盖变量数目为2, 未覆盖的变量包括['交易市场', '交易方式', '交易时间', '交易方向', '交易品种', '申报价格最小变动单位', '结果', '有效申报价格范围']
## 测试场景"14", 测试用例"5.5.1_1", 覆盖变量数目为3, 未覆盖的变量包括['交易市场', '交易方式', '交易时间', '交易方向', '交易品种', '价格单位', '有效申报价格范围']
## 测试场景"14", 测试用例"5.5.2_1", 覆盖变量数目为3, 未覆盖的变量包括['交易市场', '交易方式', '交易时间', '交易方向', '价格单位', '申报价格最小变动单位', '有效申报价格范围']
## 测试场景"14", 测试用例"5.5.3_1", 覆盖变量数目为3, 未覆盖的变量包括['交易市场', '交易方式', '交易时间', '交易方向', '交易品种', '价格单位', '有效申报价格范围']
## 测试场景"14", 测试用例"5.5.4_1", 覆盖变量数目为1, 未覆盖的变量包括['交易市场', '交易方式', '交易时间', '交易方向', '交易品种', '价格单位', '申报价格最小变动单位', '结果', '有效申报价格范围']
## 测试场景"14", 测试用例"5.5.5_1", 覆盖变量数目为2, 未覆盖的变量包括['交易市场', '交易方式', '交易时间', '交易方向', '价格单位', '申报价格最小变动单位', '结果', '有效申报价格范围']
## 测试场景"14", 测试用例"5.5.6_1", 覆盖变量数目为2, 未覆盖的变量包括['交易市场', '交易方式', '交易时间', '交易方向', '交易品种', '价格单位', '结果', '有效申报价格范围']
## 测试场景"14", 测试用例"7.1.1_1", 覆盖变量数目为2, 未覆盖的变量包括['交易市场', '交易方式', '交易时间', '交易方向', '交易品种', '价格单位', '申报价格最小变动单位', '有效申报价格范围']
## 测试场景"14", 测试用例"7.1.2_1", 覆盖变量数目为3, 未覆盖的变量包括['交易市场', '交易方式', '交易时间', '交易方向', '价格单位', '申报价格最小变动单位', '有效申报价格范围']
## 测试场景"14", 测试用例"7.1.3_1", 覆盖变量数目为1, 未覆盖的变量包括['交易市场', '交易方式', '交易时间', '交易方向', '交易品种', '价格单位', '申报价格最小变动单位', '结果', '有效申报价格范围']
## 测试场景"14", 测试用例"7.1.4_1", 覆盖变量数目为2, 未覆盖的变量包括['交易市场', '交易方式', '交易时间', '交易方向', '价格单位', '申报价格最小变动单位', '结果', '有效申报价格范围']
## 测试场景"14", 测试用例"7.1.5_1", 覆盖变量数目为1, 未覆盖的变量包括['交易市场', '交易方式', '交易时间', '交易方向', '交易品种', '价格单位', '申报价格最小变动单位', '结果', '有效申报价格范围']
## 测试场景"14", 测试用例"7.1.6_1", 覆盖变量数目为2, 未覆盖的变量包括['交易市场', '交易方式', '交易时间', '交易方向', '价格单位', '申报价格最小变动单位', '结果', '有效申报价格范围']
### 测试场景"14", 覆盖变量的最大数目为7, 整体未覆盖的变量包括['交易时间', '交易方向', '有效申报价格范围']

## 测试场景"15", 测试用例"4.3.1_1", 覆盖变量数目为3, 未覆盖的变量包括['交易方式', '交易时间', '交易方向', '交易品种', '价格单位', '申报价格最小变动单位', '有效申报价格范围']
## 测试场景"15", 测试用例"4.3.2_1", 覆盖变量数目为2, 未覆盖的变量包括['交易市场', '交易方式', '交易时间', '交易方向', '交易品种', '价格单位', '申报价格最小变动单位', '有效申报价格范围']
## 测试场景"15", 测试用例"4.3.3_1", 覆盖变量数目为3, 未覆盖的变量包括['交易市场', '交易时间', '交易方向', '交易品种', '价格单位', '申报价格最小变动单位', '有效申报价格范围']
## 测试场景"15", 测试用例"4.3.4_1", 覆盖变量数目为2, 未覆盖的变量包括['交易市场', '交易方式', '交易时间', '交易方向', '交易品种', '价格单位', '申报价格最小变动单位', '有效申报价格范围']
## 测试场景"15", 测试用例"4.3.5_1", 覆盖变量数目为2, 未覆盖的变量包括['交易市场', '交易方式', '交易时间', '交易方向', '交易品种', '价格单位', '申报价格最小变动单位', '有效申报价格范围']
## 测试场景"15", 测试用例"4.3.6_1", 覆盖变量数目为2, 未覆盖的变量包括['交易市场', '交易方式', '交易时间', '交易方向', '交易品种', '价格单位', '申报价格最小变动单位', '有效申报价格范围']
## 测试场景"15", 测试用例"4.3.7_1", 覆盖变量数目为1, 未覆盖的变量包括['交易市场', '交易方式', '交易时间', '交易方向', '交易品种', '价格单位', '申报价格最小变动单位', '结果', '有效申报价格范围']
## 测试场景"15", 测试用例"4.3.8_1", 覆盖变量数目为1, 未覆盖的变量包括['交易市场', '交易方式', '交易时间', '交易方向', '交易品种', '价格单位', '申报价格最小变动单位', '结果', '有效申报价格范围']
## 测试场景"15", 测试用例"5.2.1_1", 覆盖变量数目为2, 未覆盖的变量包括['交易市场', '交易方式', '交易时间', '交易方向', '交易品种', '价格单位', '申报价格最小变动单位', '有效申报价格范围']
## 测试场景"15", 测试用例"5.2.2_1", 覆盖变量数目为2, 未覆盖的变量包括['交易市场', '交易方式', '交易时间', '交易方向', '交易品种', '价格单位', '申报价格最小变动单位', '有效申报价格范围']
## 测试场景"15", 测试用例"5.2.3_1", 覆盖变量数目为2, 未覆盖的变量包括['交易市场', '交易方式', '交易时间', '交易方向', '交易品种', '价格单位', '申报价格最小变动单位', '有效申报价格范围']
## 测试场景"15", 测试用例"5.2.4_1", 覆盖变量数目为2, 未覆盖的变量包括['交易市场', '交易方式', '交易时间', '交易方向', '交易品种', '价格单位', '申报价格最小变动单位', '有效申报价格范围']
## 测试场景"15", 测试用例"5.2.5_1", 覆盖变量数目为2, 未覆盖的变量包括['交易市场', '交易方式', '交易时间', '交易方向', '交易品种', '价格单位', '申报价格最小变动单位', '有效申报价格范围']
## 测试场景"15", 测试用例"5.2.6_1", 覆盖变量数目为1, 未覆盖的变量包括['交易市场', '交易方式', '交易时间', '交易方向', '交易品种', '价格单位', '申报价格最小变动单位', '结果', '有效申报价格范围']
## 测试场景"15", 测试用例"5.2.7_1", 覆盖变量数目为1, 未覆盖的变量包括['交易市场', '交易方式', '交易时间', '交易方向', '交易品种', '价格单位', '申报价格最小变动单位', '结果', '有效申报价格范围']
## 测试场景"15", 测试用例"5.4.1_1", 覆盖变量数目为3, 未覆盖的变量包括['交易市场', '交易方式', '交易时间', '交易方向', '交易品种', '申报价格最小变动单位', '有效申报价格范围']
## 测试场景"15", 测试用例"5.4.2_1", 覆盖变量数目为2, 未覆盖的变量包括['交易市场', '交易方式', '交易时间', '交易方向', '交易品种', '价格单位', '申报价格最小变动单位', '有效申报价格范围']
## 测试场景"15", 测试用例"5.4.3_1", 覆盖变量数目为2, 未覆盖的变量包括['交易市场', '交易方式', '交易时间', '交易方向', '交易品种', '申报价格最小变动单位', '结果', '有效申报价格范围']
## 测试场景"15", 测试用例"5.4.4_1", 覆盖变量数目为1, 未覆盖的变量包括['交易市场', '交易方式', '交易时间', '交易方向', '交易品种', '价格单位', '申报价格最小变动单位', '结果', '有效申报价格范围']
## 测试场景"15", 测试用例"5.5.1_1", 覆盖变量数目为4, 未覆盖的变量包括['交易市场', '交易方式', '交易时间', '交易方向', '价格单位', '有效申报价格范围']
## 测试场景"15", 测试用例"5.5.2_1", 覆盖变量数目为2, 未覆盖的变量包括['交易市场', '交易方式', '交易时间', '交易方向', '交易品种', '价格单位', '申报价格最小变动单位', '有效申报价格范围']
## 测试场景"15", 测试用例"5.5.3_1", 覆盖变量数目为3, 未覆盖的变量包括['交易市场', '交易方式', '交易时间', '交易方向', '交易品种', '价格单位', '有效申报价格范围']
## 测试场景"15", 测试用例"5.5.4_1", 覆盖变量数目为2, 未覆盖的变量包括['交易市场', '交易方式', '交易时间', '交易方向', '价格单位', '申报价格最小变动单位', '结果', '有效申报价格范围']
## 测试场景"15", 测试用例"5.5.5_1", 覆盖变量数目为1, 未覆盖的变量包括['交易市场', '交易方式', '交易时间', '交易方向', '交易品种', '价格单位', '申报价格最小变动单位', '结果', '有效申报价格范围']
## 测试场景"15", 测试用例"5.5.6_1", 覆盖变量数目为2, 未覆盖的变量包括['交易市场', '交易方式', '交易时间', '交易方向', '交易品种', '价格单位', '结果', '有效申报价格范围']
## 测试场景"15", 测试用例"7.1.1_1", 覆盖变量数目为2, 未覆盖的变量包括['交易市场', '交易方式', '交易时间', '交易方向', '交易品种', '价格单位', '申报价格最小变动单位', '有效申报价格范围']
## 测试场景"15", 测试用例"7.1.2_1", 覆盖变量数目为2, 未覆盖的变量包括['交易市场', '交易方式', '交易时间', '交易方向', '交易品种', '价格单位', '申报价格最小变动单位', '有效申报价格范围']
## 测试场景"15", 测试用例"7.1.3_1", 覆盖变量数目为1, 未覆盖的变量包括['交易市场', '交易方式', '交易时间', '交易方向', '交易品种', '价格单位', '申报价格最小变动单位', '结果', '有效申报价格范围']
## 测试场景"15", 测试用例"7.1.4_1", 覆盖变量数目为1, 未覆盖的变量包括['交易市场', '交易方式', '交易时间', '交易方向', '交易品种', '价格单位', '申报价格最小变动单位', '结果', '有效申报价格范围']
## 测试场景"15", 测试用例"7.1.5_1", 覆盖变量数目为1, 未覆盖的变量包括['交易市场', '交易方式', '交易时间', '交易方向', '交易品种', '价格单位', '申报价格最小变动单位', '结果', '有效申报价格范围']
## 测试场景"15", 测试用例"7.1.6_1", 覆盖变量数目为1, 未覆盖的变量包括['交易市场', '交易方式', '交易时间', '交易方向', '交易品种', '价格单位', '申报价格最小变动单位', '结果', '有效申报价格范围']
### 测试场景"15", 覆盖变量的最大数目为7, 整体未覆盖的变量包括['交易时间', '交易方向', '有效申报价格范围']

## 测试场景"16", 测试用例"4.3.1_1", 覆盖变量数目为3, 未覆盖的变量包括['交易方式', '交易时间', '交易方向', '交易品种', '价格单位', '申报价格最小变动单位', '有效申报价格范围']
## 测试场景"16", 测试用例"4.3.2_1", 覆盖变量数目为2, 未覆盖的变量包括['交易市场', '交易方式', '交易时间', '交易方向', '交易品种', '价格单位', '申报价格最小变动单位', '有效申报价格范围']
## 测试场景"16", 测试用例"4.3.3_1", 覆盖变量数目为3, 未覆盖的变量包括['交易市场', '交易时间', '交易方向', '交易品种', '价格单位', '申报价格最小变动单位', '有效申报价格范围']
## 测试场景"16", 测试用例"4.3.4_1", 覆盖变量数目为2, 未覆盖的变量包括['交易市场', '交易方式', '交易时间', '交易方向', '交易品种', '价格单位', '申报价格最小变动单位', '有效申报价格范围']
## 测试场景"16", 测试用例"4.3.5_1", 覆盖变量数目为2, 未覆盖的变量包括['交易市场', '交易方式', '交易时间', '交易方向', '交易品种', '价格单位', '申报价格最小变动单位', '有效申报价格范围']
## 测试场景"16", 测试用例"4.3.6_1", 覆盖变量数目为2, 未覆盖的变量包括['交易市场', '交易方式', '交易时间', '交易方向', '交易品种', '价格单位', '申报价格最小变动单位', '有效申报价格范围']
## 测试场景"16", 测试用例"4.3.7_1", 覆盖变量数目为1, 未覆盖的变量包括['交易市场', '交易方式', '交易时间', '交易方向', '交易品种', '价格单位', '申报价格最小变动单位', '结果', '有效申报价格范围']
## 测试场景"16", 测试用例"4.3.8_1", 覆盖变量数目为1, 未覆盖的变量包括['交易市场', '交易方式', '交易时间', '交易方向', '交易品种', '价格单位', '申报价格最小变动单位', '结果', '有效申报价格范围']
## 测试场景"16", 测试用例"5.2.1_1", 覆盖变量数目为2, 未覆盖的变量包括['交易市场', '交易方式', '交易时间', '交易方向', '交易品种', '价格单位', '申报价格最小变动单位', '有效申报价格范围']
## 测试场景"16", 测试用例"5.2.2_1", 覆盖变量数目为2, 未覆盖的变量包括['交易市场', '交易方式', '交易时间', '交易方向', '交易品种', '价格单位', '申报价格最小变动单位', '有效申报价格范围']
## 测试场景"16", 测试用例"5.2.3_1", 覆盖变量数目为2, 未覆盖的变量包括['交易市场', '交易方式', '交易时间', '交易方向', '交易品种', '价格单位', '申报价格最小变动单位', '有效申报价格范围']
## 测试场景"16", 测试用例"5.2.4_1", 覆盖变量数目为2, 未覆盖的变量包括['交易市场', '交易方式', '交易时间', '交易方向', '交易品种', '价格单位', '申报价格最小变动单位', '有效申报价格范围']
## 测试场景"16", 测试用例"5.2.5_1", 覆盖变量数目为2, 未覆盖的变量包括['交易市场', '交易方式', '交易时间', '交易方向', '交易品种', '价格单位', '申报价格最小变动单位', '有效申报价格范围']
## 测试场景"16", 测试用例"5.2.6_1", 覆盖变量数目为1, 未覆盖的变量包括['交易市场', '交易方式', '交易时间', '交易方向', '交易品种', '价格单位', '申报价格最小变动单位', '结果', '有效申报价格范围']
## 测试场景"16", 测试用例"5.2.7_1", 覆盖变量数目为1, 未覆盖的变量包括['交易市场', '交易方式', '交易时间', '交易方向', '交易品种', '价格单位', '申报价格最小变动单位', '结果', '有效申报价格范围']
## 测试场景"16", 测试用例"5.4.1_1", 覆盖变量数目为2, 未覆盖的变量包括['交易市场', '交易方式', '交易时间', '交易方向', '交易品种', '价格单位', '申报价格最小变动单位', '有效申报价格范围']
## 测试场景"16", 测试用例"5.4.2_1", 覆盖变量数目为3, 未覆盖的变量包括['交易市场', '交易方式', '交易时间', '交易方向', '交易品种', '申报价格最小变动单位', '有效申报价格范围']
## 测试场景"16", 测试用例"5.4.3_1", 覆盖变量数目为1, 未覆盖的变量包括['交易市场', '交易方式', '交易时间', '交易方向', '交易品种', '价格单位', '申报价格最小变动单位', '结果', '有效申报价格范围']
## 测试场景"16", 测试用例"5.4.4_1", 覆盖变量数目为2, 未覆盖的变量包括['交易市场', '交易方式', '交易时间', '交易方向', '交易品种', '申报价格最小变动单位', '结果', '有效申报价格范围']
## 测试场景"16", 测试用例"5.5.1_1", 覆盖变量数目为3, 未覆盖的变量包括['交易市场', '交易方式', '交易时间', '交易方向', '交易品种', '价格单位', '有效申报价格范围']
## 测试场景"16", 测试用例"5.5.2_1", 覆盖变量数目为3, 未覆盖的变量包括['交易市场', '交易方式', '交易时间', '交易方向', '价格单位', '申报价格最小变动单位', '有效申报价格范围']
## 测试场景"16", 测试用例"5.5.3_1", 覆盖变量数目为3, 未覆盖的变量包括['交易市场', '交易方式', '交易时间', '交易方向', '交易品种', '价格单位', '有效申报价格范围']
## 测试场景"16", 测试用例"5.5.4_1", 覆盖变量数目为1, 未覆盖的变量包括['交易市场', '交易方式', '交易时间', '交易方向', '交易品种', '价格单位', '申报价格最小变动单位', '结果', '有效申报价格范围']
## 测试场景"16", 测试用例"5.5.5_1", 覆盖变量数目为2, 未覆盖的变量包括['交易市场', '交易方式', '交易时间', '交易方向', '价格单位', '申报价格最小变动单位', '结果', '有效申报价格范围']
## 测试场景"16", 测试用例"5.5.6_1", 覆盖变量数目为2, 未覆盖的变量包括['交易市场', '交易方式', '交易时间', '交易方向', '交易品种', '价格单位', '结果', '有效申报价格范围']
## 测试场景"16", 测试用例"7.1.1_1", 覆盖变量数目为2, 未覆盖的变量包括['交易市场', '交易方式', '交易时间', '交易方向', '交易品种', '价格单位', '申报价格最小变动单位', '有效申报价格范围']
## 测试场景"16", 测试用例"7.1.2_1", 覆盖变量数目为3, 未覆盖的变量包括['交易市场', '交易方式', '交易时间', '交易方向', '价格单位', '申报价格最小变动单位', '有效申报价格范围']
## 测试场景"16", 测试用例"7.1.3_1", 覆盖变量数目为1, 未覆盖的变量包括['交易市场', '交易方式', '交易时间', '交易方向', '交易品种', '价格单位', '申报价格最小变动单位', '结果', '有效申报价格范围']
## 测试场景"16", 测试用例"7.1.4_1", 覆盖变量数目为2, 未覆盖的变量包括['交易市场', '交易方式', '交易时间', '交易方向', '价格单位', '申报价格最小变动单位', '结果', '有效申报价格范围']
## 测试场景"16", 测试用例"7.1.5_1", 覆盖变量数目为1, 未覆盖的变量包括['交易市场', '交易方式', '交易时间', '交易方向', '交易品种', '价格单位', '申报价格最小变动单位', '结果', '有效申报价格范围']
## 测试场景"16", 测试用例"7.1.6_1", 覆盖变量数目为2, 未覆盖的变量包括['交易市场', '交易方式', '交易时间', '交易方向', '价格单位', '申报价格最小变动单位', '结果', '有效申报价格范围']
### 测试场景"16", 覆盖变量的最大数目为7, 整体未覆盖的变量包括['交易时间', '交易方向', '有效申报价格范围']

## 测试场景"17", 测试用例"4.3.1_1", 覆盖变量数目为3, 未覆盖的变量包括['交易方式', '交易时间', '交易方向', '交易品种', '价格单位', '申报价格最小变动单位', '有效申报价格范围']
## 测试场景"17", 测试用例"4.3.2_1", 覆盖变量数目为2, 未覆盖的变量包括['交易市场', '交易方式', '交易时间', '交易方向', '交易品种', '价格单位', '申报价格最小变动单位', '有效申报价格范围']
## 测试场景"17", 测试用例"4.3.3_1", 覆盖变量数目为2, 未覆盖的变量包括['交易市场', '交易方式', '交易时间', '交易方向', '交易品种', '价格单位', '申报价格最小变动单位', '有效申报价格范围']
## 测试场景"17", 测试用例"4.3.4_1", 覆盖变量数目为3, 未覆盖的变量包括['交易市场', '交易时间', '交易方向', '交易品种', '价格单位', '申报价格最小变动单位', '有效申报价格范围']
## 测试场景"17", 测试用例"4.3.5_1", 覆盖变量数目为2, 未覆盖的变量包括['交易市场', '交易方式', '交易时间', '交易方向', '交易品种', '价格单位', '申报价格最小变动单位', '有效申报价格范围']
## 测试场景"17", 测试用例"4.3.6_1", 覆盖变量数目为2, 未覆盖的变量包括['交易市场', '交易方式', '交易时间', '交易方向', '交易品种', '价格单位', '申报价格最小变动单位', '有效申报价格范围']
## 测试场景"17", 测试用例"4.3.7_1", 覆盖变量数目为1, 未覆盖的变量包括['交易市场', '交易方式', '交易时间', '交易方向', '交易品种', '价格单位', '申报价格最小变动单位', '结果', '有效申报价格范围']
## 测试场景"17", 测试用例"4.3.8_1", 覆盖变量数目为1, 未覆盖的变量包括['交易市场', '交易方式', '交易时间', '交易方向', '交易品种', '价格单位', '申报价格最小变动单位', '结果', '有效申报价格范围']
## 测试场景"17", 测试用例"5.2.1_1", 覆盖变量数目为2, 未覆盖的变量包括['交易市场', '交易方式', '交易时间', '交易方向', '交易品种', '价格单位', '申报价格最小变动单位', '有效申报价格范围']
## 测试场景"17", 测试用例"5.2.2_1", 覆盖变量数目为2, 未覆盖的变量包括['交易市场', '交易方式', '交易时间', '交易方向', '交易品种', '价格单位', '申报价格最小变动单位', '有效申报价格范围']
## 测试场景"17", 测试用例"5.2.3_1", 覆盖变量数目为2, 未覆盖的变量包括['交易市场', '交易方式', '交易时间', '交易方向', '交易品种', '价格单位', '申报价格最小变动单位', '有效申报价格范围']
## 测试场景"17", 测试用例"5.2.4_1", 覆盖变量数目为2, 未覆盖的变量包括['交易市场', '交易方式', '交易时间', '交易方向', '交易品种', '价格单位', '申报价格最小变动单位', '有效申报价格范围']
## 测试场景"17", 测试用例"5.2.5_1", 覆盖变量数目为2, 未覆盖的变量包括['交易市场', '交易方式', '交易时间', '交易方向', '交易品种', '价格单位', '申报价格最小变动单位', '有效申报价格范围']
## 测试场景"17", 测试用例"5.2.6_1", 覆盖变量数目为1, 未覆盖的变量包括['交易市场', '交易方式', '交易时间', '交易方向', '交易品种', '价格单位', '申报价格最小变动单位', '结果', '有效申报价格范围']
## 测试场景"17", 测试用例"5.2.7_1", 覆盖变量数目为1, 未覆盖的变量包括['交易市场', '交易方式', '交易时间', '交易方向', '交易品种', '价格单位', '申报价格最小变动单位', '结果', '有效申报价格范围']
## 测试场景"17", 测试用例"5.4.1_1", 覆盖变量数目为3, 未覆盖的变量包括['交易市场', '交易方式', '交易时间', '交易方向', '交易品种', '申报价格最小变动单位', '有效申报价格范围']
## 测试场景"17", 测试用例"5.4.2_1", 覆盖变量数目为2, 未覆盖的变量包括['交易市场', '交易方式', '交易时间', '交易方向', '交易品种', '价格单位', '申报价格最小变动单位', '有效申报价格范围']
## 测试场景"17", 测试用例"5.4.3_1", 覆盖变量数目为2, 未覆盖的变量包括['交易市场', '交易方式', '交易时间', '交易方向', '交易品种', '申报价格最小变动单位', '结果', '有效申报价格范围']
## 测试场景"17", 测试用例"5.4.4_1", 覆盖变量数目为1, 未覆盖的变量包括['交易市场', '交易方式', '交易时间', '交易方向', '交易品种', '价格单位', '申报价格最小变动单位', '结果', '有效申报价格范围']
## 测试场景"17", 测试用例"5.5.1_1", 覆盖变量数目为4, 未覆盖的变量包括['交易市场', '交易方式', '交易时间', '交易方向', '价格单位', '有效申报价格范围']
## 测试场景"17", 测试用例"5.5.2_1", 覆盖变量数目为2, 未覆盖的变量包括['交易市场', '交易方式', '交易时间', '交易方向', '交易品种', '价格单位', '申报价格最小变动单位', '有效申报价格范围']
## 测试场景"17", 测试用例"5.5.3_1", 覆盖变量数目为3, 未覆盖的变量包括['交易市场', '交易方式', '交易时间', '交易方向', '交易品种', '价格单位', '有效申报价格范围']
## 测试场景"17", 测试用例"5.5.4_1", 覆盖变量数目为2, 未覆盖的变量包括['交易市场', '交易方式', '交易时间', '交易方向', '价格单位', '申报价格最小变动单位', '结果', '有效申报价格范围']
## 测试场景"17", 测试用例"5.5.5_1", 覆盖变量数目为1, 未覆盖的变量包括['交易市场', '交易方式', '交易时间', '交易方向', '交易品种', '价格单位', '申报价格最小变动单位', '结果', '有效申报价格范围']
## 测试场景"17", 测试用例"5.5.6_1", 覆盖变量数目为2, 未覆盖的变量包括['交易市场', '交易方式', '交易时间', '交易方向', '交易品种', '价格单位', '结果', '有效申报价格范围']
## 测试场景"17", 测试用例"7.1.1_1", 覆盖变量数目为2, 未覆盖的变量包括['交易市场', '交易方式', '交易时间', '交易方向', '交易品种', '价格单位', '申报价格最小变动单位', '有效申报价格范围']
## 测试场景"17", 测试用例"7.1.2_1", 覆盖变量数目为2, 未覆盖的变量包括['交易市场', '交易方式', '交易时间', '交易方向', '交易品种', '价格单位', '申报价格最小变动单位', '有效申报价格范围']
## 测试场景"17", 测试用例"7.1.3_1", 覆盖变量数目为1, 未覆盖的变量包括['交易市场', '交易方式', '交易时间', '交易方向', '交易品种', '价格单位', '申报价格最小变动单位', '结果', '有效申报价格范围']
## 测试场景"17", 测试用例"7.1.4_1", 覆盖变量数目为1, 未覆盖的变量包括['交易市场', '交易方式', '交易时间', '交易方向', '交易品种', '价格单位', '申报价格最小变动单位', '结果', '有效申报价格范围']
## 测试场景"17", 测试用例"7.1.5_1", 覆盖变量数目为1, 未覆盖的变量包括['交易市场', '交易方式', '交易时间', '交易方向', '交易品种', '价格单位', '申报价格最小变动单位', '结果', '有效申报价格范围']
## 测试场景"17", 测试用例"7.1.6_1", 覆盖变量数目为1, 未覆盖的变量包括['交易市场', '交易方式', '交易时间', '交易方向', '交易品种', '价格单位', '申报价格最小变动单位', '结果', '有效申报价格范围']
### 测试场景"17", 覆盖变量的最大数目为7, 整体未覆盖的变量包括['交易时间', '交易方向', '有效申报价格范围']

## 测试场景"18", 测试用例"4.3.1_1", 覆盖变量数目为3, 未覆盖的变量包括['交易方式', '交易时间', '交易方向', '交易品种', '价格单位', '申报价格最小变动单位', '有效申报价格范围']
## 测试场景"18", 测试用例"4.3.2_1", 覆盖变量数目为2, 未覆盖的变量包括['交易市场', '交易方式', '交易时间', '交易方向', '交易品种', '价格单位', '申报价格最小变动单位', '有效申报价格范围']
## 测试场景"18", 测试用例"4.3.3_1", 覆盖变量数目为2, 未覆盖的变量包括['交易市场', '交易方式', '交易时间', '交易方向', '交易品种', '价格单位', '申报价格最小变动单位', '有效申报价格范围']
## 测试场景"18", 测试用例"4.3.4_1", 覆盖变量数目为3, 未覆盖的变量包括['交易市场', '交易时间', '交易方向', '交易品种', '价格单位', '申报价格最小变动单位', '有效申报价格范围']
## 测试场景"18", 测试用例"4.3.5_1", 覆盖变量数目为2, 未覆盖的变量包括['交易市场', '交易方式', '交易时间', '交易方向', '交易品种', '价格单位', '申报价格最小变动单位', '有效申报价格范围']
## 测试场景"18", 测试用例"4.3.6_1", 覆盖变量数目为2, 未覆盖的变量包括['交易市场', '交易方式', '交易时间', '交易方向', '交易品种', '价格单位', '申报价格最小变动单位', '有效申报价格范围']
## 测试场景"18", 测试用例"4.3.7_1", 覆盖变量数目为1, 未覆盖的变量包括['交易市场', '交易方式', '交易时间', '交易方向', '交易品种', '价格单位', '申报价格最小变动单位', '结果', '有效申报价格范围']
## 测试场景"18", 测试用例"4.3.8_1", 覆盖变量数目为1, 未覆盖的变量包括['交易市场', '交易方式', '交易时间', '交易方向', '交易品种', '价格单位', '申报价格最小变动单位', '结果', '有效申报价格范围']
## 测试场景"18", 测试用例"5.2.1_1", 覆盖变量数目为2, 未覆盖的变量包括['交易市场', '交易方式', '交易时间', '交易方向', '交易品种', '价格单位', '申报价格最小变动单位', '有效申报价格范围']
## 测试场景"18", 测试用例"5.2.2_1", 覆盖变量数目为2, 未覆盖的变量包括['交易市场', '交易方式', '交易时间', '交易方向', '交易品种', '价格单位', '申报价格最小变动单位', '有效申报价格范围']
## 测试场景"18", 测试用例"5.2.3_1", 覆盖变量数目为2, 未覆盖的变量包括['交易市场', '交易方式', '交易时间', '交易方向', '交易品种', '价格单位', '申报价格最小变动单位', '有效申报价格范围']
## 测试场景"18", 测试用例"5.2.4_1", 覆盖变量数目为2, 未覆盖的变量包括['交易市场', '交易方式', '交易时间', '交易方向', '交易品种', '价格单位', '申报价格最小变动单位', '有效申报价格范围']
## 测试场景"18", 测试用例"5.2.5_1", 覆盖变量数目为2, 未覆盖的变量包括['交易市场', '交易方式', '交易时间', '交易方向', '交易品种', '价格单位', '申报价格最小变动单位', '有效申报价格范围']
## 测试场景"18", 测试用例"5.2.6_1", 覆盖变量数目为1, 未覆盖的变量包括['交易市场', '交易方式', '交易时间', '交易方向', '交易品种', '价格单位', '申报价格最小变动单位', '结果', '有效申报价格范围']
## 测试场景"18", 测试用例"5.2.7_1", 覆盖变量数目为1, 未覆盖的变量包括['交易市场', '交易方式', '交易时间', '交易方向', '交易品种', '价格单位', '申报价格最小变动单位', '结果', '有效申报价格范围']
## 测试场景"18", 测试用例"5.4.1_1", 覆盖变量数目为2, 未覆盖的变量包括['交易市场', '交易方式', '交易时间', '交易方向', '交易品种', '价格单位', '申报价格最小变动单位', '有效申报价格范围']
## 测试场景"18", 测试用例"5.4.2_1", 覆盖变量数目为3, 未覆盖的变量包括['交易市场', '交易方式', '交易时间', '交易方向', '交易品种', '申报价格最小变动单位', '有效申报价格范围']
## 测试场景"18", 测试用例"5.4.3_1", 覆盖变量数目为1, 未覆盖的变量包括['交易市场', '交易方式', '交易时间', '交易方向', '交易品种', '价格单位', '申报价格最小变动单位', '结果', '有效申报价格范围']
## 测试场景"18", 测试用例"5.4.4_1", 覆盖变量数目为2, 未覆盖的变量包括['交易市场', '交易方式', '交易时间', '交易方向', '交易品种', '申报价格最小变动单位', '结果', '有效申报价格范围']
## 测试场景"18", 测试用例"5.5.1_1", 覆盖变量数目为3, 未覆盖的变量包括['交易市场', '交易方式', '交易时间', '交易方向', '交易品种', '价格单位', '有效申报价格范围']
## 测试场景"18", 测试用例"5.5.2_1", 覆盖变量数目为3, 未覆盖的变量包括['交易市场', '交易方式', '交易时间', '交易方向', '价格单位', '申报价格最小变动单位', '有效申报价格范围']
## 测试场景"18", 测试用例"5.5.3_1", 覆盖变量数目为3, 未覆盖的变量包括['交易市场', '交易方式', '交易时间', '交易方向', '交易品种', '价格单位', '有效申报价格范围']
## 测试场景"18", 测试用例"5.5.4_1", 覆盖变量数目为1, 未覆盖的变量包括['交易市场', '交易方式', '交易时间', '交易方向', '交易品种', '价格单位', '申报价格最小变动单位', '结果', '有效申报价格范围']
## 测试场景"18", 测试用例"5.5.5_1", 覆盖变量数目为2, 未覆盖的变量包括['交易市场', '交易方式', '交易时间', '交易方向', '价格单位', '申报价格最小变动单位', '结果', '有效申报价格范围']
## 测试场景"18", 测试用例"5.5.6_1", 覆盖变量数目为2, 未覆盖的变量包括['交易市场', '交易方式', '交易时间', '交易方向', '交易品种', '价格单位', '结果', '有效申报价格范围']
## 测试场景"18", 测试用例"7.1.1_1", 覆盖变量数目为2, 未覆盖的变量包括['交易市场', '交易方式', '交易时间', '交易方向', '交易品种', '价格单位', '申报价格最小变动单位', '有效申报价格范围']
## 测试场景"18", 测试用例"7.1.2_1", 覆盖变量数目为3, 未覆盖的变量包括['交易市场', '交易方式', '交易时间', '交易方向', '价格单位', '申报价格最小变动单位', '有效申报价格范围']
## 测试场景"18", 测试用例"7.1.3_1", 覆盖变量数目为1, 未覆盖的变量包括['交易市场', '交易方式', '交易时间', '交易方向', '交易品种', '价格单位', '申报价格最小变动单位', '结果', '有效申报价格范围']
## 测试场景"18", 测试用例"7.1.4_1", 覆盖变量数目为2, 未覆盖的变量包括['交易市场', '交易方式', '交易时间', '交易方向', '价格单位', '申报价格最小变动单位', '结果', '有效申报价格范围']
## 测试场景"18", 测试用例"7.1.5_1", 覆盖变量数目为1, 未覆盖的变量包括['交易市场', '交易方式', '交易时间', '交易方向', '交易品种', '价格单位', '申报价格最小变动单位', '结果', '有效申报价格范围']
## 测试场景"18", 测试用例"7.1.6_1", 覆盖变量数目为2, 未覆盖的变量包括['交易市场', '交易方式', '交易时间', '交易方向', '价格单位', '申报价格最小变动单位', '结果', '有效申报价格范围']
### 测试场景"18", 覆盖变量的最大数目为7, 整体未覆盖的变量包括['交易时间', '交易方向', '有效申报价格范围']

## 测试场景"19", 测试用例"4.3.1_1", 覆盖变量数目为3, 未覆盖的变量包括['交易方式', '交易时间', '交易方向', '交易品种', '价格单位', '申报价格最小变动单位', '有效申报价格范围']
## 测试场景"19", 测试用例"4.3.2_1", 覆盖变量数目为2, 未覆盖的变量包括['交易市场', '交易方式', '交易时间', '交易方向', '交易品种', '价格单位', '申报价格最小变动单位', '有效申报价格范围']
## 测试场景"19", 测试用例"4.3.3_1", 覆盖变量数目为2, 未覆盖的变量包括['交易市场', '交易方式', '交易时间', '交易方向', '交易品种', '价格单位', '申报价格最小变动单位', '有效申报价格范围']
## 测试场景"19", 测试用例"4.3.4_1", 覆盖变量数目为3, 未覆盖的变量包括['交易市场', '交易时间', '交易方向', '交易品种', '价格单位', '申报价格最小变动单位', '有效申报价格范围']
## 测试场景"19", 测试用例"4.3.5_1", 覆盖变量数目为2, 未覆盖的变量包括['交易市场', '交易方式', '交易时间', '交易方向', '交易品种', '价格单位', '申报价格最小变动单位', '有效申报价格范围']
## 测试场景"19", 测试用例"4.3.6_1", 覆盖变量数目为2, 未覆盖的变量包括['交易市场', '交易方式', '交易时间', '交易方向', '交易品种', '价格单位', '申报价格最小变动单位', '有效申报价格范围']
## 测试场景"19", 测试用例"4.3.7_1", 覆盖变量数目为1, 未覆盖的变量包括['交易市场', '交易方式', '交易时间', '交易方向', '交易品种', '价格单位', '申报价格最小变动单位', '结果', '有效申报价格范围']
## 测试场景"19", 测试用例"4.3.8_1", 覆盖变量数目为1, 未覆盖的变量包括['交易市场', '交易方式', '交易时间', '交易方向', '交易品种', '价格单位', '申报价格最小变动单位', '结果', '有效申报价格范围']
## 测试场景"19", 测试用例"5.2.1_1", 覆盖变量数目为2, 未覆盖的变量包括['交易市场', '交易方式', '交易时间', '交易方向', '交易品种', '价格单位', '申报价格最小变动单位', '有效申报价格范围']
## 测试场景"19", 测试用例"5.2.2_1", 覆盖变量数目为2, 未覆盖的变量包括['交易市场', '交易方式', '交易时间', '交易方向', '交易品种', '价格单位', '申报价格最小变动单位', '有效申报价格范围']
## 测试场景"19", 测试用例"5.2.3_1", 覆盖变量数目为2, 未覆盖的变量包括['交易市场', '交易方式', '交易时间', '交易方向', '交易品种', '价格单位', '申报价格最小变动单位', '有效申报价格范围']
## 测试场景"19", 测试用例"5.2.4_1", 覆盖变量数目为2, 未覆盖的变量包括['交易市场', '交易方式', '交易时间', '交易方向', '交易品种', '价格单位', '申报价格最小变动单位', '有效申报价格范围']
## 测试场景"19", 测试用例"5.2.5_1", 覆盖变量数目为2, 未覆盖的变量包括['交易市场', '交易方式', '交易时间', '交易方向', '交易品种', '价格单位', '申报价格最小变动单位', '有效申报价格范围']
## 测试场景"19", 测试用例"5.2.6_1", 覆盖变量数目为1, 未覆盖的变量包括['交易市场', '交易方式', '交易时间', '交易方向', '交易品种', '价格单位', '申报价格最小变动单位', '结果', '有效申报价格范围']
## 测试场景"19", 测试用例"5.2.7_1", 覆盖变量数目为1, 未覆盖的变量包括['交易市场', '交易方式', '交易时间', '交易方向', '交易品种', '价格单位', '申报价格最小变动单位', '结果', '有效申报价格范围']
## 测试场景"19", 测试用例"5.4.1_1", 覆盖变量数目为3, 未覆盖的变量包括['交易市场', '交易方式', '交易时间', '交易方向', '交易品种', '申报价格最小变动单位', '有效申报价格范围']
## 测试场景"19", 测试用例"5.4.2_1", 覆盖变量数目为2, 未覆盖的变量包括['交易市场', '交易方式', '交易时间', '交易方向', '交易品种', '价格单位', '申报价格最小变动单位', '有效申报价格范围']
## 测试场景"19", 测试用例"5.4.3_1", 覆盖变量数目为2, 未覆盖的变量包括['交易市场', '交易方式', '交易时间', '交易方向', '交易品种', '申报价格最小变动单位', '结果', '有效申报价格范围']
## 测试场景"19", 测试用例"5.4.4_1", 覆盖变量数目为1, 未覆盖的变量包括['交易市场', '交易方式', '交易时间', '交易方向', '交易品种', '价格单位', '申报价格最小变动单位', '结果', '有效申报价格范围']
## 测试场景"19", 测试用例"5.5.1_1", 覆盖变量数目为4, 未覆盖的变量包括['交易市场', '交易方式', '交易时间', '交易方向', '价格单位', '有效申报价格范围']
## 测试场景"19", 测试用例"5.5.2_1", 覆盖变量数目为2, 未覆盖的变量包括['交易市场', '交易方式', '交易时间', '交易方向', '交易品种', '价格单位', '申报价格最小变动单位', '有效申报价格范围']
## 测试场景"19", 测试用例"5.5.3_1", 覆盖变量数目为3, 未覆盖的变量包括['交易市场', '交易方式', '交易时间', '交易方向', '交易品种', '价格单位', '有效申报价格范围']
## 测试场景"19", 测试用例"5.5.4_1", 覆盖变量数目为2, 未覆盖的变量包括['交易市场', '交易方式', '交易时间', '交易方向', '价格单位', '申报价格最小变动单位', '结果', '有效申报价格范围']
## 测试场景"19", 测试用例"5.5.5_1", 覆盖变量数目为1, 未覆盖的变量包括['交易市场', '交易方式', '交易时间', '交易方向', '交易品种', '价格单位', '申报价格最小变动单位', '结果', '有效申报价格范围']
## 测试场景"19", 测试用例"5.5.6_1", 覆盖变量数目为2, 未覆盖的变量包括['交易市场', '交易方式', '交易时间', '交易方向', '交易品种', '价格单位', '结果', '有效申报价格范围']
## 测试场景"19", 测试用例"7.1.1_1", 覆盖变量数目为2, 未覆盖的变量包括['交易市场', '交易方式', '交易时间', '交易方向', '交易品种', '价格单位', '申报价格最小变动单位', '有效申报价格范围']
## 测试场景"19", 测试用例"7.1.2_1", 覆盖变量数目为2, 未覆盖的变量包括['交易市场', '交易方式', '交易时间', '交易方向', '交易品种', '价格单位', '申报价格最小变动单位', '有效申报价格范围']
## 测试场景"19", 测试用例"7.1.3_1", 覆盖变量数目为1, 未覆盖的变量包括['交易市场', '交易方式', '交易时间', '交易方向', '交易品种', '价格单位', '申报价格最小变动单位', '结果', '有效申报价格范围']
## 测试场景"19", 测试用例"7.1.4_1", 覆盖变量数目为1, 未覆盖的变量包括['交易市场', '交易方式', '交易时间', '交易方向', '交易品种', '价格单位', '申报价格最小变动单位', '结果', '有效申报价格范围']
## 测试场景"19", 测试用例"7.1.5_1", 覆盖变量数目为1, 未覆盖的变量包括['交易市场', '交易方式', '交易时间', '交易方向', '交易品种', '价格单位', '申报价格最小变动单位', '结果', '有效申报价格范围']
## 测试场景"19", 测试用例"7.1.6_1", 覆盖变量数目为1, 未覆盖的变量包括['交易市场', '交易方式', '交易时间', '交易方向', '交易品种', '价格单位', '申报价格最小变动单位', '结果', '有效申报价格范围']
### 测试场景"19", 覆盖变量的最大数目为7, 整体未覆盖的变量包括['交易时间', '交易方向', '有效申报价格范围']

## 测试场景"20", 测试用例"4.3.1_1", 覆盖变量数目为3, 未覆盖的变量包括['交易方式', '交易时间', '交易方向', '交易品种', '价格单位', '申报价格最小变动单位', '有效申报价格范围']
## 测试场景"20", 测试用例"4.3.2_1", 覆盖变量数目为2, 未覆盖的变量包括['交易市场', '交易方式', '交易时间', '交易方向', '交易品种', '价格单位', '申报价格最小变动单位', '有效申报价格范围']
## 测试场景"20", 测试用例"4.3.3_1", 覆盖变量数目为2, 未覆盖的变量包括['交易市场', '交易方式', '交易时间', '交易方向', '交易品种', '价格单位', '申报价格最小变动单位', '有效申报价格范围']
## 测试场景"20", 测试用例"4.3.4_1", 覆盖变量数目为3, 未覆盖的变量包括['交易市场', '交易时间', '交易方向', '交易品种', '价格单位', '申报价格最小变动单位', '有效申报价格范围']
## 测试场景"20", 测试用例"4.3.5_1", 覆盖变量数目为2, 未覆盖的变量包括['交易市场', '交易方式', '交易时间', '交易方向', '交易品种', '价格单位', '申报价格最小变动单位', '有效申报价格范围']
## 测试场景"20", 测试用例"4.3.6_1", 覆盖变量数目为2, 未覆盖的变量包括['交易市场', '交易方式', '交易时间', '交易方向', '交易品种', '价格单位', '申报价格最小变动单位', '有效申报价格范围']
## 测试场景"20", 测试用例"4.3.7_1", 覆盖变量数目为1, 未覆盖的变量包括['交易市场', '交易方式', '交易时间', '交易方向', '交易品种', '价格单位', '申报价格最小变动单位', '结果', '有效申报价格范围']
## 测试场景"20", 测试用例"4.3.8_1", 覆盖变量数目为1, 未覆盖的变量包括['交易市场', '交易方式', '交易时间', '交易方向', '交易品种', '价格单位', '申报价格最小变动单位', '结果', '有效申报价格范围']
## 测试场景"20", 测试用例"5.2.1_1", 覆盖变量数目为2, 未覆盖的变量包括['交易市场', '交易方式', '交易时间', '交易方向', '交易品种', '价格单位', '申报价格最小变动单位', '有效申报价格范围']
## 测试场景"20", 测试用例"5.2.2_1", 覆盖变量数目为2, 未覆盖的变量包括['交易市场', '交易方式', '交易时间', '交易方向', '交易品种', '价格单位', '申报价格最小变动单位', '有效申报价格范围']
## 测试场景"20", 测试用例"5.2.3_1", 覆盖变量数目为2, 未覆盖的变量包括['交易市场', '交易方式', '交易时间', '交易方向', '交易品种', '价格单位', '申报价格最小变动单位', '有效申报价格范围']
## 测试场景"20", 测试用例"5.2.4_1", 覆盖变量数目为2, 未覆盖的变量包括['交易市场', '交易方式', '交易时间', '交易方向', '交易品种', '价格单位', '申报价格最小变动单位', '有效申报价格范围']
## 测试场景"20", 测试用例"5.2.5_1", 覆盖变量数目为2, 未覆盖的变量包括['交易市场', '交易方式', '交易时间', '交易方向', '交易品种', '价格单位', '申报价格最小变动单位', '有效申报价格范围']
## 测试场景"20", 测试用例"5.2.6_1", 覆盖变量数目为1, 未覆盖的变量包括['交易市场', '交易方式', '交易时间', '交易方向', '交易品种', '价格单位', '申报价格最小变动单位', '结果', '有效申报价格范围']
## 测试场景"20", 测试用例"5.2.7_1", 覆盖变量数目为1, 未覆盖的变量包括['交易市场', '交易方式', '交易时间', '交易方向', '交易品种', '价格单位', '申报价格最小变动单位', '结果', '有效申报价格范围']
## 测试场景"20", 测试用例"5.4.1_1", 覆盖变量数目为2, 未覆盖的变量包括['交易市场', '交易方式', '交易时间', '交易方向', '交易品种', '价格单位', '申报价格最小变动单位', '有效申报价格范围']
## 测试场景"20", 测试用例"5.4.2_1", 覆盖变量数目为3, 未覆盖的变量包括['交易市场', '交易方式', '交易时间', '交易方向', '交易品种', '申报价格最小变动单位', '有效申报价格范围']
## 测试场景"20", 测试用例"5.4.3_1", 覆盖变量数目为1, 未覆盖的变量包括['交易市场', '交易方式', '交易时间', '交易方向', '交易品种', '价格单位', '申报价格最小变动单位', '结果', '有效申报价格范围']
## 测试场景"20", 测试用例"5.4.4_1", 覆盖变量数目为2, 未覆盖的变量包括['交易市场', '交易方式', '交易时间', '交易方向', '交易品种', '申报价格最小变动单位', '结果', '有效申报价格范围']
## 测试场景"20", 测试用例"5.5.1_1", 覆盖变量数目为3, 未覆盖的变量包括['交易市场', '交易方式', '交易时间', '交易方向', '交易品种', '价格单位', '有效申报价格范围']
## 测试场景"20", 测试用例"5.5.2_1", 覆盖变量数目为3, 未覆盖的变量包括['交易市场', '交易方式', '交易时间', '交易方向', '价格单位', '申报价格最小变动单位', '有效申报价格范围']
## 测试场景"20", 测试用例"5.5.3_1", 覆盖变量数目为3, 未覆盖的变量包括['交易市场', '交易方式', '交易时间', '交易方向', '交易品种', '价格单位', '有效申报价格范围']
## 测试场景"20", 测试用例"5.5.4_1", 覆盖变量数目为1, 未覆盖的变量包括['交易市场', '交易方式', '交易时间', '交易方向', '交易品种', '价格单位', '申报价格最小变动单位', '结果', '有效申报价格范围']
## 测试场景"20", 测试用例"5.5.5_1", 覆盖变量数目为2, 未覆盖的变量包括['交易市场', '交易方式', '交易时间', '交易方向', '价格单位', '申报价格最小变动单位', '结果', '有效申报价格范围']
## 测试场景"20", 测试用例"5.5.6_1", 覆盖变量数目为2, 未覆盖的变量包括['交易市场', '交易方式', '交易时间', '交易方向', '交易品种', '价格单位', '结果', '有效申报价格范围']
## 测试场景"20", 测试用例"7.1.1_1", 覆盖变量数目为2, 未覆盖的变量包括['交易市场', '交易方式', '交易时间', '交易方向', '交易品种', '价格单位', '申报价格最小变动单位', '有效申报价格范围']
## 测试场景"20", 测试用例"7.1.2_1", 覆盖变量数目为3, 未覆盖的变量包括['交易市场', '交易方式', '交易时间', '交易方向', '价格单位', '申报价格最小变动单位', '有效申报价格范围']
## 测试场景"20", 测试用例"7.1.3_1", 覆盖变量数目为1, 未覆盖的变量包括['交易市场', '交易方式', '交易时间', '交易方向', '交易品种', '价格单位', '申报价格最小变动单位', '结果', '有效申报价格范围']
## 测试场景"20", 测试用例"7.1.4_1", 覆盖变量数目为2, 未覆盖的变量包括['交易市场', '交易方式', '交易时间', '交易方向', '价格单位', '申报价格最小变动单位', '结果', '有效申报价格范围']
## 测试场景"20", 测试用例"7.1.5_1", 覆盖变量数目为1, 未覆盖的变量包括['交易市场', '交易方式', '交易时间', '交易方向', '交易品种', '价格单位', '申报价格最小变动单位', '结果', '有效申报价格范围']
## 测试场景"20", 测试用例"7.1.6_1", 覆盖变量数目为2, 未覆盖的变量包括['交易市场', '交易方式', '交易时间', '交易方向', '价格单位', '申报价格最小变动单位', '结果', '有效申报价格范围']
### 测试场景"20", 覆盖变量的最大数目为7, 整体未覆盖的变量包括['交易时间', '交易方向', '有效申报价格范围']

## 测试场景"21", 测试用例"4.3.1_1", 覆盖变量数目为3, 未覆盖的变量包括['交易方式', '交易时间', '交易方向', '交易品种', '价格单位', '申报价格最小变动单位', '有效申报价格范围']
## 测试场景"21", 测试用例"4.3.2_1", 覆盖变量数目为2, 未覆盖的变量包括['交易市场', '交易方式', '交易时间', '交易方向', '交易品种', '价格单位', '申报价格最小变动单位', '有效申报价格范围']
## 测试场景"21", 测试用例"4.3.3_1", 覆盖变量数目为2, 未覆盖的变量包括['交易市场', '交易方式', '交易时间', '交易方向', '交易品种', '价格单位', '申报价格最小变动单位', '有效申报价格范围']
## 测试场景"21", 测试用例"4.3.4_1", 覆盖变量数目为2, 未覆盖的变量包括['交易市场', '交易方式', '交易时间', '交易方向', '交易品种', '价格单位', '申报价格最小变动单位', '有效申报价格范围']
## 测试场景"21", 测试用例"4.3.5_1", 覆盖变量数目为4, 未覆盖的变量包括['交易市场', '交易方向', '交易品种', '价格单位', '申报价格最小变动单位', '有效申报价格范围']
## 测试场景"21", 测试用例"4.3.6_1", 覆盖变量数目为3, 未覆盖的变量包括['交易市场', '交易时间', '交易方向', '交易品种', '价格单位', '申报价格最小变动单位', '有效申报价格范围']
## 测试场景"21", 测试用例"4.3.7_1", 覆盖变量数目为1, 未覆盖的变量包括['交易市场', '交易方式', '交易时间', '交易方向', '交易品种', '价格单位', '申报价格最小变动单位', '结果', '有效申报价格范围']
## 测试场景"21", 测试用例"4.3.8_1", 覆盖变量数目为1, 未覆盖的变量包括['交易市场', '交易方式', '交易时间', '交易方向', '交易品种', '价格单位', '申报价格最小变动单位', '结果', '有效申报价格范围']
## 测试场景"21", 测试用例"5.2.1_1", 覆盖变量数目为2, 未覆盖的变量包括['交易市场', '交易方式', '交易时间', '交易方向', '交易品种', '价格单位', '申报价格最小变动单位', '有效申报价格范围']
## 测试场景"21", 测试用例"5.2.2_1", 覆盖变量数目为2, 未覆盖的变量包括['交易市场', '交易方式', '交易时间', '交易方向', '交易品种', '价格单位', '申报价格最小变动单位', '有效申报价格范围']
## 测试场景"21", 测试用例"5.2.3_1", 覆盖变量数目为2, 未覆盖的变量包括['交易市场', '交易方式', '交易时间', '交易方向', '交易品种', '价格单位', '申报价格最小变动单位', '有效申报价格范围']
## 测试场景"21", 测试用例"5.2.4_1", 覆盖变量数目为3, 未覆盖的变量包括['交易市场', '交易方式', '交易方向', '交易品种', '价格单位', '申报价格最小变动单位', '有效申报价格范围']
## 测试场景"21", 测试用例"5.2.5_1", 覆盖变量数目为2, 未覆盖的变量包括['交易市场', '交易方式', '交易时间', '交易方向', '交易品种', '价格单位', '申报价格最小变动单位', '有效申报价格范围']
## 测试场景"21", 测试用例"5.2.6_1", 覆盖变量数目为1, 未覆盖的变量包括['交易市场', '交易方式', '交易时间', '交易方向', '交易品种', '价格单位', '申报价格最小变动单位', '结果', '有效申报价格范围']
## 测试场景"21", 测试用例"5.2.7_1", 覆盖变量数目为1, 未覆盖的变量包括['交易市场', '交易方式', '交易时间', '交易方向', '交易品种', '价格单位', '申报价格最小变动单位', '结果', '有效申报价格范围']
## 测试场景"21", 测试用例"5.4.1_1", 覆盖变量数目为3, 未覆盖的变量包括['交易市场', '交易方式', '交易时间', '交易方向', '交易品种', '申报价格最小变动单位', '有效申报价格范围']
## 测试场景"21", 测试用例"5.4.2_1", 覆盖变量数目为2, 未覆盖的变量包括['交易市场', '交易方式', '交易时间', '交易方向', '交易品种', '价格单位', '申报价格最小变动单位', '有效申报价格范围']
## 测试场景"21", 测试用例"5.4.3_1", 覆盖变量数目为2, 未覆盖的变量包括['交易市场', '交易方式', '交易时间', '交易方向', '交易品种', '申报价格最小变动单位', '结果', '有效申报价格范围']
## 测试场景"21", 测试用例"5.4.4_1", 覆盖变量数目为1, 未覆盖的变量包括['交易市场', '交易方式', '交易时间', '交易方向', '交易品种', '价格单位', '申报价格最小变动单位', '结果', '有效申报价格范围']
## 测试场景"21", 测试用例"5.5.1_1", 覆盖变量数目为4, 未覆盖的变量包括['交易市场', '交易方式', '交易时间', '交易方向', '价格单位', '有效申报价格范围']
## 测试场景"21", 测试用例"5.5.2_1", 覆盖变量数目为2, 未覆盖的变量包括['交易市场', '交易方式', '交易时间', '交易方向', '交易品种', '价格单位', '申报价格最小变动单位', '有效申报价格范围']
## 测试场景"21", 测试用例"5.5.3_1", 覆盖变量数目为3, 未覆盖的变量包括['交易市场', '交易方式', '交易时间', '交易方向', '交易品种', '价格单位', '有效申报价格范围']
## 测试场景"21", 测试用例"5.5.4_1", 覆盖变量数目为2, 未覆盖的变量包括['交易市场', '交易方式', '交易时间', '交易方向', '价格单位', '申报价格最小变动单位', '结果', '有效申报价格范围']
## 测试场景"21", 测试用例"5.5.5_1", 覆盖变量数目为1, 未覆盖的变量包括['交易市场', '交易方式', '交易时间', '交易方向', '交易品种', '价格单位', '申报价格最小变动单位', '结果', '有效申报价格范围']
## 测试场景"21", 测试用例"5.5.6_1", 覆盖变量数目为2, 未覆盖的变量包括['交易市场', '交易方式', '交易时间', '交易方向', '交易品种', '价格单位', '结果', '有效申报价格范围']
## 测试场景"21", 测试用例"7.1.1_1", 覆盖变量数目为2, 未覆盖的变量包括['交易市场', '交易方式', '交易时间', '交易方向', '交易品种', '价格单位', '申报价格最小变动单位', '有效申报价格范围']
## 测试场景"21", 测试用例"7.1.2_1", 覆盖变量数目为2, 未覆盖的变量包括['交易市场', '交易方式', '交易时间', '交易方向', '交易品种', '价格单位', '申报价格最小变动单位', '有效申报价格范围']
## 测试场景"21", 测试用例"7.1.3_1", 覆盖变量数目为1, 未覆盖的变量包括['交易市场', '交易方式', '交易时间', '交易方向', '交易品种', '价格单位', '申报价格最小变动单位', '结果', '有效申报价格范围']
## 测试场景"21", 测试用例"7.1.4_1", 覆盖变量数目为1, 未覆盖的变量包括['交易市场', '交易方式', '交易时间', '交易方向', '交易品种', '价格单位', '申报价格最小变动单位', '结果', '有效申报价格范围']
## 测试场景"21", 测试用例"7.1.5_1", 覆盖变量数目为1, 未覆盖的变量包括['交易市场', '交易方式', '交易时间', '交易方向', '交易品种', '价格单位', '申报价格最小变动单位', '结果', '有效申报价格范围']
## 测试场景"21", 测试用例"7.1.6_1", 覆盖变量数目为1, 未覆盖的变量包括['交易市场', '交易方式', '交易时间', '交易方向', '交易品种', '价格单位', '申报价格最小变动单位', '结果', '有效申报价格范围']
### 测试场景"21", 覆盖变量的最大数目为8, 整体未覆盖的变量包括['交易方向', '有效申报价格范围']

## 测试场景"22", 测试用例"4.3.1_1", 覆盖变量数目为3, 未覆盖的变量包括['交易方式', '交易时间', '交易方向', '交易品种', '价格单位', '申报价格最小变动单位', '有效申报价格范围']
## 测试场景"22", 测试用例"4.3.2_1", 覆盖变量数目为2, 未覆盖的变量包括['交易市场', '交易方式', '交易时间', '交易方向', '交易品种', '价格单位', '申报价格最小变动单位', '有效申报价格范围']
## 测试场景"22", 测试用例"4.3.3_1", 覆盖变量数目为2, 未覆盖的变量包括['交易市场', '交易方式', '交易时间', '交易方向', '交易品种', '价格单位', '申报价格最小变动单位', '有效申报价格范围']
## 测试场景"22", 测试用例"4.3.4_1", 覆盖变量数目为2, 未覆盖的变量包括['交易市场', '交易方式', '交易时间', '交易方向', '交易品种', '价格单位', '申报价格最小变动单位', '有效申报价格范围']
## 测试场景"22", 测试用例"4.3.5_1", 覆盖变量数目为4, 未覆盖的变量包括['交易市场', '交易方向', '交易品种', '价格单位', '申报价格最小变动单位', '有效申报价格范围']
## 测试场景"22", 测试用例"4.3.6_1", 覆盖变量数目为3, 未覆盖的变量包括['交易市场', '交易时间', '交易方向', '交易品种', '价格单位', '申报价格最小变动单位', '有效申报价格范围']
## 测试场景"22", 测试用例"4.3.7_1", 覆盖变量数目为1, 未覆盖的变量包括['交易市场', '交易方式', '交易时间', '交易方向', '交易品种', '价格单位', '申报价格最小变动单位', '结果', '有效申报价格范围']
## 测试场景"22", 测试用例"4.3.8_1", 覆盖变量数目为1, 未覆盖的变量包括['交易市场', '交易方式', '交易时间', '交易方向', '交易品种', '价格单位', '申报价格最小变动单位', '结果', '有效申报价格范围']
## 测试场景"22", 测试用例"5.2.1_1", 覆盖变量数目为2, 未覆盖的变量包括['交易市场', '交易方式', '交易时间', '交易方向', '交易品种', '价格单位', '申报价格最小变动单位', '有效申报价格范围']
## 测试场景"22", 测试用例"5.2.2_1", 覆盖变量数目为2, 未覆盖的变量包括['交易市场', '交易方式', '交易时间', '交易方向', '交易品种', '价格单位', '申报价格最小变动单位', '有效申报价格范围']
## 测试场景"22", 测试用例"5.2.3_1", 覆盖变量数目为2, 未覆盖的变量包括['交易市场', '交易方式', '交易时间', '交易方向', '交易品种', '价格单位', '申报价格最小变动单位', '有效申报价格范围']
## 测试场景"22", 测试用例"5.2.4_1", 覆盖变量数目为3, 未覆盖的变量包括['交易市场', '交易方式', '交易方向', '交易品种', '价格单位', '申报价格最小变动单位', '有效申报价格范围']
## 测试场景"22", 测试用例"5.2.5_1", 覆盖变量数目为2, 未覆盖的变量包括['交易市场', '交易方式', '交易时间', '交易方向', '交易品种', '价格单位', '申报价格最小变动单位', '有效申报价格范围']
## 测试场景"22", 测试用例"5.2.6_1", 覆盖变量数目为1, 未覆盖的变量包括['交易市场', '交易方式', '交易时间', '交易方向', '交易品种', '价格单位', '申报价格最小变动单位', '结果', '有效申报价格范围']
## 测试场景"22", 测试用例"5.2.7_1", 覆盖变量数目为1, 未覆盖的变量包括['交易市场', '交易方式', '交易时间', '交易方向', '交易品种', '价格单位', '申报价格最小变动单位', '结果', '有效申报价格范围']
## 测试场景"22", 测试用例"5.4.1_1", 覆盖变量数目为2, 未覆盖的变量包括['交易市场', '交易方式', '交易时间', '交易方向', '交易品种', '价格单位', '申报价格最小变动单位', '有效申报价格范围']
## 测试场景"22", 测试用例"5.4.2_1", 覆盖变量数目为3, 未覆盖的变量包括['交易市场', '交易方式', '交易时间', '交易方向', '交易品种', '申报价格最小变动单位', '有效申报价格范围']
## 测试场景"22", 测试用例"5.4.3_1", 覆盖变量数目为1, 未覆盖的变量包括['交易市场', '交易方式', '交易时间', '交易方向', '交易品种', '价格单位', '申报价格最小变动单位', '结果', '有效申报价格范围']
## 测试场景"22", 测试用例"5.4.4_1", 覆盖变量数目为2, 未覆盖的变量包括['交易市场', '交易方式', '交易时间', '交易方向', '交易品种', '申报价格最小变动单位', '结果', '有效申报价格范围']
## 测试场景"22", 测试用例"5.5.1_1", 覆盖变量数目为3, 未覆盖的变量包括['交易市场', '交易方式', '交易时间', '交易方向', '交易品种', '价格单位', '有效申报价格范围']
## 测试场景"22", 测试用例"5.5.2_1", 覆盖变量数目为3, 未覆盖的变量包括['交易市场', '交易方式', '交易时间', '交易方向', '价格单位', '申报价格最小变动单位', '有效申报价格范围']
## 测试场景"22", 测试用例"5.5.3_1", 覆盖变量数目为3, 未覆盖的变量包括['交易市场', '交易方式', '交易时间', '交易方向', '交易品种', '价格单位', '有效申报价格范围']
## 测试场景"22", 测试用例"5.5.4_1", 覆盖变量数目为1, 未覆盖的变量包括['交易市场', '交易方式', '交易时间', '交易方向', '交易品种', '价格单位', '申报价格最小变动单位', '结果', '有效申报价格范围']
## 测试场景"22", 测试用例"5.5.5_1", 覆盖变量数目为2, 未覆盖的变量包括['交易市场', '交易方式', '交易时间', '交易方向', '价格单位', '申报价格最小变动单位', '结果', '有效申报价格范围']
## 测试场景"22", 测试用例"5.5.6_1", 覆盖变量数目为2, 未覆盖的变量包括['交易市场', '交易方式', '交易时间', '交易方向', '交易品种', '价格单位', '结果', '有效申报价格范围']
## 测试场景"22", 测试用例"7.1.1_1", 覆盖变量数目为2, 未覆盖的变量包括['交易市场', '交易方式', '交易时间', '交易方向', '交易品种', '价格单位', '申报价格最小变动单位', '有效申报价格范围']
## 测试场景"22", 测试用例"7.1.2_1", 覆盖变量数目为3, 未覆盖的变量包括['交易市场', '交易方式', '交易时间', '交易方向', '价格单位', '申报价格最小变动单位', '有效申报价格范围']
## 测试场景"22", 测试用例"7.1.3_1", 覆盖变量数目为1, 未覆盖的变量包括['交易市场', '交易方式', '交易时间', '交易方向', '交易品种', '价格单位', '申报价格最小变动单位', '结果', '有效申报价格范围']
## 测试场景"22", 测试用例"7.1.4_1", 覆盖变量数目为2, 未覆盖的变量包括['交易市场', '交易方式', '交易时间', '交易方向', '价格单位', '申报价格最小变动单位', '结果', '有效申报价格范围']
## 测试场景"22", 测试用例"7.1.5_1", 覆盖变量数目为1, 未覆盖的变量包括['交易市场', '交易方式', '交易时间', '交易方向', '交易品种', '价格单位', '申报价格最小变动单位', '结果', '有效申报价格范围']
## 测试场景"22", 测试用例"7.1.6_1", 覆盖变量数目为2, 未覆盖的变量包括['交易市场', '交易方式', '交易时间', '交易方向', '价格单位', '申报价格最小变动单位', '结果', '有效申报价格范围']
### 测试场景"22", 覆盖变量的最大数目为8, 整体未覆盖的变量包括['交易方向', '有效申报价格范围']

## 测试场景"23", 测试用例"4.3.1_1", 覆盖变量数目为3, 未覆盖的变量包括['交易方式', '交易时间', '交易方向', '交易品种', '价格单位', '申报价格最小变动单位', '有效申报价格范围']
## 测试场景"23", 测试用例"4.3.2_1", 覆盖变量数目为2, 未覆盖的变量包括['交易市场', '交易方式', '交易时间', '交易方向', '交易品种', '价格单位', '申报价格最小变动单位', '有效申报价格范围']
## 测试场景"23", 测试用例"4.3.3_1", 覆盖变量数目为2, 未覆盖的变量包括['交易市场', '交易方式', '交易时间', '交易方向', '交易品种', '价格单位', '申报价格最小变动单位', '有效申报价格范围']
## 测试场景"23", 测试用例"4.3.4_1", 覆盖变量数目为2, 未覆盖的变量包括['交易市场', '交易方式', '交易时间', '交易方向', '交易品种', '价格单位', '申报价格最小变动单位', '有效申报价格范围']
## 测试场景"23", 测试用例"4.3.5_1", 覆盖变量数目为3, 未覆盖的变量包括['交易市场', '交易时间', '交易方向', '交易品种', '价格单位', '申报价格最小变动单位', '有效申报价格范围']
## 测试场景"23", 测试用例"4.3.6_1", 覆盖变量数目为4, 未覆盖的变量包括['交易市场', '交易方向', '交易品种', '价格单位', '申报价格最小变动单位', '有效申报价格范围']
## 测试场景"23", 测试用例"4.3.7_1", 覆盖变量数目为1, 未覆盖的变量包括['交易市场', '交易方式', '交易时间', '交易方向', '交易品种', '价格单位', '申报价格最小变动单位', '结果', '有效申报价格范围']
## 测试场景"23", 测试用例"4.3.8_1", 覆盖变量数目为1, 未覆盖的变量包括['交易市场', '交易方式', '交易时间', '交易方向', '交易品种', '价格单位', '申报价格最小变动单位', '结果', '有效申报价格范围']
## 测试场景"23", 测试用例"5.2.1_1", 覆盖变量数目为2, 未覆盖的变量包括['交易市场', '交易方式', '交易时间', '交易方向', '交易品种', '价格单位', '申报价格最小变动单位', '有效申报价格范围']
## 测试场景"23", 测试用例"5.2.2_1", 覆盖变量数目为2, 未覆盖的变量包括['交易市场', '交易方式', '交易时间', '交易方向', '交易品种', '价格单位', '申报价格最小变动单位', '有效申报价格范围']
## 测试场景"23", 测试用例"5.2.3_1", 覆盖变量数目为2, 未覆盖的变量包括['交易市场', '交易方式', '交易时间', '交易方向', '交易品种', '价格单位', '申报价格最小变动单位', '有效申报价格范围']
## 测试场景"23", 测试用例"5.2.4_1", 覆盖变量数目为2, 未覆盖的变量包括['交易市场', '交易方式', '交易时间', '交易方向', '交易品种', '价格单位', '申报价格最小变动单位', '有效申报价格范围']
## 测试场景"23", 测试用例"5.2.5_1", 覆盖变量数目为3, 未覆盖的变量包括['交易市场', '交易方式', '交易方向', '交易品种', '价格单位', '申报价格最小变动单位', '有效申报价格范围']
## 测试场景"23", 测试用例"5.2.6_1", 覆盖变量数目为1, 未覆盖的变量包括['交易市场', '交易方式', '交易时间', '交易方向', '交易品种', '价格单位', '申报价格最小变动单位', '结果', '有效申报价格范围']
## 测试场景"23", 测试用例"5.2.7_1", 覆盖变量数目为1, 未覆盖的变量包括['交易市场', '交易方式', '交易时间', '交易方向', '交易品种', '价格单位', '申报价格最小变动单位', '结果', '有效申报价格范围']
## 测试场景"23", 测试用例"5.4.1_1", 覆盖变量数目为3, 未覆盖的变量包括['交易市场', '交易方式', '交易时间', '交易方向', '交易品种', '申报价格最小变动单位', '有效申报价格范围']
## 测试场景"23", 测试用例"5.4.2_1", 覆盖变量数目为2, 未覆盖的变量包括['交易市场', '交易方式', '交易时间', '交易方向', '交易品种', '价格单位', '申报价格最小变动单位', '有效申报价格范围']
## 测试场景"23", 测试用例"5.4.3_1", 覆盖变量数目为2, 未覆盖的变量包括['交易市场', '交易方式', '交易时间', '交易方向', '交易品种', '申报价格最小变动单位', '结果', '有效申报价格范围']
## 测试场景"23", 测试用例"5.4.4_1", 覆盖变量数目为1, 未覆盖的变量包括['交易市场', '交易方式', '交易时间', '交易方向', '交易品种', '价格单位', '申报价格最小变动单位', '结果', '有效申报价格范围']
## 测试场景"23", 测试用例"5.5.1_1", 覆盖变量数目为4, 未覆盖的变量包括['交易市场', '交易方式', '交易时间', '交易方向', '价格单位', '有效申报价格范围']
## 测试场景"23", 测试用例"5.5.2_1", 覆盖变量数目为2, 未覆盖的变量包括['交易市场', '交易方式', '交易时间', '交易方向', '交易品种', '价格单位', '申报价格最小变动单位', '有效申报价格范围']
## 测试场景"23", 测试用例"5.5.3_1", 覆盖变量数目为3, 未覆盖的变量包括['交易市场', '交易方式', '交易时间', '交易方向', '交易品种', '价格单位', '有效申报价格范围']
## 测试场景"23", 测试用例"5.5.4_1", 覆盖变量数目为2, 未覆盖的变量包括['交易市场', '交易方式', '交易时间', '交易方向', '价格单位', '申报价格最小变动单位', '结果', '有效申报价格范围']
## 测试场景"23", 测试用例"5.5.5_1", 覆盖变量数目为1, 未覆盖的变量包括['交易市场', '交易方式', '交易时间', '交易方向', '交易品种', '价格单位', '申报价格最小变动单位', '结果', '有效申报价格范围']
## 测试场景"23", 测试用例"5.5.6_1", 覆盖变量数目为2, 未覆盖的变量包括['交易市场', '交易方式', '交易时间', '交易方向', '交易品种', '价格单位', '结果', '有效申报价格范围']
## 测试场景"23", 测试用例"7.1.1_1", 覆盖变量数目为2, 未覆盖的变量包括['交易市场', '交易方式', '交易时间', '交易方向', '交易品种', '价格单位', '申报价格最小变动单位', '有效申报价格范围']
## 测试场景"23", 测试用例"7.1.2_1", 覆盖变量数目为2, 未覆盖的变量包括['交易市场', '交易方式', '交易时间', '交易方向', '交易品种', '价格单位', '申报价格最小变动单位', '有效申报价格范围']
## 测试场景"23", 测试用例"7.1.3_1", 覆盖变量数目为1, 未覆盖的变量包括['交易市场', '交易方式', '交易时间', '交易方向', '交易品种', '价格单位', '申报价格最小变动单位', '结果', '有效申报价格范围']
## 测试场景"23", 测试用例"7.1.4_1", 覆盖变量数目为1, 未覆盖的变量包括['交易市场', '交易方式', '交易时间', '交易方向', '交易品种', '价格单位', '申报价格最小变动单位', '结果', '有效申报价格范围']
## 测试场景"23", 测试用例"7.1.5_1", 覆盖变量数目为1, 未覆盖的变量包括['交易市场', '交易方式', '交易时间', '交易方向', '交易品种', '价格单位', '申报价格最小变动单位', '结果', '有效申报价格范围']
## 测试场景"23", 测试用例"7.1.6_1", 覆盖变量数目为1, 未覆盖的变量包括['交易市场', '交易方式', '交易时间', '交易方向', '交易品种', '价格单位', '申报价格最小变动单位', '结果', '有效申报价格范围']
### 测试场景"23", 覆盖变量的最大数目为8, 整体未覆盖的变量包括['交易方向', '有效申报价格范围']

## 测试场景"24", 测试用例"4.3.1_1", 覆盖变量数目为3, 未覆盖的变量包括['交易方式', '交易时间', '交易方向', '交易品种', '价格单位', '申报价格最小变动单位', '有效申报价格范围']
## 测试场景"24", 测试用例"4.3.2_1", 覆盖变量数目为2, 未覆盖的变量包括['交易市场', '交易方式', '交易时间', '交易方向', '交易品种', '价格单位', '申报价格最小变动单位', '有效申报价格范围']
## 测试场景"24", 测试用例"4.3.3_1", 覆盖变量数目为2, 未覆盖的变量包括['交易市场', '交易方式', '交易时间', '交易方向', '交易品种', '价格单位', '申报价格最小变动单位', '有效申报价格范围']
## 测试场景"24", 测试用例"4.3.4_1", 覆盖变量数目为2, 未覆盖的变量包括['交易市场', '交易方式', '交易时间', '交易方向', '交易品种', '价格单位', '申报价格最小变动单位', '有效申报价格范围']
## 测试场景"24", 测试用例"4.3.5_1", 覆盖变量数目为3, 未覆盖的变量包括['交易市场', '交易时间', '交易方向', '交易品种', '价格单位', '申报价格最小变动单位', '有效申报价格范围']
## 测试场景"24", 测试用例"4.3.6_1", 覆盖变量数目为4, 未覆盖的变量包括['交易市场', '交易方向', '交易品种', '价格单位', '申报价格最小变动单位', '有效申报价格范围']
## 测试场景"24", 测试用例"4.3.7_1", 覆盖变量数目为1, 未覆盖的变量包括['交易市场', '交易方式', '交易时间', '交易方向', '交易品种', '价格单位', '申报价格最小变动单位', '结果', '有效申报价格范围']
## 测试场景"24", 测试用例"4.3.8_1", 覆盖变量数目为1, 未覆盖的变量包括['交易市场', '交易方式', '交易时间', '交易方向', '交易品种', '价格单位', '申报价格最小变动单位', '结果', '有效申报价格范围']
## 测试场景"24", 测试用例"5.2.1_1", 覆盖变量数目为2, 未覆盖的变量包括['交易市场', '交易方式', '交易时间', '交易方向', '交易品种', '价格单位', '申报价格最小变动单位', '有效申报价格范围']
## 测试场景"24", 测试用例"5.2.2_1", 覆盖变量数目为2, 未覆盖的变量包括['交易市场', '交易方式', '交易时间', '交易方向', '交易品种', '价格单位', '申报价格最小变动单位', '有效申报价格范围']
## 测试场景"24", 测试用例"5.2.3_1", 覆盖变量数目为2, 未覆盖的变量包括['交易市场', '交易方式', '交易时间', '交易方向', '交易品种', '价格单位', '申报价格最小变动单位', '有效申报价格范围']
## 测试场景"24", 测试用例"5.2.4_1", 覆盖变量数目为2, 未覆盖的变量包括['交易市场', '交易方式', '交易时间', '交易方向', '交易品种', '价格单位', '申报价格最小变动单位', '有效申报价格范围']
## 测试场景"24", 测试用例"5.2.5_1", 覆盖变量数目为3, 未覆盖的变量包括['交易市场', '交易方式', '交易方向', '交易品种', '价格单位', '申报价格最小变动单位', '有效申报价格范围']
## 测试场景"24", 测试用例"5.2.6_1", 覆盖变量数目为1, 未覆盖的变量包括['交易市场', '交易方式', '交易时间', '交易方向', '交易品种', '价格单位', '申报价格最小变动单位', '结果', '有效申报价格范围']
## 测试场景"24", 测试用例"5.2.7_1", 覆盖变量数目为1, 未覆盖的变量包括['交易市场', '交易方式', '交易时间', '交易方向', '交易品种', '价格单位', '申报价格最小变动单位', '结果', '有效申报价格范围']
## 测试场景"24", 测试用例"5.4.1_1", 覆盖变量数目为2, 未覆盖的变量包括['交易市场', '交易方式', '交易时间', '交易方向', '交易品种', '价格单位', '申报价格最小变动单位', '有效申报价格范围']
## 测试场景"24", 测试用例"5.4.2_1", 覆盖变量数目为3, 未覆盖的变量包括['交易市场', '交易方式', '交易时间', '交易方向', '交易品种', '申报价格最小变动单位', '有效申报价格范围']
## 测试场景"24", 测试用例"5.4.3_1", 覆盖变量数目为1, 未覆盖的变量包括['交易市场', '交易方式', '交易时间', '交易方向', '交易品种', '价格单位', '申报价格最小变动单位', '结果', '有效申报价格范围']
## 测试场景"24", 测试用例"5.4.4_1", 覆盖变量数目为2, 未覆盖的变量包括['交易市场', '交易方式', '交易时间', '交易方向', '交易品种', '申报价格最小变动单位', '结果', '有效申报价格范围']
## 测试场景"24", 测试用例"5.5.1_1", 覆盖变量数目为3, 未覆盖的变量包括['交易市场', '交易方式', '交易时间', '交易方向', '交易品种', '价格单位', '有效申报价格范围']
## 测试场景"24", 测试用例"5.5.2_1", 覆盖变量数目为3, 未覆盖的变量包括['交易市场', '交易方式', '交易时间', '交易方向', '价格单位', '申报价格最小变动单位', '有效申报价格范围']
## 测试场景"24", 测试用例"5.5.3_1", 覆盖变量数目为3, 未覆盖的变量包括['交易市场', '交易方式', '交易时间', '交易方向', '交易品种', '价格单位', '有效申报价格范围']
## 测试场景"24", 测试用例"5.5.4_1", 覆盖变量数目为1, 未覆盖的变量包括['交易市场', '交易方式', '交易时间', '交易方向', '交易品种', '价格单位', '申报价格最小变动单位', '结果', '有效申报价格范围']
## 测试场景"24", 测试用例"5.5.5_1", 覆盖变量数目为2, 未覆盖的变量包括['交易市场', '交易方式', '交易时间', '交易方向', '价格单位', '申报价格最小变动单位', '结果', '有效申报价格范围']
## 测试场景"24", 测试用例"5.5.6_1", 覆盖变量数目为2, 未覆盖的变量包括['交易市场', '交易方式', '交易时间', '交易方向', '交易品种', '价格单位', '结果', '有效申报价格范围']
## 测试场景"24", 测试用例"7.1.1_1", 覆盖变量数目为2, 未覆盖的变量包括['交易市场', '交易方式', '交易时间', '交易方向', '交易品种', '价格单位', '申报价格最小变动单位', '有效申报价格范围']
## 测试场景"24", 测试用例"7.1.2_1", 覆盖变量数目为3, 未覆盖的变量包括['交易市场', '交易方式', '交易时间', '交易方向', '价格单位', '申报价格最小变动单位', '有效申报价格范围']
## 测试场景"24", 测试用例"7.1.3_1", 覆盖变量数目为1, 未覆盖的变量包括['交易市场', '交易方式', '交易时间', '交易方向', '交易品种', '价格单位', '申报价格最小变动单位', '结果', '有效申报价格范围']
## 测试场景"24", 测试用例"7.1.4_1", 覆盖变量数目为2, 未覆盖的变量包括['交易市场', '交易方式', '交易时间', '交易方向', '价格单位', '申报价格最小变动单位', '结果', '有效申报价格范围']
## 测试场景"24", 测试用例"7.1.5_1", 覆盖变量数目为1, 未覆盖的变量包括['交易市场', '交易方式', '交易时间', '交易方向', '交易品种', '价格单位', '申报价格最小变动单位', '结果', '有效申报价格范围']
## 测试场景"24", 测试用例"7.1.6_1", 覆盖变量数目为2, 未覆盖的变量包括['交易市场', '交易方式', '交易时间', '交易方向', '价格单位', '申报价格最小变动单位', '结果', '有效申报价格范围']
### 测试场景"24", 覆盖变量的最大数目为8, 整体未覆盖的变量包括['交易方向', '有效申报价格范围']

glm3在数据集data1上的业务场景覆盖率为0.7333
